 **********************************************************************
                          MRCC program system
 **********************************************************************
 
                              Written by
 Mihaly Kallay, Peter R. Nagy, David Mester, Zoltan Rolik, Gyula Samu,
   Jozsef Csontos, Jozsef Csoka, P. Bernat Szabo, Laszlo Gyevi-Nagy,
    Bence Hegely, Istvan Ladjanszki, Lorant Szegedy, Bence Ladoczki,
       Klara Petrov, Mate Farkas, Pal D. Mezei, and Adam Ganyecz
 
        Department of Physical Chemistry and Materials Science
            Budapest University of Technology and Economics
                  Budapest P.O.Box 91, H-1521 Hungary
 
                              www.mrcc.hu
 
                    Release date: February 22, 2020

 ************************ 2021-11-29 13:56:09 *************************
 Executing minp...

 Reading input from MINP...
 
 Input file:
 
calc=SCF
dft=HSE06
scftype=uks
verbosity=3
mem=170GB
symm=off
unit=angs
scfiguess=small
scfmaxit=1000
scfalg=locfit1


core=1
mult=3
basis=def2-QZVPP

basis_sm=def2-SVP

dfbasis_scf=def2-QZVPP-RI-JK

dfbasis_cor=def2-QZVPP-RI

unit=angs
geom=xyz
2

O     0.00000000000    0.00000000000    0.00000000000
O     0.00000000000    0.00000000000    1.20739000000

ghost=serialno
2
 
 
 Checking keyword combinations...
 
 Keywords:
 
 active=none
 agrid=ld0006-ld0590
 basis=def2-qzvpp
 basis_sm=def2-svp
 basopt=off
 bfbasis=none
 bfgsmem=10
 bfgstol=1.0d-3
 bpcompo=0.985
 bpcompv=0.98
 bpdfo=0.985
 bpocc=0.985
 bppdo=0.985
 bppdv=0.98
 bpedo=0.985
 bpedv=0.98
 calc=scf
 ccmaxit=50
 ccprog=mrcc
 ccsdalg=disk
 ccsdmkl=seq
 ccsdrest=off
 ccsdthreads=2
 cctol=6
 charge=0
 cialg=disk
 ciguess=off
 cmpgrp=auto
 core=1
 corembed=off
 csapprox=off
 dboc=off
 dendec=cholesky
 dens=0
 dfalg=lineq
 dfbasis_cor=def2-qzvpp-ri
 dfbasis_scf=def2-qzvpp-ri-jk
 dfintran=drpa
 dft=hse06
 dhexc=adc(2)
 diag=david
 docc=
 domrad=10.d0
 drpaalg=fit
 dual=off
 ecp=auto
 edisp=off
 edisp_embed=off
 embed=off
 epert=none
 eps=0.975
 excrad=1.0
 excrad_fin=0.100000000D-02
 fmm=off
 fmmord=8
 freq=off
 gauss=spher
 geom=xyz
 gopt=off
 ghost=serialno
 gtol=7
 grdens=off
 grtol=10
 hamilton=dc
 iface=none
 intalg=auto
 itol=10
 laptol=1.d-2
 lccoporder=trffirst
 lcorthr=normal
 lccrest=off
 lmp2dens=on
 lnoepso=0.d0
 lnoepsv=1e-6
 localcc=off
 localcorrsymm=off
 locintrf=disk
 mact=
 maxact=off
 maxdim=100
 maxex=0
 maxmicroit=100
 mcscfiguess=hf
 mem=170gb
 molden=on
 mpitasks=1
 mulmet=0
 mult=3
 nacto=0
 nactv=0
 naf_cor=off
 naf_scf=off
 nafalg=albe
 naftyp=
 nchol=auto
 ndeps=1e-3
 nstate=1
 nsing=0
 ntrip=0
 occ=
 oniom=off
 oniom_eechg=off
 oniom_pcm=off
 optalg=
 optmaxit=50
 optetol=1e-6
 optex=   0
 optgtol=1e-4
 optstol=1e-3
 orblocc=off
 orbloce=off
 orbloco=off
 orblocv=off
 orblocguess=cholesky
 osveps=1e-3
 ovirt=off
 ovltol=1e-7
 ovosnorb=80.0
 pcm=off
 popul=off
 pressure=100000
 pssp=off
 ptfreq=0.0
 ptthreads=2
 qscf=off
 qmmm=off
 redcost_exc=off
 redcost_tddft=off
 refdet=none
 rest=0
 rgrid=log3
 rohfcore=semicanonical
 rohftype=standard
 scfalg=locfit1
 scfdamp=off
 scfdiis=on
 scfdiis_end=1000
 scfdiis_start=1
 scfdiis_step=1
 scfdtol=6
 scfext=10
 scfguessdens=
 scfiguess=small
 scflshift=off
 scfmaxit=1000
 scftype=uhf
 scftol=6
 scspe=1.d0
 scsph=1.d0
 scsps=1.2d0
 scspt=0.33333333333333
 scspv=1.d0
 spairtol=1e-4
 subminp=top
 symm=0
 talg=occ
 temp=298.15
 test=off
 theodore=off
 tlmo=0.999
 tpao=0.94
 tprint=off
 uncontract=off
 unit=angs
 usedisk=2
 verbosity=3
 wpairtol=0.100000000E-05
 
 Calculating integrals for small-basis SCF...

 ************************ 2021-11-29 13:56:09 *************************
 Executing integ...

 Allocation of 170.0 Gbytes of memory...
 
 
 Number of atoms:                  2
 Charge:                           0
 Number of electrons:              8
 Number of core electrons:         2
 Spin multiplicity:                3
 
                 Cartesian coordinates [bohr]      Atomic mass [AMU]  Z
   1  O     0.00000000    0.00000000    0.00000000    15.994915       8
   2  O     0.00000000    0.00000000    2.28163643     0.000000       0
 
 This molecule is linear.
 
 Point group: Cxv 
 Computational point group: C1  
 
 Cartesian coordinates in standard orientation [bohr]
   1  O     0.00000000    0.00000000   -0.20742149
   2  O     0.00000000    0.00000000    2.07421493
 
 Nuclear repulsion energy [au]:          0.000000000000
 
 
 Basis set information:
 
 Maximum angular momentum: g
 Maximum number of contracted Gaussians:   10
 Maximum number of primitive Gaussians:    14
 Spherical harmonic GTOs are used.
 
 
 Conventional basis set:
 
    1  O  def2-svp [ 7s 4p 1d | 3s 2p 1d ]
    2  O  def2-svp [ 7s 4p 1d | 3s 2p 1d ]
 
 Basis functions:
            1             2             3             4             5             6             7             8             9            10
    0    1O1s          1O2s          1O3s          1O1pz         1O1py         1O1px         1O2pz         1O2py         1O2px         1O1d-2    
    1    1O1d-1        1O1d0         1O1d+1        1O1d+2        2O1s          2O2s          2O3s          2O1pz         2O1py         2O1px     
    2    2O2pz         2O2py         2O2px         2O1d-2        2O1d-1        2O1d0         2O1d+1        2O1d+2    
 
 Maximum number of basis functions per shell:    6
 Total number of basis functions:     28
 
 
 Fitting basis set for the SCF calculation:
 
    1  O  def2-qzvpp-ri-jk [ 14s 10p 6d 2f 1g | 10s 8p 4d 2f 1g ]
    2  O  def2-qzvpp-ri-jk [ 14s 10p 6d 2f 1g | 10s 8p 4d 2f 1g ]
 
 Basis functions:
            1             2             3             4             5             6             7             8             9            10
    0    1O1s          1O2s          1O3s          1O4s          1O5s          1O6s          1O7s          1O8s          1O9s          1O10s     
    1    1O1pz         1O1py         1O1px         1O2pz         1O2py         1O2px         1O3pz         1O3py         1O3px         1O4pz     
    2    1O4py         1O4px         1O5pz         1O5py         1O5px         1O6pz         1O6py         1O6px         1O7pz         1O7py     
    3    1O7px         1O8pz         1O8py         1O8px         1O1d-2        1O1d-1        1O1d0         1O1d+1        1O1d+2        1O2d-2    
    4    1O2d-1        1O2d0         1O2d+1        1O2d+2        1O3d-2        1O3d-1        1O3d0         1O3d+1        1O3d+2        1O4d-2    
    5    1O4d-1        1O4d0         1O4d+1        1O4d+2        1O1f-3        1O1f-2        1O1f-1        1O1f0         1O1f+1        1O1f+2    
    6    1O1f+3        1O2f-3        1O2f-2        1O2f-1        1O2f0         1O2f+1        1O2f+2        1O2f+3        1O1g-4        1O1g-3    
    7    1O1g-2        1O1g-1        1O1g0         1O1g+1        1O1g+2        1O1g+3        1O1g+4        2O1s          2O2s          2O3s      
    8    2O4s          2O5s          2O6s          2O7s          2O8s          2O9s          2O10s         2O1pz         2O1py         2O1px     
    9    2O2pz         2O2py         2O2px         2O3pz         2O3py         2O3px         2O4pz         2O4py         2O4px         2O5pz     
   10    2O5py         2O5px         2O6pz         2O6py         2O6px         2O7pz         2O7py         2O7px         2O8pz         2O8py     
   11    2O8px         2O1d-2        2O1d-1        2O1d0         2O1d+1        2O1d+2        2O2d-2        2O2d-1        2O2d0         2O2d+1    
   12    2O2d+2        2O3d-2        2O3d-1        2O3d0         2O3d+1        2O3d+2        2O4d-2        2O4d-1        2O4d0         2O4d+1    
   13    2O4d+2        2O1f-3        2O1f-2        2O1f-1        2O1f0         2O1f+1        2O1f+2        2O1f+3        2O2f-3        2O2f-2    
   14    2O2f-1        2O2f0         2O2f+1        2O2f+2        2O2f+3        2O1g-4        2O1g-3        2O1g-2        2O1g-1        2O1g0     
   15    2O1g+1        2O1g+2        2O1g+3        2O1g+4    
 
 Maximum number of basis functions per shell:   24
 Total number of basis functions:    154
 
 
 Generating atomic densities for the SCF calculation...
 CPU time [min]:     0.117                   Wall time [min]:     0.019
 
 Character table for point group C1:
 
          E  
    A     1
 
 Number of basis functions per irrep:
    A      28
 
 
 Density functional: HSE06 functional of Heyd, Scuseria, and Ernzerhof
 Constructing integration grid for DFT...
 Angular integration grid: adaptive 590-point Lebedev quadrature
 Radial integration grid: Log3 quadrature
 Total number of grid points: 21132       
 Range-separation parameter: 0.1100
 CPU time [min]:     0.678                   Wall time [min]:     0.034
 
 Calculation of overlap integrals...
 CPU time [min]:     0.695                   Wall time [min]:     0.035
 
 Calculation of the square root of the overlap matrix...
 Minimum eigenvalue of the overlap matrix: 0.150377E-01
 CPU time [min]:     0.702                   Wall time [min]:     0.035
 
 Calculation of kinetic energy integrals...
 CPU time [min]:     0.703                   Wall time [min]:     0.035
 Calculation of nuclear attraction integrals...
 CPU time [min]:     0.703                   Wall time [min]:     0.035
 
 Calculation of prescreening integrals...
 CPU time [min]:     0.710                   Wall time [min]:     0.035
 
 Calculation of two-center Coulomb integrals...
   5% done.
  20% done.
  32% done.
  52% done.
  72% done.
  89% done.
 100% done.
 CPU time [min]:     0.718                   Wall time [min]:     0.036
 
 Cholesky decomposition of the two-center matrix...
 Reciprocal of the condition number:  0.675876E-04
 CPU time [min]:     0.746                   Wall time [min]:     0.036
 
 
 Running small-basis SCF...

 ************************ 2021-11-29 13:56:12 *************************
 Executing scf...

 @scfsetup: integrals calculated directly
            mrcc/integ direct run
 @scfsetup: calculating on full matrices
            not using symmetry adapted basis
 @scfsetup: diis switched on
 @scfsetup: number of steps to extrapolate from  10
 @scfsetup: tolerance in energy deviation    0.100000E-05
            tolerance in density deviation    0.100000E-05
 @scfsetup: maximum number of iterations:1000
 @scfsetup: unrestricted hf calc
 @scfsetup: starting scf from superposition of atomic densities
 @scfsetup: occupation set:
            from initial orbitals
 @scfsetup: diis runs from iteration:   1
 @scfsetup: diis runs to iteration:1000
 @scfsetup: diis runs in every iteration
 Allocation of 170.0 Gbytes of memory...
 ======================================================================
 ITERATION STEP   1
 CPU time [min]:     0.006                   Wall time [min]:     0.002
 
 Constructing alpha Fock-matrix...
 
 First step of Coulomb + first step of exchange...
 Exchange contribution is evaluated for MOs 1 to 5.
   1% done.
  26% done.
  38% done.
  68% done.
 100% done.
 CPU time [min]:     0.040                   Wall time [min]:     0.003
 
 Fitting and assembly step of exchange...
 CPU time [min]:     0.041                   Wall time [min]:     0.003
 
 Calculation of two-electron integrals (short range)...
   1% done.
  26% done.
  38% done.
  68% done.
 100% done.
 CPU time [min]:     0.056                   Wall time [min]:     0.004
 
 Fitting and assembly step of exchange...
 CPU time [min]:     0.060                   Wall time [min]:     0.004
 
 Constructing beta Fock-matrix...
 
 Second step of Coulomb + first step of exchange...
 Exchange contribution is evaluated for MOs 1 to 3.
   1% done.
  26% done.
  38% done.
  68% done.
 100% done.
 CPU time [min]:     0.079                   Wall time [min]:     0.004
 
 Fitting and assembly step of exchange...
 CPU time [min]:     0.079                   Wall time [min]:     0.004
 
 Calculation of two-electron integrals (short range)...
   1% done.
  26% done.
  38% done.
  68% done.
 100% done.
 CPU time [min]:     0.087                   Wall time [min]:     0.005
 
 Fitting and assembly step of exchange...
 CPU time [min]:     0.089                   Wall time [min]:     0.005
 
 Calculating the exchange-correlation matrix...
      1.0000*HYB_GGA_XC_HSE06 [au]:     -6.372933309138
 Exchange-correlation energy  [au]:     -6.372933309138
 CPU time [min]:     0.266                   Wall time [min]:     0.010
 
 Coulomb energy + HF exchange [au]:     33.682464286405
 Gradient norm:      7.4810E-01
 RMS of alpha difference density:                      0.00332271105253
 RMS of beta  difference density:                      0.00156539963495
 Gap [au]:  0.15920740
 ALPHA OCC:   5
 BETA  OCC:   3
 
 ***KOHN-SHAM ENERGY IN STEP   1 IS            -74.8946765785612172 [AU]
 ======================================================================
 ITERATION STEP   2
 CPU time [min]:     0.271                   Wall time [min]:     0.010
 
 Constructing alpha Fock-matrix...
 
 First step of Coulomb + first step of exchange...
 Exchange contribution is evaluated for MOs 1 to 5.
   1% done.
  26% done.
  38% done.
  68% done.
 100% done.
 CPU time [min]:     0.303                   Wall time [min]:     0.011
 
 Fitting and assembly step of exchange...
 CPU time [min]:     0.303                   Wall time [min]:     0.011
 
 Calculation of two-electron integrals (short range)...
   1% done.
  26% done.
  38% done.
  68% done.
 100% done.
 CPU time [min]:     0.314                   Wall time [min]:     0.011
 
 Fitting and assembly step of exchange...
 CPU time [min]:     0.317                   Wall time [min]:     0.011
 
 Constructing beta Fock-matrix...
 
 Second step of Coulomb + first step of exchange...
 Exchange contribution is evaluated for MOs 1 to 3.
   1% done.
  26% done.
  38% done.
  68% done.
 100% done.
 CPU time [min]:     0.338                   Wall time [min]:     0.012
 
 Fitting and assembly step of exchange...
 CPU time [min]:     0.339                   Wall time [min]:     0.012
 
 Calculation of two-electron integrals (short range)...
   1% done.
  26% done.
  38% done.
  68% done.
 100% done.
 CPU time [min]:     0.349                   Wall time [min]:     0.012
 
 Fitting and assembly step of exchange...
 CPU time [min]:     0.351                   Wall time [min]:     0.012
 
 Calculating the exchange-correlation matrix...
      1.0000*HYB_GGA_XC_HSE06 [au]:     -6.432878102408
 Exchange-correlation energy  [au]:     -6.432878102408
 CPU time [min]:     0.538                   Wall time [min]:     0.017
 
 Coulomb energy + HF exchange [au]:     34.223920956234
 Gradient norm:      9.2394E-02
 DIIS is running in this iteration step.
 RMS of [F,P]:                                         0.01207856245477
 RMS of alpha difference density:                      0.00167782647425
 RMS of beta  difference density:                      0.00070117447311
 Gap [au]:  0.16039944
 ALPHA OCC:   5
 BETA  OCC:   3
 
 ***KOHN-SHAM ENERGY IN STEP   2 IS            -74.9204554735029831 [AU]
 ======================================================================
 ITERATION STEP   3
 CPU time [min]:     0.544                   Wall time [min]:     0.017
 
 Constructing alpha Fock-matrix...
 
 First step of Coulomb + first step of exchange...
 Exchange contribution is evaluated for MOs 1 to 5.
   1% done.
  26% done.
  38% done.
  68% done.
 100% done.
 CPU time [min]:     0.583                   Wall time [min]:     0.018
 
 Fitting and assembly step of exchange...
 CPU time [min]:     0.583                   Wall time [min]:     0.018
 
 Calculation of two-electron integrals (short range)...
   1% done.
  26% done.
  38% done.
  68% done.
 100% done.
 CPU time [min]:     0.593                   Wall time [min]:     0.018
 
 Fitting and assembly step of exchange...
 CPU time [min]:     0.596                   Wall time [min]:     0.019
 
 Constructing beta Fock-matrix...
 
 Second step of Coulomb + first step of exchange...
 Exchange contribution is evaluated for MOs 1 to 3.
   1% done.
  26% done.
  38% done.
  68% done.
 100% done.
 CPU time [min]:     0.617                   Wall time [min]:     0.019
 
 Fitting and assembly step of exchange...
 CPU time [min]:     0.618                   Wall time [min]:     0.019
 
 Calculation of two-electron integrals (short range)...
   1% done.
  26% done.
  38% done.
  68% done.
 100% done.
 CPU time [min]:     0.626                   Wall time [min]:     0.019
 
 Fitting and assembly step of exchange...
 CPU time [min]:     0.629                   Wall time [min]:     0.019
 
 Calculating the exchange-correlation matrix...
      1.0000*HYB_GGA_XC_HSE06 [au]:     -6.459513746376
 Exchange-correlation energy  [au]:     -6.459513746376
 CPU time [min]:     0.770                   Wall time [min]:     0.023
 
 Coulomb energy + HF exchange [au]:     34.467102764705
 Gradient norm:      3.3740E-02
 DIIS is running in this iteration step.
 RMS of [F,P]:                                         0.00821002690737
 RMS of alpha difference density:                      0.00067631067829
 RMS of beta  difference density:                      0.00072232225960
 Gap [au]:  0.16172472
 ALPHA OCC:   5
 BETA  OCC:   3
 
 ***KOHN-SHAM ENERGY IN STEP   3 IS            -74.9278890624960638 [AU]
 ======================================================================
 ITERATION STEP   4
 CPU time [min]:     0.775                   Wall time [min]:     0.023
 
 Constructing alpha Fock-matrix...
 
 First step of Coulomb + first step of exchange...
 Exchange contribution is evaluated for MOs 1 to 5.
   1% done.
  26% done.
  38% done.
  68% done.
 100% done.
 CPU time [min]:     0.806                   Wall time [min]:     0.024
 
 Fitting and assembly step of exchange...
 CPU time [min]:     0.806                   Wall time [min]:     0.024
 
 Calculation of two-electron integrals (short range)...
   1% done.
  26% done.
  38% done.
  68% done.
 100% done.
 CPU time [min]:     0.815                   Wall time [min]:     0.024
 
 Fitting and assembly step of exchange...
 CPU time [min]:     0.817                   Wall time [min]:     0.024
 
 Constructing beta Fock-matrix...
 
 Second step of Coulomb + first step of exchange...
 Exchange contribution is evaluated for MOs 1 to 3.
   1% done.
  26% done.
  38% done.
  68% done.
 100% done.
 CPU time [min]:     0.838                   Wall time [min]:     0.025
 
 Fitting and assembly step of exchange...
 CPU time [min]:     0.838                   Wall time [min]:     0.025
 
 Calculation of two-electron integrals (short range)...
   1% done.
  26% done.
  38% done.
  68% done.
 100% done.
 CPU time [min]:     0.847                   Wall time [min]:     0.025
 
 Fitting and assembly step of exchange...
 CPU time [min]:     0.850                   Wall time [min]:     0.025
 
 Calculating the exchange-correlation matrix...
      1.0000*HYB_GGA_XC_HSE06 [au]:     -6.468598440672
 Exchange-correlation energy  [au]:     -6.468598440672
 CPU time [min]:     0.991                   Wall time [min]:     0.028
 
 Coulomb energy + HF exchange [au]:     34.498449028023
 Gradient norm:      8.5842E-02
 DIIS is running in this iteration step.
 RMS of [F,P]:                                         0.00628863888777
 RMS of alpha difference density:                      0.00277255455343
 RMS of beta  difference density:                      0.00190232532576
 Gap [au]:  0.16506716
 ALPHA OCC:   5
 BETA  OCC:   3
 
 ***KOHN-SHAM ENERGY IN STEP   4 IS            -74.9372774685843979 [AU]
 ======================================================================
 ITERATION STEP   5
 CPU time [min]:     0.996                   Wall time [min]:     0.029
 
 Constructing alpha Fock-matrix...
 
 First step of Coulomb + first step of exchange...
 Exchange contribution is evaluated for MOs 1 to 5.
   1% done.
  26% done.
  38% done.
  68% done.
 100% done.
 CPU time [min]:     1.029                   Wall time [min]:     0.029
 
 Fitting and assembly step of exchange...
 CPU time [min]:     1.029                   Wall time [min]:     0.029
 
 Calculation of two-electron integrals (short range)...
   1% done.
  26% done.
  38% done.
  68% done.
 100% done.
 CPU time [min]:     1.038                   Wall time [min]:     0.030
 
 Fitting and assembly step of exchange...
 CPU time [min]:     1.040                   Wall time [min]:     0.030
 
 Constructing beta Fock-matrix...
 
 Second step of Coulomb + first step of exchange...
 Exchange contribution is evaluated for MOs 1 to 3.
   1% done.
  26% done.
  38% done.
  68% done.
 100% done.
 CPU time [min]:     1.061                   Wall time [min]:     0.030
 
 Fitting and assembly step of exchange...
 CPU time [min]:     1.061                   Wall time [min]:     0.030
 
 Calculation of two-electron integrals (short range)...
   1% done.
  26% done.
  38% done.
  68% done.
 100% done.
 CPU time [min]:     1.070                   Wall time [min]:     0.030
 
 Fitting and assembly step of exchange...
 CPU time [min]:     1.073                   Wall time [min]:     0.031
 
 Calculating the exchange-correlation matrix...
      1.0000*HYB_GGA_XC_HSE06 [au]:     -6.488733674293
 Exchange-correlation energy  [au]:     -6.488733674293
 CPU time [min]:     1.213                   Wall time [min]:     0.034
 
 Coulomb energy + HF exchange [au]:     34.742358131175
 Gradient norm:      1.9035E-02
 DIIS is running in this iteration step.
 RMS of [F,P]:                                         0.00054213926368
 RMS of alpha difference density:                      0.00021166017995
 RMS of beta  difference density:                      0.00022320683272
 Gap [au]:  0.16339959
 ALPHA OCC:   5
 BETA  OCC:   3
 
 ***KOHN-SHAM ENERGY IN STEP   5 IS            -74.9331819645736630 [AU]
 ======================================================================
 ITERATION STEP   6
 CPU time [min]:     1.218                   Wall time [min]:     0.034
 
 Constructing alpha Fock-matrix...
 
 First step of Coulomb + first step of exchange...
 Exchange contribution is evaluated for MOs 1 to 5.
   1% done.
  26% done.
  38% done.
  68% done.
 100% done.
 CPU time [min]:     1.249                   Wall time [min]:     0.035
 
 Fitting and assembly step of exchange...
 CPU time [min]:     1.249                   Wall time [min]:     0.035
 
 Calculation of two-electron integrals (short range)...
   1% done.
  26% done.
  38% done.
  68% done.
 100% done.
 CPU time [min]:     1.259                   Wall time [min]:     0.035
 
 Fitting and assembly step of exchange...
 CPU time [min]:     1.261                   Wall time [min]:     0.035
 
 Constructing beta Fock-matrix...
 
 Second step of Coulomb + first step of exchange...
 Exchange contribution is evaluated for MOs 1 to 3.
   1% done.
  26% done.
  38% done.
  68% done.
 100% done.
 CPU time [min]:     1.282                   Wall time [min]:     0.036
 
 Fitting and assembly step of exchange...
 CPU time [min]:     1.282                   Wall time [min]:     0.036
 
 Calculation of two-electron integrals (short range)...
   1% done.
  26% done.
  38% done.
  68% done.
 100% done.
 CPU time [min]:     1.291                   Wall time [min]:     0.036
 
 Fitting and assembly step of exchange...
 CPU time [min]:     1.293                   Wall time [min]:     0.036
 
 Calculating the exchange-correlation matrix...
      1.0000*HYB_GGA_XC_HSE06 [au]:     -6.488277233094
 Exchange-correlation energy  [au]:     -6.488277233094
 CPU time [min]:     1.434                   Wall time [min]:     0.040
 
 Coulomb energy + HF exchange [au]:     34.739387054226
 Gradient norm:      1.0380E-02
 DIIS is running in this iteration step.
 RMS of [F,P]:                                         0.00024527718762
 RMS of alpha difference density:                      0.00009851694073
 RMS of beta  difference density:                      0.00007846156090
 Gap [au]:  0.16309506
 ALPHA OCC:   5
 BETA  OCC:   3
 
 ***KOHN-SHAM ENERGY IN STEP   6 IS            -74.9332369517067036 [AU]
 ======================================================================
 ITERATION STEP   7
 CPU time [min]:     1.438                   Wall time [min]:     0.040
 
 Constructing alpha Fock-matrix...
 
 First step of Coulomb + first step of exchange...
 Exchange contribution is evaluated for MOs 1 to 5.
   1% done.
  26% done.
  38% done.
  68% done.
 100% done.
 CPU time [min]:     1.469                   Wall time [min]:     0.040
 
 Fitting and assembly step of exchange...
 CPU time [min]:     1.469                   Wall time [min]:     0.040
 
 Calculation of two-electron integrals (short range)...
   1% done.
  26% done.
  38% done.
  68% done.
 100% done.
 CPU time [min]:     1.478                   Wall time [min]:     0.041
 
 Fitting and assembly step of exchange...
 CPU time [min]:     1.481                   Wall time [min]:     0.041
 
 Constructing beta Fock-matrix...
 
 Second step of Coulomb + first step of exchange...
 Exchange contribution is evaluated for MOs 1 to 3.
   1% done.
  26% done.
  38% done.
  68% done.
 100% done.
 CPU time [min]:     1.501                   Wall time [min]:     0.041
 
 Fitting and assembly step of exchange...
 CPU time [min]:     1.502                   Wall time [min]:     0.041
 
 Calculation of two-electron integrals (short range)...
   1% done.
  26% done.
  38% done.
  68% done.
 100% done.
 CPU time [min]:     1.510                   Wall time [min]:     0.041
 
 Fitting and assembly step of exchange...
 CPU time [min]:     1.513                   Wall time [min]:     0.042
 
 Calculating the exchange-correlation matrix...
      1.0000*HYB_GGA_XC_HSE06 [au]:     -6.487607829081
 Exchange-correlation energy  [au]:     -6.487607829081
 CPU time [min]:     1.656                   Wall time [min]:     0.045
 
 Coulomb energy + HF exchange [au]:     34.734125146814
 Gradient norm:      5.4749E-03
 DIIS is running in this iteration step.
 RMS of [F,P]:                                         0.00013009330649
 RMS of alpha difference density:                      0.00006620422378
 RMS of beta  difference density:                      0.00005591797999
 Gap [au]:  0.16294471
 ALPHA OCC:   5
 BETA  OCC:   3
 
 ***KOHN-SHAM ENERGY IN STEP   7 IS            -74.9332500087706279 [AU]
 ======================================================================
 ITERATION STEP   8
 CPU time [min]:     1.660                   Wall time [min]:     0.045
 
 Constructing alpha Fock-matrix...
 
 First step of Coulomb + first step of exchange...
 Exchange contribution is evaluated for MOs 1 to 5.
   1% done.
  26% done.
  38% done.
  68% done.
 100% done.
 CPU time [min]:     1.691                   Wall time [min]:     0.046
 
 Fitting and assembly step of exchange...
 CPU time [min]:     1.692                   Wall time [min]:     0.046
 
 Calculation of two-electron integrals (short range)...
   1% done.
  26% done.
  38% done.
  68% done.
 100% done.
 CPU time [min]:     1.701                   Wall time [min]:     0.046
 
 Fitting and assembly step of exchange...
 CPU time [min]:     1.704                   Wall time [min]:     0.046
 
 Constructing beta Fock-matrix...
 
 Second step of Coulomb + first step of exchange...
 Exchange contribution is evaluated for MOs 1 to 3.
   1% done.
  26% done.
  38% done.
  68% done.
 100% done.
 CPU time [min]:     1.724                   Wall time [min]:     0.047
 
 Fitting and assembly step of exchange...
 CPU time [min]:     1.725                   Wall time [min]:     0.047
 
 Calculation of two-electron integrals (short range)...
   1% done.
  26% done.
  38% done.
  68% done.
 100% done.
 CPU time [min]:     1.733                   Wall time [min]:     0.047
 
 Fitting and assembly step of exchange...
 CPU time [min]:     1.736                   Wall time [min]:     0.047
 
 Calculating the exchange-correlation matrix...
      1.0000*HYB_GGA_XC_HSE06 [au]:     -6.487139996813
 Exchange-correlation energy  [au]:     -6.487139996813
 CPU time [min]:     1.876                   Wall time [min]:     0.051
 
 Coulomb energy + HF exchange [au]:     34.730419434872
 Gradient norm:      2.1609E-03
 DIIS is running in this iteration step.
 RMS of [F,P]:                                         0.00005128243665
 RMS of alpha difference density:                      0.00004222599945
 RMS of beta  difference density:                      0.00003623907781
 Gap [au]:  0.16286284
 ALPHA OCC:   5
 BETA  OCC:   3
 
 ***KOHN-SHAM ENERGY IN STEP   8 IS            -74.9332544321156178 [AU]
 ======================================================================
 ITERATION STEP   9
 CPU time [min]:     1.881                   Wall time [min]:     0.051
 
 Constructing alpha Fock-matrix...
 
 First step of Coulomb + first step of exchange...
 Exchange contribution is evaluated for MOs 1 to 5.
   1% done.
  26% done.
  38% done.
  68% done.
 100% done.
 CPU time [min]:     1.911                   Wall time [min]:     0.052
 
 Fitting and assembly step of exchange...
 CPU time [min]:     1.911                   Wall time [min]:     0.052
 
 Calculation of two-electron integrals (short range)...
   1% done.
  26% done.
  38% done.
  68% done.
 100% done.
 CPU time [min]:     1.920                   Wall time [min]:     0.052
 
 Fitting and assembly step of exchange...
 CPU time [min]:     1.923                   Wall time [min]:     0.052
 
 Constructing beta Fock-matrix...
 
 Second step of Coulomb + first step of exchange...
 Exchange contribution is evaluated for MOs 1 to 3.
   1% done.
  26% done.
  38% done.
  68% done.
 100% done.
 CPU time [min]:     1.943                   Wall time [min]:     0.052
 
 Fitting and assembly step of exchange...
 CPU time [min]:     1.944                   Wall time [min]:     0.052
 
 Calculation of two-electron integrals (short range)...
   1% done.
  26% done.
  38% done.
  68% done.
 100% done.
 CPU time [min]:     1.952                   Wall time [min]:     0.053
 
 Fitting and assembly step of exchange...
 CPU time [min]:     1.954                   Wall time [min]:     0.053
 
 Calculating the exchange-correlation matrix...
      1.0000*HYB_GGA_XC_HSE06 [au]:     -6.486844325160
 Exchange-correlation energy  [au]:     -6.486844325160
 CPU time [min]:     2.095                   Wall time [min]:     0.056
 
 Coulomb energy + HF exchange [au]:     34.728076421286
 Gradient norm:      6.2979E-05
 DIIS is running in this iteration step.
 RMS of [F,P]:                                         0.00000193952765
 RMS of alpha difference density:                      0.00000450647453
 RMS of beta  difference density:                      0.00000370346881
 Gap [au]:  0.16286311
 ALPHA OCC:   5
 BETA  OCC:   3
 
 ***KOHN-SHAM ENERGY IN STEP   9 IS            -74.9332554554258650 [AU]
 ======================================================================
 ITERATION STEP  10
 CPU time [min]:     2.099                   Wall time [min]:     0.056
 
 Constructing alpha Fock-matrix...
 
 First step of Coulomb + first step of exchange...
 Exchange contribution is evaluated for MOs 1 to 5.
   1% done.
  26% done.
  38% done.
  68% done.
 100% done.
 CPU time [min]:     2.130                   Wall time [min]:     0.057
 
 Fitting and assembly step of exchange...
 CPU time [min]:     2.130                   Wall time [min]:     0.057
 
 Calculation of two-electron integrals (short range)...
   1% done.
  26% done.
  38% done.
  68% done.
 100% done.
 CPU time [min]:     2.139                   Wall time [min]:     0.057
 
 Fitting and assembly step of exchange...
 CPU time [min]:     2.141                   Wall time [min]:     0.057
 
 Constructing beta Fock-matrix...
 
 Second step of Coulomb + first step of exchange...
 Exchange contribution is evaluated for MOs 1 to 3.
   1% done.
  26% done.
  38% done.
  68% done.
 100% done.
 CPU time [min]:     2.162                   Wall time [min]:     0.058
 
 Fitting and assembly step of exchange...
 CPU time [min]:     2.162                   Wall time [min]:     0.058
 
 Calculation of two-electron integrals (short range)...
   1% done.
  26% done.
  38% done.
  68% done.
 100% done.
 CPU time [min]:     2.171                   Wall time [min]:     0.058
 
 Fitting and assembly step of exchange...
 CPU time [min]:     2.173                   Wall time [min]:     0.058
 
 Calculating the exchange-correlation matrix...
      1.0000*HYB_GGA_XC_HSE06 [au]:     -6.486810419855
 Exchange-correlation energy  [au]:     -6.486810419855
 CPU time [min]:     2.313                   Wall time [min]:     0.062
 
 Coulomb energy + HF exchange [au]:     34.727807668824
 Gradient norm:      1.5830E-04
 DIIS is running in this iteration step.
 RMS of [F,P]:                                         0.00000381374080
 RMS of alpha difference density:                      0.00000311036784
 RMS of beta  difference density:                      0.00000269016697
 Gap [au]:  0.16287044
 ALPHA OCC:   5
 BETA  OCC:   3
 
 ***KOHN-SHAM ENERGY IN STEP  10 IS            -74.9332554525374519 [AU]
 ======================================================================
 ITERATION STEP  11
 CPU time [min]:     2.318                   Wall time [min]:     0.062
 
 Constructing alpha Fock-matrix...
 
 First step of Coulomb + first step of exchange...
 Exchange contribution is evaluated for MOs 1 to 5.
   1% done.
  26% done.
  38% done.
  68% done.
 100% done.
 CPU time [min]:     2.348                   Wall time [min]:     0.062
 
 Fitting and assembly step of exchange...
 CPU time [min]:     2.348                   Wall time [min]:     0.062
 
 Calculation of two-electron integrals (short range)...
   1% done.
  26% done.
  38% done.
  68% done.
 100% done.
 CPU time [min]:     2.358                   Wall time [min]:     0.063
 
 Fitting and assembly step of exchange...
 CPU time [min]:     2.360                   Wall time [min]:     0.063
 
 Constructing beta Fock-matrix...
 
 Second step of Coulomb + first step of exchange...
 Exchange contribution is evaluated for MOs 1 to 3.
   1% done.
  26% done.
  38% done.
  68% done.
 100% done.
 CPU time [min]:     2.381                   Wall time [min]:     0.063
 
 Fitting and assembly step of exchange...
 CPU time [min]:     2.381                   Wall time [min]:     0.063
 
 Calculation of two-electron integrals (short range)...
   1% done.
  26% done.
  38% done.
  68% done.
 100% done.
 CPU time [min]:     2.390                   Wall time [min]:     0.064
 
 Fitting and assembly step of exchange...
 CPU time [min]:     2.392                   Wall time [min]:     0.064
 
 Calculating the exchange-correlation matrix...
      1.0000*HYB_GGA_XC_HSE06 [au]:     -6.486832322111
 Exchange-correlation energy  [au]:     -6.486832322111
 CPU time [min]:     2.532                   Wall time [min]:     0.067
 
 Coulomb energy + HF exchange [au]:     34.727981420541
 Gradient norm:      3.4886E-06
 DIIS is running in this iteration step.
 RMS of [F,P]:                                         0.00000008915020
 RMS of alpha difference density:                      0.00000010092434
 RMS of beta  difference density:                      0.00000010725638
 Gap [au]:  0.16287068
 ALPHA OCC:   5
 BETA  OCC:   3
 
 ***KOHN-SHAM ENERGY IN STEP  11 IS            -74.9332554566759228 [AU]
 ======================================================================
 
 SUCCESS...
 THE SCF ITERATION HAS CONVERGED!
 
                   A   
 FINAL ALPHA OCC:   5
 FINAL BETA  OCC:   3
 
 ***FINAL KOHN-SHAM ENERGY:           -74.9332554566759228 [AU]
 
 Expectation value of S^2:  2.0024
 Average multiplicity:      3.0016
 
 Orbital energies [au]:
      Irrep         Alpha          Beta
    1   A        -19.326949     -19.271656
    2   A         -1.001996      -0.826271
    3   A         -0.452593      -0.316992
 
    4   A         -0.452571      -0.154121
    5   A         -0.369102      -0.152757
 
    6   A          0.316864       0.363970
    7   A          0.561236       0.598029
    8   A          0.574662       0.611706
    9   A          0.711966       0.786360
   10   A          0.890894       0.968076
   11   A          0.938651       1.011471
   12   A          0.941483       1.018996
   13   A          1.038476       1.128189
   14   A          1.839975       1.889751
   15   A          2.451471       2.597227
   16   A          2.506080       2.606442
   17   A          2.508185       2.622470
   18   A          2.509966       2.628540
   19   A          2.872861       3.008414
   20   A          3.996148       4.031242
   21   A          3.996259       4.032803
   22   A          4.391060       4.461299
   23   A          4.407507       4.470796
   24   A          4.819705       4.864940
   25   A          5.107551       5.147550
   26   A          5.110911       5.150696
   27   A          5.817169       5.908909
   28   A         34.024830      34.066270
 
 RETURNING FROM SCF ALGORITHM
 ======================================================================

 ************************ 2021-11-29 13:56:16 *************************
 Executing integ...

 Allocation of 170.0 Gbytes of memory...
 
 
 Number of atoms:                  2
 Charge:                           0
 Number of electrons:              8
 Number of core electrons:         2
 Spin multiplicity:                3
 
                 Cartesian coordinates [bohr]      Atomic mass [AMU]  Z
   1  O     0.00000000    0.00000000    0.00000000    15.994915       8
   2  O     0.00000000    0.00000000    2.28163643     0.000000       0
 
 This molecule is linear.
 
 Point group: Cxv 
 Computational point group: C1  
 
 Cartesian coordinates in standard orientation [bohr]
   1  O     0.00000000    0.00000000   -0.20742149
   2  O     0.00000000    0.00000000    2.07421493
 
 Nuclear repulsion energy [au]:          0.000000000000
 
 
 Basis set information:
 
 Maximum angular momentum: h
 Maximum number of contracted Gaussians:   10
 Maximum number of primitive Gaussians:    15
 Spherical harmonic GTOs are used.
 
 
 Conventional basis set:
 
    1  O  def2-qzvpp [ 15s 8p 3d 2f 1g | 7s 4p 3d 2f 1g ]
    2  O  def2-qzvpp [ 15s 8p 3d 2f 1g | 7s 4p 3d 2f 1g ]
 
 Basis functions:
            1             2             3             4             5             6             7             8             9            10
    0    1O1s          1O2s          1O3s          1O4s          1O5s          1O6s          1O7s          1O1pz         1O1py         1O1px     
    1    1O2pz         1O2py         1O2px         1O3pz         1O3py         1O3px         1O4pz         1O4py         1O4px         1O1d-2    
    2    1O1d-1        1O1d0         1O1d+1        1O1d+2        1O2d-2        1O2d-1        1O2d0         1O2d+1        1O2d+2        1O3d-2    
    3    1O3d-1        1O3d0         1O3d+1        1O3d+2        1O1f-3        1O1f-2        1O1f-1        1O1f0         1O1f+1        1O1f+2    
    4    1O1f+3        1O2f-3        1O2f-2        1O2f-1        1O2f0         1O2f+1        1O2f+2        1O2f+3        1O1g-4        1O1g-3    
    5    1O1g-2        1O1g-1        1O1g0         1O1g+1        1O1g+2        1O1g+3        1O1g+4        2O1s          2O2s          2O3s      
    6    2O4s          2O5s          2O6s          2O7s          2O1pz         2O1py         2O1px         2O2pz         2O2py         2O2px     
    7    2O3pz         2O3py         2O3px         2O4pz         2O4py         2O4px         2O1d-2        2O1d-1        2O1d0         2O1d+1    
    8    2O1d+2        2O2d-2        2O2d-1        2O2d0         2O2d+1        2O2d+2        2O3d-2        2O3d-1        2O3d0         2O3d+1    
    9    2O3d+2        2O1f-3        2O1f-2        2O1f-1        2O1f0         2O1f+1        2O1f+2        2O1f+3        2O2f-3        2O2f-2    
   10    2O2f-1        2O2f0         2O2f+1        2O2f+2        2O2f+3        2O1g-4        2O1g-3        2O1g-2        2O1g-1        2O1g0     
   11    2O1g+1        2O1g+2        2O1g+3        2O1g+4    
 
 Maximum number of basis functions per shell:   15
 Total number of basis functions:    114
 
 
 Fitting basis set for the SCF calculation:
 
    1  O  def2-qzvpp-ri-jk [ 14s 10p 6d 2f 1g | 10s 8p 4d 2f 1g ]
    2  O  def2-qzvpp-ri-jk [ 14s 10p 6d 2f 1g | 10s 8p 4d 2f 1g ]
 
 Basis functions:
            1             2             3             4             5             6             7             8             9            10
    0    1O1s          1O2s          1O3s          1O4s          1O5s          1O6s          1O7s          1O8s          1O9s          1O10s     
    1    1O1pz         1O1py         1O1px         1O2pz         1O2py         1O2px         1O3pz         1O3py         1O3px         1O4pz     
    2    1O4py         1O4px         1O5pz         1O5py         1O5px         1O6pz         1O6py         1O6px         1O7pz         1O7py     
    3    1O7px         1O8pz         1O8py         1O8px         1O1d-2        1O1d-1        1O1d0         1O1d+1        1O1d+2        1O2d-2    
    4    1O2d-1        1O2d0         1O2d+1        1O2d+2        1O3d-2        1O3d-1        1O3d0         1O3d+1        1O3d+2        1O4d-2    
    5    1O4d-1        1O4d0         1O4d+1        1O4d+2        1O1f-3        1O1f-2        1O1f-1        1O1f0         1O1f+1        1O1f+2    
    6    1O1f+3        1O2f-3        1O2f-2        1O2f-1        1O2f0         1O2f+1        1O2f+2        1O2f+3        1O1g-4        1O1g-3    
    7    1O1g-2        1O1g-1        1O1g0         1O1g+1        1O1g+2        1O1g+3        1O1g+4        2O1s          2O2s          2O3s      
    8    2O4s          2O5s          2O6s          2O7s          2O8s          2O9s          2O10s         2O1pz         2O1py         2O1px     
    9    2O2pz         2O2py         2O2px         2O3pz         2O3py         2O3px         2O4pz         2O4py         2O4px         2O5pz     
   10    2O5py         2O5px         2O6pz         2O6py         2O6px         2O7pz         2O7py         2O7px         2O8pz         2O8py     
   11    2O8px         2O1d-2        2O1d-1        2O1d0         2O1d+1        2O1d+2        2O2d-2        2O2d-1        2O2d0         2O2d+1    
   12    2O2d+2        2O3d-2        2O3d-1        2O3d0         2O3d+1        2O3d+2        2O4d-2        2O4d-1        2O4d0         2O4d+1    
   13    2O4d+2        2O1f-3        2O1f-2        2O1f-1        2O1f0         2O1f+1        2O1f+2        2O1f+3        2O2f-3        2O2f-2    
   14    2O2f-1        2O2f0         2O2f+1        2O2f+2        2O2f+3        2O1g-4        2O1g-3        2O1g-2        2O1g-1        2O1g0     
   15    2O1g+1        2O1g+2        2O1g+3        2O1g+4    
 
 Maximum number of basis functions per shell:   24
 Total number of basis functions:    154
 
 
 Fitting basis set for the correlation calculation:
 
    1  O  def2-qzvpp-ri [ 9s 8p 7d 5f 3g 1h | 9s 8p 7d 5f 3g 1h ]
    2  O  def2-qzvpp-ri [ 9s 8p 7d 5f 3g 1h | 9s 8p 7d 5f 3g 1h ]
 
 Basis functions:
            1             2             3             4             5             6             7             8             9            10
    0    1O1s          1O2s          1O3s          1O4s          1O5s          1O6s          1O7s          1O8s          1O9s          1O1pz     
    1    1O1py         1O1px         1O2pz         1O2py         1O2px         1O3pz         1O3py         1O3px         1O4pz         1O4py     
    2    1O4px         1O5pz         1O5py         1O5px         1O6pz         1O6py         1O6px         1O7pz         1O7py         1O7px     
    3    1O8pz         1O8py         1O8px         1O1d-2        1O1d-1        1O1d0         1O1d+1        1O1d+2        1O2d-2        1O2d-1    
    4    1O2d0         1O2d+1        1O2d+2        1O3d-2        1O3d-1        1O3d0         1O3d+1        1O3d+2        1O4d-2        1O4d-1    
    5    1O4d0         1O4d+1        1O4d+2        1O5d-2        1O5d-1        1O5d0         1O5d+1        1O5d+2        1O6d-2        1O6d-1    
    6    1O6d0         1O6d+1        1O6d+2        1O7d-2        1O7d-1        1O7d0         1O7d+1        1O7d+2        1O1f-3        1O1f-2    
    7    1O1f-1        1O1f0         1O1f+1        1O1f+2        1O1f+3        1O2f-3        1O2f-2        1O2f-1        1O2f0         1O2f+1    
    8    1O2f+2        1O2f+3        1O3f-3        1O3f-2        1O3f-1        1O3f0         1O3f+1        1O3f+2        1O3f+3        1O4f-3    
    9    1O4f-2        1O4f-1        1O4f0         1O4f+1        1O4f+2        1O4f+3        1O5f-3        1O5f-2        1O5f-1        1O5f0     
   10    1O5f+1        1O5f+2        1O5f+3        1O1g-4        1O1g-3        1O1g-2        1O1g-1        1O1g0         1O1g+1        1O1g+2    
   11    1O1g+3        1O1g+4        1O2g-4        1O2g-3        1O2g-2        1O2g-1        1O2g0         1O2g+1        1O2g+2        1O2g+3    
   12    1O2g+4        1O3g-4        1O3g-3        1O3g-2        1O3g-1        1O3g0         1O3g+1        1O3g+2        1O3g+3        1O3g+4    
   13    1O1h-5        1O1h-4        1O1h-3        1O1h-2        1O1h-1        1O1h0         1O1h+1        1O1h+2        1O1h+3        1O1h+4    
   14    1O1h+5        2O1s          2O2s          2O3s          2O4s          2O5s          2O6s          2O7s          2O8s          2O9s      
   15    2O1pz         2O1py         2O1px         2O2pz         2O2py         2O2px         2O3pz         2O3py         2O3px         2O4pz     
   16    2O4py         2O4px         2O5pz         2O5py         2O5px         2O6pz         2O6py         2O6px         2O7pz         2O7py     
   17    2O7px         2O8pz         2O8py         2O8px         2O1d-2        2O1d-1        2O1d0         2O1d+1        2O1d+2        2O2d-2    
   18    2O2d-1        2O2d0         2O2d+1        2O2d+2        2O3d-2        2O3d-1        2O3d0         2O3d+1        2O3d+2        2O4d-2    
   19    2O4d-1        2O4d0         2O4d+1        2O4d+2        2O5d-2        2O5d-1        2O5d0         2O5d+1        2O5d+2        2O6d-2    
   20    2O6d-1        2O6d0         2O6d+1        2O6d+2        2O7d-2        2O7d-1        2O7d0         2O7d+1        2O7d+2        2O1f-3    
   21    2O1f-2        2O1f-1        2O1f0         2O1f+1        2O1f+2        2O1f+3        2O2f-3        2O2f-2        2O2f-1        2O2f0     
   22    2O2f+1        2O2f+2        2O2f+3        2O3f-3        2O3f-2        2O3f-1        2O3f0         2O3f+1        2O3f+2        2O3f+3    
   23    2O4f-3        2O4f-2        2O4f-1        2O4f0         2O4f+1        2O4f+2        2O4f+3        2O5f-3        2O5f-2        2O5f-1    
   24    2O5f0         2O5f+1        2O5f+2        2O5f+3        2O1g-4        2O1g-3        2O1g-2        2O1g-1        2O1g0         2O1g+1    
   25    2O1g+2        2O1g+3        2O1g+4        2O2g-4        2O2g-3        2O2g-2        2O2g-1        2O2g0         2O2g+1        2O2g+2    
   26    2O2g+3        2O2g+4        2O3g-4        2O3g-3        2O3g-2        2O3g-1        2O3g0         2O3g+1        2O3g+2        2O3g+3    
   27    2O3g+4        2O1h-5        2O1h-4        2O1h-3        2O1h-2        2O1h-1        2O1h0         2O1h+1        2O1h+2        2O1h+3    
   28    2O1h+4        2O1h+5    
 
 Maximum number of basis functions per shell:   35
 Total number of basis functions:    282
 
 
 Old basis set for SCF restart
 
    1  O  def2-svp [ 7s 4p 1d | 3s 2p 1d ]
    2  O  def2-svp [ 7s 4p 1d | 3s 2p 1d ]
 
 Basis functions:
            1             2             3             4             5             6             7             8             9            10
    0    1O1s          1O2s          1O3s          1O1pz         1O1py         1O1px         1O2pz         1O2py         1O2px         1O1d-2    
    1    1O1d-1        1O1d0         1O1d+1        1O1d+2        2O1s          2O2s          2O3s          2O1pz         2O1py         2O1px     
    2    2O2pz         2O2py         2O2px         2O1d-2        2O1d-1        2O1d0         2O1d+1        2O1d+2    
 
 Maximum number of basis functions per shell:   35
 Total number of basis functions:     28
 
 
 Generating atomic densities for the SCF calculation...
 CPU time [min]:     0.096                   Wall time [min]:     0.020
 
 Character table for point group C1:
 
          E  
    A     1
 
 Number of basis functions per irrep:
    A     114
 
 
 Density functional: HSE06 functional of Heyd, Scuseria, and Ernzerhof
 Constructing integration grid for DFT...
 Angular integration grid: adaptive 590-point Lebedev quadrature
 Radial integration grid: Log3 quadrature
 Total number of grid points: 26868       
 Range-separation parameter: 0.1100
 CPU time [min]:     1.195                   Wall time [min]:     0.052
 
 Calculation of overlap integrals...
 CPU time [min]:     1.212                   Wall time [min]:     0.053
 
 Calculation of the square root of the overlap matrix...
 Minimum eigenvalue of the overlap matrix: 0.549185E-03
 CPU time [min]:     1.224                   Wall time [min]:     0.053
 
 Calculation of kinetic energy integrals...
 CPU time [min]:     1.225                   Wall time [min]:     0.053
 Calculation of nuclear attraction integrals...
 CPU time [min]:     1.225                   Wall time [min]:     0.053
 Calculation of overlap integrals...
 CPU time [min]:     1.225                   Wall time [min]:     0.053
 
 Calculation of prescreening integrals...
 CPU time [min]:     1.372                   Wall time [min]:     0.057
 
 Calculation of two-center Coulomb integrals...
   5% done.
  20% done.
  32% done.
  52% done.
  72% done.
  89% done.
 100% done.
 CPU time [min]:     1.379                   Wall time [min]:     0.057
 
 Cholesky decomposition of the two-center matrix...
 Reciprocal of the condition number:  0.675876E-04
 CPU time [min]:     1.380                   Wall time [min]:     0.057
 

 ************************ 2021-11-29 13:56:19 *************************
 Executing scf...

 @scfsetup: integrals calculated directly
            mrcc/integ direct run
 @scfsetup: calculating on full matrices
            not using symmetry adapted basis
 @scfsetup: diis switched on
 @scfsetup: number of steps to extrapolate from  10
 @scfsetup: tolerance in energy deviation    0.100000E-05
            tolerance in density deviation    0.100000E-05
 @scfsetup: maximum number of iterations:1000
 @scfsetup: unrestricted hf calc
 @scfsetup: restarting scf from SCFDENSITIES file
 @scfsetup: occupation set:
            from initial orbitals
 @scfsetup: diis runs from iteration:   1
 @scfsetup: diis runs to iteration:1000
 @scfsetup: diis runs in every iteration
 Allocation of 170.0 Gbytes of memory...
 ======================================================================
 ITERATION STEP   1
 CPU time [min]:     0.027                   Wall time [min]:     0.003
 
 Constructing alpha Fock-matrix...
 
 First step of Coulomb + first step of exchange...
 Exchange contribution is evaluated for MOs 1 to 5.
   3% done.
  18% done.
  32% done.
  45% done.
  64% done.
  85% done.
 100% done.
 CPU time [min]:     0.073                   Wall time [min]:     0.005
 
 Fitting and assembly step of exchange...
 CPU time [min]:     0.076                   Wall time [min]:     0.005
 
 Calculation of two-electron integrals (short range)...
   3% done.
  18% done.
  32% done.
  45% done.
  64% done.
  85% done.
 100% done.
 CPU time [min]:     0.105                   Wall time [min]:     0.006
 
 Fitting and assembly step of exchange...
 CPU time [min]:     0.110                   Wall time [min]:     0.006
 
 Constructing beta Fock-matrix...
 
 Second step of Coulomb + first step of exchange...
 Exchange contribution is evaluated for MOs 1 to 3.
   3% done.
  18% done.
  32% done.
  45% done.
  64% done.
  85% done.
 100% done.
 CPU time [min]:     0.139                   Wall time [min]:     0.007
 
 Fitting and assembly step of exchange...
 CPU time [min]:     0.139                   Wall time [min]:     0.007
 
 Calculation of two-electron integrals (short range)...
   3% done.
  18% done.
  32% done.
  45% done.
  64% done.
  85% done.
 100% done.
 CPU time [min]:     0.161                   Wall time [min]:     0.008
 
 Fitting and assembly step of exchange...
 CPU time [min]:     0.163                   Wall time [min]:     0.008
 
 Calculating the exchange-correlation matrix...
      1.0000*HYB_GGA_XC_HSE06 [au]:     -6.489851163296
 Exchange-correlation energy  [au]:     -6.489851163296
 CPU time [min]:     0.480                   Wall time [min]:     0.018
 
 Coulomb energy + HF exchange [au]:     34.756342342346
 Gradient norm:      4.3271E+00
 RMS of alpha difference density:                      0.00076176185572
 RMS of beta  difference density:                      0.00052245579855
 Gap [au]:  0.15976184
 ALPHA OCC:   5
 BETA  OCC:   3
 
 ***KOHN-SHAM ENERGY IN STEP   1 IS            -74.9701610806685750 [AU]
 ======================================================================
 ITERATION STEP   2
 CPU time [min]:     0.498                   Wall time [min]:     0.019
 
 Constructing alpha Fock-matrix...
 
 First step of Coulomb + first step of exchange...
 Exchange contribution is evaluated for MOs 1 to 5.
   3% done.
  18% done.
  32% done.
  45% done.
  64% done.
  85% done.
 100% done.
 CPU time [min]:     0.545                   Wall time [min]:     0.020
 
 Fitting and assembly step of exchange...
 CPU time [min]:     0.546                   Wall time [min]:     0.020
 
 Calculation of two-electron integrals (short range)...
   3% done.
  18% done.
  32% done.
  45% done.
  64% done.
  85% done.
 100% done.
 CPU time [min]:     0.573                   Wall time [min]:     0.021
 
 Fitting and assembly step of exchange...
 CPU time [min]:     0.577                   Wall time [min]:     0.021
 
 Constructing beta Fock-matrix...
 
 Second step of Coulomb + first step of exchange...
 Exchange contribution is evaluated for MOs 1 to 3.
   3% done.
  18% done.
  32% done.
  45% done.
  64% done.
  85% done.
 100% done.
 CPU time [min]:     0.609                   Wall time [min]:     0.022
 
 Fitting and assembly step of exchange...
 CPU time [min]:     0.610                   Wall time [min]:     0.022
 
 Calculation of two-electron integrals (short range)...
   3% done.
  18% done.
  32% done.
  45% done.
  64% done.
  85% done.
 100% done.
 CPU time [min]:     0.634                   Wall time [min]:     0.022
 
 Fitting and assembly step of exchange...
 CPU time [min]:     0.637                   Wall time [min]:     0.023
 
 Calculating the exchange-correlation matrix...
      1.0000*HYB_GGA_XC_HSE06 [au]:     -6.487176267208
 Exchange-correlation energy  [au]:     -6.487176267208
 CPU time [min]:     1.012                   Wall time [min]:     0.033
 
 Coulomb energy + HF exchange [au]:     34.735571488943
 Gradient norm:      6.8221E-03
 DIIS is running in this iteration step.
 RMS of [F,P]:                                         0.01918765402470
 RMS of alpha difference density:                      0.00049849519433
 RMS of beta  difference density:                      0.00034156309703
 Gap [au]:  0.16047976
 ALPHA OCC:   5
 BETA  OCC:   3
 
 ***KOHN-SHAM ENERGY IN STEP   2 IS            -75.0005239082468620 [AU]
 ======================================================================
 ITERATION STEP   3
 CPU time [min]:     1.035                   Wall time [min]:     0.033
 
 Constructing alpha Fock-matrix...
 
 First step of Coulomb + first step of exchange...
 Exchange contribution is evaluated for MOs 1 to 5.
   3% done.
  18% done.
  32% done.
  45% done.
  64% done.
  85% done.
 100% done.
 CPU time [min]:     1.082                   Wall time [min]:     0.034
 
 Fitting and assembly step of exchange...
 CPU time [min]:     1.082                   Wall time [min]:     0.034
 
 Calculation of two-electron integrals (short range)...
   3% done.
  18% done.
  32% done.
  45% done.
  64% done.
  85% done.
 100% done.
 CPU time [min]:     1.105                   Wall time [min]:     0.035
 
 Fitting and assembly step of exchange...
 CPU time [min]:     1.107                   Wall time [min]:     0.035
 
 Constructing beta Fock-matrix...
 
 Second step of Coulomb + first step of exchange...
 Exchange contribution is evaluated for MOs 1 to 3.
   3% done.
  18% done.
  32% done.
  45% done.
  64% done.
  85% done.
 100% done.
 CPU time [min]:     1.139                   Wall time [min]:     0.036
 
 Fitting and assembly step of exchange...
 CPU time [min]:     1.139                   Wall time [min]:     0.036
 
 Calculation of two-electron integrals (short range)...
   3% done.
  18% done.
  32% done.
  45% done.
  64% done.
  85% done.
 100% done.
 CPU time [min]:     1.159                   Wall time [min]:     0.036
 
 Fitting and assembly step of exchange...
 CPU time [min]:     1.161                   Wall time [min]:     0.036
 
 Calculating the exchange-correlation matrix...
      1.0000*HYB_GGA_XC_HSE06 [au]:     -6.485970441928
 Exchange-correlation energy  [au]:     -6.485970441928
 CPU time [min]:     1.398                   Wall time [min]:     0.042
 
 Coulomb energy + HF exchange [au]:     34.725638109362
 Gradient norm:      1.3801E-02
 DIIS is running in this iteration step.
 RMS of [F,P]:                                         0.01345789913416
 RMS of alpha difference density:                      0.00035560641304
 RMS of beta  difference density:                      0.00025094447948
 Gap [au]:  0.16233836
 ALPHA OCC:   5
 BETA  OCC:   3
 
 ***KOHN-SHAM ENERGY IN STEP   3 IS            -75.0153757624023143 [AU]
 ======================================================================
 ITERATION STEP   4
 CPU time [min]:     1.414                   Wall time [min]:     0.043
 
 Constructing alpha Fock-matrix...
 
 First step of Coulomb + first step of exchange...
 Exchange contribution is evaluated for MOs 1 to 5.
   3% done.
  18% done.
  32% done.
  45% done.
  64% done.
  85% done.
 100% done.
 CPU time [min]:     1.458                   Wall time [min]:     0.044
 
 Fitting and assembly step of exchange...
 CPU time [min]:     1.458                   Wall time [min]:     0.044
 
 Calculation of two-electron integrals (short range)...
   3% done.
  18% done.
  32% done.
  45% done.
  64% done.
  85% done.
 100% done.
 CPU time [min]:     1.479                   Wall time [min]:     0.044
 
 Fitting and assembly step of exchange...
 CPU time [min]:     1.481                   Wall time [min]:     0.044
 
 Constructing beta Fock-matrix...
 
 Second step of Coulomb + first step of exchange...
 Exchange contribution is evaluated for MOs 1 to 3.
   3% done.
  18% done.
  32% done.
  45% done.
  64% done.
  85% done.
 100% done.
 CPU time [min]:     1.511                   Wall time [min]:     0.045
 
 Fitting and assembly step of exchange...
 CPU time [min]:     1.511                   Wall time [min]:     0.045
 
 Calculation of two-electron integrals (short range)...
   3% done.
  18% done.
  32% done.
  45% done.
  64% done.
  85% done.
 100% done.
 CPU time [min]:     1.530                   Wall time [min]:     0.046
 
 Fitting and assembly step of exchange...
 CPU time [min]:     1.533                   Wall time [min]:     0.046
 
 Calculating the exchange-correlation matrix...
      1.0000*HYB_GGA_XC_HSE06 [au]:     -6.481055173101
 Exchange-correlation energy  [au]:     -6.481055173101
 CPU time [min]:     1.767                   Wall time [min]:     0.052
 
 Coulomb energy + HF exchange [au]:     34.713731771618
 Gradient norm:      1.2149E-02
 DIIS is running in this iteration step.
 RMS of [F,P]:                                         0.00947107404086
 RMS of alpha difference density:                      0.00081590822644
 RMS of beta  difference density:                      0.00058913479902
 Gap [au]:  0.16237743
 ALPHA OCC:   5
 BETA  OCC:   3
 
 ***KOHN-SHAM ENERGY IN STEP   4 IS            -75.0185678012028205 [AU]
 ======================================================================
 ITERATION STEP   5
 CPU time [min]:     1.777                   Wall time [min]:     0.052
 
 Constructing alpha Fock-matrix...
 
 First step of Coulomb + first step of exchange...
 Exchange contribution is evaluated for MOs 1 to 5.
   3% done.
  18% done.
  32% done.
  45% done.
  64% done.
  85% done.
 100% done.
 CPU time [min]:     1.818                   Wall time [min]:     0.053
 
 Fitting and assembly step of exchange...
 CPU time [min]:     1.819                   Wall time [min]:     0.053
 
 Calculation of two-electron integrals (short range)...
   3% done.
  18% done.
  32% done.
  45% done.
  64% done.
  85% done.
 100% done.
 CPU time [min]:     1.838                   Wall time [min]:     0.053
 
 Fitting and assembly step of exchange...
 CPU time [min]:     1.841                   Wall time [min]:     0.053
 
 Constructing beta Fock-matrix...
 
 Second step of Coulomb + first step of exchange...
 Exchange contribution is evaluated for MOs 1 to 3.
   3% done.
  18% done.
  32% done.
  45% done.
  64% done.
  85% done.
 100% done.
 CPU time [min]:     1.870                   Wall time [min]:     0.054
 
 Fitting and assembly step of exchange...
 CPU time [min]:     1.871                   Wall time [min]:     0.054
 
 Calculation of two-electron integrals (short range)...
   3% done.
  18% done.
  32% done.
  45% done.
  64% done.
  85% done.
 100% done.
 CPU time [min]:     1.890                   Wall time [min]:     0.055
 
 Fitting and assembly step of exchange...
 CPU time [min]:     1.892                   Wall time [min]:     0.055
 
 Calculating the exchange-correlation matrix...
      1.0000*HYB_GGA_XC_HSE06 [au]:     -6.480400927768
 Exchange-correlation energy  [au]:     -6.480400927768
 CPU time [min]:     2.127                   Wall time [min]:     0.061
 
 Coulomb energy + HF exchange [au]:     34.672439819972
 Gradient norm:      5.3500E-03
 DIIS is running in this iteration step.
 RMS of [F,P]:                                         0.00005680186413
 RMS of alpha difference density:                      0.00003544035474
 RMS of beta  difference density:                      0.00003066557436
 Gap [au]:  0.16276836
 ALPHA OCC:   5
 BETA  OCC:   3
 
 ***KOHN-SHAM ENERGY IN STEP   5 IS            -75.0303149729511176 [AU]
 ======================================================================
 ITERATION STEP   6
 CPU time [min]:     2.137                   Wall time [min]:     0.061
 
 Constructing alpha Fock-matrix...
 
 First step of Coulomb + first step of exchange...
 Exchange contribution is evaluated for MOs 1 to 5.
   3% done.
  18% done.
  32% done.
  45% done.
  64% done.
  85% done.
 100% done.
 CPU time [min]:     2.179                   Wall time [min]:     0.062
 
 Fitting and assembly step of exchange...
 CPU time [min]:     2.179                   Wall time [min]:     0.062
 
 Calculation of two-electron integrals (short range)...
   3% done.
  18% done.
  32% done.
  45% done.
  64% done.
  85% done.
 100% done.
 CPU time [min]:     2.199                   Wall time [min]:     0.062
 
 Fitting and assembly step of exchange...
 CPU time [min]:     2.201                   Wall time [min]:     0.062
 
 Constructing beta Fock-matrix...
 
 Second step of Coulomb + first step of exchange...
 Exchange contribution is evaluated for MOs 1 to 3.
   3% done.
  18% done.
  32% done.
  45% done.
  64% done.
  85% done.
 100% done.
 CPU time [min]:     2.231                   Wall time [min]:     0.063
 
 Fitting and assembly step of exchange...
 CPU time [min]:     2.231                   Wall time [min]:     0.063
 
 Calculation of two-electron integrals (short range)...
   3% done.
  18% done.
  32% done.
  45% done.
  64% done.
  85% done.
 100% done.
 CPU time [min]:     2.250                   Wall time [min]:     0.064
 
 Fitting and assembly step of exchange...
 CPU time [min]:     2.252                   Wall time [min]:     0.064
 
 Calculating the exchange-correlation matrix...
      1.0000*HYB_GGA_XC_HSE06 [au]:     -6.481075820676
 Exchange-correlation energy  [au]:     -6.481075820676
 CPU time [min]:     2.487                   Wall time [min]:     0.070
 
 Coulomb energy + HF exchange [au]:     34.678060159626
 Gradient norm:      4.2881E-03
 DIIS is running in this iteration step.
 RMS of [F,P]:                                         0.00004196983762
 RMS of alpha difference density:                      0.00000596307504
 RMS of beta  difference density:                      0.00000642250927
 Gap [au]:  0.16264428
 ALPHA OCC:   5
 BETA  OCC:   3
 
 ***KOHN-SHAM ENERGY IN STEP   6 IS            -75.0303254115502796 [AU]
 ======================================================================
 ITERATION STEP   7
 CPU time [min]:     2.497                   Wall time [min]:     0.070
 
 Constructing alpha Fock-matrix...
 
 First step of Coulomb + first step of exchange...
 Exchange contribution is evaluated for MOs 1 to 5.
   3% done.
  18% done.
  32% done.
  45% done.
  64% done.
  85% done.
 100% done.
 CPU time [min]:     2.537                   Wall time [min]:     0.071
 
 Fitting and assembly step of exchange...
 CPU time [min]:     2.538                   Wall time [min]:     0.071
 
 Calculation of two-electron integrals (short range)...
   3% done.
  18% done.
  32% done.
  45% done.
  64% done.
  85% done.
 100% done.
 CPU time [min]:     2.559                   Wall time [min]:     0.071
 
 Fitting and assembly step of exchange...
 CPU time [min]:     2.561                   Wall time [min]:     0.071
 
 Constructing beta Fock-matrix...
 
 Second step of Coulomb + first step of exchange...
 Exchange contribution is evaluated for MOs 1 to 3.
   3% done.
  18% done.
  32% done.
  45% done.
  64% done.
  85% done.
 100% done.
 CPU time [min]:     2.591                   Wall time [min]:     0.072
 
 Fitting and assembly step of exchange...
 CPU time [min]:     2.591                   Wall time [min]:     0.072
 
 Calculation of two-electron integrals (short range)...
   3% done.
  18% done.
  32% done.
  45% done.
  64% done.
  85% done.
 100% done.
 CPU time [min]:     2.610                   Wall time [min]:     0.073
 
 Fitting and assembly step of exchange...
 CPU time [min]:     2.612                   Wall time [min]:     0.073
 
 Calculating the exchange-correlation matrix...
      1.0000*HYB_GGA_XC_HSE06 [au]:     -6.480555045350
 Exchange-correlation energy  [au]:     -6.480555045350
 CPU time [min]:     2.847                   Wall time [min]:     0.079
 
 Coulomb energy + HF exchange [au]:     34.673456983024
 Gradient norm:      4.2694E-03
 DIIS is running in this iteration step.
 RMS of [F,P]:                                         0.00004400873560
 RMS of alpha difference density:                      0.00000296301944
 RMS of beta  difference density:                      0.00000241721263
 Gap [au]:  0.16268111
 ALPHA OCC:   5
 BETA  OCC:   3
 
 ***KOHN-SHAM ENERGY IN STEP   7 IS            -75.0303266525029642 [AU]
 ======================================================================
 ITERATION STEP   8
 CPU time [min]:     2.857                   Wall time [min]:     0.079
 
 Constructing alpha Fock-matrix...
 
 First step of Coulomb + first step of exchange...
 Exchange contribution is evaluated for MOs 1 to 5.
   3% done.
  18% done.
  32% done.
  45% done.
  64% done.
  85% done.
 100% done.
 CPU time [min]:     2.898                   Wall time [min]:     0.080
 
 Fitting and assembly step of exchange...
 CPU time [min]:     2.898                   Wall time [min]:     0.080
 
 Calculation of two-electron integrals (short range)...
   3% done.
  18% done.
  32% done.
  45% done.
  64% done.
  85% done.
 100% done.
 CPU time [min]:     2.918                   Wall time [min]:     0.080
 
 Fitting and assembly step of exchange...
 CPU time [min]:     2.921                   Wall time [min]:     0.080
 
 Constructing beta Fock-matrix...
 
 Second step of Coulomb + first step of exchange...
 Exchange contribution is evaluated for MOs 1 to 3.
   3% done.
  18% done.
  32% done.
  45% done.
  64% done.
  85% done.
 100% done.
 CPU time [min]:     2.950                   Wall time [min]:     0.081
 
 Fitting and assembly step of exchange...
 CPU time [min]:     2.950                   Wall time [min]:     0.081
 
 Calculation of two-electron integrals (short range)...
   3% done.
  18% done.
  32% done.
  45% done.
  64% done.
  85% done.
 100% done.
 CPU time [min]:     2.969                   Wall time [min]:     0.082
 
 Fitting and assembly step of exchange...
 CPU time [min]:     2.971                   Wall time [min]:     0.082
 
 Calculating the exchange-correlation matrix...
      1.0000*HYB_GGA_XC_HSE06 [au]:     -6.480757725986
 Exchange-correlation energy  [au]:     -6.480757725986
 CPU time [min]:     3.206                   Wall time [min]:     0.088
 
 Coulomb energy + HF exchange [au]:     34.675214033559
 Gradient norm:      4.8309E-03
 DIIS is running in this iteration step.
 RMS of [F,P]:                                         0.00004726301626
 RMS of alpha difference density:                      0.00000128542436
 RMS of beta  difference density:                      0.00000112532165
 Gap [au]:  0.16268985
 ALPHA OCC:   5
 BETA  OCC:   3
 
 ***KOHN-SHAM ENERGY IN STEP   8 IS            -75.0303261635963565 [AU]
 ======================================================================
 ITERATION STEP   9
 CPU time [min]:     3.216                   Wall time [min]:     0.088
 
 Constructing alpha Fock-matrix...
 
 First step of Coulomb + first step of exchange...
 Exchange contribution is evaluated for MOs 1 to 5.
   3% done.
  18% done.
  32% done.
  45% done.
  64% done.
  85% done.
 100% done.
 CPU time [min]:     3.257                   Wall time [min]:     0.089
 
 Fitting and assembly step of exchange...
 CPU time [min]:     3.257                   Wall time [min]:     0.089
 
 Calculation of two-electron integrals (short range)...
   3% done.
  18% done.
  32% done.
  45% done.
  64% done.
  85% done.
 100% done.
 CPU time [min]:     3.277                   Wall time [min]:     0.089
 
 Fitting and assembly step of exchange...
 CPU time [min]:     3.280                   Wall time [min]:     0.089
 
 Constructing beta Fock-matrix...
 
 Second step of Coulomb + first step of exchange...
 Exchange contribution is evaluated for MOs 1 to 3.
   3% done.
  18% done.
  32% done.
  45% done.
  64% done.
  85% done.
 100% done.
 CPU time [min]:     3.309                   Wall time [min]:     0.090
 
 Fitting and assembly step of exchange...
 CPU time [min]:     3.309                   Wall time [min]:     0.090
 
 Calculation of two-electron integrals (short range)...
   3% done.
  18% done.
  32% done.
  45% done.
  64% done.
  85% done.
 100% done.
 CPU time [min]:     3.328                   Wall time [min]:     0.091
 
 Fitting and assembly step of exchange...
 CPU time [min]:     3.331                   Wall time [min]:     0.091
 
 Calculating the exchange-correlation matrix...
      1.0000*HYB_GGA_XC_HSE06 [au]:     -6.480776448423
 Exchange-correlation energy  [au]:     -6.480776448423
 CPU time [min]:     3.565                   Wall time [min]:     0.097
 
 Coulomb energy + HF exchange [au]:     34.675395785189
 Gradient norm:      5.0400E-03
 DIIS is running in this iteration step.
 RMS of [F,P]:                                         0.00004929448492
 RMS of alpha difference density:                      0.00000757797944
 RMS of beta  difference density:                      0.00000740267193
 Gap [au]:  0.16259338
 ALPHA OCC:   5
 BETA  OCC:   3
 
 ***KOHN-SHAM ENERGY IN STEP   9 IS            -75.0303257875909821 [AU]
 ======================================================================
 ITERATION STEP  10
 CPU time [min]:     3.575                   Wall time [min]:     0.097
 
 Constructing alpha Fock-matrix...
 
 First step of Coulomb + first step of exchange...
 Exchange contribution is evaluated for MOs 1 to 5.
   3% done.
  18% done.
  32% done.
  45% done.
  64% done.
  85% done.
 100% done.
 CPU time [min]:     3.616                   Wall time [min]:     0.098
 
 Fitting and assembly step of exchange...
 CPU time [min]:     3.616                   Wall time [min]:     0.098
 
 Calculation of two-electron integrals (short range)...
   3% done.
  18% done.
  32% done.
  45% done.
  64% done.
  85% done.
 100% done.
 CPU time [min]:     3.636                   Wall time [min]:     0.098
 
 Fitting and assembly step of exchange...
 CPU time [min]:     3.638                   Wall time [min]:     0.098
 
 Constructing beta Fock-matrix...
 
 Second step of Coulomb + first step of exchange...
 Exchange contribution is evaluated for MOs 1 to 3.
   3% done.
  18% done.
  32% done.
  45% done.
  64% done.
  85% done.
 100% done.
 CPU time [min]:     3.668                   Wall time [min]:     0.099
 
 Fitting and assembly step of exchange...
 CPU time [min]:     3.668                   Wall time [min]:     0.099
 
 Calculation of two-electron integrals (short range)...
   3% done.
  18% done.
  32% done.
  45% done.
  64% done.
  85% done.
 100% done.
 CPU time [min]:     3.687                   Wall time [min]:     0.100
 
 Fitting and assembly step of exchange...
 CPU time [min]:     3.690                   Wall time [min]:     0.100
 
 Calculating the exchange-correlation matrix...
      1.0000*HYB_GGA_XC_HSE06 [au]:     -6.480792657148
 Exchange-correlation energy  [au]:     -6.480792657148
 CPU time [min]:     3.925                   Wall time [min]:     0.106
 
 Coulomb energy + HF exchange [au]:     34.675371599920
 Gradient norm:      3.5580E-03
 DIIS is running in this iteration step.
 RMS of [F,P]:                                         0.00003456678874
 RMS of alpha difference density:                      0.00001621956940
 RMS of beta  difference density:                      0.00001655765630
 Gap [au]:  0.16235348
 ALPHA OCC:   5
 BETA  OCC:   3
 
 ***KOHN-SHAM ENERGY IN STEP  10 IS            -75.0303279387069040 [AU]
 ======================================================================
 ITERATION STEP  11
 CPU time [min]:     3.935                   Wall time [min]:     0.106
 
 Constructing alpha Fock-matrix...
 
 First step of Coulomb + first step of exchange...
 Exchange contribution is evaluated for MOs 1 to 5.
   3% done.
  18% done.
  32% done.
  45% done.
  64% done.
  85% done.
 100% done.
 CPU time [min]:     3.975                   Wall time [min]:     0.107
 
 Fitting and assembly step of exchange...
 CPU time [min]:     3.976                   Wall time [min]:     0.107
 
 Calculation of two-electron integrals (short range)...
   3% done.
  18% done.
  32% done.
  45% done.
  64% done.
  85% done.
 100% done.
 CPU time [min]:     3.996                   Wall time [min]:     0.107
 
 Fitting and assembly step of exchange...
 CPU time [min]:     3.998                   Wall time [min]:     0.107
 
 Constructing beta Fock-matrix...
 
 Second step of Coulomb + first step of exchange...
 Exchange contribution is evaluated for MOs 1 to 3.
   3% done.
  18% done.
  32% done.
  45% done.
  64% done.
  85% done.
 100% done.
 CPU time [min]:     4.027                   Wall time [min]:     0.108
 
 Fitting and assembly step of exchange...
 CPU time [min]:     4.027                   Wall time [min]:     0.108
 
 Calculation of two-electron integrals (short range)...
   3% done.
  18% done.
  32% done.
  45% done.
  64% done.
  85% done.
 100% done.
 CPU time [min]:     4.046                   Wall time [min]:     0.109
 
 Fitting and assembly step of exchange...
 CPU time [min]:     4.049                   Wall time [min]:     0.109
 
 Calculating the exchange-correlation matrix...
      1.0000*HYB_GGA_XC_HSE06 [au]:     -6.480744845169
 Exchange-correlation energy  [au]:     -6.480744845169
 CPU time [min]:     4.283                   Wall time [min]:     0.115
 
 Coulomb energy + HF exchange [au]:     34.674572222409
 Gradient norm:      3.8127E-04
 DIIS is running in this iteration step.
 RMS of [F,P]:                                         0.00000370533369
 RMS of alpha difference density:                      0.00000166556437
 RMS of beta  difference density:                      0.00000173371194
 Gap [au]:  0.16232506
 ALPHA OCC:   5
 BETA  OCC:   3
 
 ***KOHN-SHAM ENERGY IN STEP  11 IS            -75.0303301019447701 [AU]
 ======================================================================
 ITERATION STEP  12
 CPU time [min]:     4.293                   Wall time [min]:     0.115
 
 Constructing alpha Fock-matrix...
 
 First step of Coulomb + first step of exchange...
 Exchange contribution is evaluated for MOs 1 to 5.
   3% done.
  18% done.
  32% done.
  45% done.
  64% done.
  85% done.
 100% done.
 CPU time [min]:     4.334                   Wall time [min]:     0.116
 
 Fitting and assembly step of exchange...
 CPU time [min]:     4.334                   Wall time [min]:     0.116
 
 Calculation of two-electron integrals (short range)...
   3% done.
  18% done.
  32% done.
  45% done.
  64% done.
  85% done.
 100% done.
 CPU time [min]:     4.354                   Wall time [min]:     0.116
 
 Fitting and assembly step of exchange...
 CPU time [min]:     4.356                   Wall time [min]:     0.116
 
 Constructing beta Fock-matrix...
 
 Second step of Coulomb + first step of exchange...
 Exchange contribution is evaluated for MOs 1 to 3.
   3% done.
  18% done.
  32% done.
  45% done.
  64% done.
  85% done.
 100% done.
 CPU time [min]:     4.385                   Wall time [min]:     0.117
 
 Fitting and assembly step of exchange...
 CPU time [min]:     4.386                   Wall time [min]:     0.117
 
 Calculation of two-electron integrals (short range)...
   3% done.
  18% done.
  32% done.
  45% done.
  64% done.
  85% done.
 100% done.
 CPU time [min]:     4.405                   Wall time [min]:     0.118
 
 Fitting and assembly step of exchange...
 CPU time [min]:     4.407                   Wall time [min]:     0.118
 
 Calculating the exchange-correlation matrix...
      1.0000*HYB_GGA_XC_HSE06 [au]:     -6.480738200742
 Exchange-correlation energy  [au]:     -6.480738200742
 CPU time [min]:     4.642                   Wall time [min]:     0.124
 
 Coulomb energy + HF exchange [au]:     34.674471896744
 Gradient norm:      5.4490E-05
 DIIS is running in this iteration step.
 RMS of [F,P]:                                         0.00000058228958
 RMS of alpha difference density:                      0.00000028144276
 RMS of beta  difference density:                      0.00000027649179
 Gap [au]:  0.16232072
 ALPHA OCC:   5
 BETA  OCC:   3
 
 ***KOHN-SHAM ENERGY IN STEP  12 IS            -75.0303301265405196 [AU]
 ======================================================================
 
 SUCCESS...
 THE SCF ITERATION HAS CONVERGED!
 
                   A   
 FINAL ALPHA OCC:   5
 FINAL BETA  OCC:   3
 
 ***FINAL KOHN-SHAM ENERGY:           -75.0303301265405196 [AU]
 
 Expectation value of S^2:  2.0037
 Average multiplicity:      3.0025
 
 Orbital energies [au]:
      Irrep         Alpha          Beta
    1   A        -19.339604     -19.284275
    2   A         -1.035209      -0.857737
    3   A         -0.466007      -0.333674
 
    4   A         -0.466002      -0.171353
    5   A         -0.383922      -0.171207
 
    6   A          0.155814       0.191034
    7   A          0.205905       0.229584
    8   A          0.211192       0.249158
    9   A          0.219546       0.250299
   10   A          0.298017       0.317964
   11   A          0.308252       0.333710
   12   A          0.360038       0.397576
   13   A          0.591015       0.629024
   14   A          0.896420       0.940582
   15   A          0.913032       0.954647
   16   A          0.940458       0.982501
   17   A          0.941076       0.989254
   18   A          0.990417       1.018637
   19   A          1.121977       1.189535
   20   A          1.180392       1.241885
   21   A          1.206561       1.260501
   22   A          1.273802       1.359673
   23   A          1.339522       1.398743
   24   A          1.376414       1.429290
   25   A          1.418427       1.444940
   26   A          1.418641       1.448868
   27   A          1.781443       1.838156
   28   A          1.837047       1.873808
   29   A          1.852137       1.881461
   30   A          2.084249       2.128642
   31   A          2.852167       2.938089
   32   A          2.913234       2.970754
   33   A          2.927061       2.979605
   34   A          2.957571       3.025904
   35   A          2.984054       3.033459
   36   A          2.984157       3.036201
   37   A          3.030781       3.092189
   38   A          3.032262       3.098968
   39   A          3.445194       3.540525
   40   A          3.480444       3.560135
   41   A          3.631460       3.661244
   42   A          3.631476       3.662215
   43   A          3.659483       3.749236
   44   A          3.661942       3.763317
   45   A          3.875074       3.964282
   46   A          3.974602       4.079049
   47   A          4.016988       4.097232
   48   A          4.085575       4.169816
   49   A          4.249404       4.293753
   50   A          4.249452       4.297920
   51   A          4.359557       4.448191
   52   A          4.620173       4.702695
   53   A          4.671876       4.726660
   54   A          5.056118       5.108816
   55   A          5.075678       5.121999
   56   A          5.076582       5.127762
   57   A          5.093613       5.129327
   58   A          5.093728       5.172958
   59   A          5.263623       5.300867
   60   A          5.754838       5.838639
   61   A          5.784710       5.853727
   62   A          7.324949       7.426123
   63   A          8.597461       8.681242
   64   A          8.597783       8.689060
   65   A          8.652621       8.732824
   66   A          8.652657       8.736701
   67   A          8.774424       8.840614
   68   A          8.774455       8.843207
   69   A          9.125194       9.241219
   70   A          9.165411       9.253687
   71   A          9.246342       9.359959
   72   A          9.941324       9.972458
   73   A          9.941324       9.972552
   74   A         10.116923      10.170052
   75   A         10.116937      10.171063
   76   A         10.722871      10.818596
   77   A         10.834651      10.929804
   78   A         10.835253      10.936970
   79   A         10.894096      10.999000
   80   A         10.894427      11.013245
   81   A         10.915426      11.039614
   82   A         10.958629      11.061966
   83   A         11.245857      11.333353
   84   A         11.247219      11.343635
   85   A         11.285754      11.367005
   86   A         11.594802      11.714738
   87   A         11.633440      11.783831
   88   A         11.690374      11.819028
   89   A         11.912572      12.005064
   90   A         11.913081      12.025620
   91   A         12.422808      12.507844
   92   A         12.436299      12.524801
   93   A         12.447084      12.569467
   94   A         13.339040      13.374314
   95   A         13.339043      13.374507
   96   A         13.511088      13.569212
   97   A         13.519750      13.569949
   98   A         13.520114      13.612665
   99   A         13.789473      13.860371
  100   A         13.809384      13.874507
  101   A         14.009655      14.070326
  102   A         14.015952      14.075627
  103   A         14.569930      14.616030
  104   A         15.652908      15.739147
  105   A         16.688952      16.727683
  106   A         16.688980      16.728278
  107   A         17.479742      17.542163
  108   A         17.486770      17.546946
  109   A         19.722035      19.805336
  110   A         30.844144      30.889137
  111   A         47.456017      47.541894
  112   A         89.564414      89.606772
  113   A        252.619972     252.643183
  114   A        409.882813     409.921857
 
 RETURNING FROM SCF ALGORITHM
 ======================================================================
 
 ************************ 2021-11-29 13:56:27 *************************
                      Normal termination of mrcc.
 **********************************************************************
