 **********************************************************************
                          MRCC program system
 **********************************************************************
 
                              Written by
 Mihaly Kallay, Peter R. Nagy, David Mester, Zoltan Rolik, Gyula Samu,
   Jozsef Csontos, Jozsef Csoka, P. Bernat Szabo, Laszlo Gyevi-Nagy,
    Bence Hegely, Istvan Ladjanszki, Lorant Szegedy, Bence Ladoczki,
       Klara Petrov, Mate Farkas, Pal D. Mezei, and Adam Ganyecz
 
        Department of Physical Chemistry and Materials Science
            Budapest University of Technology and Economics
                  Budapest P.O.Box 91, H-1521 Hungary
 
                              www.mrcc.hu
 
                    Release date: February 22, 2020

 ************************ 2021-11-29 13:48:32 *************************
 Executing minp...

 Reading input from MINP...
 
 Input file:
 
calc=SCF
dft=HSE06
scftype=uks
verbosity=3
mem=170GB
symm=off
unit=angs
scfiguess=small
scfmaxit=1000
scfalg=locfit1


core=2
mult=3
basis=def2-QZVPP

basis_sm=def2-SVP

dfbasis_scf=def2-QZVPP-RI-JK

dfbasis_cor=def2-QZVPP-RI

unit=angs
geom=xyz
2

O     0.00000000000    0.00000000000    0.00000000000
O     0.00000000000    0.00000000000    1.20739000000 
 
 
 Checking keyword combinations...
 
 Keywords:
 
 active=none
 agrid=ld0006-ld0590
 basis=def2-qzvpp
 basis_sm=def2-svp
 basopt=off
 bfbasis=none
 bfgsmem=10
 bfgstol=1.0d-3
 bpcompo=0.985
 bpcompv=0.98
 bpdfo=0.985
 bpocc=0.985
 bppdo=0.985
 bppdv=0.98
 bpedo=0.985
 bpedv=0.98
 calc=scf
 ccmaxit=50
 ccprog=mrcc
 ccsdalg=disk
 ccsdmkl=seq
 ccsdrest=off
 ccsdthreads=2
 cctol=6
 charge=0
 cialg=disk
 ciguess=off
 cmpgrp=auto
 core=2
 corembed=off
 csapprox=off
 dboc=off
 dendec=cholesky
 dens=0
 dfalg=lineq
 dfbasis_cor=def2-qzvpp-ri
 dfbasis_scf=def2-qzvpp-ri-jk
 dfintran=drpa
 dft=hse06
 dhexc=adc(2)
 diag=david
 docc=
 domrad=10.d0
 drpaalg=fit
 dual=off
 ecp=auto
 edisp=off
 edisp_embed=off
 embed=off
 epert=none
 eps=0.975
 excrad=1.0
 excrad_fin=0.100000000D-02
 fmm=off
 fmmord=8
 freq=off
 gauss=spher
 geom=xyz
 gopt=off
 ghost=none
 gtol=7
 grdens=off
 grtol=10
 hamilton=dc
 iface=none
 intalg=auto
 itol=10
 laptol=1.d-2
 lccoporder=trffirst
 lcorthr=normal
 lccrest=off
 lmp2dens=on
 lnoepso=0.d0
 lnoepsv=1e-6
 localcc=off
 localcorrsymm=off
 locintrf=disk
 mact=
 maxact=off
 maxdim=100
 maxex=0
 maxmicroit=100
 mcscfiguess=hf
 mem=170gb
 molden=on
 mpitasks=1
 mulmet=0
 mult=3
 nacto=0
 nactv=0
 naf_cor=off
 naf_scf=off
 nafalg=albe
 naftyp=
 nchol=auto
 ndeps=1e-3
 nstate=1
 nsing=0
 ntrip=0
 occ=
 oniom=off
 oniom_eechg=off
 oniom_pcm=off
 optalg=
 optmaxit=50
 optetol=1e-6
 optex=   0
 optgtol=1e-4
 optstol=1e-3
 orblocc=off
 orbloce=off
 orbloco=off
 orblocv=off
 orblocguess=cholesky
 osveps=1e-3
 ovirt=off
 ovltol=1e-7
 ovosnorb=80.0
 pcm=off
 popul=off
 pressure=100000
 pssp=off
 ptfreq=0.0
 ptthreads=2
 qscf=off
 qmmm=off
 redcost_exc=off
 redcost_tddft=off
 refdet=none
 rest=0
 rgrid=log3
 rohfcore=semicanonical
 rohftype=standard
 scfalg=locfit1
 scfdamp=off
 scfdiis=on
 scfdiis_end=1000
 scfdiis_start=1
 scfdiis_step=1
 scfdtol=6
 scfext=10
 scfguessdens=
 scfiguess=small
 scflshift=off
 scfmaxit=1000
 scftype=uhf
 scftol=6
 scspe=1.d0
 scsph=1.d0
 scsps=1.2d0
 scspt=0.33333333333333
 scspv=1.d0
 spairtol=1e-4
 subminp=top
 symm=0
 talg=occ
 temp=298.15
 test=off
 theodore=off
 tlmo=0.999
 tpao=0.94
 tprint=off
 uncontract=off
 unit=angs
 usedisk=2
 verbosity=3
 wpairtol=0.100000000E-05
 
 Calculating integrals for small-basis SCF...

 ************************ 2021-11-29 13:48:33 *************************
 Executing integ...

 Allocation of 170.0 Gbytes of memory...
 
 
 Number of atoms:                  2
 Charge:                           0
 Number of electrons:             16
 Number of core electrons:         4
 Spin multiplicity:                3
 
                 Cartesian coordinates [bohr]      Atomic mass [AMU]  Z
   1  O     0.00000000    0.00000000    0.00000000    15.994915       8
   2  O     0.00000000    0.00000000    2.28163643    15.994915       8
 
 This molecule is linear.
 
 Rotational constants [cm-1]: 
      1.445937154869
 
 Point group: Dxh 
 Computational point group: C1  
 
 Cartesian coordinates in standard orientation [bohr]
   1  O     0.00000000    0.00000000   -1.14081821
   2  O     0.00000000    0.00000000    1.14081821
 
 Nuclear repulsion energy [au]:         28.050043053926
 
 
 Basis set information:
 
 Maximum angular momentum: g
 Maximum number of contracted Gaussians:   10
 Maximum number of primitive Gaussians:    14
 Spherical harmonic GTOs are used.
 
 
 Conventional basis set:
 
    1  O  def2-svp [ 7s 4p 1d | 3s 2p 1d ]
    2  O  def2-svp [ 7s 4p 1d | 3s 2p 1d ]
 
 Basis functions:
            1             2             3             4             5             6             7             8             9            10
    0    1O1s          1O2s          1O3s          1O1pz         1O1py         1O1px         1O2pz         1O2py         1O2px         1O1d-2    
    1    1O1d-1        1O1d0         1O1d+1        1O1d+2        2O1s          2O2s          2O3s          2O1pz         2O1py         2O1px     
    2    2O2pz         2O2py         2O2px         2O1d-2        2O1d-1        2O1d0         2O1d+1        2O1d+2    
 
 Maximum number of basis functions per shell:    6
 Total number of basis functions:     28
 
 
 Fitting basis set for the SCF calculation:
 
    1  O  def2-qzvpp-ri-jk [ 14s 10p 6d 2f 1g | 10s 8p 4d 2f 1g ]
    2  O  def2-qzvpp-ri-jk [ 14s 10p 6d 2f 1g | 10s 8p 4d 2f 1g ]
 
 Basis functions:
            1             2             3             4             5             6             7             8             9            10
    0    1O1s          1O2s          1O3s          1O4s          1O5s          1O6s          1O7s          1O8s          1O9s          1O10s     
    1    1O1pz         1O1py         1O1px         1O2pz         1O2py         1O2px         1O3pz         1O3py         1O3px         1O4pz     
    2    1O4py         1O4px         1O5pz         1O5py         1O5px         1O6pz         1O6py         1O6px         1O7pz         1O7py     
    3    1O7px         1O8pz         1O8py         1O8px         1O1d-2        1O1d-1        1O1d0         1O1d+1        1O1d+2        1O2d-2    
    4    1O2d-1        1O2d0         1O2d+1        1O2d+2        1O3d-2        1O3d-1        1O3d0         1O3d+1        1O3d+2        1O4d-2    
    5    1O4d-1        1O4d0         1O4d+1        1O4d+2        1O1f-3        1O1f-2        1O1f-1        1O1f0         1O1f+1        1O1f+2    
    6    1O1f+3        1O2f-3        1O2f-2        1O2f-1        1O2f0         1O2f+1        1O2f+2        1O2f+3        1O1g-4        1O1g-3    
    7    1O1g-2        1O1g-1        1O1g0         1O1g+1        1O1g+2        1O1g+3        1O1g+4        2O1s          2O2s          2O3s      
    8    2O4s          2O5s          2O6s          2O7s          2O8s          2O9s          2O10s         2O1pz         2O1py         2O1px     
    9    2O2pz         2O2py         2O2px         2O3pz         2O3py         2O3px         2O4pz         2O4py         2O4px         2O5pz     
   10    2O5py         2O5px         2O6pz         2O6py         2O6px         2O7pz         2O7py         2O7px         2O8pz         2O8py     
   11    2O8px         2O1d-2        2O1d-1        2O1d0         2O1d+1        2O1d+2        2O2d-2        2O2d-1        2O2d0         2O2d+1    
   12    2O2d+2        2O3d-2        2O3d-1        2O3d0         2O3d+1        2O3d+2        2O4d-2        2O4d-1        2O4d0         2O4d+1    
   13    2O4d+2        2O1f-3        2O1f-2        2O1f-1        2O1f0         2O1f+1        2O1f+2        2O1f+3        2O2f-3        2O2f-2    
   14    2O2f-1        2O2f0         2O2f+1        2O2f+2        2O2f+3        2O1g-4        2O1g-3        2O1g-2        2O1g-1        2O1g0     
   15    2O1g+1        2O1g+2        2O1g+3        2O1g+4    
 
 Maximum number of basis functions per shell:   24
 Total number of basis functions:    154
 
 
 Generating atomic densities for the SCF calculation...
 CPU time [min]:     0.126                   Wall time [min]:     0.019
 
 Character table for point group C1:
 
          E  
    A     1
 
 Number of basis functions per irrep:
    A      28
 
 
 Density functional: HSE06 functional of Heyd, Scuseria, and Ernzerhof
 Constructing integration grid for DFT...
 Angular integration grid: adaptive 590-point Lebedev quadrature
 Radial integration grid: Log3 quadrature
 Total number of grid points: 21132       
 Range-separation parameter: 0.1100
 CPU time [min]:     0.525                   Wall time [min]:     0.031
 
 Calculation of overlap integrals...
 CPU time [min]:     0.542                   Wall time [min]:     0.031
 
 Calculation of the square root of the overlap matrix...
 Minimum eigenvalue of the overlap matrix: 0.150377E-01
 CPU time [min]:     0.550                   Wall time [min]:     0.031
 
 Calculation of kinetic energy integrals...
 CPU time [min]:     0.550                   Wall time [min]:     0.031
 Calculation of nuclear attraction integrals...
 CPU time [min]:     0.550                   Wall time [min]:     0.031
 
 Calculation of prescreening integrals...
 CPU time [min]:     0.557                   Wall time [min]:     0.032
 
 Calculation of two-center Coulomb integrals...
   5% done.
  20% done.
  32% done.
  52% done.
  72% done.
  89% done.
 100% done.
 CPU time [min]:     0.565                   Wall time [min]:     0.032
 
 Cholesky decomposition of the two-center matrix...
 Reciprocal of the condition number:  0.675876E-04
 CPU time [min]:     0.593                   Wall time [min]:     0.033
 
 
 Running small-basis SCF...

 ************************ 2021-11-29 13:48:35 *************************
 Executing scf...

 @scfsetup: integrals calculated directly
            mrcc/integ direct run
 @scfsetup: calculating on full matrices
            not using symmetry adapted basis
 @scfsetup: diis switched on
 @scfsetup: number of steps to extrapolate from  10
 @scfsetup: tolerance in energy deviation    0.100000E-05
            tolerance in density deviation    0.100000E-05
 @scfsetup: maximum number of iterations:1000
 @scfsetup: unrestricted hf calc
 @scfsetup: starting scf from superposition of atomic densities
 @scfsetup: occupation set:
            from initial orbitals
 @scfsetup: diis runs from iteration:   1
 @scfsetup: diis runs to iteration:1000
 @scfsetup: diis runs in every iteration
 Allocation of 170.0 Gbytes of memory...
 ======================================================================
 ITERATION STEP   1
 CPU time [min]:     0.009                   Wall time [min]:     0.002
 
 Constructing alpha Fock-matrix...
 
 First step of Coulomb + first step of exchange...
 Exchange contribution is evaluated for MOs 1 to 9.
   1% done.
  26% done.
  38% done.
  68% done.
 100% done.
 CPU time [min]:     0.045                   Wall time [min]:     0.003
 
 Fitting and assembly step of exchange...
 CPU time [min]:     0.047                   Wall time [min]:     0.004
 
 Calculation of two-electron integrals (short range)...
   1% done.
  26% done.
  38% done.
  68% done.
 100% done.
 CPU time [min]:     0.065                   Wall time [min]:     0.004
 
 Fitting and assembly step of exchange...
 CPU time [min]:     0.069                   Wall time [min]:     0.004
 
 Constructing beta Fock-matrix...
 
 Second step of Coulomb + first step of exchange...
 Exchange contribution is evaluated for MOs 1 to 7.
   1% done.
  26% done.
  38% done.
  68% done.
 100% done.
 CPU time [min]:     0.090                   Wall time [min]:     0.005
 
 Fitting and assembly step of exchange...
 CPU time [min]:     0.090                   Wall time [min]:     0.005
 
 Calculation of two-electron integrals (short range)...
   1% done.
  26% done.
  38% done.
  68% done.
 100% done.
 CPU time [min]:     0.099                   Wall time [min]:     0.005
 
 Fitting and assembly step of exchange...
 CPU time [min]:     0.102                   Wall time [min]:     0.005
 
 Calculating the exchange-correlation matrix...
      1.0000*HYB_GGA_XC_HSE06 [au]:    -12.755058684488
 Exchange-correlation energy  [au]:    -12.755058684488
 CPU time [min]:     0.269                   Wall time [min]:     0.010
 
 Coulomb energy + HF exchange [au]:     92.439533611121
 Gradient norm:      3.6471E+00
 RMS of alpha difference density:                      0.00846400512730
 RMS of beta  difference density:                      0.00691281596602
 Gap [au]:  0.35173547
 ALPHA OCC:   9
 BETA  OCC:   7
 
 ***KOHN-SHAM ENERGY IN STEP   1 IS           -149.6147224129557571 [AU]
 ======================================================================
 ITERATION STEP   2
 CPU time [min]:     0.273                   Wall time [min]:     0.010
 
 Constructing alpha Fock-matrix...
 
 First step of Coulomb + first step of exchange...
 Exchange contribution is evaluated for MOs 1 to 9.
   1% done.
  26% done.
  38% done.
  68% done.
 100% done.
 CPU time [min]:     0.304                   Wall time [min]:     0.010
 
 Fitting and assembly step of exchange...
 CPU time [min]:     0.304                   Wall time [min]:     0.010
 
 Calculation of two-electron integrals (short range)...
   1% done.
  26% done.
  38% done.
  68% done.
 100% done.
 CPU time [min]:     0.314                   Wall time [min]:     0.011
 
 Fitting and assembly step of exchange...
 CPU time [min]:     0.317                   Wall time [min]:     0.011
 
 Constructing beta Fock-matrix...
 
 Second step of Coulomb + first step of exchange...
 Exchange contribution is evaluated for MOs 1 to 7.
   1% done.
  26% done.
  38% done.
  68% done.
 100% done.
 CPU time [min]:     0.337                   Wall time [min]:     0.011
 
 Fitting and assembly step of exchange...
 CPU time [min]:     0.337                   Wall time [min]:     0.011
 
 Calculation of two-electron integrals (short range)...
   1% done.
  26% done.
  38% done.
  68% done.
 100% done.
 CPU time [min]:     0.346                   Wall time [min]:     0.012
 
 Fitting and assembly step of exchange...
 CPU time [min]:     0.348                   Wall time [min]:     0.012
 
 Calculating the exchange-correlation matrix...
      1.0000*HYB_GGA_XC_HSE06 [au]:    -13.348326355344
 Exchange-correlation energy  [au]:    -13.348326355344
 CPU time [min]:     0.489                   Wall time [min]:     0.015
 
 Coulomb energy + HF exchange [au]:     94.573193213453
 Gradient norm:      7.0808E-02
 DIIS is running in this iteration step.
 RMS of [F,P]:                                         0.05706255387745
 RMS of alpha difference density:                      0.02210829067650
 RMS of beta  difference density:                      0.01821598672517
 Gap [au]:  0.34959800
 ALPHA OCC:   9
 BETA  OCC:   7
 
 ***KOHN-SHAM ENERGY IN STEP   2 IS           -150.3762085151040253 [AU]
 ======================================================================
 ITERATION STEP   3
 CPU time [min]:     0.494                   Wall time [min]:     0.015
 
 Constructing alpha Fock-matrix...
 
 First step of Coulomb + first step of exchange...
 Exchange contribution is evaluated for MOs 1 to 9.
   1% done.
  26% done.
  38% done.
  68% done.
 100% done.
 CPU time [min]:     0.525                   Wall time [min]:     0.016
 
 Fitting and assembly step of exchange...
 CPU time [min]:     0.525                   Wall time [min]:     0.016
 
 Calculation of two-electron integrals (short range)...
   1% done.
  26% done.
  38% done.
  68% done.
 100% done.
 CPU time [min]:     0.534                   Wall time [min]:     0.016
 
 Fitting and assembly step of exchange...
 CPU time [min]:     0.536                   Wall time [min]:     0.016
 
 Constructing beta Fock-matrix...
 
 Second step of Coulomb + first step of exchange...
 Exchange contribution is evaluated for MOs 1 to 7.
   1% done.
  26% done.
  38% done.
  68% done.
 100% done.
 CPU time [min]:     0.557                   Wall time [min]:     0.017
 
 Fitting and assembly step of exchange...
 CPU time [min]:     0.558                   Wall time [min]:     0.017
 
 Calculation of two-electron integrals (short range)...
   1% done.
  26% done.
  38% done.
  68% done.
 100% done.
 CPU time [min]:     0.567                   Wall time [min]:     0.017
 
 Fitting and assembly step of exchange...
 CPU time [min]:     0.569                   Wall time [min]:     0.017
 
 Calculating the exchange-correlation matrix...
      1.0000*HYB_GGA_XC_HSE06 [au]:    -13.330438967862
 Exchange-correlation energy  [au]:    -13.330438967862
 CPU time [min]:     0.710                   Wall time [min]:     0.021
 
 Coulomb energy + HF exchange [au]:     99.660989658458
 Gradient norm:      5.7146E-01
 DIIS is running in this iteration step.
 RMS of [F,P]:                                         0.02718881383260
 RMS of alpha difference density:                      0.01401950130249
 RMS of beta  difference density:                      0.01065221897872
 Gap [au]:  0.33982171
 ALPHA OCC:   9
 BETA  OCC:   7
 
 ***KOHN-SHAM ENERGY IN STEP   3 IS           -149.9498685482341216 [AU]
 ======================================================================
 ITERATION STEP   4
 CPU time [min]:     0.714                   Wall time [min]:     0.021
 
 Constructing alpha Fock-matrix...
 
 First step of Coulomb + first step of exchange...
 Exchange contribution is evaluated for MOs 1 to 9.
   1% done.
  26% done.
  38% done.
  68% done.
 100% done.
 CPU time [min]:     0.746                   Wall time [min]:     0.022
 
 Fitting and assembly step of exchange...
 CPU time [min]:     0.747                   Wall time [min]:     0.022
 
 Calculation of two-electron integrals (short range)...
   1% done.
  26% done.
  38% done.
  68% done.
 100% done.
 CPU time [min]:     0.756                   Wall time [min]:     0.022
 
 Fitting and assembly step of exchange...
 CPU time [min]:     0.759                   Wall time [min]:     0.022
 
 Constructing beta Fock-matrix...
 
 Second step of Coulomb + first step of exchange...
 Exchange contribution is evaluated for MOs 1 to 7.
   1% done.
  26% done.
  38% done.
  68% done.
 100% done.
 CPU time [min]:     0.779                   Wall time [min]:     0.022
 
 Fitting and assembly step of exchange...
 CPU time [min]:     0.780                   Wall time [min]:     0.022
 
 Calculation of two-electron integrals (short range)...
   1% done.
  26% done.
  38% done.
  68% done.
 100% done.
 CPU time [min]:     0.789                   Wall time [min]:     0.023
 
 Fitting and assembly step of exchange...
 CPU time [min]:     0.791                   Wall time [min]:     0.023
 
 Calculating the exchange-correlation matrix...
      1.0000*HYB_GGA_XC_HSE06 [au]:    -12.986955876363
 Exchange-correlation energy  [au]:    -12.986955876363
 CPU time [min]:     0.931                   Wall time [min]:     0.026
 
 Coulomb energy + HF exchange [au]:     95.806129245124
 Gradient norm:      1.5135E-01
 DIIS is running in this iteration step.
 RMS of [F,P]:                                         0.00625025710281
 RMS of alpha difference density:                      0.00298944800764
 RMS of beta  difference density:                      0.00245299326596
 Gap [au]:  0.34156464
 ALPHA OCC:   9
 BETA  OCC:   7
 
 ***KOHN-SHAM ENERGY IN STEP   4 IS           -150.0590075392653944 [AU]
 ======================================================================
 ITERATION STEP   5
 CPU time [min]:     0.936                   Wall time [min]:     0.026
 
 Constructing alpha Fock-matrix...
 
 First step of Coulomb + first step of exchange...
 Exchange contribution is evaluated for MOs 1 to 9.
   1% done.
  26% done.
  38% done.
  68% done.
 100% done.
 CPU time [min]:     0.967                   Wall time [min]:     0.027
 
 Fitting and assembly step of exchange...
 CPU time [min]:     0.968                   Wall time [min]:     0.027
 
 Calculation of two-electron integrals (short range)...
   1% done.
  26% done.
  38% done.
  68% done.
 100% done.
 CPU time [min]:     0.978                   Wall time [min]:     0.027
 
 Fitting and assembly step of exchange...
 CPU time [min]:     0.980                   Wall time [min]:     0.027
 
 Constructing beta Fock-matrix...
 
 Second step of Coulomb + first step of exchange...
 Exchange contribution is evaluated for MOs 1 to 7.
   1% done.
  26% done.
  38% done.
  68% done.
 100% done.
 CPU time [min]:     1.001                   Wall time [min]:     0.028
 
 Fitting and assembly step of exchange...
 CPU time [min]:     1.002                   Wall time [min]:     0.028
 
 Calculation of two-electron integrals (short range)...
   1% done.
  26% done.
  38% done.
  68% done.
 100% done.
 CPU time [min]:     1.010                   Wall time [min]:     0.028
 
 Fitting and assembly step of exchange...
 CPU time [min]:     1.013                   Wall time [min]:     0.028
 
 Calculating the exchange-correlation matrix...
      1.0000*HYB_GGA_XC_HSE06 [au]:    -13.066331320627
 Exchange-correlation energy  [au]:    -13.066331320627
 CPU time [min]:     1.155                   Wall time [min]:     0.032
 
 Coulomb energy + HF exchange [au]:     96.657012228061
 Gradient norm:      1.6653E-02
 DIIS is running in this iteration step.
 RMS of [F,P]:                                         0.00077687477123
 RMS of alpha difference density:                      0.00042156958656
 RMS of beta  difference density:                      0.00031970722720
 Gap [au]:  0.34313978
 ALPHA OCC:   9
 BETA  OCC:   7
 
 ***KOHN-SHAM ENERGY IN STEP   5 IS           -150.0649153436447705 [AU]
 ======================================================================
 ITERATION STEP   6
 CPU time [min]:     1.160                   Wall time [min]:     0.032
 
 Constructing alpha Fock-matrix...
 
 First step of Coulomb + first step of exchange...
 Exchange contribution is evaluated for MOs 1 to 9.
   1% done.
  26% done.
  38% done.
  68% done.
 100% done.
 CPU time [min]:     1.191                   Wall time [min]:     0.033
 
 Fitting and assembly step of exchange...
 CPU time [min]:     1.191                   Wall time [min]:     0.033
 
 Calculation of two-electron integrals (short range)...
   1% done.
  26% done.
  38% done.
  68% done.
 100% done.
 CPU time [min]:     1.200                   Wall time [min]:     0.033
 
 Fitting and assembly step of exchange...
 CPU time [min]:     1.202                   Wall time [min]:     0.033
 
 Constructing beta Fock-matrix...
 
 Second step of Coulomb + first step of exchange...
 Exchange contribution is evaluated for MOs 1 to 7.
   1% done.
  26% done.
  38% done.
  68% done.
 100% done.
 CPU time [min]:     1.223                   Wall time [min]:     0.033
 
 Fitting and assembly step of exchange...
 CPU time [min]:     1.223                   Wall time [min]:     0.034
 
 Calculation of two-electron integrals (short range)...
   1% done.
  26% done.
  38% done.
  68% done.
 100% done.
 CPU time [min]:     1.232                   Wall time [min]:     0.034
 
 Fitting and assembly step of exchange...
 CPU time [min]:     1.235                   Wall time [min]:     0.034
 
 Calculating the exchange-correlation matrix...
      1.0000*HYB_GGA_XC_HSE06 [au]:    -13.057645845417
 Exchange-correlation energy  [au]:    -13.057645845417
 CPU time [min]:     1.376                   Wall time [min]:     0.037
 
 Coulomb energy + HF exchange [au]:     96.575420270911
 Gradient norm:      1.7471E-03
 DIIS is running in this iteration step.
 RMS of [F,P]:                                         0.00005845005573
 RMS of alpha difference density:                      0.00002201569597
 RMS of beta  difference density:                      0.00003680074521
 Gap [au]:  0.34315352
 ALPHA OCC:   9
 BETA  OCC:   7
 
 ***KOHN-SHAM ENERGY IN STEP   6 IS           -150.0650034112374556 [AU]
 ======================================================================
 ITERATION STEP   7
 CPU time [min]:     1.380                   Wall time [min]:     0.037
 
 Constructing alpha Fock-matrix...
 
 First step of Coulomb + first step of exchange...
 Exchange contribution is evaluated for MOs 1 to 9.
   1% done.
  26% done.
  38% done.
  68% done.
 100% done.
 CPU time [min]:     1.412                   Wall time [min]:     0.038
 
 Fitting and assembly step of exchange...
 CPU time [min]:     1.412                   Wall time [min]:     0.038
 
 Calculation of two-electron integrals (short range)...
   1% done.
  26% done.
  38% done.
  68% done.
 100% done.
 CPU time [min]:     1.421                   Wall time [min]:     0.038
 
 Fitting and assembly step of exchange...
 CPU time [min]:     1.424                   Wall time [min]:     0.039
 
 Constructing beta Fock-matrix...
 
 Second step of Coulomb + first step of exchange...
 Exchange contribution is evaluated for MOs 1 to 7.
   1% done.
  26% done.
  38% done.
  68% done.
 100% done.
 CPU time [min]:     1.445                   Wall time [min]:     0.039
 
 Fitting and assembly step of exchange...
 CPU time [min]:     1.445                   Wall time [min]:     0.039
 
 Calculation of two-electron integrals (short range)...
   1% done.
  26% done.
  38% done.
  68% done.
 100% done.
 CPU time [min]:     1.454                   Wall time [min]:     0.039
 
 Fitting and assembly step of exchange...
 CPU time [min]:     1.456                   Wall time [min]:     0.039
 
 Calculating the exchange-correlation matrix...
      1.0000*HYB_GGA_XC_HSE06 [au]:    -13.058234665133
 Exchange-correlation energy  [au]:    -13.058234665133
 CPU time [min]:     1.596                   Wall time [min]:     0.043
 
 Coulomb energy + HF exchange [au]:     96.581609425972
 Gradient norm:      1.0615E-04
 DIIS is running in this iteration step.
 RMS of [F,P]:                                         0.00000389625312
 RMS of alpha difference density:                      0.00000319197422
 RMS of beta  difference density:                      0.00000280915511
 Gap [au]:  0.34315477
 ALPHA OCC:   9
 BETA  OCC:   7
 
 ***KOHN-SHAM ENERGY IN STEP   7 IS           -150.0650040769788802 [AU]
 ======================================================================
 ITERATION STEP   8
 CPU time [min]:     1.600                   Wall time [min]:     0.043
 
 Constructing alpha Fock-matrix...
 
 First step of Coulomb + first step of exchange...
 Exchange contribution is evaluated for MOs 1 to 9.
   1% done.
  26% done.
  38% done.
  68% done.
 100% done.
 CPU time [min]:     1.631                   Wall time [min]:     0.044
 
 Fitting and assembly step of exchange...
 CPU time [min]:     1.631                   Wall time [min]:     0.044
 
 Calculation of two-electron integrals (short range)...
   1% done.
  26% done.
  38% done.
  68% done.
 100% done.
 CPU time [min]:     1.641                   Wall time [min]:     0.044
 
 Fitting and assembly step of exchange...
 CPU time [min]:     1.643                   Wall time [min]:     0.044
 
 Constructing beta Fock-matrix...
 
 Second step of Coulomb + first step of exchange...
 Exchange contribution is evaluated for MOs 1 to 7.
   1% done.
  26% done.
  38% done.
  68% done.
 100% done.
 CPU time [min]:     1.664                   Wall time [min]:     0.045
 
 Fitting and assembly step of exchange...
 CPU time [min]:     1.664                   Wall time [min]:     0.045
 
 Calculation of two-electron integrals (short range)...
   1% done.
  26% done.
  38% done.
  68% done.
 100% done.
 CPU time [min]:     1.673                   Wall time [min]:     0.045
 
 Fitting and assembly step of exchange...
 CPU time [min]:     1.675                   Wall time [min]:     0.045
 
 Calculating the exchange-correlation matrix...
      1.0000*HYB_GGA_XC_HSE06 [au]:    -13.058227222681
 Exchange-correlation energy  [au]:    -13.058227222681
 CPU time [min]:     1.815                   Wall time [min]:     0.048
 
 Coulomb energy + HF exchange [au]:     96.581609179393
 Gradient norm:      1.2295E-05
 DIIS is running in this iteration step.
 RMS of [F,P]:                                         0.00000048958058
 RMS of alpha difference density:                      0.00000033887220
 RMS of beta  difference density:                      0.00000042017127
 Gap [au]:  0.34315384
 ALPHA OCC:   9
 BETA  OCC:   7
 
 ***KOHN-SHAM ENERGY IN STEP   8 IS           -150.0650040816237265 [AU]
 ======================================================================
 
 SUCCESS...
 THE SCF ITERATION HAS CONVERGED!
 
                   A   
 FINAL ALPHA OCC:   9
 FINAL BETA  OCC:   7
 
 ***FINAL KOHN-SHAM ENERGY:          -150.0650040816237265 [AU]
 
 Expectation value of S^2:  2.0071
 Average multiplicity:      3.0047
 
 Orbital energies [au]:
      Irrep         Alpha          Beta
    1   A        -19.350035     -19.317606
    2   A        -19.349777     -19.317540
    3   A         -1.312917      -1.253652
    4   A         -0.828184      -0.734106
    5   A         -0.570341      -0.508454
    6   A         -0.570341      -0.457365
    7   A         -0.549218      -0.457365
 
    8   A         -0.309573      -0.114212
    9   A         -0.309573      -0.114212
 
   10   A          0.214484       0.262117
   11   A          0.721827       0.752147
   12   A          0.813765       0.849566
   13   A          0.813765       0.876559
   14   A          0.825521       0.876559
   15   A          0.905845       0.918065
   16   A          0.929877       0.994530
   17   A          0.929877       0.994530
   18   A          1.165552       1.199540
   19   A          2.072579       2.116722
   20   A          2.072579       2.116722
   21   A          2.332768       2.418470
   22   A          2.332768       2.418470
   23   A          2.625928       2.723568
   24   A          2.625928       2.723568
   25   A          2.758976       2.804397
   26   A          3.279335       3.334014
   27   A          3.279335       3.334014
   28   A          3.807015       3.842860
 
 RETURNING FROM SCF ALGORITHM
 ======================================================================

 ************************ 2021-11-29 13:48:38 *************************
 Executing integ...

 Allocation of 170.0 Gbytes of memory...
 
 
 Number of atoms:                  2
 Charge:                           0
 Number of electrons:             16
 Number of core electrons:         4
 Spin multiplicity:                3
 
                 Cartesian coordinates [bohr]      Atomic mass [AMU]  Z
   1  O     0.00000000    0.00000000    0.00000000    15.994915       8
   2  O     0.00000000    0.00000000    2.28163643    15.994915       8
 
 This molecule is linear.
 
 Rotational constants [cm-1]: 
      1.445937154869
 
 Point group: Dxh 
 Computational point group: C1  
 
 Cartesian coordinates in standard orientation [bohr]
   1  O     0.00000000    0.00000000   -1.14081821
   2  O     0.00000000    0.00000000    1.14081821
 
 Nuclear repulsion energy [au]:         28.050043053926
 
 
 Basis set information:
 
 Maximum angular momentum: h
 Maximum number of contracted Gaussians:   10
 Maximum number of primitive Gaussians:    15
 Spherical harmonic GTOs are used.
 
 
 Conventional basis set:
 
    1  O  def2-qzvpp [ 15s 8p 3d 2f 1g | 7s 4p 3d 2f 1g ]
    2  O  def2-qzvpp [ 15s 8p 3d 2f 1g | 7s 4p 3d 2f 1g ]
 
 Basis functions:
            1             2             3             4             5             6             7             8             9            10
    0    1O1s          1O2s          1O3s          1O4s          1O5s          1O6s          1O7s          1O1pz         1O1py         1O1px     
    1    1O2pz         1O2py         1O2px         1O3pz         1O3py         1O3px         1O4pz         1O4py         1O4px         1O1d-2    
    2    1O1d-1        1O1d0         1O1d+1        1O1d+2        1O2d-2        1O2d-1        1O2d0         1O2d+1        1O2d+2        1O3d-2    
    3    1O3d-1        1O3d0         1O3d+1        1O3d+2        1O1f-3        1O1f-2        1O1f-1        1O1f0         1O1f+1        1O1f+2    
    4    1O1f+3        1O2f-3        1O2f-2        1O2f-1        1O2f0         1O2f+1        1O2f+2        1O2f+3        1O1g-4        1O1g-3    
    5    1O1g-2        1O1g-1        1O1g0         1O1g+1        1O1g+2        1O1g+3        1O1g+4        2O1s          2O2s          2O3s      
    6    2O4s          2O5s          2O6s          2O7s          2O1pz         2O1py         2O1px         2O2pz         2O2py         2O2px     
    7    2O3pz         2O3py         2O3px         2O4pz         2O4py         2O4px         2O1d-2        2O1d-1        2O1d0         2O1d+1    
    8    2O1d+2        2O2d-2        2O2d-1        2O2d0         2O2d+1        2O2d+2        2O3d-2        2O3d-1        2O3d0         2O3d+1    
    9    2O3d+2        2O1f-3        2O1f-2        2O1f-1        2O1f0         2O1f+1        2O1f+2        2O1f+3        2O2f-3        2O2f-2    
   10    2O2f-1        2O2f0         2O2f+1        2O2f+2        2O2f+3        2O1g-4        2O1g-3        2O1g-2        2O1g-1        2O1g0     
   11    2O1g+1        2O1g+2        2O1g+3        2O1g+4    
 
 Maximum number of basis functions per shell:   15
 Total number of basis functions:    114
 
 
 Fitting basis set for the SCF calculation:
 
    1  O  def2-qzvpp-ri-jk [ 14s 10p 6d 2f 1g | 10s 8p 4d 2f 1g ]
    2  O  def2-qzvpp-ri-jk [ 14s 10p 6d 2f 1g | 10s 8p 4d 2f 1g ]
 
 Basis functions:
            1             2             3             4             5             6             7             8             9            10
    0    1O1s          1O2s          1O3s          1O4s          1O5s          1O6s          1O7s          1O8s          1O9s          1O10s     
    1    1O1pz         1O1py         1O1px         1O2pz         1O2py         1O2px         1O3pz         1O3py         1O3px         1O4pz     
    2    1O4py         1O4px         1O5pz         1O5py         1O5px         1O6pz         1O6py         1O6px         1O7pz         1O7py     
    3    1O7px         1O8pz         1O8py         1O8px         1O1d-2        1O1d-1        1O1d0         1O1d+1        1O1d+2        1O2d-2    
    4    1O2d-1        1O2d0         1O2d+1        1O2d+2        1O3d-2        1O3d-1        1O3d0         1O3d+1        1O3d+2        1O4d-2    
    5    1O4d-1        1O4d0         1O4d+1        1O4d+2        1O1f-3        1O1f-2        1O1f-1        1O1f0         1O1f+1        1O1f+2    
    6    1O1f+3        1O2f-3        1O2f-2        1O2f-1        1O2f0         1O2f+1        1O2f+2        1O2f+3        1O1g-4        1O1g-3    
    7    1O1g-2        1O1g-1        1O1g0         1O1g+1        1O1g+2        1O1g+3        1O1g+4        2O1s          2O2s          2O3s      
    8    2O4s          2O5s          2O6s          2O7s          2O8s          2O9s          2O10s         2O1pz         2O1py         2O1px     
    9    2O2pz         2O2py         2O2px         2O3pz         2O3py         2O3px         2O4pz         2O4py         2O4px         2O5pz     
   10    2O5py         2O5px         2O6pz         2O6py         2O6px         2O7pz         2O7py         2O7px         2O8pz         2O8py     
   11    2O8px         2O1d-2        2O1d-1        2O1d0         2O1d+1        2O1d+2        2O2d-2        2O2d-1        2O2d0         2O2d+1    
   12    2O2d+2        2O3d-2        2O3d-1        2O3d0         2O3d+1        2O3d+2        2O4d-2        2O4d-1        2O4d0         2O4d+1    
   13    2O4d+2        2O1f-3        2O1f-2        2O1f-1        2O1f0         2O1f+1        2O1f+2        2O1f+3        2O2f-3        2O2f-2    
   14    2O2f-1        2O2f0         2O2f+1        2O2f+2        2O2f+3        2O1g-4        2O1g-3        2O1g-2        2O1g-1        2O1g0     
   15    2O1g+1        2O1g+2        2O1g+3        2O1g+4    
 
 Maximum number of basis functions per shell:   24
 Total number of basis functions:    154
 
 
 Fitting basis set for the correlation calculation:
 
    1  O  def2-qzvpp-ri [ 9s 8p 7d 5f 3g 1h | 9s 8p 7d 5f 3g 1h ]
    2  O  def2-qzvpp-ri [ 9s 8p 7d 5f 3g 1h | 9s 8p 7d 5f 3g 1h ]
 
 Basis functions:
            1             2             3             4             5             6             7             8             9            10
    0    1O1s          1O2s          1O3s          1O4s          1O5s          1O6s          1O7s          1O8s          1O9s          1O1pz     
    1    1O1py         1O1px         1O2pz         1O2py         1O2px         1O3pz         1O3py         1O3px         1O4pz         1O4py     
    2    1O4px         1O5pz         1O5py         1O5px         1O6pz         1O6py         1O6px         1O7pz         1O7py         1O7px     
    3    1O8pz         1O8py         1O8px         1O1d-2        1O1d-1        1O1d0         1O1d+1        1O1d+2        1O2d-2        1O2d-1    
    4    1O2d0         1O2d+1        1O2d+2        1O3d-2        1O3d-1        1O3d0         1O3d+1        1O3d+2        1O4d-2        1O4d-1    
    5    1O4d0         1O4d+1        1O4d+2        1O5d-2        1O5d-1        1O5d0         1O5d+1        1O5d+2        1O6d-2        1O6d-1    
    6    1O6d0         1O6d+1        1O6d+2        1O7d-2        1O7d-1        1O7d0         1O7d+1        1O7d+2        1O1f-3        1O1f-2    
    7    1O1f-1        1O1f0         1O1f+1        1O1f+2        1O1f+3        1O2f-3        1O2f-2        1O2f-1        1O2f0         1O2f+1    
    8    1O2f+2        1O2f+3        1O3f-3        1O3f-2        1O3f-1        1O3f0         1O3f+1        1O3f+2        1O3f+3        1O4f-3    
    9    1O4f-2        1O4f-1        1O4f0         1O4f+1        1O4f+2        1O4f+3        1O5f-3        1O5f-2        1O5f-1        1O5f0     
   10    1O5f+1        1O5f+2        1O5f+3        1O1g-4        1O1g-3        1O1g-2        1O1g-1        1O1g0         1O1g+1        1O1g+2    
   11    1O1g+3        1O1g+4        1O2g-4        1O2g-3        1O2g-2        1O2g-1        1O2g0         1O2g+1        1O2g+2        1O2g+3    
   12    1O2g+4        1O3g-4        1O3g-3        1O3g-2        1O3g-1        1O3g0         1O3g+1        1O3g+2        1O3g+3        1O3g+4    
   13    1O1h-5        1O1h-4        1O1h-3        1O1h-2        1O1h-1        1O1h0         1O1h+1        1O1h+2        1O1h+3        1O1h+4    
   14    1O1h+5        2O1s          2O2s          2O3s          2O4s          2O5s          2O6s          2O7s          2O8s          2O9s      
   15    2O1pz         2O1py         2O1px         2O2pz         2O2py         2O2px         2O3pz         2O3py         2O3px         2O4pz     
   16    2O4py         2O4px         2O5pz         2O5py         2O5px         2O6pz         2O6py         2O6px         2O7pz         2O7py     
   17    2O7px         2O8pz         2O8py         2O8px         2O1d-2        2O1d-1        2O1d0         2O1d+1        2O1d+2        2O2d-2    
   18    2O2d-1        2O2d0         2O2d+1        2O2d+2        2O3d-2        2O3d-1        2O3d0         2O3d+1        2O3d+2        2O4d-2    
   19    2O4d-1        2O4d0         2O4d+1        2O4d+2        2O5d-2        2O5d-1        2O5d0         2O5d+1        2O5d+2        2O6d-2    
   20    2O6d-1        2O6d0         2O6d+1        2O6d+2        2O7d-2        2O7d-1        2O7d0         2O7d+1        2O7d+2        2O1f-3    
   21    2O1f-2        2O1f-1        2O1f0         2O1f+1        2O1f+2        2O1f+3        2O2f-3        2O2f-2        2O2f-1        2O2f0     
   22    2O2f+1        2O2f+2        2O2f+3        2O3f-3        2O3f-2        2O3f-1        2O3f0         2O3f+1        2O3f+2        2O3f+3    
   23    2O4f-3        2O4f-2        2O4f-1        2O4f0         2O4f+1        2O4f+2        2O4f+3        2O5f-3        2O5f-2        2O5f-1    
   24    2O5f0         2O5f+1        2O5f+2        2O5f+3        2O1g-4        2O1g-3        2O1g-2        2O1g-1        2O1g0         2O1g+1    
   25    2O1g+2        2O1g+3        2O1g+4        2O2g-4        2O2g-3        2O2g-2        2O2g-1        2O2g0         2O2g+1        2O2g+2    
   26    2O2g+3        2O2g+4        2O3g-4        2O3g-3        2O3g-2        2O3g-1        2O3g0         2O3g+1        2O3g+2        2O3g+3    
   27    2O3g+4        2O1h-5        2O1h-4        2O1h-3        2O1h-2        2O1h-1        2O1h0         2O1h+1        2O1h+2        2O1h+3    
   28    2O1h+4        2O1h+5    
 
 Maximum number of basis functions per shell:   35
 Total number of basis functions:    282
 
 
 Old basis set for SCF restart
 
    1  O  def2-svp [ 7s 4p 1d | 3s 2p 1d ]
    2  O  def2-svp [ 7s 4p 1d | 3s 2p 1d ]
 
 Basis functions:
            1             2             3             4             5             6             7             8             9            10
    0    1O1s          1O2s          1O3s          1O1pz         1O1py         1O1px         1O2pz         1O2py         1O2px         1O1d-2    
    1    1O1d-1        1O1d0         1O1d+1        1O1d+2        2O1s          2O2s          2O3s          2O1pz         2O1py         2O1px     
    2    2O2pz         2O2py         2O2px         2O1d-2        2O1d-1        2O1d0         2O1d+1        2O1d+2    
 
 Maximum number of basis functions per shell:   35
 Total number of basis functions:     28
 
 
 Generating atomic densities for the SCF calculation...
 CPU time [min]:     0.103                   Wall time [min]:     0.020
 
 Character table for point group C1:
 
          E  
    A     1
 
 Number of basis functions per irrep:
    A     114
 
 
 Density functional: HSE06 functional of Heyd, Scuseria, and Ernzerhof
 Constructing integration grid for DFT...
 Angular integration grid: adaptive 590-point Lebedev quadrature
 Radial integration grid: Log3 quadrature
 Total number of grid points: 26868       
 Range-separation parameter: 0.1100
 CPU time [min]:     1.124                   Wall time [min]:     0.050
 
 Calculation of overlap integrals...
 CPU time [min]:     1.142                   Wall time [min]:     0.050
 
 Calculation of the square root of the overlap matrix...
 Minimum eigenvalue of the overlap matrix: 0.549185E-03
 CPU time [min]:     1.153                   Wall time [min]:     0.051
 
 Calculation of kinetic energy integrals...
 CPU time [min]:     1.154                   Wall time [min]:     0.051
 Calculation of nuclear attraction integrals...
 CPU time [min]:     1.155                   Wall time [min]:     0.051
 Calculation of overlap integrals...
 CPU time [min]:     1.155                   Wall time [min]:     0.051
 
 Calculation of prescreening integrals...
 CPU time [min]:     1.303                   Wall time [min]:     0.054
 
 Calculation of two-center Coulomb integrals...
   5% done.
  20% done.
  32% done.
  52% done.
  72% done.
  89% done.
 100% done.
 CPU time [min]:     1.311                   Wall time [min]:     0.054
 
 Cholesky decomposition of the two-center matrix...
 Reciprocal of the condition number:  0.675876E-04
 CPU time [min]:     1.312                   Wall time [min]:     0.054
 

 ************************ 2021-11-29 13:48:41 *************************
 Executing scf...

 @scfsetup: integrals calculated directly
            mrcc/integ direct run
 @scfsetup: calculating on full matrices
            not using symmetry adapted basis
 @scfsetup: diis switched on
 @scfsetup: number of steps to extrapolate from  10
 @scfsetup: tolerance in energy deviation    0.100000E-05
            tolerance in density deviation    0.100000E-05
 @scfsetup: maximum number of iterations:1000
 @scfsetup: unrestricted hf calc
 @scfsetup: restarting scf from SCFDENSITIES file
 @scfsetup: occupation set:
            from initial orbitals
 @scfsetup: diis runs from iteration:   1
 @scfsetup: diis runs to iteration:1000
 @scfsetup: diis runs in every iteration
 Allocation of 170.0 Gbytes of memory...
 ======================================================================
 ITERATION STEP   1
 CPU time [min]:     0.021                   Wall time [min]:     0.003
 
 Constructing alpha Fock-matrix...
 
 First step of Coulomb + first step of exchange...
 Exchange contribution is evaluated for MOs 1 to 9.
   3% done.
  18% done.
  32% done.
  45% done.
  64% done.
  85% done.
 100% done.
 CPU time [min]:     0.084                   Wall time [min]:     0.004
 
 Fitting and assembly step of exchange...
 CPU time [min]:     0.085                   Wall time [min]:     0.004
 
 Calculation of two-electron integrals (short range)...
   3% done.
  18% done.
  32% done.
  45% done.
  64% done.
  85% done.
 100% done.
 CPU time [min]:     0.112                   Wall time [min]:     0.005
 
 Fitting and assembly step of exchange...
 CPU time [min]:     0.118                   Wall time [min]:     0.005
 
 Constructing beta Fock-matrix...
 
 Second step of Coulomb + first step of exchange...
 Exchange contribution is evaluated for MOs 1 to 7.
   3% done.
  18% done.
  32% done.
  45% done.
  64% done.
  85% done.
 100% done.
 CPU time [min]:     0.155                   Wall time [min]:     0.006
 
 Fitting and assembly step of exchange...
 CPU time [min]:     0.155                   Wall time [min]:     0.006
 
 Calculation of two-electron integrals (short range)...
   3% done.
  18% done.
  32% done.
  45% done.
  64% done.
  85% done.
 100% done.
 CPU time [min]:     0.176                   Wall time [min]:     0.007
 
 Fitting and assembly step of exchange...
 CPU time [min]:     0.178                   Wall time [min]:     0.007
 
 Calculating the exchange-correlation matrix...
      1.0000*HYB_GGA_XC_HSE06 [au]:    -13.064400490498
 Exchange-correlation energy  [au]:    -13.064400490498
 CPU time [min]:     0.397                   Wall time [min]:     0.012
 
 Coulomb energy + HF exchange [au]:     96.643122334325
 Gradient norm:      4.3113E+00
 RMS of alpha difference density:                      0.00084664576319
 RMS of beta  difference density:                      0.00067788126676
 Gap [au]:  0.34162976
 ALPHA OCC:   9
 BETA  OCC:   7
 
 ***KOHN-SHAM ENERGY IN STEP   1 IS           -150.1395536625519185 [AU]
 ======================================================================
 ITERATION STEP   2
 CPU time [min]:     0.414                   Wall time [min]:     0.013
 
 Constructing alpha Fock-matrix...
 
 First step of Coulomb + first step of exchange...
 Exchange contribution is evaluated for MOs 1 to 9.
   3% done.
  18% done.
  32% done.
  45% done.
  64% done.
  85% done.
 100% done.
 CPU time [min]:     0.456                   Wall time [min]:     0.014
 
 Fitting and assembly step of exchange...
 CPU time [min]:     0.456                   Wall time [min]:     0.014
 
 Calculation of two-electron integrals (short range)...
   3% done.
  18% done.
  32% done.
  45% done.
  64% done.
  85% done.
 100% done.
 CPU time [min]:     0.478                   Wall time [min]:     0.014
 
 Fitting and assembly step of exchange...
 CPU time [min]:     0.481                   Wall time [min]:     0.014
 
 Constructing beta Fock-matrix...
 
 Second step of Coulomb + first step of exchange...
 Exchange contribution is evaluated for MOs 1 to 7.
   3% done.
  18% done.
  32% done.
  45% done.
  64% done.
  85% done.
 100% done.
 CPU time [min]:     0.513                   Wall time [min]:     0.015
 
 Fitting and assembly step of exchange...
 CPU time [min]:     0.513                   Wall time [min]:     0.015
 
 Calculation of two-electron integrals (short range)...
   3% done.
  18% done.
  32% done.
  45% done.
  64% done.
  85% done.
 100% done.
 CPU time [min]:     0.534                   Wall time [min]:     0.016
 
 Fitting and assembly step of exchange...
 CPU time [min]:     0.536                   Wall time [min]:     0.016
 
 Calculating the exchange-correlation matrix...
      1.0000*HYB_GGA_XC_HSE06 [au]:    -13.065893625312
 Exchange-correlation energy  [au]:    -13.065893625312
 CPU time [min]:     0.755                   Wall time [min]:     0.021
 
 Coulomb energy + HF exchange [au]:     96.671021386360
 Gradient norm:      2.6072E-02
 DIIS is running in this iteration step.
 RMS of [F,P]:                                         0.02666741837442
 RMS of alpha difference density:                      0.00203217486780
 RMS of beta  difference density:                      0.00162978234685
 Gap [au]:  0.34271203
 ALPHA OCC:   9
 BETA  OCC:   7
 
 ***KOHN-SHAM ENERGY IN STEP   2 IS           -150.1998788643024341 [AU]
 ======================================================================
 ITERATION STEP   3
 CPU time [min]:     0.768                   Wall time [min]:     0.022
 
 Constructing alpha Fock-matrix...
 
 First step of Coulomb + first step of exchange...
 Exchange contribution is evaluated for MOs 1 to 9.
   3% done.
  18% done.
  32% done.
  45% done.
  64% done.
  85% done.
 100% done.
 CPU time [min]:     0.810                   Wall time [min]:     0.023
 
 Fitting and assembly step of exchange...
 CPU time [min]:     0.811                   Wall time [min]:     0.023
 
 Calculation of two-electron integrals (short range)...
   3% done.
  18% done.
  32% done.
  45% done.
  64% done.
  85% done.
 100% done.
 CPU time [min]:     0.833                   Wall time [min]:     0.023
 
 Fitting and assembly step of exchange...
 CPU time [min]:     0.836                   Wall time [min]:     0.023
 
 Constructing beta Fock-matrix...
 
 Second step of Coulomb + first step of exchange...
 Exchange contribution is evaluated for MOs 1 to 7.
   3% done.
  18% done.
  32% done.
  45% done.
  64% done.
  85% done.
 100% done.
 CPU time [min]:     0.868                   Wall time [min]:     0.024
 
 Fitting and assembly step of exchange...
 CPU time [min]:     0.868                   Wall time [min]:     0.024
 
 Calculation of two-electron integrals (short range)...
   3% done.
  18% done.
  32% done.
  45% done.
  64% done.
  85% done.
 100% done.
 CPU time [min]:     0.890                   Wall time [min]:     0.025
 
 Fitting and assembly step of exchange...
 CPU time [min]:     0.892                   Wall time [min]:     0.025
 
 Calculating the exchange-correlation matrix...
      1.0000*HYB_GGA_XC_HSE06 [au]:    -13.067634163576
 Exchange-correlation energy  [au]:    -13.067634163576
 CPU time [min]:     1.114                   Wall time [min]:     0.030
 
 Coulomb energy + HF exchange [au]:     96.722980750817
 Gradient norm:      2.0752E-02
 DIIS is running in this iteration step.
 RMS of [F,P]:                                         0.00032455365646
 RMS of alpha difference density:                      0.00010788475180
 RMS of beta  difference density:                      0.00008508398509
 Gap [au]:  0.34005270
 ALPHA OCC:   9
 BETA  OCC:   7
 
 ***KOHN-SHAM ENERGY IN STEP   3 IS           -150.2563135976126318 [AU]
 ======================================================================
 ITERATION STEP   4
 CPU time [min]:     1.128                   Wall time [min]:     0.031
 
 Constructing alpha Fock-matrix...
 
 First step of Coulomb + first step of exchange...
 Exchange contribution is evaluated for MOs 1 to 9.
   3% done.
  18% done.
  32% done.
  45% done.
  64% done.
  85% done.
 100% done.
 CPU time [min]:     1.168                   Wall time [min]:     0.032
 
 Fitting and assembly step of exchange...
 CPU time [min]:     1.169                   Wall time [min]:     0.032
 
 Calculation of two-electron integrals (short range)...
   3% done.
  18% done.
  32% done.
  45% done.
  64% done.
  85% done.
 100% done.
 CPU time [min]:     1.191                   Wall time [min]:     0.032
 
 Fitting and assembly step of exchange...
 CPU time [min]:     1.193                   Wall time [min]:     0.032
 
 Constructing beta Fock-matrix...
 
 Second step of Coulomb + first step of exchange...
 Exchange contribution is evaluated for MOs 1 to 7.
   3% done.
  18% done.
  32% done.
  45% done.
  64% done.
  85% done.
 100% done.
 CPU time [min]:     1.224                   Wall time [min]:     0.033
 
 Fitting and assembly step of exchange...
 CPU time [min]:     1.225                   Wall time [min]:     0.033
 
 Calculation of two-electron integrals (short range)...
   3% done.
  18% done.
  32% done.
  45% done.
  64% done.
  85% done.
 100% done.
 CPU time [min]:     1.246                   Wall time [min]:     0.034
 
 Fitting and assembly step of exchange...
 CPU time [min]:     1.248                   Wall time [min]:     0.034
 
 Calculating the exchange-correlation matrix...
      1.0000*HYB_GGA_XC_HSE06 [au]:    -13.052847441758
 Exchange-correlation energy  [au]:    -13.052847441758
 CPU time [min]:     1.467                   Wall time [min]:     0.039
 
 Coulomb energy + HF exchange [au]:     96.538222065680
 Gradient norm:      1.3128E-02
 DIIS is running in this iteration step.
 RMS of [F,P]:                                         0.00020676614280
 RMS of alpha difference density:                      0.00006216912623
 RMS of beta  difference density:                      0.00004146539425
 Gap [au]:  0.34078178
 ALPHA OCC:   9
 BETA  OCC:   7
 
 ***KOHN-SHAM ENERGY IN STEP   4 IS           -150.2564206394509370 [AU]
 ======================================================================
 ITERATION STEP   5
 CPU time [min]:     1.482                   Wall time [min]:     0.039
 
 Constructing alpha Fock-matrix...
 
 First step of Coulomb + first step of exchange...
 Exchange contribution is evaluated for MOs 1 to 9.
   3% done.
  18% done.
  32% done.
  45% done.
  64% done.
  85% done.
 100% done.
 CPU time [min]:     1.523                   Wall time [min]:     0.040
 
 Fitting and assembly step of exchange...
 CPU time [min]:     1.523                   Wall time [min]:     0.040
 
 Calculation of two-electron integrals (short range)...
   3% done.
  18% done.
  32% done.
  45% done.
  64% done.
  85% done.
 100% done.
 CPU time [min]:     1.544                   Wall time [min]:     0.041
 
 Fitting and assembly step of exchange...
 CPU time [min]:     1.547                   Wall time [min]:     0.041
 
 Constructing beta Fock-matrix...
 
 Second step of Coulomb + first step of exchange...
 Exchange contribution is evaluated for MOs 1 to 7.
   3% done.
  18% done.
  32% done.
  45% done.
  64% done.
  85% done.
 100% done.
 CPU time [min]:     1.581                   Wall time [min]:     0.042
 
 Fitting and assembly step of exchange...
 CPU time [min]:     1.582                   Wall time [min]:     0.042
 
 Calculation of two-electron integrals (short range)...
   3% done.
  18% done.
  32% done.
  45% done.
  64% done.
  85% done.
 100% done.
 CPU time [min]:     1.603                   Wall time [min]:     0.043
 
 Fitting and assembly step of exchange...
 CPU time [min]:     1.605                   Wall time [min]:     0.043
 
 Calculating the exchange-correlation matrix...
      1.0000*HYB_GGA_XC_HSE06 [au]:    -13.061746420233
 Exchange-correlation energy  [au]:    -13.061746420233
 CPU time [min]:     1.823                   Wall time [min]:     0.048
 
 Coulomb energy + HF exchange [au]:     96.640877404378
 Gradient norm:      1.5079E-03
 DIIS is running in this iteration step.
 RMS of [F,P]:                                         0.00002850456245
 RMS of alpha difference density:                      0.00000980548900
 RMS of beta  difference density:                      0.00000739931752
 Gap [au]:  0.34087977
 ALPHA OCC:   9
 BETA  OCC:   7
 
 ***KOHN-SHAM ENERGY IN STEP   5 IS           -150.2565069858464710 [AU]
 ======================================================================
 ITERATION STEP   6
 CPU time [min]:     1.836                   Wall time [min]:     0.048
 
 Constructing alpha Fock-matrix...
 
 First step of Coulomb + first step of exchange...
 Exchange contribution is evaluated for MOs 1 to 9.
   3% done.
  18% done.
  32% done.
  45% done.
  64% done.
  85% done.
 100% done.
 CPU time [min]:     1.877                   Wall time [min]:     0.049
 
 Fitting and assembly step of exchange...
 CPU time [min]:     1.877                   Wall time [min]:     0.049
 
 Calculation of two-electron integrals (short range)...
   3% done.
  18% done.
  32% done.
  45% done.
  64% done.
  85% done.
 100% done.
 CPU time [min]:     1.898                   Wall time [min]:     0.050
 
 Fitting and assembly step of exchange...
 CPU time [min]:     1.901                   Wall time [min]:     0.050
 
 Constructing beta Fock-matrix...
 
 Second step of Coulomb + first step of exchange...
 Exchange contribution is evaluated for MOs 1 to 7.
   3% done.
  18% done.
  32% done.
  45% done.
  64% done.
  85% done.
 100% done.
 CPU time [min]:     1.932                   Wall time [min]:     0.051
 
 Fitting and assembly step of exchange...
 CPU time [min]:     1.932                   Wall time [min]:     0.051
 
 Calculation of two-electron integrals (short range)...
   3% done.
  18% done.
  32% done.
  45% done.
  64% done.
  85% done.
 100% done.
 CPU time [min]:     1.953                   Wall time [min]:     0.051
 
 Fitting and assembly step of exchange...
 CPU time [min]:     1.956                   Wall time [min]:     0.051
 
 Calculating the exchange-correlation matrix...
      1.0000*HYB_GGA_XC_HSE06 [au]:    -13.060285258759
 Exchange-correlation energy  [au]:    -13.060285258759
 CPU time [min]:     2.172                   Wall time [min]:     0.057
 
 Coulomb energy + HF exchange [au]:     96.626181958985
 Gradient norm:      2.4590E-04
 DIIS is running in this iteration step.
 RMS of [F,P]:                                         0.00000459346302
 RMS of alpha difference density:                      0.00000130853490
 RMS of beta  difference density:                      0.00000122056126
 Gap [au]:  0.34085767
 ALPHA OCC:   9
 BETA  OCC:   7
 
 ***KOHN-SHAM ENERGY IN STEP   6 IS           -150.2565087482931290 [AU]
 ======================================================================
 ITERATION STEP   7
 CPU time [min]:     2.185                   Wall time [min]:     0.057
 
 Constructing alpha Fock-matrix...
 
 First step of Coulomb + first step of exchange...
 Exchange contribution is evaluated for MOs 1 to 9.
   3% done.
  18% done.
  32% done.
  45% done.
  64% done.
  85% done.
 100% done.
 CPU time [min]:     2.226                   Wall time [min]:     0.058
 
 Fitting and assembly step of exchange...
 CPU time [min]:     2.226                   Wall time [min]:     0.058
 
 Calculation of two-electron integrals (short range)...
   3% done.
  18% done.
  32% done.
  45% done.
  64% done.
  85% done.
 100% done.
 CPU time [min]:     2.247                   Wall time [min]:     0.059
 
 Fitting and assembly step of exchange...
 CPU time [min]:     2.250                   Wall time [min]:     0.059
 
 Constructing beta Fock-matrix...
 
 Second step of Coulomb + first step of exchange...
 Exchange contribution is evaluated for MOs 1 to 7.
   3% done.
  18% done.
  32% done.
  45% done.
  64% done.
  85% done.
 100% done.
 CPU time [min]:     2.281                   Wall time [min]:     0.059
 
 Fitting and assembly step of exchange...
 CPU time [min]:     2.281                   Wall time [min]:     0.060
 
 Calculation of two-electron integrals (short range)...
   3% done.
  18% done.
  32% done.
  45% done.
  64% done.
  85% done.
 100% done.
 CPU time [min]:     2.302                   Wall time [min]:     0.060
 
 Fitting and assembly step of exchange...
 CPU time [min]:     2.304                   Wall time [min]:     0.060
 
 Calculating the exchange-correlation matrix...
      1.0000*HYB_GGA_XC_HSE06 [au]:    -13.060424300318
 Exchange-correlation energy  [au]:    -13.060424300318
 CPU time [min]:     2.521                   Wall time [min]:     0.066
 
 Coulomb energy + HF exchange [au]:     96.627388131261
 Gradient norm:      9.0750E-06
 DIIS is running in this iteration step.
 RMS of [F,P]:                                         0.00000013148791
 RMS of alpha difference density:                      0.00000005217615
 RMS of beta  difference density:                      0.00000003635675
 Gap [au]:  0.34085829
 ALPHA OCC:   9
 BETA  OCC:   7
 
 ***KOHN-SHAM ENERGY IN STEP   7 IS           -150.2565087837509168 [AU]
 ======================================================================
 
 SUCCESS...
 THE SCF ITERATION HAS CONVERGED!
 
                   A   
 FINAL ALPHA OCC:   9
 FINAL BETA  OCC:   7
 
 ***FINAL KOHN-SHAM ENERGY:          -150.2565087837509168 [AU]
 
 Expectation value of S^2:  2.0101
 Average multiplicity:      3.0067
 
 Orbital energies [au]:
      Irrep         Alpha          Beta
    1   A        -19.356479     -19.323968
    2   A        -19.356249     -19.323578
    3   A         -1.325697      -1.266042
    4   A         -0.854592      -0.758575
    5   A         -0.573791      -0.517533
    6   A         -0.573791      -0.462254
    7   A         -0.556791      -0.462254
 
    8   A         -0.315168      -0.121395
    9   A         -0.315168      -0.121395
 
   10   A          0.120960       0.143658
   11   A          0.216287       0.233612
   12   A          0.216287       0.233612
   13   A          0.273212       0.280170
   14   A          0.296878       0.331082
   15   A          0.311949       0.337277
   16   A          0.311949       0.337277
   17   A          0.350770       0.363264
   18   A          0.677874       0.696651
   19   A          0.815154       0.842427
   20   A          0.815154       0.842427
   21   A          0.999751       1.023468
   22   A          0.999751       1.023468
   23   A          1.174706       1.207311
   24   A          1.174706       1.221167
   25   A          1.195054       1.221167
   26   A          1.244604       1.273071
   27   A          1.244604       1.292131
   28   A          1.257461       1.292131
   29   A          1.323461       1.375246
   30   A          1.323461       1.375246
   31   A          1.685605       1.708075
   32   A          1.685605       1.708075
   33   A          1.776824       1.797300
   34   A          1.779321       1.804090
   35   A          2.576775       2.606430
   36   A          2.789025       2.808648
   37   A          2.789025       2.808648
   38   A          2.823900       2.863546
   39   A          2.823900       2.863546
   40   A          2.948876       2.973342
   41   A          2.948876       2.973342
   42   A          3.226768       3.277490
   43   A          3.226768       3.277490
   44   A          3.402951       3.450169
   45   A          3.561065       3.643700
   46   A          3.561065       3.643700
   47   A          3.622666       3.650776
   48   A          3.699622       3.787837
   49   A          3.699622       3.787837
   50   A          3.842233       3.885663
   51   A          3.842233       3.885663
   52   A          3.917256       3.952788
   53   A          3.917256       3.952788
   54   A          4.037239       4.067968
   55   A          4.037239       4.067968
   56   A          4.089843       4.128685
   57   A          4.329094       4.362139
   58   A          4.489589       4.552306
   59   A          4.489589       4.552306
   60   A          4.699043       4.731091
   61   A          4.794854       4.868557
   62   A          4.794854       4.868557
   63   A          4.902537       4.915088
   64   A          5.458238       5.504960
   65   A          5.458238       5.504960
   66   A          7.715948       7.751212
   67   A          8.108969       8.140317
   68   A          8.108969       8.140317
   69   A          8.321961       8.365917
   70   A          8.321961       8.365917
   71   A          8.529675       8.561704
   72   A          8.529675       8.561704
   73   A          8.663127       8.694649
   74   A          8.671583       8.741891
   75   A          8.671583       8.741891
   76   A          8.810398       8.882073
   77   A          8.810398       8.882073
   78   A          9.247015       9.296192
   79   A          9.247015       9.296192
   80   A         10.309588      10.352976
   81   A         10.309588      10.352976
   82   A         10.436564      10.463705
   83   A         10.529368      10.566778
   84   A         10.529368      10.566778
   85   A         10.711126      10.810616
   86   A         10.711126      10.810616
   87   A         10.843132      10.907311
   88   A         10.843133      10.907311
   89   A         10.872768      10.972469
   90   A         10.872768      10.972469
   91   A         11.238109      11.299184
   92   A         11.238109      11.299184
   93   A         11.278327      11.326181
   94   A         11.400144      11.436997
   95   A         11.429477      11.476612
   96   A         11.429477      11.476612
   97   A         11.629876      11.680744
   98   A         11.629876      11.680744
   99   A         11.705814      11.815637
  100   A         11.705814      11.815637
  101   A         11.832709      11.881963
  102   A         11.832709      11.881963
  103   A         11.937090      12.028264
  104   A         11.937090      12.043644
  105   A         12.009462      12.043644
  106   A         13.374723      13.447062
  107   A         13.853657      13.901625
  108   A         13.853657      13.901625
  109   A         13.854142      13.920666
  110   A         15.778344      15.798560
  111   A         47.001137      47.049090
  112   A         47.862752      47.910100
  113   A        252.129939     252.142955
  114   A        253.057008     253.070130
 
 RETURNING FROM SCF ALGORITHM
 ======================================================================
 
 ************************ 2021-11-29 13:48:45 *************************
                      Normal termination of mrcc.
 **********************************************************************
