 **********************************************************************
                          MRCC program system
 **********************************************************************
 
                              Written by
 Mihaly Kallay, Peter R. Nagy, David Mester, Zoltan Rolik, Gyula Samu,
   Jozsef Csontos, Jozsef Csoka, P. Bernat Szabo, Laszlo Gyevi-Nagy,
    Bence Hegely, Istvan Ladjanszki, Lorant Szegedy, Bence Ladoczki,
       Klara Petrov, Mate Farkas, Pal D. Mezei, and Adam Ganyecz
 
        Department of Physical Chemistry and Materials Science
            Budapest University of Technology and Economics
                  Budapest P.O.Box 91, H-1521 Hungary
 
                              www.mrcc.hu
 
                    Release date: February 22, 2020

 ************************ 2021-11-29 14:43:06 *************************
 Executing minp...

 Reading input from MINP...
 
 Input file:
 
calc=DF-CCSD(T)
verbosity=3
mem=170GB
symm=off
unit=angs
scfiguess=small
scfmaxit=1000


core=2
mult=3
basis=def2-TZVPP

basis_sm=def2-SVP

dfbasis_scf=def2-QZVPP-RI-JK

dfbasis_cor=def2-TZVPP-RI

unit=angs
geom=xyz
2

O     0.00000000000    0.00000000000    0.00000000000
O     0.00000000000    0.00000000000    1.20739000000 
 
 
 Checking keyword combinations...
 
 Keywords:
 
 active=none
 agrid=ld0006-ld0590
 basis=def2-tzvpp
 basis_sm=def2-svp
 basopt=off
 bfbasis=none
 bfgsmem=10
 bfgstol=1.0d-3
 bpcompo=0.985
 bpcompv=0.98
 bpdfo=0.985
 bpocc=0.985
 bppdo=0.985
 bppdv=0.98
 bpedo=0.985
 bpedv=0.98
 calc=ccsd(t)
 ccmaxit=50
 ccprog=ccsd
 ccsdalg=dfdirect
 ccsdmkl=seq
 ccsdrest=trf
 ccsdthreads=2
 cctol=6
 charge=0
 cialg=auto
 ciguess=off
 cmpgrp=auto
 core=2
 corembed=off
 csapprox=off
 dboc=off
 dendec=cholesky
 dens=0
 dfalg=lineq
 dfbasis_cor=def2-tzvpp-ri
 dfbasis_scf=def2-qzvpp-ri-jk
 dfintran=drpa
 dft=off
 dhexc=adc(2)
 diag=david
 docc=
 domrad=10.d0
 drpaalg=fit
 dual=off
 ecp=auto
 edisp=off
 edisp_embed=off
 embed=off
 epert=none
 eps=0.975
 excrad=0.d0
 excrad_fin=0.000000000D+00
 fmm=off
 fmmord=8
 freq=off
 gauss=spher
 geom=xyz
 gopt=off
 ghost=none
 gtol=7
 grdens=off
 grtol=10
 hamilton=dc
 iface=none
 intalg=auto
 itol=10
 laptol=1.d-2
 lccoporder=trffirst
 lcorthr=normal
 lccrest=off
 lmp2dens=on
 lnoepso=0.d0
 lnoepsv=1e-6
 localcc=off
 localcorrsymm=off
 locintrf=disk
 mact=
 maxact=off
 maxdim=100
 maxex=0
 maxmicroit=100
 mcscfiguess=hf
 mem=170gb
 molden=on
 mpitasks=1
 mulmet=0
 mult=3
 nacto=0
 nactv=0
 naf_cor=off
 naf_scf=off
 nafalg=albe
 naftyp=
 nchol=auto
 ndeps=1e-3
 nstate=1
 nsing=0
 ntrip=0
 occ=
 oniom=off
 oniom_eechg=off
 oniom_pcm=off
 optalg=
 optmaxit=50
 optetol=1e-6
 optex=   0
 optgtol=1e-4
 optstol=1e-3
 orblocc=off
 orbloce=off
 orbloco=off
 orblocv=off
 orblocguess=cholesky
 osveps=1e-3
 ovirt=off
 ovltol=1e-7
 ovosnorb=80.0
 pcm=off
 popul=off
 pressure=100000
 pssp=off
 ptfreq=0.0
 ptthreads=2
 qscf=off
 qmmm=off
 redcost_exc=off
 redcost_tddft=off
 refdet=none
 rest=0
 rgrid=log3
 rohfcore=semicanonical
 rohftype=semicanonical
 scfalg=auto
 scfdamp=off
 scfdiis=on
 scfdiis_end=1000
 scfdiis_start=1
 scfdiis_step=1
 scfdtol=7
 scfext=10
 scfguessdens=
 scfiguess=small
 scflshift=off
 scfmaxit=1000
 scftype=uhf
 scftol=6
 scspe=1.d0
 scsph=1.d0
 scsps=1.2d0
 scspt=0.33333333333333
 scspv=1.d0
 spairtol=1e-4
 subminp=top
 symm=0
 talg=occ
 temp=298.15
 test=off
 theodore=off
 tlmo=0.999
 tpao=0.94
 tprint=off
 uncontract=off
 unit=angs
 usedisk=2
 verbosity=3
 wpairtol=0.100000000E-05
 
 Calculating integrals for small-basis SCF...

 ************************ 2021-11-29 14:43:07 *************************
 Executing integ...

 Allocation of 170.0 Gbytes of memory...
 
 
 Number of atoms:                  2
 Charge:                           0
 Number of electrons:             16
 Number of core electrons:         4
 Spin multiplicity:                3
 
                 Cartesian coordinates [bohr]      Atomic mass [AMU]  Z
   1  O     0.00000000    0.00000000    0.00000000    15.994915       8
   2  O     0.00000000    0.00000000    2.28163643    15.994915       8
 
 This molecule is linear.
 
 Rotational constants [cm-1]: 
      1.445937154869
 
 Point group: Dxh 
 Computational point group: C1  
 
 Cartesian coordinates in standard orientation [bohr]
   1  O     0.00000000    0.00000000   -1.14081821
   2  O     0.00000000    0.00000000    1.14081821
 
 Nuclear repulsion energy [au]:         28.050043053926
 
 
 Basis set information:
 
 Maximum angular momentum: g
 Maximum number of contracted Gaussians:   10
 Maximum number of primitive Gaussians:    14
 Spherical harmonic GTOs are used.
 
 
 Conventional basis set:
 
    1  O  def2-svp [ 7s 4p 1d | 3s 2p 1d ]
    2  O  def2-svp [ 7s 4p 1d | 3s 2p 1d ]
 
 Basis functions:
            1             2             3             4             5             6             7             8             9            10
    0    1O1s          1O2s          1O3s          1O1pz         1O1py         1O1px         1O2pz         1O2py         1O2px         1O1d-2    
    1    1O1d-1        1O1d0         1O1d+1        1O1d+2        2O1s          2O2s          2O3s          2O1pz         2O1py         2O1px     
    2    2O2pz         2O2py         2O2px         2O1d-2        2O1d-1        2O1d0         2O1d+1        2O1d+2    
 
 Maximum number of basis functions per shell:    6
 Total number of basis functions:     28
 
 
 Fitting basis set for the SCF calculation:
 
    1  O  def2-qzvpp-ri-jk [ 14s 10p 6d 2f 1g | 10s 8p 4d 2f 1g ]
    2  O  def2-qzvpp-ri-jk [ 14s 10p 6d 2f 1g | 10s 8p 4d 2f 1g ]
 
 Basis functions:
            1             2             3             4             5             6             7             8             9            10
    0    1O1s          1O2s          1O3s          1O4s          1O5s          1O6s          1O7s          1O8s          1O9s          1O10s     
    1    1O1pz         1O1py         1O1px         1O2pz         1O2py         1O2px         1O3pz         1O3py         1O3px         1O4pz     
    2    1O4py         1O4px         1O5pz         1O5py         1O5px         1O6pz         1O6py         1O6px         1O7pz         1O7py     
    3    1O7px         1O8pz         1O8py         1O8px         1O1d-2        1O1d-1        1O1d0         1O1d+1        1O1d+2        1O2d-2    
    4    1O2d-1        1O2d0         1O2d+1        1O2d+2        1O3d-2        1O3d-1        1O3d0         1O3d+1        1O3d+2        1O4d-2    
    5    1O4d-1        1O4d0         1O4d+1        1O4d+2        1O1f-3        1O1f-2        1O1f-1        1O1f0         1O1f+1        1O1f+2    
    6    1O1f+3        1O2f-3        1O2f-2        1O2f-1        1O2f0         1O2f+1        1O2f+2        1O2f+3        1O1g-4        1O1g-3    
    7    1O1g-2        1O1g-1        1O1g0         1O1g+1        1O1g+2        1O1g+3        1O1g+4        2O1s          2O2s          2O3s      
    8    2O4s          2O5s          2O6s          2O7s          2O8s          2O9s          2O10s         2O1pz         2O1py         2O1px     
    9    2O2pz         2O2py         2O2px         2O3pz         2O3py         2O3px         2O4pz         2O4py         2O4px         2O5pz     
   10    2O5py         2O5px         2O6pz         2O6py         2O6px         2O7pz         2O7py         2O7px         2O8pz         2O8py     
   11    2O8px         2O1d-2        2O1d-1        2O1d0         2O1d+1        2O1d+2        2O2d-2        2O2d-1        2O2d0         2O2d+1    
   12    2O2d+2        2O3d-2        2O3d-1        2O3d0         2O3d+1        2O3d+2        2O4d-2        2O4d-1        2O4d0         2O4d+1    
   13    2O4d+2        2O1f-3        2O1f-2        2O1f-1        2O1f0         2O1f+1        2O1f+2        2O1f+3        2O2f-3        2O2f-2    
   14    2O2f-1        2O2f0         2O2f+1        2O2f+2        2O2f+3        2O1g-4        2O1g-3        2O1g-2        2O1g-1        2O1g0     
   15    2O1g+1        2O1g+2        2O1g+3        2O1g+4    
 
 Maximum number of basis functions per shell:   24
 Total number of basis functions:    154
 
 
 Generating atomic densities for the SCF calculation...
 CPU time [min]:     0.123                   Wall time [min]:     0.020
 
 Character table for point group C1:
 
          E  
    A     1
 
 Number of basis functions per irrep:
    A      28
 
 
 Calculation of overlap integrals...
 CPU time [min]:     0.124                   Wall time [min]:     0.021
 
 Calculation of the square root of the overlap matrix...
 Minimum eigenvalue of the overlap matrix: 0.150377E-01
 CPU time [min]:     0.132                   Wall time [min]:     0.021
 
 Calculation of kinetic energy integrals...
 CPU time [min]:     0.132                   Wall time [min]:     0.021
 Calculation of nuclear attraction integrals...
 CPU time [min]:     0.133                   Wall time [min]:     0.021
 
 Calculation of prescreening integrals...
 CPU time [min]:     0.142                   Wall time [min]:     0.021
 
 Calculation of two-center Coulomb integrals...
   5% done.
  20% done.
  32% done.
  52% done.
  72% done.
  89% done.
 100% done.
 CPU time [min]:     0.151                   Wall time [min]:     0.021
 
 Calculation of inverse square root of the two-center integral matrix...
 CPU time [min]:     0.194                   Wall time [min]:     0.023
 
 Calculation of three-center Coulomb integrals...
   1% done.
  26% done.
  38% done.
  68% done.
 100% done.
 CPU time [min]:     0.206                   Wall time [min]:     0.023
 
 Running small-basis SCF...

 ************************ 2021-11-29 14:43:08 *************************
 Executing scf...

 @scfsetup: integrals taken from disk
            mrcc/integ binary format
 @scfsetup: calculating on full matrices
            not using symmetry adapted basis
 @scfsetup: diis switched on
 @scfsetup: number of steps to extrapolate from  10
 @scfsetup: tolerance in energy deviation    0.100000E-05
            tolerance in density deviation    0.100000E-06
 @scfsetup: maximum number of iterations:1000
 @scfsetup: unrestricted hf calc
 @scfsetup: starting scf from superposition of atomic densities
 @scfsetup: occupation set:
            from initial orbitals
 @scfsetup: diis runs from iteration:   1
 @scfsetup: diis runs to iteration:1000
 @scfsetup: diis runs in every iteration
 Allocation of 170.0 Gbytes of memory...
 ======================================================================
 ITERATION STEP   1
 CPU time [min]:     0.007                   Wall time [min]:     0.002
 
 Constructing alpha Fock-matrix...
 Number of integral batches:    1
 Occupied indices per batch:    9
 CPU time [min]:     0.020                   Wall time [min]:     0.003
 
 Gradient norm:      3.6995E+00
 RMS of alpha difference density:                      0.02088457858798
 RMS of beta  difference density:                      0.01536943514310
 Gap [au]:  0.70278031
 ALPHA OCC:   9
 BETA  OCC:   7
 
 ***HARTREE-FOCK ENERGY IN STEP   1 IS        -149.0627471727814282 [AU]
 ======================================================================
 ITERATION STEP   2
 CPU time [min]:     0.024                   Wall time [min]:     0.003
 
 Constructing alpha Fock-matrix...
 Number of integral batches:    1
 Occupied indices per batch:    9
 CPU time [min]:     0.035                   Wall time [min]:     0.003
 
 Gradient norm:      3.6651E-01
 DIIS is running in this iteration step.
 RMS of [F,P]:                                         0.01298826661741
 RMS of alpha difference density:                      0.00637636350593
 RMS of beta  difference density:                      0.00648830766146
 Gap [au]:  0.68637798
 ALPHA OCC:   9
 BETA  OCC:   7
 
 ***HARTREE-FOCK ENERGY IN STEP   2 IS        -149.4635875577502304 [AU]
 ======================================================================
 ITERATION STEP   3
 CPU time [min]:     0.045                   Wall time [min]:     0.003
 
 Constructing alpha Fock-matrix...
 Number of integral batches:    1
 Occupied indices per batch:    9
 CPU time [min]:     0.062                   Wall time [min]:     0.004
 
 Gradient norm:      1.0536E-01
 DIIS is running in this iteration step.
 RMS of [F,P]:                                         0.00378428223916
 RMS of alpha difference density:                      0.00194567200151
 RMS of beta  difference density:                      0.00092649481963
 Gap [au]:  0.68883454
 ALPHA OCC:   9
 BETA  OCC:   7
 
 ***HARTREE-FOCK ENERGY IN STEP   3 IS        -149.4875985161045833 [AU]
 ======================================================================
 ITERATION STEP   4
 CPU time [min]:     0.066                   Wall time [min]:     0.004
 
 Constructing alpha Fock-matrix...
 Number of integral batches:    1
 Occupied indices per batch:    9
 CPU time [min]:     0.076                   Wall time [min]:     0.004
 
 Gradient norm:      2.6234E-02
 DIIS is running in this iteration step.
 RMS of [F,P]:                                         0.00082942535415
 RMS of alpha difference density:                      0.00056838300820
 RMS of beta  difference density:                      0.00062290540306
 Gap [au]:  0.68832957
 ALPHA OCC:   9
 BETA  OCC:   7
 
 ***HARTREE-FOCK ENERGY IN STEP   4 IS        -149.4900068271260807 [AU]
 ======================================================================
 ITERATION STEP   5
 CPU time [min]:     0.080                   Wall time [min]:     0.004
 
 Constructing alpha Fock-matrix...
 Number of integral batches:    1
 Occupied indices per batch:    9
 CPU time [min]:     0.090                   Wall time [min]:     0.005
 
 Gradient norm:      4.7951E-03
 DIIS is running in this iteration step.
 RMS of [F,P]:                                         0.00016899921019
 RMS of alpha difference density:                      0.00015956065375
 RMS of beta  difference density:                      0.00011802436719
 Gap [au]:  0.68798309
 ALPHA OCC:   9
 BETA  OCC:   7
 
 ***HARTREE-FOCK ENERGY IN STEP   5 IS        -149.4902151765415681 [AU]
 ======================================================================
 ITERATION STEP   6
 CPU time [min]:     0.094                   Wall time [min]:     0.005
 
 Constructing alpha Fock-matrix...
 Number of integral batches:    1
 Occupied indices per batch:    9
 CPU time [min]:     0.104                   Wall time [min]:     0.005
 
 Gradient norm:      1.0610E-03
 DIIS is running in this iteration step.
 RMS of [F,P]:                                         0.00003995155887
 RMS of alpha difference density:                      0.00003647399809
 RMS of beta  difference density:                      0.00003469341055
 Gap [au]:  0.68804212
 ALPHA OCC:   9
 BETA  OCC:   7
 
 ***HARTREE-FOCK ENERGY IN STEP   6 IS        -149.4902259287991910 [AU]
 ======================================================================
 ITERATION STEP   7
 CPU time [min]:     0.108                   Wall time [min]:     0.005
 
 Constructing alpha Fock-matrix...
 Number of integral batches:    1
 Occupied indices per batch:    9
 CPU time [min]:     0.118                   Wall time [min]:     0.005
 
 Gradient norm:      1.6128E-04
 DIIS is running in this iteration step.
 RMS of [F,P]:                                         0.00000474973328
 RMS of alpha difference density:                      0.00000405756897
 RMS of beta  difference density:                      0.00000416732924
 Gap [au]:  0.68804685
 ALPHA OCC:   9
 BETA  OCC:   7
 
 ***HARTREE-FOCK ENERGY IN STEP   7 IS        -149.4902264752005010 [AU]
 ======================================================================
 ITERATION STEP   8
 CPU time [min]:     0.123                   Wall time [min]:     0.005
 
 Constructing alpha Fock-matrix...
 Number of integral batches:    1
 Occupied indices per batch:    9
 CPU time [min]:     0.133                   Wall time [min]:     0.006
 
 Gradient norm:      2.5770E-05
 DIIS is running in this iteration step.
 RMS of [F,P]:                                         0.00000073313926
 RMS of alpha difference density:                      0.00000055224535
 RMS of beta  difference density:                      0.00000045876893
 Gap [au]:  0.68804768
 ALPHA OCC:   9
 BETA  OCC:   7
 
 ***HARTREE-FOCK ENERGY IN STEP   8 IS        -149.4902264829909768 [AU]
 ======================================================================
 ITERATION STEP   9
 CPU time [min]:     0.137                   Wall time [min]:     0.006
 
 Constructing alpha Fock-matrix...
 Number of integral batches:    1
 Occupied indices per batch:    9
 CPU time [min]:     0.147                   Wall time [min]:     0.006
 
 Gradient norm:      3.9280E-06
 DIIS is running in this iteration step.
 RMS of [F,P]:                                         0.00000011796086
 RMS of alpha difference density:                      0.00000009814362
 RMS of beta  difference density:                      0.00000009620757
 Gap [au]:  0.68804789
 ALPHA OCC:   9
 BETA  OCC:   7
 
 ***HARTREE-FOCK ENERGY IN STEP   9 IS        -149.4902264831553111 [AU]
 ======================================================================
 
 SUCCESS...
 THE SCF ITERATION HAS CONVERGED!
 
                   A   
 FINAL ALPHA OCC:   9
 FINAL BETA  OCC:   7
 
 ***FINAL HARTREE-FOCK ENERGY:       -149.4902264831553111 [AU]
 
 Expectation value of S^2:  2.0338
 Average multiplicity:      3.0225
 
 Orbital energies [au]:
      Irrep         Alpha          Beta
    1   A        -20.748983     -20.692621
    2   A        -20.748653     -20.691709
    3   A         -1.703657      -1.574957
    4   A         -1.179368      -0.973779
    5   A         -0.846276      -0.703575
    6   A         -0.846276      -0.579795
    7   A         -0.765618      -0.579795
 
    8   A         -0.558300       0.108253
    9   A         -0.558300       0.108253
 
   10   A          0.443123       0.524872
   11   A          0.950259       0.984711
   12   A          1.053383       1.122960
   13   A          1.053383       1.164819
   14   A          1.090326       1.174713
   15   A          1.153628       1.174713
   16   A          1.164912       1.290423
   17   A          1.164912       1.290423
   18   A          1.414456       1.454955
   19   A          2.388249       2.462506
   20   A          2.388249       2.462506
   21   A          2.653198       2.772196
   22   A          2.653198       2.772196
   23   A          2.958803       3.107980
   24   A          2.958803       3.107980
   25   A          3.132781       3.202448
   26   A          3.662724       3.740343
   27   A          3.662724       3.740343
   28   A          4.211971       4.256441
 
 RETURNING FROM SCF ALGORITHM
 ======================================================================

 ************************ 2021-11-29 14:43:09 *************************
 Executing integ...

 Allocation of 170.0 Gbytes of memory...
 
 
 Number of atoms:                  2
 Charge:                           0
 Number of electrons:             16
 Number of core electrons:         4
 Spin multiplicity:                3
 
                 Cartesian coordinates [bohr]      Atomic mass [AMU]  Z
   1  O     0.00000000    0.00000000    0.00000000    15.994915       8
   2  O     0.00000000    0.00000000    2.28163643    15.994915       8
 
 This molecule is linear.
 
 Rotational constants [cm-1]: 
      1.445937154869
 
 Point group: Dxh 
 Computational point group: C1  
 
 Cartesian coordinates in standard orientation [bohr]
   1  O     0.00000000    0.00000000   -1.14081821
   2  O     0.00000000    0.00000000    1.14081821
 
 Nuclear repulsion energy [au]:         28.050043053926
 
 
 Basis set information:
 
 Maximum angular momentum: g
 Maximum number of contracted Gaussians:   10
 Maximum number of primitive Gaussians:    14
 Spherical harmonic GTOs are used.
 
 
 Conventional basis set:
 
    1  O  def2-tzvpp [ 11s 6p 2d 1f | 5s 3p 2d 1f ]
    2  O  def2-tzvpp [ 11s 6p 2d 1f | 5s 3p 2d 1f ]
 
 Basis functions:
            1             2             3             4             5             6             7             8             9            10
    0    1O1s          1O2s          1O3s          1O4s          1O5s          1O1pz         1O1py         1O1px         1O2pz         1O2py     
    1    1O2px         1O3pz         1O3py         1O3px         1O1d-2        1O1d-1        1O1d0         1O1d+1        1O1d+2        1O2d-2    
    2    1O2d-1        1O2d0         1O2d+1        1O2d+2        1O1f-3        1O1f-2        1O1f-1        1O1f0         1O1f+1        1O1f+2    
    3    1O1f+3        2O1s          2O2s          2O3s          2O4s          2O5s          2O1pz         2O1py         2O1px         2O2pz     
    4    2O2py         2O2px         2O3pz         2O3py         2O3px         2O1d-2        2O1d-1        2O1d0         2O1d+1        2O1d+2    
    5    2O2d-2        2O2d-1        2O2d0         2O2d+1        2O2d+2        2O1f-3        2O1f-2        2O1f-1        2O1f0         2O1f+1    
    6    2O1f+2        2O1f+3    
 
 Maximum number of basis functions per shell:   10
 Total number of basis functions:     62
 
 
 Fitting basis set for the SCF calculation:
 
    1  O  def2-qzvpp-ri-jk [ 14s 10p 6d 2f 1g | 10s 8p 4d 2f 1g ]
    2  O  def2-qzvpp-ri-jk [ 14s 10p 6d 2f 1g | 10s 8p 4d 2f 1g ]
 
 Basis functions:
            1             2             3             4             5             6             7             8             9            10
    0    1O1s          1O2s          1O3s          1O4s          1O5s          1O6s          1O7s          1O8s          1O9s          1O10s     
    1    1O1pz         1O1py         1O1px         1O2pz         1O2py         1O2px         1O3pz         1O3py         1O3px         1O4pz     
    2    1O4py         1O4px         1O5pz         1O5py         1O5px         1O6pz         1O6py         1O6px         1O7pz         1O7py     
    3    1O7px         1O8pz         1O8py         1O8px         1O1d-2        1O1d-1        1O1d0         1O1d+1        1O1d+2        1O2d-2    
    4    1O2d-1        1O2d0         1O2d+1        1O2d+2        1O3d-2        1O3d-1        1O3d0         1O3d+1        1O3d+2        1O4d-2    
    5    1O4d-1        1O4d0         1O4d+1        1O4d+2        1O1f-3        1O1f-2        1O1f-1        1O1f0         1O1f+1        1O1f+2    
    6    1O1f+3        1O2f-3        1O2f-2        1O2f-1        1O2f0         1O2f+1        1O2f+2        1O2f+3        1O1g-4        1O1g-3    
    7    1O1g-2        1O1g-1        1O1g0         1O1g+1        1O1g+2        1O1g+3        1O1g+4        2O1s          2O2s          2O3s      
    8    2O4s          2O5s          2O6s          2O7s          2O8s          2O9s          2O10s         2O1pz         2O1py         2O1px     
    9    2O2pz         2O2py         2O2px         2O3pz         2O3py         2O3px         2O4pz         2O4py         2O4px         2O5pz     
   10    2O5py         2O5px         2O6pz         2O6py         2O6px         2O7pz         2O7py         2O7px         2O8pz         2O8py     
   11    2O8px         2O1d-2        2O1d-1        2O1d0         2O1d+1        2O1d+2        2O2d-2        2O2d-1        2O2d0         2O2d+1    
   12    2O2d+2        2O3d-2        2O3d-1        2O3d0         2O3d+1        2O3d+2        2O4d-2        2O4d-1        2O4d0         2O4d+1    
   13    2O4d+2        2O1f-3        2O1f-2        2O1f-1        2O1f0         2O1f+1        2O1f+2        2O1f+3        2O2f-3        2O2f-2    
   14    2O2f-1        2O2f0         2O2f+1        2O2f+2        2O2f+3        2O1g-4        2O1g-3        2O1g-2        2O1g-1        2O1g0     
   15    2O1g+1        2O1g+2        2O1g+3        2O1g+4    
 
 Maximum number of basis functions per shell:   24
 Total number of basis functions:    154
 
 
 Fitting basis set for the correlation calculation:
 
    1  O  def2-tzvpp-ri [ 8s 6p 5d 3f 1g | 8s 6p 4d 3f 1g ]
    2  O  def2-tzvpp-ri [ 8s 6p 5d 3f 1g | 8s 6p 4d 3f 1g ]
 
 Basis functions:
            1             2             3             4             5             6             7             8             9            10
    0    1O1s          1O2s          1O3s          1O4s          1O5s          1O6s          1O7s          1O8s          1O1pz         1O1py     
    1    1O1px         1O2pz         1O2py         1O2px         1O3pz         1O3py         1O3px         1O4pz         1O4py         1O4px     
    2    1O5pz         1O5py         1O5px         1O6pz         1O6py         1O6px         1O1d-2        1O1d-1        1O1d0         1O1d+1    
    3    1O1d+2        1O2d-2        1O2d-1        1O2d0         1O2d+1        1O2d+2        1O3d-2        1O3d-1        1O3d0         1O3d+1    
    4    1O3d+2        1O4d-2        1O4d-1        1O4d0         1O4d+1        1O4d+2        1O1f-3        1O1f-2        1O1f-1        1O1f0     
    5    1O1f+1        1O1f+2        1O1f+3        1O2f-3        1O2f-2        1O2f-1        1O2f0         1O2f+1        1O2f+2        1O2f+3    
    6    1O3f-3        1O3f-2        1O3f-1        1O3f0         1O3f+1        1O3f+2        1O3f+3        1O1g-4        1O1g-3        1O1g-2    
    7    1O1g-1        1O1g0         1O1g+1        1O1g+2        1O1g+3        1O1g+4        2O1s          2O2s          2O3s          2O4s      
    8    2O5s          2O6s          2O7s          2O8s          2O1pz         2O1py         2O1px         2O2pz         2O2py         2O2px     
    9    2O3pz         2O3py         2O3px         2O4pz         2O4py         2O4px         2O5pz         2O5py         2O5px         2O6pz     
   10    2O6py         2O6px         2O1d-2        2O1d-1        2O1d0         2O1d+1        2O1d+2        2O2d-2        2O2d-1        2O2d0     
   11    2O2d+1        2O2d+2        2O3d-2        2O3d-1        2O3d0         2O3d+1        2O3d+2        2O4d-2        2O4d-1        2O4d0     
   12    2O4d+1        2O4d+2        2O1f-3        2O1f-2        2O1f-1        2O1f0         2O1f+1        2O1f+2        2O1f+3        2O2f-3    
   13    2O2f-2        2O2f-1        2O2f0         2O2f+1        2O2f+2        2O2f+3        2O3f-3        2O3f-2        2O3f-1        2O3f0     
   14    2O3f+1        2O3f+2        2O3f+3        2O1g-4        2O1g-3        2O1g-2        2O1g-1        2O1g0         2O1g+1        2O1g+2    
   15    2O1g+3        2O1g+4    
 
 Maximum number of basis functions per shell:   24
 Total number of basis functions:    152
 
 
 Old basis set for SCF restart
 
    1  O  def2-svp [ 7s 4p 1d | 3s 2p 1d ]
    2  O  def2-svp [ 7s 4p 1d | 3s 2p 1d ]
 
 Basis functions:
            1             2             3             4             5             6             7             8             9            10
    0    1O1s          1O2s          1O3s          1O1pz         1O1py         1O1px         1O2pz         1O2py         1O2px         1O1d-2    
    1    1O1d-1        1O1d0         1O1d+1        1O1d+2        2O1s          2O2s          2O3s          2O1pz         2O1py         2O1px     
    2    2O2pz         2O2py         2O2px         2O1d-2        2O1d-1        2O1d0         2O1d+1        2O1d+2    
 
 Maximum number of basis functions per shell:   24
 Total number of basis functions:     28
 
 
 Character table for point group C1:
 
          E  
    A     1
 
 Number of basis functions per irrep:
    A      62
 
 
 Calculation of overlap integrals...
 CPU time [min]:     0.060                   Wall time [min]:     0.004
 
 Calculation of the square root of the overlap matrix...
 Minimum eigenvalue of the overlap matrix: 0.187875E-02
 CPU time [min]:     0.067                   Wall time [min]:     0.004
 
 Calculation of kinetic energy integrals...
 CPU time [min]:     0.067                   Wall time [min]:     0.004
 Calculation of nuclear attraction integrals...
 CPU time [min]:     0.067                   Wall time [min]:     0.004
 Calculation of overlap integrals...
 CPU time [min]:     0.068                   Wall time [min]:     0.004
 
 Calculation of prescreening integrals...
 CPU time [min]:     0.083                   Wall time [min]:     0.004
 
 Calculation of two-center Coulomb integrals...
   5% done.
  20% done.
  32% done.
  52% done.
  72% done.
  89% done.
 100% done.
 CPU time [min]:     0.088                   Wall time [min]:     0.005
 
 Calculation of inverse square root of the two-center integral matrix...
 CPU time [min]:     0.101                   Wall time [min]:     0.005
 
 Calculation of three-center Coulomb integrals...
   1% done.
  15% done.
  34% done.
  53% done.
  79% done.
 100% done.
 CPU time [min]:     0.118                   Wall time [min]:     0.006

 ************************ 2021-11-29 14:43:09 *************************
 Executing scf...

 @scfsetup: integrals taken from disk
            mrcc/integ binary format
 @scfsetup: calculating on full matrices
            not using symmetry adapted basis
 @scfsetup: diis switched on
 @scfsetup: number of steps to extrapolate from  10
 @scfsetup: tolerance in energy deviation    0.100000E-05
            tolerance in density deviation    0.100000E-06
 @scfsetup: maximum number of iterations:1000
 @scfsetup: unrestricted hf calc
 @scfsetup: restarting scf from SCFDENSITIES file
 @scfsetup: occupation set:
            from initial orbitals
 @scfsetup: diis runs from iteration:   1
 @scfsetup: diis runs to iteration:1000
 @scfsetup: diis runs in every iteration
 Allocation of 170.0 Gbytes of memory...
 ======================================================================
 ITERATION STEP   1
 CPU time [min]:     0.014                   Wall time [min]:     0.003
 
 Constructing alpha Fock-matrix...
 Number of integral batches:    1
 Occupied indices per batch:    9
 CPU time [min]:     0.028                   Wall time [min]:     0.003
 
 Gradient norm:      2.1662E+00
 RMS of alpha difference density:                      0.00341112330059
 RMS of beta  difference density:                      0.00322547847344
 Gap [au]:  0.68082988
 ALPHA OCC:   9
 BETA  OCC:   7
 
 ***HARTREE-FOCK ENERGY IN STEP   1 IS        -149.6007495353497347 [AU]
 ======================================================================
 ITERATION STEP   2
 CPU time [min]:     0.036                   Wall time [min]:     0.003
 
 Constructing alpha Fock-matrix...
 Number of integral batches:    1
 Occupied indices per batch:    9
 CPU time [min]:     0.048                   Wall time [min]:     0.003
 
 Gradient norm:      6.3962E-02
 DIIS is running in this iteration step.
 RMS of [F,P]:                                         0.00110959662056
 RMS of alpha difference density:                      0.00032698780710
 RMS of beta  difference density:                      0.00043116821772
 Gap [au]:  0.67945445
 ALPHA OCC:   9
 BETA  OCC:   7
 
 ***HARTREE-FOCK ENERGY IN STEP   2 IS        -149.6827770232132764 [AU]
 ======================================================================
 ITERATION STEP   3
 CPU time [min]:     0.064                   Wall time [min]:     0.004
 
 Constructing alpha Fock-matrix...
 Number of integral batches:    1
 Occupied indices per batch:    9
 CPU time [min]:     0.077                   Wall time [min]:     0.004
 
 Gradient norm:      8.8861E-03
 DIIS is running in this iteration step.
 RMS of [F,P]:                                         0.00015380975533
 RMS of alpha difference density:                      0.00006130482111
 RMS of beta  difference density:                      0.00008851019692
 Gap [au]:  0.67996372
 ALPHA OCC:   9
 BETA  OCC:   7
 
 ***HARTREE-FOCK ENERGY IN STEP   3 IS        -149.6831581546892380 [AU]
 ======================================================================
 ITERATION STEP   4
 CPU time [min]:     0.085                   Wall time [min]:     0.004
 
 Constructing alpha Fock-matrix...
 Number of integral batches:    1
 Occupied indices per batch:    9
 CPU time [min]:     0.096                   Wall time [min]:     0.005
 
 Gradient norm:      2.9299E-03
 DIIS is running in this iteration step.
 RMS of [F,P]:                                         0.00004119348391
 RMS of alpha difference density:                      0.00001127170146
 RMS of beta  difference density:                      0.00002153802657
 Gap [au]:  0.67986052
 ALPHA OCC:   9
 BETA  OCC:   7
 
 ***HARTREE-FOCK ENERGY IN STEP   4 IS        -149.6831790329007674 [AU]
 ======================================================================
 ITERATION STEP   5
 CPU time [min]:     0.104                   Wall time [min]:     0.005
 
 Constructing alpha Fock-matrix...
 Number of integral batches:    1
 Occupied indices per batch:    9
 CPU time [min]:     0.116                   Wall time [min]:     0.005
 
 Gradient norm:      6.8040E-04
 DIIS is running in this iteration step.
 RMS of [F,P]:                                         0.00001460367331
 RMS of alpha difference density:                      0.00000910903825
 RMS of beta  difference density:                      0.00000691472480
 Gap [au]:  0.67986279
 ALPHA OCC:   9
 BETA  OCC:   7
 
 ***HARTREE-FOCK ENERGY IN STEP   5 IS        -149.6831810058076258 [AU]
 ======================================================================
 ITERATION STEP   6
 CPU time [min]:     0.123                   Wall time [min]:     0.005
 
 Constructing alpha Fock-matrix...
 Number of integral batches:    1
 Occupied indices per batch:    9
 CPU time [min]:     0.135                   Wall time [min]:     0.006
 
 Gradient norm:      2.2614E-04
 DIIS is running in this iteration step.
 RMS of [F,P]:                                         0.00000425816323
 RMS of alpha difference density:                      0.00000349334860
 RMS of beta  difference density:                      0.00000293446853
 Gap [au]:  0.67984992
 ALPHA OCC:   9
 BETA  OCC:   7
 
 ***HARTREE-FOCK ENERGY IN STEP   6 IS        -149.6831813269648421 [AU]
 ======================================================================
 ITERATION STEP   7
 CPU time [min]:     0.143                   Wall time [min]:     0.006
 
 Constructing alpha Fock-matrix...
 Number of integral batches:    1
 Occupied indices per batch:    9
 CPU time [min]:     0.154                   Wall time [min]:     0.006
 
 Gradient norm:      3.9796E-05
 DIIS is running in this iteration step.
 RMS of [F,P]:                                         0.00000081891743
 RMS of alpha difference density:                      0.00000073091384
 RMS of beta  difference density:                      0.00000057414892
 Gap [au]:  0.67984491
 ALPHA OCC:   9
 BETA  OCC:   7
 
 ***HARTREE-FOCK ENERGY IN STEP   7 IS        -149.6831813621434435 [AU]
 ======================================================================
 ITERATION STEP   8
 CPU time [min]:     0.162                   Wall time [min]:     0.006
 
 Constructing alpha Fock-matrix...
 Number of integral batches:    1
 Occupied indices per batch:    9
 CPU time [min]:     0.174                   Wall time [min]:     0.007
 
 Gradient norm:      8.8162E-06
 DIIS is running in this iteration step.
 RMS of [F,P]:                                         0.00000015063333
 RMS of alpha difference density:                      0.00000010752769
 RMS of beta  difference density:                      0.00000012948975
 Gap [au]:  0.67984476
 ALPHA OCC:   9
 BETA  OCC:   7
 
 ***HARTREE-FOCK ENERGY IN STEP   8 IS        -149.6831813633769741 [AU]
 ======================================================================
 ITERATION STEP   9
 CPU time [min]:     0.182                   Wall time [min]:     0.007
 
 Constructing alpha Fock-matrix...
 Number of integral batches:    1
 Occupied indices per batch:    9
 CPU time [min]:     0.194                   Wall time [min]:     0.007
 
 Gradient norm:      1.5219E-06
 DIIS is running in this iteration step.
 RMS of [F,P]:                                         0.00000002059112
 RMS of alpha difference density:                      0.00000001393279
 RMS of beta  difference density:                      0.00000002175410
 Gap [au]:  0.67984477
 ALPHA OCC:   9
 BETA  OCC:   7
 
 ***HARTREE-FOCK ENERGY IN STEP   9 IS        -149.6831813634121033 [AU]
 ======================================================================
 
 SUCCESS...
 THE SCF ITERATION HAS CONVERGED!
 
                   A   
 FINAL ALPHA OCC:   9
 FINAL BETA  OCC:   7
 
 ***FINAL HARTREE-FOCK ENERGY:       -149.6831813634121033 [AU]
 
 Expectation value of S^2:  2.0456
 Average multiplicity:      3.0303
 
 Orbital energies [au]:
      Irrep         Alpha          Beta
    1   A        -20.754749     -20.699193
    2   A        -20.754084     -20.697994
    3   A         -1.716345      -1.585350
    4   A         -1.205999      -0.993754
    5   A         -0.844205      -0.704351
    6   A         -0.844205      -0.577033
    7   A         -0.765909      -0.577033
 
    8   A         -0.558001       0.102812
    9   A         -0.558001       0.102812
 
   10   A          0.335392       0.375920
   11   A          0.471560       0.484112
   12   A          0.513444       0.562758
   13   A          0.513444       0.562758
   14   A          0.577326       0.574610
   15   A          0.618806       0.695539
   16   A          0.618806       0.695539
   17   A          0.644862       0.697555
   18   A          0.899091       0.923114
   19   A          1.446546       1.499803
   20   A          1.446546       1.499803
   21   A          1.538085       1.595210
   22   A          1.538085       1.595210
   23   A          1.858036       1.954278
   24   A          1.858036       1.954278
   25   A          2.097645       2.128381
   26   A          2.379295       2.441478
   27   A          2.379295       2.441478
   28   A          2.428151       2.453301
   29   A          2.746218       2.865825
   30   A          2.746218       2.865825
   31   A          2.843667       2.897191
   32   A          3.077957       3.128156
   33   A          3.099993       3.198994
   34   A          3.099993       3.198994
   35   A          3.277771       3.311570
   36   A          4.631318       4.662204
   37   A          4.981591       5.019124
   38   A          4.981591       5.019124
   39   A          5.032222       5.063098
   40   A          5.032222       5.063098
   41   A          5.315371       5.376958
   42   A          5.315371       5.376958
   43   A          5.413152       5.460486
   44   A          5.562392       5.629744
   45   A          5.562392       5.629744
   46   A          6.120875       6.174995
   47   A          6.120875       6.174995
   48   A          6.488468       6.617758
   49   A          6.488468       6.617758
   50   A          6.705729       6.823098
   51   A          6.705729       6.823098
   52   A          6.759699       6.830864
   53   A          6.759699       6.830864
   54   A          6.826067       6.872582
   55   A          6.874854       6.940065
   56   A          6.874854       6.940065
   57   A          7.662207       7.690225
   58   A          7.662207       7.690225
   59   A          7.935772       7.965440
   60   A          9.144733       9.169356
   61   A         44.501890      44.532651
   62   A         45.043265      45.072791
 
 RETURNING FROM SCF ALGORITHM
 ======================================================================

 ************************ 2021-11-29 14:43:10 *************************
 Executing integ...

 Allocation of 170.0 Gbytes of memory...
 
 
 Basis set information:
 
 Maximum angular momentum: g
 Maximum number of contracted Gaussians:   10
 Maximum number of primitive Gaussians:    14
 Spherical harmonic GTOs are used.
 
 
 Conventional basis set:
 
    1  O  def2-tzvpp [ 11s 6p 2d 1f | 5s 3p 2d 1f ]
    2  O  def2-tzvpp [ 11s 6p 2d 1f | 5s 3p 2d 1f ]
 
 Basis functions:
            1             2             3             4             5             6             7             8             9            10
    0    1O1s          1O2s          1O3s          1O4s          1O5s          1O1pz         1O1py         1O1px         1O2pz         1O2py     
    1    1O2px         1O3pz         1O3py         1O3px         1O1d-2        1O1d-1        1O1d0         1O1d+1        1O1d+2        1O2d-2    
    2    1O2d-1        1O2d0         1O2d+1        1O2d+2        1O1f-3        1O1f-2        1O1f-1        1O1f0         1O1f+1        1O1f+2    
    3    1O1f+3        2O1s          2O2s          2O3s          2O4s          2O5s          2O1pz         2O1py         2O1px         2O2pz     
    4    2O2py         2O2px         2O3pz         2O3py         2O3px         2O1d-2        2O1d-1        2O1d0         2O1d+1        2O1d+2    
    5    2O2d-2        2O2d-1        2O2d0         2O2d+1        2O2d+2        2O1f-3        2O1f-2        2O1f-1        2O1f0         2O1f+1    
    6    2O1f+2        2O1f+3    
 
 Maximum number of basis functions per shell:   10
 Total number of basis functions:     62
 
 
 Fitting basis set for the SCF calculation:
 
    1  O  def2-qzvpp-ri-jk [ 14s 10p 6d 2f 1g | 10s 8p 4d 2f 1g ]
    2  O  def2-qzvpp-ri-jk [ 14s 10p 6d 2f 1g | 10s 8p 4d 2f 1g ]
 
 Basis functions:
            1             2             3             4             5             6             7             8             9            10
    0    1O1s          1O2s          1O3s          1O4s          1O5s          1O6s          1O7s          1O8s          1O9s          1O10s     
    1    1O1pz         1O1py         1O1px         1O2pz         1O2py         1O2px         1O3pz         1O3py         1O3px         1O4pz     
    2    1O4py         1O4px         1O5pz         1O5py         1O5px         1O6pz         1O6py         1O6px         1O7pz         1O7py     
    3    1O7px         1O8pz         1O8py         1O8px         1O1d-2        1O1d-1        1O1d0         1O1d+1        1O1d+2        1O2d-2    
    4    1O2d-1        1O2d0         1O2d+1        1O2d+2        1O3d-2        1O3d-1        1O3d0         1O3d+1        1O3d+2        1O4d-2    
    5    1O4d-1        1O4d0         1O4d+1        1O4d+2        1O1f-3        1O1f-2        1O1f-1        1O1f0         1O1f+1        1O1f+2    
    6    1O1f+3        1O2f-3        1O2f-2        1O2f-1        1O2f0         1O2f+1        1O2f+2        1O2f+3        1O1g-4        1O1g-3    
    7    1O1g-2        1O1g-1        1O1g0         1O1g+1        1O1g+2        1O1g+3        1O1g+4        2O1s          2O2s          2O3s      
    8    2O4s          2O5s          2O6s          2O7s          2O8s          2O9s          2O10s         2O1pz         2O1py         2O1px     
    9    2O2pz         2O2py         2O2px         2O3pz         2O3py         2O3px         2O4pz         2O4py         2O4px         2O5pz     
   10    2O5py         2O5px         2O6pz         2O6py         2O6px         2O7pz         2O7py         2O7px         2O8pz         2O8py     
   11    2O8px         2O1d-2        2O1d-1        2O1d0         2O1d+1        2O1d+2        2O2d-2        2O2d-1        2O2d0         2O2d+1    
   12    2O2d+2        2O3d-2        2O3d-1        2O3d0         2O3d+1        2O3d+2        2O4d-2        2O4d-1        2O4d0         2O4d+1    
   13    2O4d+2        2O1f-3        2O1f-2        2O1f-1        2O1f0         2O1f+1        2O1f+2        2O1f+3        2O2f-3        2O2f-2    
   14    2O2f-1        2O2f0         2O2f+1        2O2f+2        2O2f+3        2O1g-4        2O1g-3        2O1g-2        2O1g-1        2O1g0     
   15    2O1g+1        2O1g+2        2O1g+3        2O1g+4    
 
 Maximum number of basis functions per shell:   24
 Total number of basis functions:    154
 
 
 Fitting basis set for the correlation calculation:
 
    1  O  def2-tzvpp-ri [ 8s 6p 5d 3f 1g | 8s 6p 4d 3f 1g ]
    2  O  def2-tzvpp-ri [ 8s 6p 5d 3f 1g | 8s 6p 4d 3f 1g ]
 
 Basis functions:
            1             2             3             4             5             6             7             8             9            10
    0    1O1s          1O2s          1O3s          1O4s          1O5s          1O6s          1O7s          1O8s          1O1pz         1O1py     
    1    1O1px         1O2pz         1O2py         1O2px         1O3pz         1O3py         1O3px         1O4pz         1O4py         1O4px     
    2    1O5pz         1O5py         1O5px         1O6pz         1O6py         1O6px         1O1d-2        1O1d-1        1O1d0         1O1d+1    
    3    1O1d+2        1O2d-2        1O2d-1        1O2d0         1O2d+1        1O2d+2        1O3d-2        1O3d-1        1O3d0         1O3d+1    
    4    1O3d+2        1O4d-2        1O4d-1        1O4d0         1O4d+1        1O4d+2        1O1f-3        1O1f-2        1O1f-1        1O1f0     
    5    1O1f+1        1O1f+2        1O1f+3        1O2f-3        1O2f-2        1O2f-1        1O2f0         1O2f+1        1O2f+2        1O2f+3    
    6    1O3f-3        1O3f-2        1O3f-1        1O3f0         1O3f+1        1O3f+2        1O3f+3        1O1g-4        1O1g-3        1O1g-2    
    7    1O1g-1        1O1g0         1O1g+1        1O1g+2        1O1g+3        1O1g+4        2O1s          2O2s          2O3s          2O4s      
    8    2O5s          2O6s          2O7s          2O8s          2O1pz         2O1py         2O1px         2O2pz         2O2py         2O2px     
    9    2O3pz         2O3py         2O3px         2O4pz         2O4py         2O4px         2O5pz         2O5py         2O5px         2O6pz     
   10    2O6py         2O6px         2O1d-2        2O1d-1        2O1d0         2O1d+1        2O1d+2        2O2d-2        2O2d-1        2O2d0     
   11    2O2d+1        2O2d+2        2O3d-2        2O3d-1        2O3d0         2O3d+1        2O3d+2        2O4d-2        2O4d-1        2O4d0     
   12    2O4d+1        2O4d+2        2O1f-3        2O1f-2        2O1f-1        2O1f0         2O1f+1        2O1f+2        2O1f+3        2O2f-3    
   13    2O2f-2        2O2f-1        2O2f0         2O2f+1        2O2f+2        2O2f+3        2O3f-3        2O3f-2        2O3f-1        2O3f0     
   14    2O3f+1        2O3f+2        2O3f+3        2O1g-4        2O1g-3        2O1g-2        2O1g-1        2O1g0         2O1g+1        2O1g+2    
   15    2O1g+3        2O1g+4    
 
 Maximum number of basis functions per shell:   24
 Total number of basis functions:    152
 
 
 Old basis set for SCF restart
 
    1  O  def2-svp [ 7s 4p 1d | 3s 2p 1d ]
    2  O  def2-svp [ 7s 4p 1d | 3s 2p 1d ]
 
 Basis functions:
            1             2             3             4             5             6             7             8             9            10
    0    1O1s          1O2s          1O3s          1O1pz         1O1py         1O1px         1O2pz         1O2py         1O2px         1O1d-2    
    1    1O1d-1        1O1d0         1O1d+1        1O1d+2        2O1s          2O2s          2O3s          2O1pz         2O1py         2O1px     
    2    2O2pz         2O2py         2O2px         2O1d-2        2O1d-1        2O1d0         2O1d+1        2O1d+2    
 
 Maximum number of basis functions per shell:   24
 Total number of basis functions:     28
 
 
 Calculation of prescreening integrals...
 CPU time [min]:     0.015                   Wall time [min]:     0.004
 
 Calculation of two-center Coulomb integrals...
   3% done.
  20% done.
  31% done.
  45% done.
  65% done.
  89% done.
 100% done.
 CPU time [min]:     0.020                   Wall time [min]:     0.004
 
 Calculation of inverse square root of the two-center integral matrix...
 CPU time [min]:     0.031                   Wall time [min]:     0.004
 
 Calculation of three-center Coulomb integrals...
   1% done.
  15% done.
  34% done.
  53% done.
  79% done.
 100% done.
 CPU time [min]:     0.051                   Wall time [min]:     0.005

 ************************ 2021-11-29 14:43:10 *************************
 Executing drpa...

 Three-index integral transformation
 
 Allocation of 170.0 Gbytes of memory...
 
 Alpha-alpha contribution
 Calculating (ai|P) and (ij|P) integrals...
 Number of integral batches:    1
 Occupied indices per batch:    7
 
 Transforming integrals of batch 1...
 CPU time [min]:     0.007                   Wall time [min]:     0.002
 
 Calculating (ab|P) integrals...
 Number of integral batches:    1
 Virtual indices per batch:    53
 
 Transforming integrals of batch 1...
 CPU time [min]:     0.014                   Wall time [min]:     0.002
 
 Beta-beta and alpha-beta contribution
 Calculating (ai|P) and (ij|P) integrals...
 Number of integral batches:    1
 Occupied indices per batch:    5
 
 Transforming integrals of batch 1...
 CPU time [min]:     0.025                   Wall time [min]:     0.002
 
 Calculating (ab|P) integrals...
 Number of integral batches:    1
 Virtual indices per batch:    55
 
 Transforming integrals of batch 1...
 CPU time [min]:     0.031                   Wall time [min]:     0.002

 ************************ 2021-11-29 14:43:10 *************************
 Executing uccsd...

 Allocation of 170.0 Gbytes of memory...
 
 UHF reference wavefunction.
 Canonical density-fitting CCSD(T) calculation.
 Number of correlated alpha electrons:        7
 Number of correlated beta electrons:         5
 Number of virtual alpha orbitals:           53
 Number of virtual beta orbitals:            55
 Number of auxiliary basis functions:       152
 Minimal memory requirement for CCSD:   8.04 MB
 Disk space requirement for CCSD:      31.94 MB
 Minimal memory requirement for (T):   11.22 MB
 Disk space requirement for (T):       37.29 MB
 
 Assembling four center integrals... Done!
 CPU time [min]:     0.032                   Wall time [min]:     0.002
 
 Reference energy [au]:            -149.683181363412
 T1 contributions [au]:              -0.000000000000
 MP2 correlation energy [au]:        -0.431701450352
 Total MP2 energy [au]:            -150.114882813764
 
 Starting CCSD iterations...
 
                     Residual norm     Correlation energy [au]
 -------------------------------------------------------------
 Iteration  1       0.082457360019        -0.417390077368
 Iteration  2       0.024659209096        -0.432048919832
 Iteration  3       0.010775235165        -0.434462961625
 Iteration  4       0.001897923335        -0.434366256125
 Iteration  5       0.000478474328        -0.434339674192
 Iteration  6       0.000136196802        -0.434346172799
 Iteration  7       0.000037014098        -0.434349495179
 Iteration  8       0.000009650407        -0.434349853672
 
 CCSD iteration has converged in  8 steps.
 
 T1 contribution [au]:               -0.000000000000
 CCSD correlation energy [au]:       -0.434349853672
 Total CCSD energy [au]:           -150.117531217084
 
 Alpha T1 diagnostic:      1.792E-02      D1 diagnostic:      2.539E-02
 Beta  T1 diagnostic:      3.049E-02      D1 diagnostic:      4.278E-02
 CPU time [min]:     1.230                   Wall time [min]:     0.033
 
 Calculation of (T) correction...
   1% done.
  15% done.
  29% done.
  43% done.
  61% done.
  80% done.
 100% done.
 
 (T) correlation energy [au]:        -0.017564993078
 CCSD(T) correlation energy [au]:    -0.451914846749
 Total CCSD(T) energy [au]:        -150.135096210161
 CPU time [min]:     1.527                   Wall time [min]:     0.041
 
 ************************ 2021-11-29 14:43:13 *************************
                      Normal termination of mrcc.
 **********************************************************************
