 **********************************************************************
                          MRCC program system
 **********************************************************************
 
                              Written by
 Mihaly Kallay, Peter R. Nagy, David Mester, Zoltan Rolik, Gyula Samu,
   Jozsef Csontos, Jozsef Csoka, P. Bernat Szabo, Laszlo Gyevi-Nagy,
    Bence Hegely, Istvan Ladjanszki, Lorant Szegedy, Bence Ladoczki,
       Klara Petrov, Mate Farkas, Pal D. Mezei, and Adam Ganyecz
 
        Department of Physical Chemistry and Materials Science
            Budapest University of Technology and Economics
                  Budapest P.O.Box 91, H-1521 Hungary
 
                              www.mrcc.hu
 
                    Release date: February 22, 2020

 ************************ 2021-11-29 13:55:42 *************************
 Executing minp...

 Reading input from MINP...
 
 Input file:
 
calc=SCF
dft=SCAN
scftype=uks
verbosity=3
mem=170GB
symm=off
unit=angs
scfiguess=small
scfmaxit=1000


core=1
mult=3
basis=def2-QZVPP

basis_sm=def2-SVP

dfbasis_scf=def2-QZVPP-RI-JK

dfbasis_cor=def2-QZVPP-RI

unit=angs
geom=xyz
2

O     0.00000000000    0.00000000000    0.00000000000
O     0.00000000000    0.00000000000    1.20739000000

ghost=serialno
2
 
 
 Checking keyword combinations...
 
 Keywords:
 
 active=none
 agrid=ld0006-ld0590
 basis=def2-qzvpp
 basis_sm=def2-svp
 basopt=off
 bfbasis=none
 bfgsmem=10
 bfgstol=1.0d-3
 bpcompo=0.985
 bpcompv=0.98
 bpdfo=0.985
 bpocc=0.985
 bppdo=0.985
 bppdv=0.98
 bpedo=0.985
 bpedv=0.98
 calc=scf
 ccmaxit=50
 ccprog=mrcc
 ccsdalg=disk
 ccsdmkl=seq
 ccsdrest=off
 ccsdthreads=2
 cctol=6
 charge=0
 cialg=disk
 ciguess=off
 cmpgrp=auto
 core=1
 corembed=off
 csapprox=off
 dboc=off
 dendec=cholesky
 dens=0
 dfalg=lineq
 dfbasis_cor=def2-qzvpp-ri
 dfbasis_scf=def2-qzvpp-ri-jk
 dfintran=drpa
 dft=scan
 dhexc=adc(2)
 diag=david
 docc=
 domrad=10.d0
 drpaalg=fit
 dual=off
 ecp=auto
 edisp=off
 edisp_embed=off
 embed=off
 epert=none
 eps=0.975
 excrad=0.d0
 excrad_fin=0.000000000D+00
 fmm=off
 fmmord=8
 freq=off
 gauss=spher
 geom=xyz
 gopt=off
 ghost=serialno
 gtol=7
 grdens=off
 grtol=10
 hamilton=dc
 iface=none
 intalg=auto
 itol=10
 laptol=1.d-2
 lccoporder=trffirst
 lcorthr=normal
 lccrest=off
 lmp2dens=on
 lnoepso=0.d0
 lnoepsv=1e-6
 localcc=off
 localcorrsymm=off
 locintrf=disk
 mact=
 maxact=off
 maxdim=100
 maxex=0
 maxmicroit=100
 mcscfiguess=hf
 mem=170gb
 molden=on
 mpitasks=1
 mulmet=0
 mult=3
 nacto=0
 nactv=0
 naf_cor=off
 naf_scf=off
 nafalg=albe
 naftyp=
 nchol=auto
 ndeps=1e-3
 nstate=1
 nsing=0
 ntrip=0
 occ=
 oniom=off
 oniom_eechg=off
 oniom_pcm=off
 optalg=
 optmaxit=50
 optetol=1e-6
 optex=   0
 optgtol=1e-4
 optstol=1e-3
 orblocc=off
 orbloce=off
 orbloco=off
 orblocv=off
 orblocguess=cholesky
 osveps=1e-3
 ovirt=off
 ovltol=1e-7
 ovosnorb=80.0
 pcm=off
 popul=off
 pressure=100000
 pssp=off
 ptfreq=0.0
 ptthreads=2
 qscf=off
 qmmm=off
 redcost_exc=off
 redcost_tddft=off
 refdet=none
 rest=0
 rgrid=log3
 rohfcore=semicanonical
 rohftype=standard
 scfalg=auto
 scfdamp=off
 scfdiis=on
 scfdiis_end=1000
 scfdiis_start=1
 scfdiis_step=1
 scfdtol=6
 scfext=10
 scfguessdens=
 scfiguess=small
 scflshift=off
 scfmaxit=1000
 scftype=uhf
 scftol=6
 scspe=1.d0
 scsph=1.d0
 scsps=1.2d0
 scspt=0.33333333333333
 scspv=1.d0
 spairtol=1e-4
 subminp=top
 symm=0
 talg=occ
 temp=298.15
 test=off
 theodore=off
 tlmo=0.999
 tpao=0.94
 tprint=off
 uncontract=off
 unit=angs
 usedisk=2
 verbosity=3
 wpairtol=0.100000000E-05
 
 Calculating integrals for small-basis SCF...

 ************************ 2021-11-29 13:55:43 *************************
 Executing integ...

 Allocation of 170.0 Gbytes of memory...
 
 
 Number of atoms:                  2
 Charge:                           0
 Number of electrons:              8
 Number of core electrons:         2
 Spin multiplicity:                3
 
                 Cartesian coordinates [bohr]      Atomic mass [AMU]  Z
   1  O     0.00000000    0.00000000    0.00000000    15.994915       8
   2  O     0.00000000    0.00000000    2.28163643     0.000000       0
 
 This molecule is linear.
 
 Point group: Cxv 
 Computational point group: C1  
 
 Cartesian coordinates in standard orientation [bohr]
   1  O     0.00000000    0.00000000   -0.20742149
   2  O     0.00000000    0.00000000    2.07421493
 
 Nuclear repulsion energy [au]:          0.000000000000
 
 
 Basis set information:
 
 Maximum angular momentum: g
 Maximum number of contracted Gaussians:   10
 Maximum number of primitive Gaussians:    14
 Spherical harmonic GTOs are used.
 
 
 Conventional basis set:
 
    1  O  def2-svp [ 7s 4p 1d | 3s 2p 1d ]
    2  O  def2-svp [ 7s 4p 1d | 3s 2p 1d ]
 
 Basis functions:
            1             2             3             4             5             6             7             8             9            10
    0    1O1s          1O2s          1O3s          1O1pz         1O1py         1O1px         1O2pz         1O2py         1O2px         1O1d-2    
    1    1O1d-1        1O1d0         1O1d+1        1O1d+2        2O1s          2O2s          2O3s          2O1pz         2O1py         2O1px     
    2    2O2pz         2O2py         2O2px         2O1d-2        2O1d-1        2O1d0         2O1d+1        2O1d+2    
 
 Maximum number of basis functions per shell:    6
 Total number of basis functions:     28
 
 
 Fitting basis set for the SCF calculation:
 
    1  O  def2-qzvpp-ri-jk [ 14s 10p 6d 2f 1g | 10s 8p 4d 2f 1g ]
    2  O  def2-qzvpp-ri-jk [ 14s 10p 6d 2f 1g | 10s 8p 4d 2f 1g ]
 
 Basis functions:
            1             2             3             4             5             6             7             8             9            10
    0    1O1s          1O2s          1O3s          1O4s          1O5s          1O6s          1O7s          1O8s          1O9s          1O10s     
    1    1O1pz         1O1py         1O1px         1O2pz         1O2py         1O2px         1O3pz         1O3py         1O3px         1O4pz     
    2    1O4py         1O4px         1O5pz         1O5py         1O5px         1O6pz         1O6py         1O6px         1O7pz         1O7py     
    3    1O7px         1O8pz         1O8py         1O8px         1O1d-2        1O1d-1        1O1d0         1O1d+1        1O1d+2        1O2d-2    
    4    1O2d-1        1O2d0         1O2d+1        1O2d+2        1O3d-2        1O3d-1        1O3d0         1O3d+1        1O3d+2        1O4d-2    
    5    1O4d-1        1O4d0         1O4d+1        1O4d+2        1O1f-3        1O1f-2        1O1f-1        1O1f0         1O1f+1        1O1f+2    
    6    1O1f+3        1O2f-3        1O2f-2        1O2f-1        1O2f0         1O2f+1        1O2f+2        1O2f+3        1O1g-4        1O1g-3    
    7    1O1g-2        1O1g-1        1O1g0         1O1g+1        1O1g+2        1O1g+3        1O1g+4        2O1s          2O2s          2O3s      
    8    2O4s          2O5s          2O6s          2O7s          2O8s          2O9s          2O10s         2O1pz         2O1py         2O1px     
    9    2O2pz         2O2py         2O2px         2O3pz         2O3py         2O3px         2O4pz         2O4py         2O4px         2O5pz     
   10    2O5py         2O5px         2O6pz         2O6py         2O6px         2O7pz         2O7py         2O7px         2O8pz         2O8py     
   11    2O8px         2O1d-2        2O1d-1        2O1d0         2O1d+1        2O1d+2        2O2d-2        2O2d-1        2O2d0         2O2d+1    
   12    2O2d+2        2O3d-2        2O3d-1        2O3d0         2O3d+1        2O3d+2        2O4d-2        2O4d-1        2O4d0         2O4d+1    
   13    2O4d+2        2O1f-3        2O1f-2        2O1f-1        2O1f0         2O1f+1        2O1f+2        2O1f+3        2O2f-3        2O2f-2    
   14    2O2f-1        2O2f0         2O2f+1        2O2f+2        2O2f+3        2O1g-4        2O1g-3        2O1g-2        2O1g-1        2O1g0     
   15    2O1g+1        2O1g+2        2O1g+3        2O1g+4    
 
 Maximum number of basis functions per shell:   24
 Total number of basis functions:    154
 
 
 Generating atomic densities for the SCF calculation...
 CPU time [min]:     0.125                   Wall time [min]:     0.019
 
 Character table for point group C1:
 
          E  
    A     1
 
 Number of basis functions per irrep:
    A      28
 
 
 Density functional: SCAN
 Constructing integration grid for DFT...
 Angular integration grid: adaptive 590-point Lebedev quadrature
 Radial integration grid: Log3 quadrature
 Total number of grid points: 21132       
 CPU time [min]:     0.476                   Wall time [min]:     0.029
 
 Calculation of overlap integrals...
 CPU time [min]:     0.478                   Wall time [min]:     0.029
 
 Calculation of the square root of the overlap matrix...
 Minimum eigenvalue of the overlap matrix: 0.150377E-01
 CPU time [min]:     0.485                   Wall time [min]:     0.029
 
 Calculation of kinetic energy integrals...
 CPU time [min]:     0.485                   Wall time [min]:     0.029
 Calculation of nuclear attraction integrals...
 CPU time [min]:     0.486                   Wall time [min]:     0.029
 
 Calculation of prescreening integrals...
 CPU time [min]:     0.491                   Wall time [min]:     0.029
 
 Calculation of two-center Coulomb integrals...
   5% done.
  20% done.
  32% done.
  52% done.
  72% done.
  89% done.
 100% done.
 CPU time [min]:     0.498                   Wall time [min]:     0.029
 
 Calculation of inverse square root of the two-center integral matrix...
 CPU time [min]:     0.534                   Wall time [min]:     0.030
 
 Calculation of three-center Coulomb integrals...
   1% done.
  26% done.
  38% done.
  68% done.
 100% done.
 CPU time [min]:     0.545                   Wall time [min]:     0.030
 
 Running small-basis SCF...

 ************************ 2021-11-29 13:55:45 *************************
 Executing scf...

 @scfsetup: integrals taken from disk
            mrcc/integ binary format
 @scfsetup: calculating on full matrices
            not using symmetry adapted basis
 @scfsetup: diis switched on
 @scfsetup: number of steps to extrapolate from  10
 @scfsetup: tolerance in energy deviation    0.100000E-05
            tolerance in density deviation    0.100000E-05
 @scfsetup: maximum number of iterations:1000
 @scfsetup: unrestricted hf calc
 @scfsetup: starting scf from superposition of atomic densities
 @scfsetup: occupation set:
            from initial orbitals
 @scfsetup: diis runs from iteration:   1
 @scfsetup: diis runs to iteration:1000
 @scfsetup: diis runs in every iteration
 Allocation of 170.0 Gbytes of memory...
 ======================================================================
 ITERATION STEP   1
 CPU time [min]:     0.007                   Wall time [min]:     0.002
 
 Constructing alpha Fock-matrix...
 CPU time [min]:     0.014                   Wall time [min]:     0.003
 
 Calculating the exchange-correlation matrix...
           1.0000*MGGA_X_SCAN [au]:     -8.070083202220
           1.0000*MGGA_C_SCAN [au]:     -0.233987090327
 Exchange-correlation energy  [au]:     -8.304070292547
 CPU time [min]:     0.183                   Wall time [min]:     0.008
 
 Coulomb energy + HF exchange [au]:     35.572141948191
 Gradient norm:      7.7521E-01
 RMS of alpha difference density:                      0.00344092648664
 RMS of beta  difference density:                      0.00161693992402
 Gap [au]:  0.07894406
 ALPHA OCC:   5
 BETA  OCC:   3
 
 ***KOHN-SHAM ENERGY IN STEP   1 IS            -74.9361359001847660 [AU]
 ======================================================================
 ITERATION STEP   2
 CPU time [min]:     0.187                   Wall time [min]:     0.008
 
 Constructing alpha Fock-matrix...
 CPU time [min]:     0.195                   Wall time [min]:     0.008
 
 Calculating the exchange-correlation matrix...
           1.0000*MGGA_X_SCAN [au]:     -8.151460048069
           1.0000*MGGA_C_SCAN [au]:     -0.235116411688
 Exchange-correlation energy  [au]:     -8.386576459757
 CPU time [min]:     0.366                   Wall time [min]:     0.013
 
 Coulomb energy + HF exchange [au]:     36.152852261681
 Gradient norm:      9.0498E-02
 DIIS is running in this iteration step.
 RMS of [F,P]:                                         0.01219800452576
 RMS of alpha difference density:                      0.00168078503675
 RMS of beta  difference density:                      0.00072633408423
 Gap [au]:  0.07932282
 ALPHA OCC:   5
 BETA  OCC:   3
 
 ***KOHN-SHAM ENERGY IN STEP   2 IS            -74.9626924703709676 [AU]
 ======================================================================
 ITERATION STEP   3
 CPU time [min]:     0.377                   Wall time [min]:     0.013
 
 Constructing alpha Fock-matrix...
 CPU time [min]:     0.393                   Wall time [min]:     0.014
 
 Calculating the exchange-correlation matrix...
           1.0000*MGGA_X_SCAN [au]:     -8.185979165807
           1.0000*MGGA_C_SCAN [au]:     -0.235558172127
 Exchange-correlation energy  [au]:     -8.421537337933
 CPU time [min]:     0.526                   Wall time [min]:     0.017
 
 Coulomb energy + HF exchange [au]:     36.401124008442
 Gradient norm:      3.6706E-02
 DIIS is running in this iteration step.
 RMS of [F,P]:                                         0.00833245014710
 RMS of alpha difference density:                      0.00065977217146
 RMS of beta  difference density:                      0.00082664396384
 Gap [au]:  0.08131204
 ALPHA OCC:   5
 BETA  OCC:   3
 
 ***KOHN-SHAM ENERGY IN STEP   3 IS            -74.9700457291729663 [AU]
 ======================================================================
 ITERATION STEP   4
 CPU time [min]:     0.531                   Wall time [min]:     0.018
 
 Constructing alpha Fock-matrix...
 CPU time [min]:     0.540                   Wall time [min]:     0.018
 
 Calculating the exchange-correlation matrix...
           1.0000*MGGA_X_SCAN [au]:     -8.192209220654
           1.0000*MGGA_C_SCAN [au]:     -0.235332235559
 Exchange-correlation energy  [au]:     -8.427541456213
 CPU time [min]:     0.672                   Wall time [min]:     0.021
 
 Coulomb energy + HF exchange [au]:     36.420679837365
 Gradient norm:      8.4953E-02
 DIIS is running in this iteration step.
 RMS of [F,P]:                                         0.00634525620074
 RMS of alpha difference density:                      0.00275242876655
 RMS of beta  difference density:                      0.00220199026104
 Gap [au]:  0.08664584
 ALPHA OCC:   5
 BETA  OCC:   3
 
 ***KOHN-SHAM ENERGY IN STEP   4 IS            -74.9763318643395564 [AU]
 ======================================================================
 ITERATION STEP   5
 CPU time [min]:     0.677                   Wall time [min]:     0.021
 
 Constructing alpha Fock-matrix...
 CPU time [min]:     0.687                   Wall time [min]:     0.022
 
 Calculating the exchange-correlation matrix...
           1.0000*MGGA_X_SCAN [au]:     -8.219680589332
           1.0000*MGGA_C_SCAN [au]:     -0.235566988087
 Exchange-correlation energy  [au]:     -8.455247577419
 CPU time [min]:     0.782                   Wall time [min]:     0.024
 
 Coulomb energy + HF exchange [au]:     36.643074776216
 Gradient norm:      1.5998E-02
 DIIS is running in this iteration step.
 RMS of [F,P]:                                         0.00050953069168
 RMS of alpha difference density:                      0.00019578027937
 RMS of beta  difference density:                      0.00029603499667
 Gap [au]:  0.08430661
 ALPHA OCC:   5
 BETA  OCC:   3
 
 ***KOHN-SHAM ENERGY IN STEP   5 IS            -74.9754407799827902 [AU]
 ======================================================================
 ITERATION STEP   6
 CPU time [min]:     0.787                   Wall time [min]:     0.024
 
 Constructing alpha Fock-matrix...
 CPU time [min]:     0.797                   Wall time [min]:     0.024
 
 Calculating the exchange-correlation matrix...
           1.0000*MGGA_X_SCAN [au]:     -8.221018876457
           1.0000*MGGA_C_SCAN [au]:     -0.235646182152
 Exchange-correlation energy  [au]:     -8.456665058608
 CPU time [min]:     0.893                   Wall time [min]:     0.027
 
 Coulomb energy + HF exchange [au]:     36.654970468719
 Gradient norm:      7.2233E-03
 DIIS is running in this iteration step.
 RMS of [F,P]:                                         0.00019989387086
 RMS of alpha difference density:                      0.00008403820202
 RMS of beta  difference density:                      0.00008801474048
 Gap [au]:  0.08386464
 ALPHA OCC:   5
 BETA  OCC:   3
 
 ***KOHN-SHAM ENERGY IN STEP   6 IS            -74.9754971707130693 [AU]
 ======================================================================
 ITERATION STEP   7
 CPU time [min]:     0.897                   Wall time [min]:     0.027
 
 Constructing alpha Fock-matrix...
 CPU time [min]:     0.908                   Wall time [min]:     0.027
 
 Calculating the exchange-correlation matrix...
           1.0000*MGGA_X_SCAN [au]:     -8.220550283176
           1.0000*MGGA_C_SCAN [au]:     -0.235659136000
 Exchange-correlation energy  [au]:     -8.456209419176
 CPU time [min]:     1.003                   Wall time [min]:     0.030
 
 Coulomb energy + HF exchange [au]:     36.652719298087
 Gradient norm:      3.8277E-03
 DIIS is running in this iteration step.
 RMS of [F,P]:                                         0.00010557610146
 RMS of alpha difference density:                      0.00005081467750
 RMS of beta  difference density:                      0.00005422508234
 Gap [au]:  0.08364342
 ALPHA OCC:   5
 BETA  OCC:   3
 
 ***KOHN-SHAM ENERGY IN STEP   7 IS            -74.9755067220680189 [AU]
 ======================================================================
 ITERATION STEP   8
 CPU time [min]:     1.008                   Wall time [min]:     0.030
 
 Constructing alpha Fock-matrix...
 CPU time [min]:     1.018                   Wall time [min]:     0.030
 
 Calculating the exchange-correlation matrix...
           1.0000*MGGA_X_SCAN [au]:     -8.220193423273
           1.0000*MGGA_C_SCAN [au]:     -0.235665977947
 Exchange-correlation energy  [au]:     -8.455859401221
 CPU time [min]:     1.114                   Wall time [min]:     0.032
 
 Coulomb energy + HF exchange [au]:     36.650841067270
 Gradient norm:      1.7167E-03
 DIIS is running in this iteration step.
 RMS of [F,P]:                                         0.00004739436756
 RMS of alpha difference density:                      0.00003699791075
 RMS of beta  difference density:                      0.00003988392301
 Gap [au]:  0.08349076
 ALPHA OCC:   5
 BETA  OCC:   3
 
 ***KOHN-SHAM ENERGY IN STEP   8 IS            -74.9755097296631732 [AU]
 ======================================================================
 ITERATION STEP   9
 CPU time [min]:     1.118                   Wall time [min]:     0.033
 
 Constructing alpha Fock-matrix...
 CPU time [min]:     1.128                   Wall time [min]:     0.033
 
 Calculating the exchange-correlation matrix...
           1.0000*MGGA_X_SCAN [au]:     -8.219934878692
           1.0000*MGGA_C_SCAN [au]:     -0.235670985993
 Exchange-correlation energy  [au]:     -8.455605864686
 CPU time [min]:     1.224                   Wall time [min]:     0.035
 
 Coulomb energy + HF exchange [au]:     36.649477839888
 Gradient norm:      1.9328E-04
 DIIS is running in this iteration step.
 RMS of [F,P]:                                         0.00000538962932
 RMS of alpha difference density:                      0.00000790532574
 RMS of beta  difference density:                      0.00000871157271
 Gap [au]:  0.08347012
 ALPHA OCC:   5
 BETA  OCC:   3
 
 ***KOHN-SHAM ENERGY IN STEP   9 IS            -74.9755104933049381 [AU]
 ======================================================================
 ITERATION STEP  10
 CPU time [min]:     1.229                   Wall time [min]:     0.035
 
 Constructing alpha Fock-matrix...
 CPU time [min]:     1.239                   Wall time [min]:     0.036
 
 Calculating the exchange-correlation matrix...
           1.0000*MGGA_X_SCAN [au]:     -8.219877796181
           1.0000*MGGA_C_SCAN [au]:     -0.235672001110
 Exchange-correlation energy  [au]:     -8.455549797291
 CPU time [min]:     1.335                   Wall time [min]:     0.038
 
 Coulomb energy + HF exchange [au]:     36.649175668871
 Gradient norm:      1.3150E-04
 DIIS is running in this iteration step.
 RMS of [F,P]:                                         0.00000368673680
 RMS of alpha difference density:                      0.00000298007865
 RMS of beta  difference density:                      0.00000332328452
 Gap [au]:  0.08348378
 ALPHA OCC:   5
 BETA  OCC:   3
 
 ***KOHN-SHAM ENERGY IN STEP  10 IS            -74.9755105002772382 [AU]
 ======================================================================
 ITERATION STEP  11
 CPU time [min]:     1.339                   Wall time [min]:     0.038
 
 Constructing alpha Fock-matrix...
 CPU time [min]:     1.349                   Wall time [min]:     0.038
 
 Calculating the exchange-correlation matrix...
           1.0000*MGGA_X_SCAN [au]:     -8.219898770522
           1.0000*MGGA_C_SCAN [au]:     -0.235671598040
 Exchange-correlation energy  [au]:     -8.455570368562
 CPU time [min]:     1.444                   Wall time [min]:     0.041
 
 Coulomb energy + HF exchange [au]:     36.649286568324
 Gradient norm:      9.7627E-06
 DIIS is running in this iteration step.
 RMS of [F,P]:                                         0.00000031853540
 RMS of alpha difference density:                      0.00000020719651
 RMS of beta  difference density:                      0.00000167078373
 Gap [au]:  0.08348447
 ALPHA OCC:   5
 BETA  OCC:   3
 
 ***KOHN-SHAM ENERGY IN STEP  11 IS            -74.9755105048276675 [AU]
 ======================================================================
 ITERATION STEP  12
 CPU time [min]:     1.449                   Wall time [min]:     0.041
 
 Constructing alpha Fock-matrix...
 CPU time [min]:     1.459                   Wall time [min]:     0.041
 
 Calculating the exchange-correlation matrix...
           1.0000*MGGA_X_SCAN [au]:     -8.219899774041
           1.0000*MGGA_C_SCAN [au]:     -0.235671573251
 Exchange-correlation energy  [au]:     -8.455571347292
 CPU time [min]:     1.554                   Wall time [min]:     0.043
 
 Coulomb energy + HF exchange [au]:     36.649291603542
 Gradient norm:      7.8984E-06
 DIIS is running in this iteration step.
 RMS of [F,P]:                                         0.00000017139582
 RMS of alpha difference density:                      0.00000041520191
 RMS of beta  difference density:                      0.00000511905318
 Gap [au]:  0.08348443
 ALPHA OCC:   5
 BETA  OCC:   3
 
 ***KOHN-SHAM ENERGY IN STEP  12 IS            -74.9755105050221999 [AU]
 ======================================================================
 ITERATION STEP  13
 CPU time [min]:     1.558                   Wall time [min]:     0.044
 
 Constructing alpha Fock-matrix...
 CPU time [min]:     1.568                   Wall time [min]:     0.044
 
 Calculating the exchange-correlation matrix...
           1.0000*MGGA_X_SCAN [au]:     -8.219899761657
           1.0000*MGGA_C_SCAN [au]:     -0.235671576661
 Exchange-correlation energy  [au]:     -8.455571338317
 CPU time [min]:     1.663                   Wall time [min]:     0.046
 
 Coulomb energy + HF exchange [au]:     36.649291669081
 Gradient norm:      2.9955E-06
 DIIS is running in this iteration step.
 RMS of [F,P]:                                         0.00000009051906
 RMS of alpha difference density:                      0.00000011607214
 RMS of beta  difference density:                      0.00000111894197
 Gap [au]:  0.08348474
 ALPHA OCC:   5
 BETA  OCC:   3
 
 ***KOHN-SHAM ENERGY IN STEP  13 IS            -74.9755105053078807 [AU]
 ======================================================================
 ITERATION STEP  14
 CPU time [min]:     1.668                   Wall time [min]:     0.046
 
 Constructing alpha Fock-matrix...
 CPU time [min]:     1.678                   Wall time [min]:     0.047
 
 Calculating the exchange-correlation matrix...
           1.0000*MGGA_X_SCAN [au]:     -8.219900221284
           1.0000*MGGA_C_SCAN [au]:     -0.235671567286
 Exchange-correlation energy  [au]:     -8.455571788570
 CPU time [min]:     1.773                   Wall time [min]:     0.049
 
 Coulomb energy + HF exchange [au]:     36.649294091301
 Gradient norm:      1.9895E-07
 DIIS is running in this iteration step.
 RMS of [F,P]:                                         0.00000000544979
 RMS of alpha difference density:                      0.00000001258689
 RMS of beta  difference density:                      0.00000015098395
 Gap [au]:  0.08348475
 ALPHA OCC:   5
 BETA  OCC:   3
 
 ***KOHN-SHAM ENERGY IN STEP  14 IS            -74.9755105053216226 [AU]
 ======================================================================
 
 SUCCESS...
 THE SCF ITERATION HAS CONVERGED!
 
                   A   
 FINAL ALPHA OCC:   5
 FINAL BETA  OCC:   3
 
 ***FINAL KOHN-SHAM ENERGY:           -74.9755105053216226 [AU]
 
 Expectation value of S^2:  2.0031
 Average multiplicity:      3.0021
 
 Orbital energies [au]:
      Irrep         Alpha          Beta
    1   A        -19.115533     -19.033405
    2   A         -0.953541      -0.771951
    3   A         -0.412203      -0.273747
 
    4   A         -0.411922      -0.190262
    5   A         -0.326314      -0.189858
 
    6   A          0.349994       0.402244
    7   A          0.599745       0.657185
    8   A          0.613282       0.666646
    9   A          0.719327       0.802310
   10   A          0.900057       0.962296
   11   A          0.953075       1.026771
   12   A          0.965294       1.040983
   13   A          1.051591       1.142729
   14   A          1.945248       1.965032
   15   A          2.467457       2.570981
   16   A          2.508136       2.579841
   17   A          2.510992       2.620873
   18   A          2.526337       2.637767
   19   A          2.912068       3.029045
   20   A          4.237727       4.155185
   21   A          4.237914       4.171909
   22   A          4.657663       4.524492
   23   A          4.672658       4.562870
   24   A          5.115694       4.948484
   25   A          5.421026       5.189821
   26   A          5.422582       5.257223
   27   A          6.086454       5.972770
   28   A         35.469215      34.133317
 
 RETURNING FROM SCF ALGORITHM
 ======================================================================

 ************************ 2021-11-29 13:55:48 *************************
 Executing integ...

 Allocation of 170.0 Gbytes of memory...
 
 
 Number of atoms:                  2
 Charge:                           0
 Number of electrons:              8
 Number of core electrons:         2
 Spin multiplicity:                3
 
                 Cartesian coordinates [bohr]      Atomic mass [AMU]  Z
   1  O     0.00000000    0.00000000    0.00000000    15.994915       8
   2  O     0.00000000    0.00000000    2.28163643     0.000000       0
 
 This molecule is linear.
 
 Point group: Cxv 
 Computational point group: C1  
 
 Cartesian coordinates in standard orientation [bohr]
   1  O     0.00000000    0.00000000   -0.20742149
   2  O     0.00000000    0.00000000    2.07421493
 
 Nuclear repulsion energy [au]:          0.000000000000
 
 
 Basis set information:
 
 Maximum angular momentum: h
 Maximum number of contracted Gaussians:   10
 Maximum number of primitive Gaussians:    15
 Spherical harmonic GTOs are used.
 
 
 Conventional basis set:
 
    1  O  def2-qzvpp [ 15s 8p 3d 2f 1g | 7s 4p 3d 2f 1g ]
    2  O  def2-qzvpp [ 15s 8p 3d 2f 1g | 7s 4p 3d 2f 1g ]
 
 Basis functions:
            1             2             3             4             5             6             7             8             9            10
    0    1O1s          1O2s          1O3s          1O4s          1O5s          1O6s          1O7s          1O1pz         1O1py         1O1px     
    1    1O2pz         1O2py         1O2px         1O3pz         1O3py         1O3px         1O4pz         1O4py         1O4px         1O1d-2    
    2    1O1d-1        1O1d0         1O1d+1        1O1d+2        1O2d-2        1O2d-1        1O2d0         1O2d+1        1O2d+2        1O3d-2    
    3    1O3d-1        1O3d0         1O3d+1        1O3d+2        1O1f-3        1O1f-2        1O1f-1        1O1f0         1O1f+1        1O1f+2    
    4    1O1f+3        1O2f-3        1O2f-2        1O2f-1        1O2f0         1O2f+1        1O2f+2        1O2f+3        1O1g-4        1O1g-3    
    5    1O1g-2        1O1g-1        1O1g0         1O1g+1        1O1g+2        1O1g+3        1O1g+4        2O1s          2O2s          2O3s      
    6    2O4s          2O5s          2O6s          2O7s          2O1pz         2O1py         2O1px         2O2pz         2O2py         2O2px     
    7    2O3pz         2O3py         2O3px         2O4pz         2O4py         2O4px         2O1d-2        2O1d-1        2O1d0         2O1d+1    
    8    2O1d+2        2O2d-2        2O2d-1        2O2d0         2O2d+1        2O2d+2        2O3d-2        2O3d-1        2O3d0         2O3d+1    
    9    2O3d+2        2O1f-3        2O1f-2        2O1f-1        2O1f0         2O1f+1        2O1f+2        2O1f+3        2O2f-3        2O2f-2    
   10    2O2f-1        2O2f0         2O2f+1        2O2f+2        2O2f+3        2O1g-4        2O1g-3        2O1g-2        2O1g-1        2O1g0     
   11    2O1g+1        2O1g+2        2O1g+3        2O1g+4    
 
 Maximum number of basis functions per shell:   15
 Total number of basis functions:    114
 
 
 Fitting basis set for the SCF calculation:
 
    1  O  def2-qzvpp-ri-jk [ 14s 10p 6d 2f 1g | 10s 8p 4d 2f 1g ]
    2  O  def2-qzvpp-ri-jk [ 14s 10p 6d 2f 1g | 10s 8p 4d 2f 1g ]
 
 Basis functions:
            1             2             3             4             5             6             7             8             9            10
    0    1O1s          1O2s          1O3s          1O4s          1O5s          1O6s          1O7s          1O8s          1O9s          1O10s     
    1    1O1pz         1O1py         1O1px         1O2pz         1O2py         1O2px         1O3pz         1O3py         1O3px         1O4pz     
    2    1O4py         1O4px         1O5pz         1O5py         1O5px         1O6pz         1O6py         1O6px         1O7pz         1O7py     
    3    1O7px         1O8pz         1O8py         1O8px         1O1d-2        1O1d-1        1O1d0         1O1d+1        1O1d+2        1O2d-2    
    4    1O2d-1        1O2d0         1O2d+1        1O2d+2        1O3d-2        1O3d-1        1O3d0         1O3d+1        1O3d+2        1O4d-2    
    5    1O4d-1        1O4d0         1O4d+1        1O4d+2        1O1f-3        1O1f-2        1O1f-1        1O1f0         1O1f+1        1O1f+2    
    6    1O1f+3        1O2f-3        1O2f-2        1O2f-1        1O2f0         1O2f+1        1O2f+2        1O2f+3        1O1g-4        1O1g-3    
    7    1O1g-2        1O1g-1        1O1g0         1O1g+1        1O1g+2        1O1g+3        1O1g+4        2O1s          2O2s          2O3s      
    8    2O4s          2O5s          2O6s          2O7s          2O8s          2O9s          2O10s         2O1pz         2O1py         2O1px     
    9    2O2pz         2O2py         2O2px         2O3pz         2O3py         2O3px         2O4pz         2O4py         2O4px         2O5pz     
   10    2O5py         2O5px         2O6pz         2O6py         2O6px         2O7pz         2O7py         2O7px         2O8pz         2O8py     
   11    2O8px         2O1d-2        2O1d-1        2O1d0         2O1d+1        2O1d+2        2O2d-2        2O2d-1        2O2d0         2O2d+1    
   12    2O2d+2        2O3d-2        2O3d-1        2O3d0         2O3d+1        2O3d+2        2O4d-2        2O4d-1        2O4d0         2O4d+1    
   13    2O4d+2        2O1f-3        2O1f-2        2O1f-1        2O1f0         2O1f+1        2O1f+2        2O1f+3        2O2f-3        2O2f-2    
   14    2O2f-1        2O2f0         2O2f+1        2O2f+2        2O2f+3        2O1g-4        2O1g-3        2O1g-2        2O1g-1        2O1g0     
   15    2O1g+1        2O1g+2        2O1g+3        2O1g+4    
 
 Maximum number of basis functions per shell:   24
 Total number of basis functions:    154
 
 
 Fitting basis set for the correlation calculation:
 
    1  O  def2-qzvpp-ri [ 9s 8p 7d 5f 3g 1h | 9s 8p 7d 5f 3g 1h ]
    2  O  def2-qzvpp-ri [ 9s 8p 7d 5f 3g 1h | 9s 8p 7d 5f 3g 1h ]
 
 Basis functions:
            1             2             3             4             5             6             7             8             9            10
    0    1O1s          1O2s          1O3s          1O4s          1O5s          1O6s          1O7s          1O8s          1O9s          1O1pz     
    1    1O1py         1O1px         1O2pz         1O2py         1O2px         1O3pz         1O3py         1O3px         1O4pz         1O4py     
    2    1O4px         1O5pz         1O5py         1O5px         1O6pz         1O6py         1O6px         1O7pz         1O7py         1O7px     
    3    1O8pz         1O8py         1O8px         1O1d-2        1O1d-1        1O1d0         1O1d+1        1O1d+2        1O2d-2        1O2d-1    
    4    1O2d0         1O2d+1        1O2d+2        1O3d-2        1O3d-1        1O3d0         1O3d+1        1O3d+2        1O4d-2        1O4d-1    
    5    1O4d0         1O4d+1        1O4d+2        1O5d-2        1O5d-1        1O5d0         1O5d+1        1O5d+2        1O6d-2        1O6d-1    
    6    1O6d0         1O6d+1        1O6d+2        1O7d-2        1O7d-1        1O7d0         1O7d+1        1O7d+2        1O1f-3        1O1f-2    
    7    1O1f-1        1O1f0         1O1f+1        1O1f+2        1O1f+3        1O2f-3        1O2f-2        1O2f-1        1O2f0         1O2f+1    
    8    1O2f+2        1O2f+3        1O3f-3        1O3f-2        1O3f-1        1O3f0         1O3f+1        1O3f+2        1O3f+3        1O4f-3    
    9    1O4f-2        1O4f-1        1O4f0         1O4f+1        1O4f+2        1O4f+3        1O5f-3        1O5f-2        1O5f-1        1O5f0     
   10    1O5f+1        1O5f+2        1O5f+3        1O1g-4        1O1g-3        1O1g-2        1O1g-1        1O1g0         1O1g+1        1O1g+2    
   11    1O1g+3        1O1g+4        1O2g-4        1O2g-3        1O2g-2        1O2g-1        1O2g0         1O2g+1        1O2g+2        1O2g+3    
   12    1O2g+4        1O3g-4        1O3g-3        1O3g-2        1O3g-1        1O3g0         1O3g+1        1O3g+2        1O3g+3        1O3g+4    
   13    1O1h-5        1O1h-4        1O1h-3        1O1h-2        1O1h-1        1O1h0         1O1h+1        1O1h+2        1O1h+3        1O1h+4    
   14    1O1h+5        2O1s          2O2s          2O3s          2O4s          2O5s          2O6s          2O7s          2O8s          2O9s      
   15    2O1pz         2O1py         2O1px         2O2pz         2O2py         2O2px         2O3pz         2O3py         2O3px         2O4pz     
   16    2O4py         2O4px         2O5pz         2O5py         2O5px         2O6pz         2O6py         2O6px         2O7pz         2O7py     
   17    2O7px         2O8pz         2O8py         2O8px         2O1d-2        2O1d-1        2O1d0         2O1d+1        2O1d+2        2O2d-2    
   18    2O2d-1        2O2d0         2O2d+1        2O2d+2        2O3d-2        2O3d-1        2O3d0         2O3d+1        2O3d+2        2O4d-2    
   19    2O4d-1        2O4d0         2O4d+1        2O4d+2        2O5d-2        2O5d-1        2O5d0         2O5d+1        2O5d+2        2O6d-2    
   20    2O6d-1        2O6d0         2O6d+1        2O6d+2        2O7d-2        2O7d-1        2O7d0         2O7d+1        2O7d+2        2O1f-3    
   21    2O1f-2        2O1f-1        2O1f0         2O1f+1        2O1f+2        2O1f+3        2O2f-3        2O2f-2        2O2f-1        2O2f0     
   22    2O2f+1        2O2f+2        2O2f+3        2O3f-3        2O3f-2        2O3f-1        2O3f0         2O3f+1        2O3f+2        2O3f+3    
   23    2O4f-3        2O4f-2        2O4f-1        2O4f0         2O4f+1        2O4f+2        2O4f+3        2O5f-3        2O5f-2        2O5f-1    
   24    2O5f0         2O5f+1        2O5f+2        2O5f+3        2O1g-4        2O1g-3        2O1g-2        2O1g-1        2O1g0         2O1g+1    
   25    2O1g+2        2O1g+3        2O1g+4        2O2g-4        2O2g-3        2O2g-2        2O2g-1        2O2g0         2O2g+1        2O2g+2    
   26    2O2g+3        2O2g+4        2O3g-4        2O3g-3        2O3g-2        2O3g-1        2O3g0         2O3g+1        2O3g+2        2O3g+3    
   27    2O3g+4        2O1h-5        2O1h-4        2O1h-3        2O1h-2        2O1h-1        2O1h0         2O1h+1        2O1h+2        2O1h+3    
   28    2O1h+4        2O1h+5    
 
 Maximum number of basis functions per shell:   35
 Total number of basis functions:    282
 
 
 Old basis set for SCF restart
 
    1  O  def2-svp [ 7s 4p 1d | 3s 2p 1d ]
    2  O  def2-svp [ 7s 4p 1d | 3s 2p 1d ]
 
 Basis functions:
            1             2             3             4             5             6             7             8             9            10
    0    1O1s          1O2s          1O3s          1O1pz         1O1py         1O1px         1O2pz         1O2py         1O2px         1O1d-2    
    1    1O1d-1        1O1d0         1O1d+1        1O1d+2        2O1s          2O2s          2O3s          2O1pz         2O1py         2O1px     
    2    2O2pz         2O2py         2O2px         2O1d-2        2O1d-1        2O1d0         2O1d+1        2O1d+2    
 
 Maximum number of basis functions per shell:   35
 Total number of basis functions:     28
 
 
 Generating atomic densities for the SCF calculation...
 CPU time [min]:     0.100                   Wall time [min]:     0.020
 
 Character table for point group C1:
 
          E  
    A     1
 
 Number of basis functions per irrep:
    A     114
 
 
 Density functional: SCAN
 Constructing integration grid for DFT...
 Angular integration grid: adaptive 590-point Lebedev quadrature
 Radial integration grid: Log3 quadrature
 Total number of grid points: 26868       
 CPU time [min]:     1.175                   Wall time [min]:     0.052
 
 Calculation of overlap integrals...
 CPU time [min]:     1.178                   Wall time [min]:     0.052
 
 Calculation of the square root of the overlap matrix...
 Minimum eigenvalue of the overlap matrix: 0.549185E-03
 CPU time [min]:     1.189                   Wall time [min]:     0.052
 
 Calculation of kinetic energy integrals...
 CPU time [min]:     1.190                   Wall time [min]:     0.052
 Calculation of nuclear attraction integrals...
 CPU time [min]:     1.190                   Wall time [min]:     0.052
 Calculation of overlap integrals...
 CPU time [min]:     1.190                   Wall time [min]:     0.052
 
 Calculation of prescreening integrals...
 CPU time [min]:     1.289                   Wall time [min]:     0.055
 
 Calculation of two-center Coulomb integrals...
   5% done.
  20% done.
  32% done.
  52% done.
  72% done.
  89% done.
 100% done.
 CPU time [min]:     1.297                   Wall time [min]:     0.055
 
 Calculation of inverse square root of the two-center integral matrix...
 CPU time [min]:     1.305                   Wall time [min]:     0.055
 
 Calculation of three-center Coulomb integrals...
   3% done.
  18% done.
  32% done.
  45% done.
  64% done.
  85% done.
 100% done.
 CPU time [min]:     1.332                   Wall time [min]:     0.056

 ************************ 2021-11-29 13:55:51 *************************
 Executing scf...

 @scfsetup: integrals taken from disk
            mrcc/integ binary format
 @scfsetup: calculating on full matrices
            not using symmetry adapted basis
 @scfsetup: diis switched on
 @scfsetup: number of steps to extrapolate from  10
 @scfsetup: tolerance in energy deviation    0.100000E-05
            tolerance in density deviation    0.100000E-05
 @scfsetup: maximum number of iterations:1000
 @scfsetup: unrestricted hf calc
 @scfsetup: restarting scf from SCFDENSITIES file
 @scfsetup: occupation set:
            from initial orbitals
 @scfsetup: diis runs from iteration:   1
 @scfsetup: diis runs to iteration:1000
 @scfsetup: diis runs in every iteration
 Allocation of 170.0 Gbytes of memory...
 ======================================================================
 ITERATION STEP   1
 CPU time [min]:     0.020                   Wall time [min]:     0.003
 
 Constructing alpha Fock-matrix...
 CPU time [min]:     0.032                   Wall time [min]:     0.003
 
 Calculating the exchange-correlation matrix...
           1.0000*MGGA_X_SCAN [au]:     -8.224280208285
           1.0000*MGGA_C_SCAN [au]:     -0.235273266235
 Exchange-correlation energy  [au]:     -8.459553474520
 CPU time [min]:     0.392                   Wall time [min]:     0.013
 
 Coulomb energy + HF exchange [au]:     36.678402878391
 Gradient norm:      4.3586E+00
 RMS of alpha difference density:                      0.00077228061848
 RMS of beta  difference density:                      0.00047770210278
 Gap [au]:  0.08200977
 ALPHA OCC:   5
 BETA  OCC:   3
 
 ***KOHN-SHAM ENERGY IN STEP   1 IS            -75.0126208757615700 [AU]
 ======================================================================
 ITERATION STEP   2
 CPU time [min]:     0.408                   Wall time [min]:     0.013
 
 Constructing alpha Fock-matrix...
 CPU time [min]:     0.421                   Wall time [min]:     0.014
 
 Calculating the exchange-correlation matrix...
           1.0000*MGGA_X_SCAN [au]:     -8.227741438508
           1.0000*MGGA_C_SCAN [au]:     -0.235200047965
 Exchange-correlation energy  [au]:     -8.462941486472
 CPU time [min]:     0.626                   Wall time [min]:     0.019
 
 Coulomb energy + HF exchange [au]:     36.696777413134
 Gradient norm:      1.5333E-02
 DIIS is running in this iteration step.
 RMS of [F,P]:                                         0.01883014725635
 RMS of alpha difference density:                      0.00050578572038
 RMS of beta  difference density:                      0.00032699054201
 Gap [au]:  0.08308961
 ALPHA OCC:   5
 BETA  OCC:   3
 
 ***KOHN-SHAM ENERGY IN STEP   2 IS            -75.0430170845012015 [AU]
 ======================================================================
 ITERATION STEP   3
 CPU time [min]:     0.642                   Wall time [min]:     0.019
 
 Constructing alpha Fock-matrix...
 CPU time [min]:     0.655                   Wall time [min]:     0.020
 
 Calculating the exchange-correlation matrix...
           1.0000*MGGA_X_SCAN [au]:     -8.228844770982
           1.0000*MGGA_C_SCAN [au]:     -0.235131616263
 Exchange-correlation energy  [au]:     -8.463976387245
 CPU time [min]:     0.839                   Wall time [min]:     0.024
 
 Coulomb energy + HF exchange [au]:     36.699960261344
 Gradient norm:      1.9035E-02
 DIIS is running in this iteration step.
 RMS of [F,P]:                                         0.01319403132744
 RMS of alpha difference density:                      0.00035861051855
 RMS of beta  difference density:                      0.00026196952567
 Gap [au]:  0.08601302
 ALPHA OCC:   5
 BETA  OCC:   3
 
 ***KOHN-SHAM ENERGY IN STEP   3 IS            -75.0579639297337877 [AU]
 ======================================================================
 ITERATION STEP   4
 CPU time [min]:     0.852                   Wall time [min]:     0.024
 
 Constructing alpha Fock-matrix...
 CPU time [min]:     0.865                   Wall time [min]:     0.025
 
 Calculating the exchange-correlation matrix...
           1.0000*MGGA_X_SCAN [au]:     -8.220238909934
           1.0000*MGGA_C_SCAN [au]:     -0.234712824432
 Exchange-correlation energy  [au]:     -8.454951734366
 CPU time [min]:     1.051                   Wall time [min]:     0.029
 
 Coulomb energy + HF exchange [au]:     36.679799669018
 Gradient norm:      1.2118E-02
 DIIS is running in this iteration step.
 RMS of [F,P]:                                         0.00926325131352
 RMS of alpha difference density:                      0.00082647977238
 RMS of beta  difference density:                      0.00063278129035
 Gap [au]:  0.08607485
 ALPHA OCC:   5
 BETA  OCC:   3
 
 ***KOHN-SHAM ENERGY IN STEP   4 IS            -75.0590426534287189 [AU]
 ======================================================================
 ITERATION STEP   5
 CPU time [min]:     1.061                   Wall time [min]:     0.030
 
 Constructing alpha Fock-matrix...
 CPU time [min]:     1.074                   Wall time [min]:     0.030
 
 Calculating the exchange-correlation matrix...
           1.0000*MGGA_X_SCAN [au]:     -8.219371754164
           1.0000*MGGA_C_SCAN [au]:     -0.234678443860
 Exchange-correlation energy  [au]:     -8.454050198024
 CPU time [min]:     1.258                   Wall time [min]:     0.035
 
 Coulomb energy + HF exchange [au]:     36.619797325370
 Gradient norm:      1.1013E-02
 DIIS is running in this iteration step.
 RMS of [F,P]:                                         0.00011112563044
 RMS of alpha difference density:                      0.00004843877246
 RMS of beta  difference density:                      0.00004664680074
 Gap [au]:  0.08658230
 ALPHA OCC:   5
 BETA  OCC:   3
 
 ***KOHN-SHAM ENERGY IN STEP   5 IS            -75.0731663803290417 [AU]
 ======================================================================
 ITERATION STEP   6
 CPU time [min]:     1.267                   Wall time [min]:     0.035
 
 Constructing alpha Fock-matrix...
 CPU time [min]:     1.280                   Wall time [min]:     0.035
 
 Calculating the exchange-correlation matrix...
           1.0000*MGGA_X_SCAN [au]:     -8.226003470334
           1.0000*MGGA_C_SCAN [au]:     -0.234795080774
 Exchange-correlation energy  [au]:     -8.460798551108
 CPU time [min]:     1.464                   Wall time [min]:     0.040
 
 Coulomb energy + HF exchange [au]:     36.665148638228
 Gradient norm:      1.0150E-02
 DIIS is running in this iteration step.
 RMS of [F,P]:                                         0.00006750695278
 RMS of alpha difference density:                      0.00001236472479
 RMS of beta  difference density:                      0.00001728304313
 Gap [au]:  0.08645150
 ALPHA OCC:   5
 BETA  OCC:   3
 
 ***KOHN-SHAM ENERGY IN STEP   6 IS            -75.0731738304319549 [AU]
 ======================================================================
 ITERATION STEP   7
 CPU time [min]:     1.474                   Wall time [min]:     0.040
 
 Constructing alpha Fock-matrix...
 CPU time [min]:     1.487                   Wall time [min]:     0.040
 
 Calculating the exchange-correlation matrix...
           1.0000*MGGA_X_SCAN [au]:     -8.224504715101
           1.0000*MGGA_C_SCAN [au]:     -0.234764534438
 Exchange-correlation energy  [au]:     -8.459269249539
 CPU time [min]:     1.669                   Wall time [min]:     0.045
 
 Coulomb energy + HF exchange [au]:     36.654745061071
 Gradient norm:      7.2913E-03
 DIIS is running in this iteration step.
 RMS of [F,P]:                                         0.00005305520510
 RMS of alpha difference density:                      0.00000215677073
 RMS of beta  difference density:                      0.00000371012912
 Gap [au]:  0.08645869
 ALPHA OCC:   5
 BETA  OCC:   3
 
 ***KOHN-SHAM ENERGY IN STEP   7 IS            -75.0731827684213329 [AU]
 ======================================================================
 ITERATION STEP   8
 CPU time [min]:     1.679                   Wall time [min]:     0.045
 
 Constructing alpha Fock-matrix...
 CPU time [min]:     1.692                   Wall time [min]:     0.046
 
 Calculating the exchange-correlation matrix...
           1.0000*MGGA_X_SCAN [au]:     -8.224356465796
           1.0000*MGGA_C_SCAN [au]:     -0.234759800256
 Exchange-correlation energy  [au]:     -8.459116266053
 CPU time [min]:     1.871                   Wall time [min]:     0.050
 
 Coulomb energy + HF exchange [au]:     36.653637093422
 Gradient norm:      6.8090E-03
 DIIS is running in this iteration step.
 RMS of [F,P]:                                         0.00005246237103
 RMS of alpha difference density:                      0.00000078757336
 RMS of beta  difference density:                      0.00000110680791
 Gap [au]:  0.08645402
 ALPHA OCC:   5
 BETA  OCC:   3
 
 ***KOHN-SHAM ENERGY IN STEP   8 IS            -75.0731840257437995 [AU]
 ======================================================================
 ITERATION STEP   9
 CPU time [min]:     1.881                   Wall time [min]:     0.050
 
 Constructing alpha Fock-matrix...
 CPU time [min]:     1.894                   Wall time [min]:     0.051
 
 Calculating the exchange-correlation matrix...
           1.0000*MGGA_X_SCAN [au]:     -8.224441113141
           1.0000*MGGA_C_SCAN [au]:     -0.234760432077
 Exchange-correlation energy  [au]:     -8.459201545218
 CPU time [min]:     2.073                   Wall time [min]:     0.055
 
 Coulomb energy + HF exchange [au]:     36.654175448945
 Gradient norm:      6.8162E-03
 DIIS is running in this iteration step.
 RMS of [F,P]:                                         0.00005208625986
 RMS of alpha difference density:                      0.00000042090866
 RMS of beta  difference density:                      0.00000121065103
 Gap [au]:  0.08645089
 ALPHA OCC:   5
 BETA  OCC:   3
 
 ***KOHN-SHAM ENERGY IN STEP   9 IS            -75.0731842562112917 [AU]
 ======================================================================
 ITERATION STEP  10
 CPU time [min]:     2.083                   Wall time [min]:     0.055
 
 Constructing alpha Fock-matrix...
 CPU time [min]:     2.096                   Wall time [min]:     0.056
 
 Calculating the exchange-correlation matrix...
           1.0000*MGGA_X_SCAN [au]:     -8.224440240093
           1.0000*MGGA_C_SCAN [au]:     -0.234759741640
 Exchange-correlation energy  [au]:     -8.459199981734
 CPU time [min]:     2.309                   Wall time [min]:     0.061
 
 Coulomb energy + HF exchange [au]:     36.654139223287
 Gradient norm:      6.6885E-03
 DIIS is running in this iteration step.
 RMS of [F,P]:                                         0.00005125113897
 RMS of alpha difference density:                      0.00000375664621
 RMS of beta  difference density:                      0.00000833056964
 Gap [au]:  0.08644030
 ALPHA OCC:   5
 BETA  OCC:   3
 
 ***KOHN-SHAM ENERGY IN STEP  10 IS            -75.0731846647453978 [AU]
 ======================================================================
 ITERATION STEP  11
 CPU time [min]:     2.319                   Wall time [min]:     0.061
 
 Constructing alpha Fock-matrix...
 CPU time [min]:     2.332                   Wall time [min]:     0.062
 
 Calculating the exchange-correlation matrix...
           1.0000*MGGA_X_SCAN [au]:     -8.224305021470
           1.0000*MGGA_C_SCAN [au]:     -0.234753523326
 Exchange-correlation energy  [au]:     -8.459058544796
 CPU time [min]:     2.511                   Wall time [min]:     0.066
 
 Coulomb energy + HF exchange [au]:     36.653057764389
 Gradient norm:      5.7220E-03
 DIIS is running in this iteration step.
 RMS of [F,P]:                                         0.00004474869713
 RMS of alpha difference density:                      0.00002269325228
 RMS of beta  difference density:                      0.00004661325711
 Gap [au]:  0.08643423
 ALPHA OCC:   5
 BETA  OCC:   3
 
 ***KOHN-SHAM ENERGY IN STEP  11 IS            -75.0731875078863169 [AU]
 ======================================================================
 ITERATION STEP  12
 CPU time [min]:     2.521                   Wall time [min]:     0.066
 
 Constructing alpha Fock-matrix...
 CPU time [min]:     2.534                   Wall time [min]:     0.067
 
 Calculating the exchange-correlation matrix...
           1.0000*MGGA_X_SCAN [au]:     -8.223741493865
           1.0000*MGGA_C_SCAN [au]:     -0.234724252199
 Exchange-correlation energy  [au]:     -8.458465746063
 CPU time [min]:     2.713                   Wall time [min]:     0.071
 
 Coulomb energy + HF exchange [au]:     36.648446079156
 Gradient norm:      6.4009E-04
 DIIS is running in this iteration step.
 RMS of [F,P]:                                         0.00000493269872
 RMS of alpha difference density:                      0.00000302576771
 RMS of beta  difference density:                      0.00000592515559
 Gap [au]:  0.08643418
 ALPHA OCC:   5
 BETA  OCC:   3
 
 ***KOHN-SHAM ENERGY IN STEP  12 IS            -75.0731958326705495 [AU]
 ======================================================================
 ITERATION STEP  13
 CPU time [min]:     2.723                   Wall time [min]:     0.071
 
 Constructing alpha Fock-matrix...
 CPU time [min]:     2.736                   Wall time [min]:     0.072
 
 Calculating the exchange-correlation matrix...
           1.0000*MGGA_X_SCAN [au]:     -8.223641249065
           1.0000*MGGA_C_SCAN [au]:     -0.234720270593
 Exchange-correlation energy  [au]:     -8.458361519658
 CPU time [min]:     2.915                   Wall time [min]:     0.076
 
 Coulomb energy + HF exchange [au]:     36.647675640471
 Gradient norm:      7.6346E-06
 DIIS is running in this iteration step.
 RMS of [F,P]:                                         0.00000007627126
 RMS of alpha difference density:                      0.00000004773627
 RMS of beta  difference density:                      0.00000006819503
 Gap [au]:  0.08643384
 ALPHA OCC:   5
 BETA  OCC:   3
 
 ***KOHN-SHAM ENERGY IN STEP  13 IS            -75.0731959377745284 [AU]
 ======================================================================
 
 SUCCESS...
 THE SCF ITERATION HAS CONVERGED!
 
                   A   
 FINAL ALPHA OCC:   5
 FINAL BETA  OCC:   3
 
 ***FINAL KOHN-SHAM ENERGY:           -75.0731959377745284 [AU]
 
 Expectation value of S^2:  2.0051
 Average multiplicity:      3.0034
 
 Orbital energies [au]:
      Irrep         Alpha          Beta
    1   A        -19.087318     -19.026439
    2   A         -0.988457      -0.802496
    3   A         -0.425198      -0.291303
 
    4   A         -0.425166      -0.204870
    5   A         -0.341550      -0.204848
 
    6   A          0.182550       0.214542
    7   A          0.238813       0.287400
    8   A          0.240861       0.288661
    9   A          0.247928       0.289215
   10   A          0.331759       0.377976
   11   A          0.338057       0.384556
   12   A          0.383839       0.429643
   13   A          0.617900       0.669123
   14   A          0.929101       0.988417
   15   A          0.949404       1.000526
   16   A          0.967755       1.006636
   17   A          0.968040       1.018362
   18   A          1.052759       1.099989
   19   A          1.148897       1.228508
   20   A          1.219634       1.296502
   21   A          1.252607       1.297551
   22   A          1.308121       1.406587
   23   A          1.385054       1.458825
   24   A          1.429767       1.469275
   25   A          1.501027       1.537664
   26   A          1.501586       1.560679
   27   A          1.847784       1.914425
   28   A          1.923192       1.952413
   29   A          1.934533       1.977045
   30   A          2.167408       2.250958
   31   A          2.956263       2.997224
   32   A          3.050041       3.058727
   33   A          3.055438       3.079229
   34   A          3.069672       3.095889
   35   A          3.083618       3.101074
   36   A          3.085128       3.128975
   37   A          3.138212       3.158845
   38   A          3.138731       3.178883
   39   A          3.563539       3.613289
   40   A          3.598787       3.634089
   41   A          3.735654       3.767890
   42   A          3.735928       3.798386
   43   A          3.846272       3.862896
   44   A          3.846511       3.869437
   45   A          4.016422       4.062433
   46   A          4.101961       4.165945
   47   A          4.146968       4.193052
   48   A          4.253426       4.247091
   49   A          4.457791       4.425274
   50   A          4.460405       4.440398
   51   A          4.495880       4.539081
   52   A          4.719480       4.779648
   53   A          4.783466       4.790100
   54   A          5.279115       5.175727
   55   A          5.280077       5.229425
   56   A          5.297282       5.245371
   57   A          5.418081       5.312776
   58   A          5.418896       5.339078
   59   A          5.525430       5.475557
   60   A          6.018042       5.953280
   61   A          6.047118       6.018160
   62   A          7.547682       7.536582
   63   A          8.897780       8.868338
   64   A          8.898043       8.870430
   65   A          8.935482       8.897973
   66   A          8.935641       8.904031
   67   A          9.037435       8.979740
   68   A          9.037584       8.987146
   69   A          9.489072       9.427936
   70   A          9.538208       9.457280
   71   A          9.552748       9.541235
   72   A         10.600286      10.315338
   73   A         10.600605      10.318567
   74   A         10.757538      10.422617
   75   A         10.757657      10.427754
   76   A         11.095539      10.985356
   77   A         11.095591      11.058644
   78   A         11.141067      11.077632
   79   A         11.162642      11.167903
   80   A         11.195617      11.196346
   81   A         11.254423      11.222761
   82   A         11.311892      11.235273
   83   A         11.675427      11.501570
   84   A         11.677486      11.563586
   85   A         11.767235      11.565054
   86   A         11.926108      11.867329
   87   A         11.988912      11.962574
   88   A         12.095616      11.984788
   89   A         12.193242      12.143974
   90   A         12.195508      12.153440
   91   A         12.861077      12.623974
   92   A         12.962422      12.696626
   93   A         12.979518      12.702289
   94   A         13.852127      13.600724
   95   A         14.211027      13.609479
   96   A         14.211203      13.731871
   97   A         14.466210      13.731885
   98   A         14.487946      13.790932
   99   A         14.541812      13.938703
  100   A         14.542768      14.017521
  101   A         14.892260      14.195013
  102   A         14.901495      14.360612
  103   A         15.539139      14.669043
  104   A         16.673582      15.911826
  105   A         17.731212      16.865134
  106   A         17.731535      16.886976
  107   A         18.789480      17.631813
  108   A         18.793070      17.751550
  109   A         20.801236      19.948135
  110   A         32.733207      30.950081
  111   A         47.737262      47.696150
  112   A         92.314163      89.500100
  113   A        253.208438     253.250731
  114   A        410.760242     409.101257
 
 RETURNING FROM SCF ALGORITHM
 ======================================================================
 
 ************************ 2021-11-29 13:55:56 *************************
                      Normal termination of mrcc.
 **********************************************************************
