 **********************************************************************
                          MRCC program system
 **********************************************************************
 
                              Written by
 Mihaly Kallay, Peter R. Nagy, David Mester, Zoltan Rolik, Gyula Samu,
   Jozsef Csontos, Jozsef Csoka, P. Bernat Szabo, Laszlo Gyevi-Nagy,
    Bence Hegely, Istvan Ladjanszki, Lorant Szegedy, Bence Ladoczki,
       Klara Petrov, Mate Farkas, Pal D. Mezei, and Adam Ganyecz
 
        Department of Physical Chemistry and Materials Science
            Budapest University of Technology and Economics
                  Budapest P.O.Box 91, H-1521 Hungary
 
                              www.mrcc.hu
 
                    Release date: February 22, 2020

 ************************ 2021-11-29 11:09:10 *************************
 Executing minp...

 Reading input from MINP...
 
 Input file:
 
calc=B2PLYP
verbosity=3
mem=170GB
symm=off
unit=angs
scfiguess=small
scfmaxit=1000


core=1
mult=3
basis=special
def2-QZVPP

basis_sm=special
def2-SVP

dfbasis_scf=special
def2-QZVPP-RI-JK

dfbasis_cor=special
def2-QZVPP-RI

unit=angs
geom=xyz
1

O     0.00000000000    0.00000000000    0.00000000000
 
 
 Checking keyword combinations...
 
 Keywords:
 
 active=none
 agrid=ld0006-ld0590
 basis=special
 basis_sm=special
 basopt=off
 bfbasis=none
 bfgsmem=10
 bfgstol=1.0d-3
 bpcompo=0.985
 bpcompv=0.98
 bpdfo=0.985
 bpocc=0.985
 bppdo=0.985
 bppdv=0.98
 bpedo=0.985
 bpedv=0.98
 calc=mp2
 ccmaxit=50
 ccprog=mrcc
 ccsdalg=disk
 ccsdmkl=seq
 ccsdrest=off
 ccsdthreads=2
 cctol=6
 charge=0
 cialg=disk
 ciguess=off
 cmpgrp=auto
 core=1
 corembed=off
 csapprox=off
 dboc=off
 dendec=cholesky
 dens=0
 dfalg=lineq
 dfbasis_cor=special
 dfbasis_scf=special
 dfintran=drpa
 dft=b2plyp
 dhexc=adc(2)
 diag=david
 docc=
 domrad=10.d0
 drpaalg=fit
 dual=off
 ecp=auto
 edisp=off
 edisp_embed=off
 embed=off
 epert=none
 eps=0.975
 excrad=0.d0
 excrad_fin=0.000000000D+00
 fmm=off
 fmmord=8
 freq=off
 gauss=spher
 geom=xyz
 gopt=off
 ghost=none
 gtol=7
 grdens=off
 grtol=10
 hamilton=dc
 iface=none
 intalg=auto
 itol=10
 laptol=1.d-2
 lccoporder=trffirst
 lcorthr=normal
 lccrest=off
 lmp2dens=on
 lnoepso=0.d0
 lnoepsv=1e-6
 localcc=off
 localcorrsymm=off
 locintrf=disk
 mact=
 maxact=off
 maxdim=100
 maxex=0
 maxmicroit=100
 mcscfiguess=hf
 mem=170gb
 molden=on
 mpitasks=1
 mulmet=0
 mult=3
 nacto=0
 nactv=0
 naf_cor=off
 naf_scf=off
 nafalg=albe
 naftyp=
 nchol=auto
 ndeps=1e-3
 nstate=1
 nsing=0
 ntrip=0
 occ=
 oniom=off
 oniom_eechg=off
 oniom_pcm=off
 optalg=
 optmaxit=50
 optetol=1e-6
 optex=   0
 optgtol=1e-4
 optstol=1e-3
 orblocc=off
 orbloce=off
 orbloco=off
 orblocv=off
 orblocguess=cholesky
 osveps=1e-3
 ovirt=off
 ovltol=1e-7
 ovosnorb=80.0
 pcm=off
 popul=off
 pressure=100000
 pssp=off
 ptfreq=0.0
 ptthreads=2
 qscf=off
 qmmm=off
 redcost_exc=off
 redcost_tddft=off
 refdet=none
 rest=0
 rgrid=log3
 rohfcore=semicanonical
 rohftype=semicanonical
 scfalg=auto
 scfdamp=off
 scfdiis=on
 scfdiis_end=1000
 scfdiis_start=1
 scfdiis_step=1
 scfdtol=7
 scfext=10
 scfguessdens=
 scfiguess=small
 scflshift=off
 scfmaxit=1000
 scftype=uhf
 scftol=6
 scspe=1.d0
 scsph=1.d0
 scsps=1.2d0
 scspt=0.33333333333333
 scspv=1.d0
 spairtol=1e-4
 subminp=top
 symm=0
 talg=occ
 temp=298.15
 test=off
 theodore=off
 tlmo=0.999
 tpao=0.94
 tprint=off
 uncontract=off
 unit=angs
 usedisk=2
 verbosity=3
 wpairtol=0.100000000E-05
 
 Calculating integrals for small-basis SCF...

 ************************ 2021-11-29 11:09:11 *************************
 Executing integ...

 Allocation of 170.0 Gbytes of memory...
 
 
 Number of atoms:                  1
 Charge:                           0
 Number of electrons:              8
 Number of core electrons:         2
 Spin multiplicity:                3
 
                 Cartesian coordinates [bohr]      Atomic mass [AMU]  Z
   1  O     0.00000000    0.00000000    0.00000000    15.994915       8
 
 This molecule is a spherical top.
 
 Rotational constants [cm-1]: 

 
 Point group: Oh  
 Computational point group: C1  
 
 Cartesian coordinates in standard orientation [bohr]
   1  O     0.00000000    0.00000000    0.00000000
 
 Nuclear repulsion energy [au]:          0.000000000000
 
 
 Basis set information:
 
 Maximum angular momentum: g
 Maximum number of contracted Gaussians:   10
 Maximum number of primitive Gaussians:    14
 Spherical harmonic GTOs are used.
 
 
 Conventional basis set:
 
    1  O  def2-svp [ 7s 4p 1d | 3s 2p 1d ]
 
 Basis functions:
            1             2             3             4             5             6             7             8             9            10
    0    1O1s          1O2s          1O3s          1O1pz         1O1py         1O1px         1O2pz         1O2py         1O2px         1O1d-2    
    1    1O1d-1        1O1d0         1O1d+1        1O1d+2    
 
 Maximum number of basis functions per shell:    6
 Total number of basis functions:     14
 
 
 Fitting basis set for the SCF calculation:
 
    1  O  def2-qzvpp-ri-jk [ 14s 10p 6d 2f 1g | 10s 8p 4d 2f 1g ]
 
 Basis functions:
            1             2             3             4             5             6             7             8             9            10
    0    1O1s          1O2s          1O3s          1O4s          1O5s          1O6s          1O7s          1O8s          1O9s          1O10s     
    1    1O1pz         1O1py         1O1px         1O2pz         1O2py         1O2px         1O3pz         1O3py         1O3px         1O4pz     
    2    1O4py         1O4px         1O5pz         1O5py         1O5px         1O6pz         1O6py         1O6px         1O7pz         1O7py     
    3    1O7px         1O8pz         1O8py         1O8px         1O1d-2        1O1d-1        1O1d0         1O1d+1        1O1d+2        1O2d-2    
    4    1O2d-1        1O2d0         1O2d+1        1O2d+2        1O3d-2        1O3d-1        1O3d0         1O3d+1        1O3d+2        1O4d-2    
    5    1O4d-1        1O4d0         1O4d+1        1O4d+2        1O1f-3        1O1f-2        1O1f-1        1O1f0         1O1f+1        1O1f+2    
    6    1O1f+3        1O2f-3        1O2f-2        1O2f-1        1O2f0         1O2f+1        1O2f+2        1O2f+3        1O1g-4        1O1g-3    
    7    1O1g-2        1O1g-1        1O1g0         1O1g+1        1O1g+2        1O1g+3        1O1g+4    
 
 Maximum number of basis functions per shell:   24
 Total number of basis functions:     77
 
 
 Generating atomic densities for the SCF calculation...
 CPU time [min]:     0.126                   Wall time [min]:     0.018
 
 Character table for point group C1:
 
          E  
    A     1
 
 Number of basis functions per irrep:
    A      14
 
 
 Density functional: B2PLYP
 Constructing integration grid for DFT...
 Angular integration grid: adaptive 590-point Lebedev quadrature
 Radial integration grid: Log3 quadrature
 Total number of grid points: 10618       
 CPU time [min]:     0.292                   Wall time [min]:     0.024
 
 Calculation of overlap integrals...
 CPU time [min]:     0.294                   Wall time [min]:     0.024
 
 Calculation of the square root of the overlap matrix...
 Minimum eigenvalue of the overlap matrix: 0.187452E+00
 CPU time [min]:     0.298                   Wall time [min]:     0.024
 
 Calculation of kinetic energy integrals...
 CPU time [min]:     0.298                   Wall time [min]:     0.024
 Calculation of nuclear attraction integrals...
 CPU time [min]:     0.298                   Wall time [min]:     0.024
 
 Calculation of prescreening integrals...
 CPU time [min]:     0.302                   Wall time [min]:     0.024
 
 Calculation of two-center Coulomb integrals...
   2% done.
  20% done.
  49% done.
  78% done.
 100% done.
 CPU time [min]:     0.310                   Wall time [min]:     0.024
 
 Calculation of inverse square root of the two-center integral matrix...
 CPU time [min]:     0.341                   Wall time [min]:     0.025
 
 Calculation of three-center Coulomb integrals...
   6% done.
  43% done.
 100% done.
 CPU time [min]:     0.351                   Wall time [min]:     0.025
 
 Running small-basis SCF...

 ************************ 2021-11-29 11:09:12 *************************
 Executing scf...

 @scfsetup: integrals taken from disk
            mrcc/integ binary format
 @scfsetup: calculating on full matrices
            not using symmetry adapted basis
 @scfsetup: diis switched on
 @scfsetup: number of steps to extrapolate from  10
 @scfsetup: tolerance in energy deviation    0.100000E-05
            tolerance in density deviation    0.100000E-06
 @scfsetup: maximum number of iterations:1000
 @scfsetup: unrestricted hf calc
 @scfsetup: starting scf from superposition of atomic densities
 @scfsetup: occupation set:
            from initial orbitals
 @scfsetup: diis runs from iteration:   1
 @scfsetup: diis runs to iteration:1000
 @scfsetup: diis runs in every iteration
 Allocation of 170.0 Gbytes of memory...
 ======================================================================
 ITERATION STEP   1
 CPU time [min]:     0.002                   Wall time [min]:     0.002
 
 Constructing alpha Fock-matrix...
 Number of integral batches:    1
 Occupied indices per batch:    5
 CPU time [min]:     0.006                   Wall time [min]:     0.003
 
 Calculating the exchange-correlation matrix...
                   0.4700*B88 [au]:     -3.789292242629
                   0.7300*LYP [au]:     -0.186024284976
 Exchange-correlation energy  [au]:     -3.975316527605
 CPU time [min]:     0.053                   Wall time [min]:     0.004
 
 Coulomb energy + HF exchange [au]:     31.304457522827
 Gradient norm:      5.3656E-01
 RMS of alpha difference density:                      0.00574022151867
 RMS of beta  difference density:                      0.00276318346414
 Gap [au]:  0.35708516
 ALPHA OCC:   5
 BETA  OCC:   3
 
 ***KOHN-SHAM ENERGY IN STEP   1 IS            -74.8746930263653780 [AU]
 ======================================================================
 ITERATION STEP   2
 CPU time [min]:     0.056                   Wall time [min]:     0.004
 
 Constructing alpha Fock-matrix...
 Number of integral batches:    1
 Occupied indices per batch:    5
 CPU time [min]:     0.062                   Wall time [min]:     0.005
 
 Calculating the exchange-correlation matrix...
                   0.4700*B88 [au]:     -3.899943372352
                   0.7300*LYP [au]:     -0.189584065039
 Exchange-correlation energy  [au]:     -4.089527437391
 CPU time [min]:     0.107                   Wall time [min]:     0.006
 
 Coulomb energy + HF exchange [au]:     31.723837009550
 Gradient norm:      1.0393E-01
 DIIS is running in this iteration step.
 RMS of [F,P]:                                         0.02903011998396
 RMS of alpha difference density:                      0.01736455775642
 RMS of beta  difference density:                      0.00714205568248
 Gap [au]:  0.37537392
 ALPHA OCC:   5
 BETA  OCC:   3
 
 ***KOHN-SHAM ENERGY IN STEP   2 IS            -75.0185481585029095 [AU]
 ======================================================================
 ITERATION STEP   3
 CPU time [min]:     0.116                   Wall time [min]:     0.007
 
 Constructing alpha Fock-matrix...
 Number of integral batches:    1
 Occupied indices per batch:    5
 CPU time [min]:     0.128                   Wall time [min]:     0.007
 
 Calculating the exchange-correlation matrix...
                   0.4700*B88 [au]:     -3.918009758635
                   0.7300*LYP [au]:     -0.189986242416
 Exchange-correlation energy  [au]:     -4.107996001052
 CPU time [min]:     0.167                   Wall time [min]:     0.008
 
 Coulomb energy + HF exchange [au]:     33.078497440692
 Gradient norm:      3.3410E-01
 DIIS is running in this iteration step.
 RMS of [F,P]:                                         0.01748285273497
 RMS of alpha difference density:                      0.00796156554563
 RMS of beta  difference density:                      0.00691754777545
 Gap [au]:  0.36443899
 ALPHA OCC:   5
 BETA  OCC:   3
 
 ***KOHN-SHAM ENERGY IN STEP   3 IS            -74.8985087756219343 [AU]
 ======================================================================
 ITERATION STEP   4
 CPU time [min]:     0.171                   Wall time [min]:     0.008
 
 Constructing alpha Fock-matrix...
 Number of integral batches:    1
 Occupied indices per batch:    5
 CPU time [min]:     0.178                   Wall time [min]:     0.009
 
 Calculating the exchange-correlation matrix...
                   0.4700*B88 [au]:     -3.864193206897
                   0.7300*LYP [au]:     -0.188198840100
 Exchange-correlation energy  [au]:     -4.052392046997
 CPU time [min]:     0.218                   Wall time [min]:     0.010
 
 Coulomb energy + HF exchange [au]:     32.357942966678
 Gradient norm:      1.8852E-02
 DIIS is running in this iteration step.
 RMS of [F,P]:                                         0.00083191031044
 RMS of alpha difference density:                      0.00012096103425
 RMS of beta  difference density:                      0.00027292191841
 Gap [au]:  0.36082618
 ALPHA OCC:   5
 BETA  OCC:   3
 
 ***KOHN-SHAM ENERGY IN STEP   4 IS            -74.9124457441567984 [AU]
 ======================================================================
 ITERATION STEP   5
 CPU time [min]:     0.222                   Wall time [min]:     0.010
 
 Constructing alpha Fock-matrix...
 Number of integral batches:    1
 Occupied indices per batch:    5
 CPU time [min]:     0.229                   Wall time [min]:     0.010
 
 Calculating the exchange-correlation matrix...
                   0.4700*B88 [au]:     -3.863123973828
                   0.7300*LYP [au]:     -0.188150062613
 Exchange-correlation energy  [au]:     -4.051274036442
 CPU time [min]:     0.270                   Wall time [min]:     0.011
 
 Coulomb energy + HF exchange [au]:     32.341792730398
 Gradient norm:      5.8830E-03
 DIIS is running in this iteration step.
 RMS of [F,P]:                                         0.00018806441682
 RMS of alpha difference density:                      0.00004890160297
 RMS of beta  difference density:                      0.00013517450984
 Gap [au]:  0.36016316
 ALPHA OCC:   5
 BETA  OCC:   3
 
 ***KOHN-SHAM ENERGY IN STEP   5 IS            -74.9124656506224937 [AU]
 ======================================================================
 ITERATION STEP   6
 CPU time [min]:     0.274                   Wall time [min]:     0.012
 
 Constructing alpha Fock-matrix...
 Number of integral batches:    1
 Occupied indices per batch:    5
 CPU time [min]:     0.281                   Wall time [min]:     0.012
 
 Calculating the exchange-correlation matrix...
                   0.4700*B88 [au]:     -3.862551811165
                   0.7300*LYP [au]:     -0.188126217952
 Exchange-correlation energy  [au]:     -4.050678029117
 CPU time [min]:     0.323                   Wall time [min]:     0.013
 
 Coulomb energy + HF exchange [au]:     32.333742188371
 Gradient norm:      8.0033E-04
 DIIS is running in this iteration step.
 RMS of [F,P]:                                         0.00003194603330
 RMS of alpha difference density:                      0.00002645472177
 RMS of beta  difference density:                      0.00001376022060
 Gap [au]:  0.36008430
 ALPHA OCC:   5
 BETA  OCC:   3
 
 ***KOHN-SHAM ENERGY IN STEP   6 IS            -74.9124676286054267 [AU]
 ======================================================================
 ITERATION STEP   7
 CPU time [min]:     0.327                   Wall time [min]:     0.013
 
 Constructing alpha Fock-matrix...
 Number of integral batches:    1
 Occupied indices per batch:    5
 CPU time [min]:     0.335                   Wall time [min]:     0.013
 
 Calculating the exchange-correlation matrix...
                   0.4700*B88 [au]:     -3.862632236251
                   0.7300*LYP [au]:     -0.188127580591
 Exchange-correlation energy  [au]:     -4.050759816842
 CPU time [min]:     0.377                   Wall time [min]:     0.015
 
 Coulomb energy + HF exchange [au]:     32.334742279784
 Gradient norm:      7.0163E-05
 DIIS is running in this iteration step.
 RMS of [F,P]:                                         0.00000245332323
 RMS of alpha difference density:                      0.00000221521867
 RMS of beta  difference density:                      0.00000146410042
 Gap [au]:  0.36008800
 ALPHA OCC:   5
 BETA  OCC:   3
 
 ***KOHN-SHAM ENERGY IN STEP   7 IS            -74.9124677004370909 [AU]
 ======================================================================
 ITERATION STEP   8
 CPU time [min]:     0.381                   Wall time [min]:     0.015
 
 Constructing alpha Fock-matrix...
 Number of integral batches:    1
 Occupied indices per batch:    5
 CPU time [min]:     0.390                   Wall time [min]:     0.015
 
 Calculating the exchange-correlation matrix...
                   0.4700*B88 [au]:     -3.862638241020
                   0.7300*LYP [au]:     -0.188127680114
 Exchange-correlation energy  [au]:     -4.050765921134
 CPU time [min]:     0.421                   Wall time [min]:     0.016
 
 Coulomb energy + HF exchange [au]:     32.334818271033
 Gradient norm:      1.5952E-06
 DIIS is running in this iteration step.
 RMS of [F,P]:                                         0.00000005468940
 RMS of alpha difference density:                      0.00000005128443
 RMS of beta  difference density:                      0.00000001354991
 Gap [au]:  0.36008724
 ALPHA OCC:   5
 BETA  OCC:   3
 
 ***KOHN-SHAM ENERGY IN STEP   8 IS            -74.9124677008525026 [AU]
 ======================================================================
 
 SUCCESS...
 THE SCF ITERATION HAS CONVERGED!
 
                   A   
 FINAL ALPHA OCC:   5
 FINAL BETA  OCC:   3
 
 ***FINAL KOHN-SHAM ENERGY:           -74.9124677008525026 [AU]
 
 Expectation value of S^2:  2.0032
 Average multiplicity:      3.0021
 
 Orbital energies [au]:
      Irrep         Alpha          Beta
    1   A        -19.863842     -19.801656
    2   A         -1.149636      -0.923231
    3   A         -0.551493      -0.403207
 
    4   A         -0.551493      -0.043120
    5   A         -0.467167      -0.043120
 
    6   A          0.827603       0.901484
    7   A          0.922328       1.007712
    8   A          0.922328       1.071889
    9   A          0.974807       1.071889
   10   A          2.603009       2.771249
   11   A          2.603009       2.772078
   12   A          2.664616       2.772078
   13   A          2.664616       2.801723
   14   A          2.686332       2.801724
 
 RETURNING FROM SCF ALGORITHM
 ======================================================================

 ************************ 2021-11-29 11:09:14 *************************
 Executing integ...

 Allocation of 170.0 Gbytes of memory...
 
 
 Number of atoms:                  1
 Charge:                           0
 Number of electrons:              8
 Number of core electrons:         2
 Spin multiplicity:                3
 
                 Cartesian coordinates [bohr]      Atomic mass [AMU]  Z
   1  O     0.00000000    0.00000000    0.00000000    15.994915       8
 
 This molecule is a spherical top.
 
 Rotational constants [cm-1]: 

 
 Point group: Oh  
 Computational point group: C1  
 
 Cartesian coordinates in standard orientation [bohr]
   1  O     0.00000000    0.00000000    0.00000000
 
 Nuclear repulsion energy [au]:          0.000000000000
 
 
 Basis set information:
 
 Maximum angular momentum: h
 Maximum number of contracted Gaussians:   10
 Maximum number of primitive Gaussians:    15
 Spherical harmonic GTOs are used.
 
 
 Conventional basis set:
 
    1  O  def2-qzvpp [ 15s 8p 3d 2f 1g | 7s 4p 3d 2f 1g ]
 
 Basis functions:
            1             2             3             4             5             6             7             8             9            10
    0    1O1s          1O2s          1O3s          1O4s          1O5s          1O6s          1O7s          1O1pz         1O1py         1O1px     
    1    1O2pz         1O2py         1O2px         1O3pz         1O3py         1O3px         1O4pz         1O4py         1O4px         1O1d-2    
    2    1O1d-1        1O1d0         1O1d+1        1O1d+2        1O2d-2        1O2d-1        1O2d0         1O2d+1        1O2d+2        1O3d-2    
    3    1O3d-1        1O3d0         1O3d+1        1O3d+2        1O1f-3        1O1f-2        1O1f-1        1O1f0         1O1f+1        1O1f+2    
    4    1O1f+3        1O2f-3        1O2f-2        1O2f-1        1O2f0         1O2f+1        1O2f+2        1O2f+3        1O1g-4        1O1g-3    
    5    1O1g-2        1O1g-1        1O1g0         1O1g+1        1O1g+2        1O1g+3        1O1g+4    
 
 Maximum number of basis functions per shell:   15
 Total number of basis functions:     57
 
 
 Fitting basis set for the SCF calculation:
 
    1  O  def2-qzvpp-ri-jk [ 14s 10p 6d 2f 1g | 10s 8p 4d 2f 1g ]
 
 Basis functions:
            1             2             3             4             5             6             7             8             9            10
    0    1O1s          1O2s          1O3s          1O4s          1O5s          1O6s          1O7s          1O8s          1O9s          1O10s     
    1    1O1pz         1O1py         1O1px         1O2pz         1O2py         1O2px         1O3pz         1O3py         1O3px         1O4pz     
    2    1O4py         1O4px         1O5pz         1O5py         1O5px         1O6pz         1O6py         1O6px         1O7pz         1O7py     
    3    1O7px         1O8pz         1O8py         1O8px         1O1d-2        1O1d-1        1O1d0         1O1d+1        1O1d+2        1O2d-2    
    4    1O2d-1        1O2d0         1O2d+1        1O2d+2        1O3d-2        1O3d-1        1O3d0         1O3d+1        1O3d+2        1O4d-2    
    5    1O4d-1        1O4d0         1O4d+1        1O4d+2        1O1f-3        1O1f-2        1O1f-1        1O1f0         1O1f+1        1O1f+2    
    6    1O1f+3        1O2f-3        1O2f-2        1O2f-1        1O2f0         1O2f+1        1O2f+2        1O2f+3        1O1g-4        1O1g-3    
    7    1O1g-2        1O1g-1        1O1g0         1O1g+1        1O1g+2        1O1g+3        1O1g+4    
 
 Maximum number of basis functions per shell:   24
 Total number of basis functions:     77
 
 
 Fitting basis set for the correlation calculation:
 
    1  O  def2-qzvpp-ri [ 9s 8p 7d 5f 3g 1h | 9s 8p 7d 5f 3g 1h ]
 
 Basis functions:
            1             2             3             4             5             6             7             8             9            10
    0    1O1s          1O2s          1O3s          1O4s          1O5s          1O6s          1O7s          1O8s          1O9s          1O1pz     
    1    1O1py         1O1px         1O2pz         1O2py         1O2px         1O3pz         1O3py         1O3px         1O4pz         1O4py     
    2    1O4px         1O5pz         1O5py         1O5px         1O6pz         1O6py         1O6px         1O7pz         1O7py         1O7px     
    3    1O8pz         1O8py         1O8px         1O1d-2        1O1d-1        1O1d0         1O1d+1        1O1d+2        1O2d-2        1O2d-1    
    4    1O2d0         1O2d+1        1O2d+2        1O3d-2        1O3d-1        1O3d0         1O3d+1        1O3d+2        1O4d-2        1O4d-1    
    5    1O4d0         1O4d+1        1O4d+2        1O5d-2        1O5d-1        1O5d0         1O5d+1        1O5d+2        1O6d-2        1O6d-1    
    6    1O6d0         1O6d+1        1O6d+2        1O7d-2        1O7d-1        1O7d0         1O7d+1        1O7d+2        1O1f-3        1O1f-2    
    7    1O1f-1        1O1f0         1O1f+1        1O1f+2        1O1f+3        1O2f-3        1O2f-2        1O2f-1        1O2f0         1O2f+1    
    8    1O2f+2        1O2f+3        1O3f-3        1O3f-2        1O3f-1        1O3f0         1O3f+1        1O3f+2        1O3f+3        1O4f-3    
    9    1O4f-2        1O4f-1        1O4f0         1O4f+1        1O4f+2        1O4f+3        1O5f-3        1O5f-2        1O5f-1        1O5f0     
   10    1O5f+1        1O5f+2        1O5f+3        1O1g-4        1O1g-3        1O1g-2        1O1g-1        1O1g0         1O1g+1        1O1g+2    
   11    1O1g+3        1O1g+4        1O2g-4        1O2g-3        1O2g-2        1O2g-1        1O2g0         1O2g+1        1O2g+2        1O2g+3    
   12    1O2g+4        1O3g-4        1O3g-3        1O3g-2        1O3g-1        1O3g0         1O3g+1        1O3g+2        1O3g+3        1O3g+4    
   13    1O1h-5        1O1h-4        1O1h-3        1O1h-2        1O1h-1        1O1h0         1O1h+1        1O1h+2        1O1h+3        1O1h+4    
   14    1O1h+5    
 
 Maximum number of basis functions per shell:   35
 Total number of basis functions:    141
 
 
 Old basis set for SCF restart
 
    1  O  def2-svp [ 7s 4p 1d | 3s 2p 1d ]
 
 Basis functions:
            1             2             3             4             5             6             7             8             9            10
    0    1O1s          1O2s          1O3s          1O1pz         1O1py         1O1px         1O2pz         1O2py         1O2px         1O1d-2    
    1    1O1d-1        1O1d0         1O1d+1        1O1d+2    
 
 Maximum number of basis functions per shell:   35
 Total number of basis functions:     14
 
 
 Generating atomic densities for the SCF calculation...
 CPU time [min]:     0.096                   Wall time [min]:     0.019
 
 Character table for point group C1:
 
          E  
    A     1
 
 Number of basis functions per irrep:
    A      57
 
 
 Density functional: B2PLYP
 Constructing integration grid for DFT...
 Angular integration grid: adaptive 590-point Lebedev quadrature
 Radial integration grid: Log3 quadrature
 Total number of grid points: 13500       
 CPU time [min]:     0.945                   Wall time [min]:     0.045
 
 Calculation of overlap integrals...
 CPU time [min]:     0.947                   Wall time [min]:     0.046
 
 Calculation of the square root of the overlap matrix...
 Minimum eigenvalue of the overlap matrix: 0.580651E-02
 CPU time [min]:     0.955                   Wall time [min]:     0.046
 
 Calculation of kinetic energy integrals...
 CPU time [min]:     0.955                   Wall time [min]:     0.046
 Calculation of nuclear attraction integrals...
 CPU time [min]:     0.955                   Wall time [min]:     0.046
 Calculation of overlap integrals...
 CPU time [min]:     0.955                   Wall time [min]:     0.046
 
 Calculation of prescreening integrals...
 CPU time [min]:     0.987                   Wall time [min]:     0.047
 
 Calculation of two-center Coulomb integrals...
   2% done.
  20% done.
  49% done.
  78% done.
 100% done.
 CPU time [min]:     0.995                   Wall time [min]:     0.047
 
 Calculation of inverse square root of the two-center integral matrix...
 CPU time [min]:     0.997                   Wall time [min]:     0.047
 
 Calculation of three-center Coulomb integrals...
   2% done.
  36% done.
  71% done.
 100% done.
 CPU time [min]:     1.010                   Wall time [min]:     0.047

 ************************ 2021-11-29 11:09:16 *************************
 Executing scf...

 @scfsetup: integrals taken from disk
            mrcc/integ binary format
 @scfsetup: calculating on full matrices
            not using symmetry adapted basis
 @scfsetup: diis switched on
 @scfsetup: number of steps to extrapolate from  10
 @scfsetup: tolerance in energy deviation    0.100000E-05
            tolerance in density deviation    0.100000E-06
 @scfsetup: maximum number of iterations:1000
 @scfsetup: unrestricted hf calc
 @scfsetup: restarting scf from SCFDENSITIES file
 @scfsetup: occupation set:
            from initial orbitals
 @scfsetup: diis runs from iteration:   1
 @scfsetup: diis runs to iteration:1000
 @scfsetup: diis runs in every iteration
 Allocation of 170.0 Gbytes of memory...
 ======================================================================
 ITERATION STEP   1
 CPU time [min]:     0.016                   Wall time [min]:     0.003
 
 Constructing alpha Fock-matrix...
 Number of integral batches:    1
 Occupied indices per batch:    5
 CPU time [min]:     0.029                   Wall time [min]:     0.003
 
 Calculating the exchange-correlation matrix...
                   0.4700*B88 [au]:     -3.865080414362
                   0.7300*LYP [au]:     -0.188102188907
 Exchange-correlation energy  [au]:     -4.053182603270
 CPU time [min]:     0.106                   Wall time [min]:     0.005
 
 Coulomb energy + HF exchange [au]:     32.369856562218
 Gradient norm:      4.0761E+00
 RMS of alpha difference density:                      0.00088111615297
 RMS of beta  difference density:                      0.00086774455019
 Gap [au]:  0.34661179
 ALPHA OCC:   5
 BETA  OCC:   3
 
 ***KOHN-SHAM ENERGY IN STEP   1 IS            -74.9506511294945028 [AU]
 ======================================================================
 ITERATION STEP   2
 CPU time [min]:     0.113                   Wall time [min]:     0.005
 
 Constructing alpha Fock-matrix...
 Number of integral batches:    1
 Occupied indices per batch:    5
 CPU time [min]:     0.124                   Wall time [min]:     0.005
 
 Calculating the exchange-correlation matrix...
                   0.4700*B88 [au]:     -3.861835426128
                   0.7300*LYP [au]:     -0.187926522587
 Exchange-correlation energy  [au]:     -4.049761948715
 CPU time [min]:     0.200                   Wall time [min]:     0.007
 
 Coulomb energy + HF exchange [au]:     32.359321824481
 Gradient norm:      4.5049E-02
 DIIS is running in this iteration step.
 RMS of [F,P]:                                         0.03817480203295
 RMS of alpha difference density:                      0.00228606744496
 RMS of beta  difference density:                      0.00229737760308
 Gap [au]:  0.34468451
 ALPHA OCC:   5
 BETA  OCC:   3
 
 ***KOHN-SHAM ENERGY IN STEP   2 IS            -74.9757576929375062 [AU]
 ======================================================================
 ITERATION STEP   3
 CPU time [min]:     0.213                   Wall time [min]:     0.008
 
 Constructing alpha Fock-matrix...
 Number of integral batches:    1
 Occupied indices per batch:    5
 CPU time [min]:     0.225                   Wall time [min]:     0.008
 
 Calculating the exchange-correlation matrix...
                   0.4700*B88 [au]:     -3.860896161112
                   0.7300*LYP [au]:     -0.187836853285
 Exchange-correlation energy  [au]:     -4.048733014397
 CPU time [min]:     0.290                   Wall time [min]:     0.010
 
 Coulomb energy + HF exchange [au]:     32.295110185339
 Gradient norm:      1.2134E-02
 DIIS is running in this iteration step.
 RMS of [F,P]:                                         0.00024528061767
 RMS of alpha difference density:                      0.00007208977601
 RMS of beta  difference density:                      0.00006731821502
 Gap [au]:  0.34764670
 ALPHA OCC:   5
 BETA  OCC:   3
 
 ***KOHN-SHAM ENERGY IN STEP   3 IS            -75.0105805723851233 [AU]
 ======================================================================
 ITERATION STEP   4
 CPU time [min]:     0.297                   Wall time [min]:     0.010
 
 Constructing alpha Fock-matrix...
 Number of integral batches:    1
 Occupied indices per batch:    5
 CPU time [min]:     0.308                   Wall time [min]:     0.010
 
 Calculating the exchange-correlation matrix...
                   0.4700*B88 [au]:     -3.860394277920
                   0.7300*LYP [au]:     -0.187794488083
 Exchange-correlation energy  [au]:     -4.048188766003
 CPU time [min]:     0.362                   Wall time [min]:     0.012
 
 Coulomb energy + HF exchange [au]:     32.286521690007
 Gradient norm:      1.5492E-03
 DIIS is running in this iteration step.
 RMS of [F,P]:                                         0.00003055011729
 RMS of alpha difference density:                      0.00001516705801
 RMS of beta  difference density:                      0.00000767967798
 Gap [au]:  0.34746534
 ALPHA OCC:   5
 BETA  OCC:   3
 
 ***KOHN-SHAM ENERGY IN STEP   4 IS            -75.0106000722465183 [AU]
 ======================================================================
 ITERATION STEP   5
 CPU time [min]:     0.370                   Wall time [min]:     0.012
 
 Constructing alpha Fock-matrix...
 Number of integral batches:    1
 Occupied indices per batch:    5
 CPU time [min]:     0.381                   Wall time [min]:     0.012
 
 Calculating the exchange-correlation matrix...
                   0.4700*B88 [au]:     -3.860899394710
                   0.7300*LYP [au]:     -0.187807531336
 Exchange-correlation energy  [au]:     -4.048706926046
 CPU time [min]:     0.435                   Wall time [min]:     0.013
 
 Coulomb energy + HF exchange [au]:     32.292938706881
 Gradient norm:      1.0792E-03
 DIIS is running in this iteration step.
 RMS of [F,P]:                                         0.00001551403829
 RMS of alpha difference density:                      0.00000253995141
 RMS of beta  difference density:                      0.00000443398363
 Gap [au]:  0.34737922
 ALPHA OCC:   5
 BETA  OCC:   3
 
 ***KOHN-SHAM ENERGY IN STEP   5 IS            -75.0106005625080172 [AU]
 ======================================================================
 ITERATION STEP   6
 CPU time [min]:     0.443                   Wall time [min]:     0.014
 
 Constructing alpha Fock-matrix...
 Number of integral batches:    1
 Occupied indices per batch:    5
 CPU time [min]:     0.454                   Wall time [min]:     0.014
 
 Calculating the exchange-correlation matrix...
                   0.4700*B88 [au]:     -3.860727381441
                   0.7300*LYP [au]:     -0.187800733787
 Exchange-correlation energy  [au]:     -4.048528115229
 CPU time [min]:     0.508                   Wall time [min]:     0.015
 
 Coulomb energy + HF exchange [au]:     32.290581811232
 Gradient norm:      1.9352E-04
 DIIS is running in this iteration step.
 RMS of [F,P]:                                         0.00000271036844
 RMS of alpha difference density:                      0.00000150167665
 RMS of beta  difference density:                      0.00000134345683
 Gap [au]:  0.34734018
 ALPHA OCC:   5
 BETA  OCC:   3
 
 ***KOHN-SHAM ENERGY IN STEP   6 IS            -75.0106006995346490 [AU]
 ======================================================================
 ITERATION STEP   7
 CPU time [min]:     0.514                   Wall time [min]:     0.015
 
 Constructing alpha Fock-matrix...
 Number of integral batches:    1
 Occupied indices per batch:    5
 CPU time [min]:     0.526                   Wall time [min]:     0.016
 
 Calculating the exchange-correlation matrix...
                   0.4700*B88 [au]:     -3.860744728425
                   0.7300*LYP [au]:     -0.187800551561
 Exchange-correlation energy  [au]:     -4.048545279986
 CPU time [min]:     0.580                   Wall time [min]:     0.017
 
 Coulomb energy + HF exchange [au]:     32.290766624128
 Gradient norm:      4.8838E-05
 DIIS is running in this iteration step.
 RMS of [F,P]:                                         0.00000064466395
 RMS of alpha difference density:                      0.00000036877012
 RMS of beta  difference density:                      0.00000056600157
 Gap [au]:  0.34732420
 ALPHA OCC:   5
 BETA  OCC:   3
 
 ***KOHN-SHAM ENERGY IN STEP   7 IS            -75.0106007119587872 [AU]
 ======================================================================
 ITERATION STEP   8
 CPU time [min]:     0.587                   Wall time [min]:     0.017
 
 Constructing alpha Fock-matrix...
 Number of integral batches:    1
 Occupied indices per batch:    5
 CPU time [min]:     0.598                   Wall time [min]:     0.017
 
 Calculating the exchange-correlation matrix...
                   0.4700*B88 [au]:     -3.860744642017
                   0.7300*LYP [au]:     -0.187800342790
 Exchange-correlation energy  [au]:     -4.048544984807
 CPU time [min]:     0.653                   Wall time [min]:     0.019
 
 Coulomb energy + HF exchange [au]:     32.290751910408
 Gradient norm:      2.0303E-06
 DIIS is running in this iteration step.
 RMS of [F,P]:                                         0.00000003470213
 RMS of alpha difference density:                      0.00000001561357
 RMS of beta  difference density:                      0.00000000916534
 Gap [au]:  0.34732382
 ALPHA OCC:   5
 BETA  OCC:   3
 
 ***KOHN-SHAM ENERGY IN STEP   8 IS            -75.0106007127711791 [AU]
 ======================================================================
 
 SUCCESS...
 THE SCF ITERATION HAS CONVERGED!
 
                   A   
 FINAL ALPHA OCC:   5
 FINAL BETA  OCC:   3
 
 ***FINAL KOHN-SHAM ENERGY:           -75.0106007127711791 [AU]
 
 Expectation value of S^2:  2.0053
 Average multiplicity:      3.0035
 
 Orbital energies [au]:
      Irrep         Alpha          Beta
    1   A        -19.875422     -19.813980
    2   A         -1.183911      -0.955028
    3   A         -0.564063      -0.416430
 
    4   A         -0.564063      -0.069106
    5   A         -0.479794      -0.069106
 
    6   A          0.276408       0.300322
    7   A          0.276408       0.334548
    8   A          0.292169       0.334548
    9   A          0.422695       0.460727
   10   A          1.033601       1.105754
   11   A          1.033601       1.106481
   12   A          1.064985       1.106481
   13   A          1.064985       1.116130
   14   A          1.075992       1.116130
   15   A          1.360032       1.430672
   16   A          1.360032       1.466744
   17   A          1.406019       1.466744
   18   A          2.850910       2.936446
   19   A          3.127409       3.210525
   20   A          3.127409       3.210525
   21   A          3.159832       3.213042
   22   A          3.159832       3.213042
   23   A          3.179194       3.217785
   24   A          3.179194       3.217785
   25   A          3.186072       3.218606
   26   A          3.731032       3.877905
   27   A          3.731032       3.877905
   28   A          3.787426       3.879669
   29   A          3.787426       3.896967
   30   A          3.807048       3.896967
   31   A          4.993695       5.096217
   32   A          4.993695       5.123776
   33   A          5.059687       5.123776
   34   A          8.914152       9.014159
   35   A          8.914152       9.014159
   36   A          8.950341       9.019078
   37   A          8.950341       9.019078
   38   A          8.976124       9.029157
   39   A          8.976124       9.029157
   40   A          8.992032       9.033690
   41   A          8.992032       9.033690
   42   A          8.997246       9.036721
   43   A         10.970877      11.112500
   44   A         10.970877      11.112500
   45   A         11.021187      11.118242
   46   A         11.021187      11.118242
   47   A         11.050929      11.119991
   48   A         11.050929      11.121405
   49   A         11.061390      11.121405
   50   A         11.966616      12.111812
   51   A         11.966616      12.111812
   52   A         12.027982      12.115998
   53   A         12.027982      12.129446
   54   A         12.044811      12.129446
   55   A         12.386262      12.476650
   56   A         47.087874      47.140406
   57   A        252.811743     252.825370
 
 RETURNING FROM SCF ALGORITHM
 ======================================================================

 ************************ 2021-11-29 11:09:18 *************************
 Executing integ...

 Allocation of 170.0 Gbytes of memory...
 
 
 Basis set information:
 
 Maximum angular momentum: h
 Maximum number of contracted Gaussians:   10
 Maximum number of primitive Gaussians:    15
 Spherical harmonic GTOs are used.
 
 
 Conventional basis set:
 
    1  O  def2-qzvpp [ 15s 8p 3d 2f 1g | 7s 4p 3d 2f 1g ]
 
 Basis functions:
            1             2             3             4             5             6             7             8             9            10
    0    1O1s          1O2s          1O3s          1O4s          1O5s          1O6s          1O7s          1O1pz         1O1py         1O1px     
    1    1O2pz         1O2py         1O2px         1O3pz         1O3py         1O3px         1O4pz         1O4py         1O4px         1O1d-2    
    2    1O1d-1        1O1d0         1O1d+1        1O1d+2        1O2d-2        1O2d-1        1O2d0         1O2d+1        1O2d+2        1O3d-2    
    3    1O3d-1        1O3d0         1O3d+1        1O3d+2        1O1f-3        1O1f-2        1O1f-1        1O1f0         1O1f+1        1O1f+2    
    4    1O1f+3        1O2f-3        1O2f-2        1O2f-1        1O2f0         1O2f+1        1O2f+2        1O2f+3        1O1g-4        1O1g-3    
    5    1O1g-2        1O1g-1        1O1g0         1O1g+1        1O1g+2        1O1g+3        1O1g+4    
 
 Maximum number of basis functions per shell:   15
 Total number of basis functions:     57
 
 
 Fitting basis set for the SCF calculation:
 
    1  O  def2-qzvpp-ri-jk [ 14s 10p 6d 2f 1g | 10s 8p 4d 2f 1g ]
 
 Basis functions:
            1             2             3             4             5             6             7             8             9            10
    0    1O1s          1O2s          1O3s          1O4s          1O5s          1O6s          1O7s          1O8s          1O9s          1O10s     
    1    1O1pz         1O1py         1O1px         1O2pz         1O2py         1O2px         1O3pz         1O3py         1O3px         1O4pz     
    2    1O4py         1O4px         1O5pz         1O5py         1O5px         1O6pz         1O6py         1O6px         1O7pz         1O7py     
    3    1O7px         1O8pz         1O8py         1O8px         1O1d-2        1O1d-1        1O1d0         1O1d+1        1O1d+2        1O2d-2    
    4    1O2d-1        1O2d0         1O2d+1        1O2d+2        1O3d-2        1O3d-1        1O3d0         1O3d+1        1O3d+2        1O4d-2    
    5    1O4d-1        1O4d0         1O4d+1        1O4d+2        1O1f-3        1O1f-2        1O1f-1        1O1f0         1O1f+1        1O1f+2    
    6    1O1f+3        1O2f-3        1O2f-2        1O2f-1        1O2f0         1O2f+1        1O2f+2        1O2f+3        1O1g-4        1O1g-3    
    7    1O1g-2        1O1g-1        1O1g0         1O1g+1        1O1g+2        1O1g+3        1O1g+4    
 
 Maximum number of basis functions per shell:   24
 Total number of basis functions:     77
 
 
 Fitting basis set for the correlation calculation:
 
    1  O  def2-qzvpp-ri [ 9s 8p 7d 5f 3g 1h | 9s 8p 7d 5f 3g 1h ]
 
 Basis functions:
            1             2             3             4             5             6             7             8             9            10
    0    1O1s          1O2s          1O3s          1O4s          1O5s          1O6s          1O7s          1O8s          1O9s          1O1pz     
    1    1O1py         1O1px         1O2pz         1O2py         1O2px         1O3pz         1O3py         1O3px         1O4pz         1O4py     
    2    1O4px         1O5pz         1O5py         1O5px         1O6pz         1O6py         1O6px         1O7pz         1O7py         1O7px     
    3    1O8pz         1O8py         1O8px         1O1d-2        1O1d-1        1O1d0         1O1d+1        1O1d+2        1O2d-2        1O2d-1    
    4    1O2d0         1O2d+1        1O2d+2        1O3d-2        1O3d-1        1O3d0         1O3d+1        1O3d+2        1O4d-2        1O4d-1    
    5    1O4d0         1O4d+1        1O4d+2        1O5d-2        1O5d-1        1O5d0         1O5d+1        1O5d+2        1O6d-2        1O6d-1    
    6    1O6d0         1O6d+1        1O6d+2        1O7d-2        1O7d-1        1O7d0         1O7d+1        1O7d+2        1O1f-3        1O1f-2    
    7    1O1f-1        1O1f0         1O1f+1        1O1f+2        1O1f+3        1O2f-3        1O2f-2        1O2f-1        1O2f0         1O2f+1    
    8    1O2f+2        1O2f+3        1O3f-3        1O3f-2        1O3f-1        1O3f0         1O3f+1        1O3f+2        1O3f+3        1O4f-3    
    9    1O4f-2        1O4f-1        1O4f0         1O4f+1        1O4f+2        1O4f+3        1O5f-3        1O5f-2        1O5f-1        1O5f0     
   10    1O5f+1        1O5f+2        1O5f+3        1O1g-4        1O1g-3        1O1g-2        1O1g-1        1O1g0         1O1g+1        1O1g+2    
   11    1O1g+3        1O1g+4        1O2g-4        1O2g-3        1O2g-2        1O2g-1        1O2g0         1O2g+1        1O2g+2        1O2g+3    
   12    1O2g+4        1O3g-4        1O3g-3        1O3g-2        1O3g-1        1O3g0         1O3g+1        1O3g+2        1O3g+3        1O3g+4    
   13    1O1h-5        1O1h-4        1O1h-3        1O1h-2        1O1h-1        1O1h0         1O1h+1        1O1h+2        1O1h+3        1O1h+4    
   14    1O1h+5    
 
 Maximum number of basis functions per shell:   35
 Total number of basis functions:    141
 
 
 Old basis set for SCF restart
 
    1  O  def2-svp [ 7s 4p 1d | 3s 2p 1d ]
 
 Basis functions:
            1             2             3             4             5             6             7             8             9            10
    0    1O1s          1O2s          1O3s          1O1pz         1O1py         1O1px         1O2pz         1O2py         1O2px         1O1d-2    
    1    1O1d-1        1O1d0         1O1d+1        1O1d+2    
 
 Maximum number of basis functions per shell:   35
 Total number of basis functions:     14
 
 
 Calculation of prescreening integrals...
 CPU time [min]:     0.017                   Wall time [min]:     0.003
 
 Calculation of two-center Coulomb integrals...
   6% done.
  23% done.
  54% done.
  85% done.
 100% done.
 CPU time [min]:     0.022                   Wall time [min]:     0.004
 
 Cholesky decomposition of the inverse of the two-center matrix...
 CPU time [min]:     0.025                   Wall time [min]:     0.004
 
 Calculation of three-center Coulomb integrals...
   2% done.
  36% done.
  71% done.
 100% done.
 CPU time [min]:     0.040                   Wall time [min]:     0.004

 ************************ 2021-11-29 11:09:18 *************************
 Executing drpa...

 Three-index integral transformation and DF-MP2 calculation
 
 Allocation of 170.0 Gbytes of memory...
 
 Alpha-alpha contribution
 Number of integral batches:    1
 Occupied indices per batch:    4
 
 Transforming integrals of batch 1...
 CPU time [min]:     0.013                   Wall time [min]:     0.002
 
 Beta-beta and alpha-beta contribution
 Number of integral batches:    1
 Occupied indices per batch:    2
 
 Transforming integrals of batch 1...
 CPU time [min]:     0.018                   Wall time [min]:     0.002
 
 Reference energy [au]:                       -75.010600712771
 MP2 contribution [au]:                        -0.049151700702
 B2PLYP energy [au]:                          -75.059752413473
 
 ************************ 2021-11-29 11:09:18 *************************
                      Normal termination of mrcc.
 **********************************************************************
