 **********************************************************************
                          MRCC program system
 **********************************************************************
 
                              Written by
 Mihaly Kallay, Peter R. Nagy, David Mester, Zoltan Rolik, Gyula Samu,
   Jozsef Csontos, Jozsef Csoka, P. Bernat Szabo, Laszlo Gyevi-Nagy,
    Bence Hegely, Istvan Ladjanszki, Lorant Szegedy, Bence Ladoczki,
       Klara Petrov, Mate Farkas, Pal D. Mezei, and Adam Ganyecz
 
        Department of Physical Chemistry and Materials Science
            Budapest University of Technology and Economics
                  Budapest P.O.Box 91, H-1521 Hungary
 
                              www.mrcc.hu
 
                    Release date: February 22, 2020

 ************************ 2021-11-29 14:23:21 *************************
 Executing minp...

 Reading input from MINP...
 
 Input file:
 
calc=DSDPBEP86
verbosity=3
mem=170GB
symm=off
unit=angs
scfiguess=small
scfmaxit=1000


core=2
mult=3
basis=def2-QZVPP

basis_sm=def2-SVP

dfbasis_scf=def2-QZVPP-RI-JK

dfbasis_cor=def2-QZVPP-RI

unit=angs
geom=xyz
2

O     0.00000000000    0.00000000000    0.00000000000
O     0.00000000000    0.00000000000    1.20739000000 
 
 
 Checking keyword combinations...
 
 Keywords:
 
 active=none
 agrid=ld0006-ld0590
 basis=def2-qzvpp
 basis_sm=def2-svp
 basopt=off
 bfbasis=none
 bfgsmem=10
 bfgstol=1.0d-3
 bpcompo=0.985
 bpcompv=0.98
 bpdfo=0.985
 bpocc=0.985
 bppdo=0.985
 bppdv=0.98
 bpedo=0.985
 bpedv=0.98
 calc=mp2
 ccmaxit=50
 ccprog=mrcc
 ccsdalg=disk
 ccsdmkl=seq
 ccsdrest=off
 ccsdthreads=2
 cctol=6
 charge=0
 cialg=disk
 ciguess=off
 cmpgrp=auto
 core=2
 corembed=off
 csapprox=off
 dboc=off
 dendec=cholesky
 dens=0
 dfalg=lineq
 dfbasis_cor=def2-qzvpp-ri
 dfbasis_scf=def2-qzvpp-ri-jk
 dfintran=drpa
 dft=dsdpbep86
 dhexc=adc(2)
 diag=david
 docc=
 domrad=10.d0
 drpaalg=fit
 dual=off
 ecp=auto
 edisp=off
 edisp_embed=off
 embed=off
 epert=none
 eps=0.975
 excrad=0.d0
 excrad_fin=0.000000000D+00
 fmm=off
 fmmord=8
 freq=off
 gauss=spher
 geom=xyz
 gopt=off
 ghost=none
 gtol=7
 grdens=off
 grtol=10
 hamilton=dc
 iface=none
 intalg=auto
 itol=10
 laptol=1.d-2
 lccoporder=trffirst
 lcorthr=normal
 lccrest=off
 lmp2dens=on
 lnoepso=0.d0
 lnoepsv=1e-6
 localcc=off
 localcorrsymm=off
 locintrf=disk
 mact=
 maxact=off
 maxdim=100
 maxex=0
 maxmicroit=100
 mcscfiguess=hf
 mem=170gb
 molden=on
 mpitasks=1
 mulmet=0
 mult=3
 nacto=0
 nactv=0
 naf_cor=off
 naf_scf=off
 nafalg=albe
 naftyp=
 nchol=auto
 ndeps=1e-3
 nstate=1
 nsing=0
 ntrip=0
 occ=
 oniom=off
 oniom_eechg=off
 oniom_pcm=off
 optalg=
 optmaxit=50
 optetol=1e-6
 optex=   0
 optgtol=1e-4
 optstol=1e-3
 orblocc=off
 orbloce=off
 orbloco=off
 orblocv=off
 orblocguess=cholesky
 osveps=1e-3
 ovirt=off
 ovltol=1e-7
 ovosnorb=80.0
 pcm=off
 popul=off
 pressure=100000
 pssp=off
 ptfreq=0.0
 ptthreads=2
 qscf=off
 qmmm=off
 redcost_exc=off
 redcost_tddft=off
 refdet=none
 rest=0
 rgrid=log3
 rohfcore=semicanonical
 rohftype=semicanonical
 scfalg=auto
 scfdamp=off
 scfdiis=on
 scfdiis_end=1000
 scfdiis_start=1
 scfdiis_step=1
 scfdtol=7
 scfext=10
 scfguessdens=
 scfiguess=small
 scflshift=off
 scfmaxit=1000
 scftype=uhf
 scftol=6
 scspe=1.d0
 scsph=1.d0
 scsps=1.2d0
 scspt=0.33333333333333
 scspv=1.d0
 spairtol=1e-4
 subminp=top
 symm=0
 talg=occ
 temp=298.15
 test=off
 theodore=off
 tlmo=0.999
 tpao=0.94
 tprint=off
 uncontract=off
 unit=angs
 usedisk=2
 verbosity=3
 wpairtol=0.100000000E-05
 
 Calculating integrals for small-basis SCF...

 ************************ 2021-11-29 14:23:21 *************************
 Executing integ...

 Allocation of 170.0 Gbytes of memory...
 
 
 Number of atoms:                  2
 Charge:                           0
 Number of electrons:             16
 Number of core electrons:         4
 Spin multiplicity:                3
 
                 Cartesian coordinates [bohr]      Atomic mass [AMU]  Z
   1  O     0.00000000    0.00000000    0.00000000    15.994915       8
   2  O     0.00000000    0.00000000    2.28163643    15.994915       8
 
 This molecule is linear.
 
 Rotational constants [cm-1]: 
      1.445937154869
 
 Point group: Dxh 
 Computational point group: C1  
 
 Cartesian coordinates in standard orientation [bohr]
   1  O     0.00000000    0.00000000   -1.14081821
   2  O     0.00000000    0.00000000    1.14081821
 
 Nuclear repulsion energy [au]:         28.050043053926
 
 
 Basis set information:
 
 Maximum angular momentum: g
 Maximum number of contracted Gaussians:   10
 Maximum number of primitive Gaussians:    14
 Spherical harmonic GTOs are used.
 
 
 Conventional basis set:
 
    1  O  def2-svp [ 7s 4p 1d | 3s 2p 1d ]
    2  O  def2-svp [ 7s 4p 1d | 3s 2p 1d ]
 
 Basis functions:
            1             2             3             4             5             6             7             8             9            10
    0    1O1s          1O2s          1O3s          1O1pz         1O1py         1O1px         1O2pz         1O2py         1O2px         1O1d-2    
    1    1O1d-1        1O1d0         1O1d+1        1O1d+2        2O1s          2O2s          2O3s          2O1pz         2O1py         2O1px     
    2    2O2pz         2O2py         2O2px         2O1d-2        2O1d-1        2O1d0         2O1d+1        2O1d+2    
 
 Maximum number of basis functions per shell:    6
 Total number of basis functions:     28
 
 
 Fitting basis set for the SCF calculation:
 
    1  O  def2-qzvpp-ri-jk [ 14s 10p 6d 2f 1g | 10s 8p 4d 2f 1g ]
    2  O  def2-qzvpp-ri-jk [ 14s 10p 6d 2f 1g | 10s 8p 4d 2f 1g ]
 
 Basis functions:
            1             2             3             4             5             6             7             8             9            10
    0    1O1s          1O2s          1O3s          1O4s          1O5s          1O6s          1O7s          1O8s          1O9s          1O10s     
    1    1O1pz         1O1py         1O1px         1O2pz         1O2py         1O2px         1O3pz         1O3py         1O3px         1O4pz     
    2    1O4py         1O4px         1O5pz         1O5py         1O5px         1O6pz         1O6py         1O6px         1O7pz         1O7py     
    3    1O7px         1O8pz         1O8py         1O8px         1O1d-2        1O1d-1        1O1d0         1O1d+1        1O1d+2        1O2d-2    
    4    1O2d-1        1O2d0         1O2d+1        1O2d+2        1O3d-2        1O3d-1        1O3d0         1O3d+1        1O3d+2        1O4d-2    
    5    1O4d-1        1O4d0         1O4d+1        1O4d+2        1O1f-3        1O1f-2        1O1f-1        1O1f0         1O1f+1        1O1f+2    
    6    1O1f+3        1O2f-3        1O2f-2        1O2f-1        1O2f0         1O2f+1        1O2f+2        1O2f+3        1O1g-4        1O1g-3    
    7    1O1g-2        1O1g-1        1O1g0         1O1g+1        1O1g+2        1O1g+3        1O1g+4        2O1s          2O2s          2O3s      
    8    2O4s          2O5s          2O6s          2O7s          2O8s          2O9s          2O10s         2O1pz         2O1py         2O1px     
    9    2O2pz         2O2py         2O2px         2O3pz         2O3py         2O3px         2O4pz         2O4py         2O4px         2O5pz     
   10    2O5py         2O5px         2O6pz         2O6py         2O6px         2O7pz         2O7py         2O7px         2O8pz         2O8py     
   11    2O8px         2O1d-2        2O1d-1        2O1d0         2O1d+1        2O1d+2        2O2d-2        2O2d-1        2O2d0         2O2d+1    
   12    2O2d+2        2O3d-2        2O3d-1        2O3d0         2O3d+1        2O3d+2        2O4d-2        2O4d-1        2O4d0         2O4d+1    
   13    2O4d+2        2O1f-3        2O1f-2        2O1f-1        2O1f0         2O1f+1        2O1f+2        2O1f+3        2O2f-3        2O2f-2    
   14    2O2f-1        2O2f0         2O2f+1        2O2f+2        2O2f+3        2O1g-4        2O1g-3        2O1g-2        2O1g-1        2O1g0     
   15    2O1g+1        2O1g+2        2O1g+3        2O1g+4    
 
 Maximum number of basis functions per shell:   24
 Total number of basis functions:    154
 
 
 Generating atomic densities for the SCF calculation...
 CPU time [min]:     0.124                   Wall time [min]:     0.020
 
 Character table for point group C1:
 
          E  
    A     1
 
 Number of basis functions per irrep:
    A      28
 
 
 Density functional: DSDPBEP86
 Constructing integration grid for DFT...
 Angular integration grid: adaptive 590-point Lebedev quadrature
 Radial integration grid: Log3 quadrature
 Total number of grid points: 21132       
 CPU time [min]:     0.767                   Wall time [min]:     0.038
 
 Calculation of overlap integrals...
 CPU time [min]:     0.769                   Wall time [min]:     0.038
 
 Calculation of the square root of the overlap matrix...
 Minimum eigenvalue of the overlap matrix: 0.150377E-01
 CPU time [min]:     0.777                   Wall time [min]:     0.038
 
 Calculation of kinetic energy integrals...
 CPU time [min]:     0.777                   Wall time [min]:     0.038
 Calculation of nuclear attraction integrals...
 CPU time [min]:     0.777                   Wall time [min]:     0.038
 
 Calculation of prescreening integrals...
 CPU time [min]:     0.782                   Wall time [min]:     0.038
 
 Calculation of two-center Coulomb integrals...
   5% done.
  20% done.
  32% done.
  52% done.
  72% done.
  89% done.
 100% done.
 CPU time [min]:     0.790                   Wall time [min]:     0.039
 
 Calculation of inverse square root of the two-center integral matrix...
 CPU time [min]:     0.829                   Wall time [min]:     0.040
 
 Calculation of three-center Coulomb integrals...
   1% done.
  26% done.
  38% done.
  68% done.
 100% done.
 CPU time [min]:     0.840                   Wall time [min]:     0.040
 
 Running small-basis SCF...

 ************************ 2021-11-29 14:23:24 *************************
 Executing scf...

 @scfsetup: integrals taken from disk
            mrcc/integ binary format
 @scfsetup: calculating on full matrices
            not using symmetry adapted basis
 @scfsetup: diis switched on
 @scfsetup: number of steps to extrapolate from  10
 @scfsetup: tolerance in energy deviation    0.100000E-05
            tolerance in density deviation    0.100000E-06
 @scfsetup: maximum number of iterations:1000
 @scfsetup: unrestricted hf calc
 @scfsetup: starting scf from superposition of atomic densities
 @scfsetup: occupation set:
            from initial orbitals
 @scfsetup: diis runs from iteration:   1
 @scfsetup: diis runs to iteration:1000
 @scfsetup: diis runs in every iteration
 Allocation of 170.0 Gbytes of memory...
 ======================================================================
 ITERATION STEP   1
 CPU time [min]:     0.006                   Wall time [min]:     0.002
 
 Constructing alpha Fock-matrix...
 Number of integral batches:    1
 Occupied indices per batch:    9
 CPU time [min]:     0.020                   Wall time [min]:     0.003
 
 Calculating the exchange-correlation matrix...
                  0.3000*PBEX [au]:     -4.788087609220
                   0.4300*P86 [au]:     -0.251372913087
 Exchange-correlation energy  [au]:     -5.039460522308
 CPU time [min]:     0.131                   Wall time [min]:     0.006
 
 Coulomb energy + HF exchange [au]:     85.019283466876
 Gradient norm:      3.6740E+00
 RMS of alpha difference density:                      0.00676680257654
 RMS of beta  difference density:                      0.00521199279666
 Gap [au]:  0.57740737
 ALPHA OCC:   9
 BETA  OCC:   7
 
 ***KOHN-SHAM ENERGY IN STEP   1 IS           -149.3193743950200201 [AU]
 ======================================================================
 ITERATION STEP   2
 CPU time [min]:     0.136                   Wall time [min]:     0.006
 
 Constructing alpha Fock-matrix...
 Number of integral batches:    1
 Occupied indices per batch:    9
 CPU time [min]:     0.146                   Wall time [min]:     0.006
 
 Calculating the exchange-correlation matrix...
                  0.3000*PBEX [au]:     -4.966578373015
                   0.4300*P86 [au]:     -0.253579349793
 Exchange-correlation energy  [au]:     -5.220157722808
 CPU time [min]:     0.227                   Wall time [min]:     0.008
 
 Coulomb energy + HF exchange [au]:     86.569802762460
 Gradient norm:      2.9015E-01
 DIIS is running in this iteration step.
 RMS of [F,P]:                                         0.06158574675437
 RMS of alpha difference density:                      0.02187122440655
 RMS of beta  difference density:                      0.01643517228972
 Gap [au]:  0.58440525
 ALPHA OCC:   9
 BETA  OCC:   7
 
 ***KOHN-SHAM ENERGY IN STEP   2 IS           -149.8009681678971958 [AU]
 ======================================================================
 ITERATION STEP   3
 CPU time [min]:     0.232                   Wall time [min]:     0.008
 
 Constructing alpha Fock-matrix...
 Number of integral batches:    1
 Occupied indices per batch:    9
 CPU time [min]:     0.243                   Wall time [min]:     0.008
 
 Calculating the exchange-correlation matrix...
                  0.3000*PBEX [au]:     -4.995336768959
                   0.4300*P86 [au]:     -0.253781504738
 Exchange-correlation energy  [au]:     -5.249118273697
 CPU time [min]:     0.323                   Wall time [min]:     0.010
 
 Coulomb energy + HF exchange [au]:     91.395029153863
 Gradient norm:      5.4136E-01
 DIIS is running in this iteration step.
 RMS of [F,P]:                                         0.02430661898066
 RMS of alpha difference density:                      0.01024211879509
 RMS of beta  difference density:                      0.00823207797510
 Gap [au]:  0.56087443
 ALPHA OCC:   9
 BETA  OCC:   7
 
 ***KOHN-SHAM ENERGY IN STEP   3 IS           -149.6631522221994146 [AU]
 ======================================================================
 ITERATION STEP   4
 CPU time [min]:     0.328                   Wall time [min]:     0.010
 
 Constructing alpha Fock-matrix...
 Number of integral batches:    1
 Occupied indices per batch:    9
 CPU time [min]:     0.338                   Wall time [min]:     0.011
 
 Calculating the exchange-correlation matrix...
                  0.3000*PBEX [au]:     -4.892199500899
                   0.4300*P86 [au]:     -0.251970672778
 Exchange-correlation energy  [au]:     -5.144170173677
 CPU time [min]:     0.419                   Wall time [min]:     0.013
 
 Coulomb energy + HF exchange [au]:     88.549531895171
 Gradient norm:      5.7159E-02
 DIIS is running in this iteration step.
 RMS of [F,P]:                                         0.00229262102515
 RMS of alpha difference density:                      0.00117894604215
 RMS of beta  difference density:                      0.00114172846688
 Gap [au]:  0.56203842
 ALPHA OCC:   9
 BETA  OCC:   7
 
 ***KOHN-SHAM ENERGY IN STEP   4 IS           -149.7513701288328036 [AU]
 ======================================================================
 ITERATION STEP   5
 CPU time [min]:     0.423                   Wall time [min]:     0.013
 
 Constructing alpha Fock-matrix...
 Number of integral batches:    1
 Occupied indices per batch:    9
 CPU time [min]:     0.434                   Wall time [min]:     0.013
 
 Calculating the exchange-correlation matrix...
                  0.3000*PBEX [au]:     -4.903227970657
                   0.4300*P86 [au]:     -0.252071906194
 Exchange-correlation energy  [au]:     -5.155299876851
 CPU time [min]:     0.515                   Wall time [min]:     0.015
 
 Coulomb energy + HF exchange [au]:     88.821419650161
 Gradient norm:      9.3255E-03
 DIIS is running in this iteration step.
 RMS of [F,P]:                                         0.00038236637857
 RMS of alpha difference density:                      0.00018107928632
 RMS of beta  difference density:                      0.00016901340871
 Gap [au]:  0.56318930
 ALPHA OCC:   9
 BETA  OCC:   7
 
 ***KOHN-SHAM ENERGY IN STEP   5 IS           -149.7521410661190657 [AU]
 ======================================================================
 ITERATION STEP   6
 CPU time [min]:     0.519                   Wall time [min]:     0.015
 
 Constructing alpha Fock-matrix...
 Number of integral batches:    1
 Occupied indices per batch:    9
 CPU time [min]:     0.530                   Wall time [min]:     0.016
 
 Calculating the exchange-correlation matrix...
                  0.3000*PBEX [au]:     -4.901558155307
                   0.4300*P86 [au]:     -0.252059658009
 Exchange-correlation energy  [au]:     -5.153617813316
 CPU time [min]:     0.610                   Wall time [min]:     0.018
 
 Coulomb energy + HF exchange [au]:     88.780772446391
 Gradient norm:      2.3075E-03
 DIIS is running in this iteration step.
 RMS of [F,P]:                                         0.00006764450635
 RMS of alpha difference density:                      0.00004000673055
 RMS of beta  difference density:                      0.00005106804718
 Gap [au]:  0.56330923
 ALPHA OCC:   9
 BETA  OCC:   7
 
 ***KOHN-SHAM ENERGY IN STEP   6 IS           -149.7521686922185893 [AU]
 ======================================================================
 ITERATION STEP   7
 CPU time [min]:     0.615                   Wall time [min]:     0.018
 
 Constructing alpha Fock-matrix...
 Number of integral batches:    1
 Occupied indices per batch:    9
 CPU time [min]:     0.625                   Wall time [min]:     0.018
 
 Calculating the exchange-correlation matrix...
                  0.3000*PBEX [au]:     -4.901696362241
                   0.4300*P86 [au]:     -0.252060542309
 Exchange-correlation energy  [au]:     -5.153756904550
 CPU time [min]:     0.707                   Wall time [min]:     0.020
 
 Coulomb energy + HF exchange [au]:     88.784317334364
 Gradient norm:      2.0074E-04
 DIIS is running in this iteration step.
 RMS of [F,P]:                                         0.00000584197515
 RMS of alpha difference density:                      0.00000237253815
 RMS of beta  difference density:                      0.00000375441315
 Gap [au]:  0.56332122
 ALPHA OCC:   9
 BETA  OCC:   7
 
 ***KOHN-SHAM ENERGY IN STEP   7 IS           -149.7521699054251201 [AU]
 ======================================================================
 ITERATION STEP   8
 CPU time [min]:     0.711                   Wall time [min]:     0.020
 
 Constructing alpha Fock-matrix...
 Number of integral batches:    1
 Occupied indices per batch:    9
 CPU time [min]:     0.722                   Wall time [min]:     0.020
 
 Calculating the exchange-correlation matrix...
                  0.3000*PBEX [au]:     -4.901694452029
                   0.4300*P86 [au]:     -0.252060374935
 Exchange-correlation energy  [au]:     -5.153754826964
 CPU time [min]:     0.803                   Wall time [min]:     0.022
 
 Coulomb energy + HF exchange [au]:     88.784315484859
 Gradient norm:      3.2039E-05
 DIIS is running in this iteration step.
 RMS of [F,P]:                                         0.00000078019032
 RMS of alpha difference density:                      0.00000055773819
 RMS of beta  difference density:                      0.00000070277216
 Gap [au]:  0.56332026
 ALPHA OCC:   9
 BETA  OCC:   7
 
 ***KOHN-SHAM ENERGY IN STEP   8 IS           -149.7521699129574699 [AU]
 ======================================================================
 ITERATION STEP   9
 CPU time [min]:     0.808                   Wall time [min]:     0.022
 
 Constructing alpha Fock-matrix...
 Number of integral batches:    1
 Occupied indices per batch:    9
 CPU time [min]:     0.818                   Wall time [min]:     0.023
 
 Calculating the exchange-correlation matrix...
                  0.3000*PBEX [au]:     -4.901694564686
                   0.4300*P86 [au]:     -0.252060271858
 Exchange-correlation energy  [au]:     -5.153754836543
 CPU time [min]:     0.899                   Wall time [min]:     0.025
 
 Coulomb energy + HF exchange [au]:     88.784308325088
 Gradient norm:      4.9781E-06
 DIIS is running in this iteration step.
 RMS of [F,P]:                                         0.00000013857981
 RMS of alpha difference density:                      0.00000013141926
 RMS of beta  difference density:                      0.00000012401434
 Gap [au]:  0.56332023
 ALPHA OCC:   9
 BETA  OCC:   7
 
 ***KOHN-SHAM ENERGY IN STEP   9 IS           -149.7521699131824278 [AU]
 ======================================================================
 ITERATION STEP  10
 CPU time [min]:     0.903                   Wall time [min]:     0.025
 
 Constructing alpha Fock-matrix...
 Number of integral batches:    1
 Occupied indices per batch:    9
 CPU time [min]:     0.914                   Wall time [min]:     0.025
 
 Calculating the exchange-correlation matrix...
                  0.3000*PBEX [au]:     -4.901694792239
                   0.4300*P86 [au]:     -0.252060252908
 Exchange-correlation energy  [au]:     -5.153755045147
 CPU time [min]:     0.995                   Wall time [min]:     0.027
 
 Coulomb energy + HF exchange [au]:     88.784311837633
 Gradient norm:      2.5010E-07
 DIIS is running in this iteration step.
 RMS of [F,P]:                                         0.00000001006596
 RMS of alpha difference density:                      0.00000000718033
 RMS of beta  difference density:                      0.00000000616447
 Gap [au]:  0.56332027
 ALPHA OCC:   9
 BETA  OCC:   7
 
 ***KOHN-SHAM ENERGY IN STEP  10 IS           -149.7521699131897037 [AU]
 ======================================================================
 
 SUCCESS...
 THE SCF ITERATION HAS CONVERGED!
 
                   A   
 FINAL ALPHA OCC:   9
 FINAL BETA  OCC:   7
 
 ***FINAL KOHN-SHAM ENERGY:          -149.7521699131897037 [AU]
 
 Expectation value of S^2:  2.0205
 Average multiplicity:      3.0136
 
 Orbital energies [au]:
      Irrep         Alpha          Beta
    1   A        -20.200845     -20.155633
    2   A        -20.200742     -20.155083
    3   A         -1.555719      -1.457810
    4   A         -1.046915      -0.888922
    5   A         -0.743706      -0.634583
    6   A         -0.743706      -0.541710
    7   A         -0.688281      -0.541710
 
    8   A         -0.465933       0.021611
    9   A         -0.465933       0.021611
 
   10   A          0.356174       0.423143
   11   A          0.860767       0.892817
   12   A          0.960310       1.013918
   13   A          0.960310       1.055153
   14   A          0.985801       1.055153
   15   A          1.056350       1.067398
   16   A          1.073879       1.170966
   17   A          1.073879       1.170966
   18   A          1.316203       1.352495
   19   A          2.265284       2.326682
   20   A          2.265284       2.326682
   21   A          2.528852       2.632522
   22   A          2.528852       2.632522
   23   A          2.829660       2.956029
   24   A          2.829660       2.956029
   25   A          2.986680       3.045309
   26   A          3.512825       3.579936
   27   A          3.512825       3.579936
   28   A          4.052547       4.092496
 
 RETURNING FROM SCF ALGORITHM
 ======================================================================

 ************************ 2021-11-29 14:23:26 *************************
 Executing integ...

 Allocation of 170.0 Gbytes of memory...
 
 
 Number of atoms:                  2
 Charge:                           0
 Number of electrons:             16
 Number of core electrons:         4
 Spin multiplicity:                3
 
                 Cartesian coordinates [bohr]      Atomic mass [AMU]  Z
   1  O     0.00000000    0.00000000    0.00000000    15.994915       8
   2  O     0.00000000    0.00000000    2.28163643    15.994915       8
 
 This molecule is linear.
 
 Rotational constants [cm-1]: 
      1.445937154869
 
 Point group: Dxh 
 Computational point group: C1  
 
 Cartesian coordinates in standard orientation [bohr]
   1  O     0.00000000    0.00000000   -1.14081821
   2  O     0.00000000    0.00000000    1.14081821
 
 Nuclear repulsion energy [au]:         28.050043053926
 
 
 Basis set information:
 
 Maximum angular momentum: h
 Maximum number of contracted Gaussians:   10
 Maximum number of primitive Gaussians:    15
 Spherical harmonic GTOs are used.
 
 
 Conventional basis set:
 
    1  O  def2-qzvpp [ 15s 8p 3d 2f 1g | 7s 4p 3d 2f 1g ]
    2  O  def2-qzvpp [ 15s 8p 3d 2f 1g | 7s 4p 3d 2f 1g ]
 
 Basis functions:
            1             2             3             4             5             6             7             8             9            10
    0    1O1s          1O2s          1O3s          1O4s          1O5s          1O6s          1O7s          1O1pz         1O1py         1O1px     
    1    1O2pz         1O2py         1O2px         1O3pz         1O3py         1O3px         1O4pz         1O4py         1O4px         1O1d-2    
    2    1O1d-1        1O1d0         1O1d+1        1O1d+2        1O2d-2        1O2d-1        1O2d0         1O2d+1        1O2d+2        1O3d-2    
    3    1O3d-1        1O3d0         1O3d+1        1O3d+2        1O1f-3        1O1f-2        1O1f-1        1O1f0         1O1f+1        1O1f+2    
    4    1O1f+3        1O2f-3        1O2f-2        1O2f-1        1O2f0         1O2f+1        1O2f+2        1O2f+3        1O1g-4        1O1g-3    
    5    1O1g-2        1O1g-1        1O1g0         1O1g+1        1O1g+2        1O1g+3        1O1g+4        2O1s          2O2s          2O3s      
    6    2O4s          2O5s          2O6s          2O7s          2O1pz         2O1py         2O1px         2O2pz         2O2py         2O2px     
    7    2O3pz         2O3py         2O3px         2O4pz         2O4py         2O4px         2O1d-2        2O1d-1        2O1d0         2O1d+1    
    8    2O1d+2        2O2d-2        2O2d-1        2O2d0         2O2d+1        2O2d+2        2O3d-2        2O3d-1        2O3d0         2O3d+1    
    9    2O3d+2        2O1f-3        2O1f-2        2O1f-1        2O1f0         2O1f+1        2O1f+2        2O1f+3        2O2f-3        2O2f-2    
   10    2O2f-1        2O2f0         2O2f+1        2O2f+2        2O2f+3        2O1g-4        2O1g-3        2O1g-2        2O1g-1        2O1g0     
   11    2O1g+1        2O1g+2        2O1g+3        2O1g+4    
 
 Maximum number of basis functions per shell:   15
 Total number of basis functions:    114
 
 
 Fitting basis set for the SCF calculation:
 
    1  O  def2-qzvpp-ri-jk [ 14s 10p 6d 2f 1g | 10s 8p 4d 2f 1g ]
    2  O  def2-qzvpp-ri-jk [ 14s 10p 6d 2f 1g | 10s 8p 4d 2f 1g ]
 
 Basis functions:
            1             2             3             4             5             6             7             8             9            10
    0    1O1s          1O2s          1O3s          1O4s          1O5s          1O6s          1O7s          1O8s          1O9s          1O10s     
    1    1O1pz         1O1py         1O1px         1O2pz         1O2py         1O2px         1O3pz         1O3py         1O3px         1O4pz     
    2    1O4py         1O4px         1O5pz         1O5py         1O5px         1O6pz         1O6py         1O6px         1O7pz         1O7py     
    3    1O7px         1O8pz         1O8py         1O8px         1O1d-2        1O1d-1        1O1d0         1O1d+1        1O1d+2        1O2d-2    
    4    1O2d-1        1O2d0         1O2d+1        1O2d+2        1O3d-2        1O3d-1        1O3d0         1O3d+1        1O3d+2        1O4d-2    
    5    1O4d-1        1O4d0         1O4d+1        1O4d+2        1O1f-3        1O1f-2        1O1f-1        1O1f0         1O1f+1        1O1f+2    
    6    1O1f+3        1O2f-3        1O2f-2        1O2f-1        1O2f0         1O2f+1        1O2f+2        1O2f+3        1O1g-4        1O1g-3    
    7    1O1g-2        1O1g-1        1O1g0         1O1g+1        1O1g+2        1O1g+3        1O1g+4        2O1s          2O2s          2O3s      
    8    2O4s          2O5s          2O6s          2O7s          2O8s          2O9s          2O10s         2O1pz         2O1py         2O1px     
    9    2O2pz         2O2py         2O2px         2O3pz         2O3py         2O3px         2O4pz         2O4py         2O4px         2O5pz     
   10    2O5py         2O5px         2O6pz         2O6py         2O6px         2O7pz         2O7py         2O7px         2O8pz         2O8py     
   11    2O8px         2O1d-2        2O1d-1        2O1d0         2O1d+1        2O1d+2        2O2d-2        2O2d-1        2O2d0         2O2d+1    
   12    2O2d+2        2O3d-2        2O3d-1        2O3d0         2O3d+1        2O3d+2        2O4d-2        2O4d-1        2O4d0         2O4d+1    
   13    2O4d+2        2O1f-3        2O1f-2        2O1f-1        2O1f0         2O1f+1        2O1f+2        2O1f+3        2O2f-3        2O2f-2    
   14    2O2f-1        2O2f0         2O2f+1        2O2f+2        2O2f+3        2O1g-4        2O1g-3        2O1g-2        2O1g-1        2O1g0     
   15    2O1g+1        2O1g+2        2O1g+3        2O1g+4    
 
 Maximum number of basis functions per shell:   24
 Total number of basis functions:    154
 
 
 Fitting basis set for the correlation calculation:
 
    1  O  def2-qzvpp-ri [ 9s 8p 7d 5f 3g 1h | 9s 8p 7d 5f 3g 1h ]
    2  O  def2-qzvpp-ri [ 9s 8p 7d 5f 3g 1h | 9s 8p 7d 5f 3g 1h ]
 
 Basis functions:
            1             2             3             4             5             6             7             8             9            10
    0    1O1s          1O2s          1O3s          1O4s          1O5s          1O6s          1O7s          1O8s          1O9s          1O1pz     
    1    1O1py         1O1px         1O2pz         1O2py         1O2px         1O3pz         1O3py         1O3px         1O4pz         1O4py     
    2    1O4px         1O5pz         1O5py         1O5px         1O6pz         1O6py         1O6px         1O7pz         1O7py         1O7px     
    3    1O8pz         1O8py         1O8px         1O1d-2        1O1d-1        1O1d0         1O1d+1        1O1d+2        1O2d-2        1O2d-1    
    4    1O2d0         1O2d+1        1O2d+2        1O3d-2        1O3d-1        1O3d0         1O3d+1        1O3d+2        1O4d-2        1O4d-1    
    5    1O4d0         1O4d+1        1O4d+2        1O5d-2        1O5d-1        1O5d0         1O5d+1        1O5d+2        1O6d-2        1O6d-1    
    6    1O6d0         1O6d+1        1O6d+2        1O7d-2        1O7d-1        1O7d0         1O7d+1        1O7d+2        1O1f-3        1O1f-2    
    7    1O1f-1        1O1f0         1O1f+1        1O1f+2        1O1f+3        1O2f-3        1O2f-2        1O2f-1        1O2f0         1O2f+1    
    8    1O2f+2        1O2f+3        1O3f-3        1O3f-2        1O3f-1        1O3f0         1O3f+1        1O3f+2        1O3f+3        1O4f-3    
    9    1O4f-2        1O4f-1        1O4f0         1O4f+1        1O4f+2        1O4f+3        1O5f-3        1O5f-2        1O5f-1        1O5f0     
   10    1O5f+1        1O5f+2        1O5f+3        1O1g-4        1O1g-3        1O1g-2        1O1g-1        1O1g0         1O1g+1        1O1g+2    
   11    1O1g+3        1O1g+4        1O2g-4        1O2g-3        1O2g-2        1O2g-1        1O2g0         1O2g+1        1O2g+2        1O2g+3    
   12    1O2g+4        1O3g-4        1O3g-3        1O3g-2        1O3g-1        1O3g0         1O3g+1        1O3g+2        1O3g+3        1O3g+4    
   13    1O1h-5        1O1h-4        1O1h-3        1O1h-2        1O1h-1        1O1h0         1O1h+1        1O1h+2        1O1h+3        1O1h+4    
   14    1O1h+5        2O1s          2O2s          2O3s          2O4s          2O5s          2O6s          2O7s          2O8s          2O9s      
   15    2O1pz         2O1py         2O1px         2O2pz         2O2py         2O2px         2O3pz         2O3py         2O3px         2O4pz     
   16    2O4py         2O4px         2O5pz         2O5py         2O5px         2O6pz         2O6py         2O6px         2O7pz         2O7py     
   17    2O7px         2O8pz         2O8py         2O8px         2O1d-2        2O1d-1        2O1d0         2O1d+1        2O1d+2        2O2d-2    
   18    2O2d-1        2O2d0         2O2d+1        2O2d+2        2O3d-2        2O3d-1        2O3d0         2O3d+1        2O3d+2        2O4d-2    
   19    2O4d-1        2O4d0         2O4d+1        2O4d+2        2O5d-2        2O5d-1        2O5d0         2O5d+1        2O5d+2        2O6d-2    
   20    2O6d-1        2O6d0         2O6d+1        2O6d+2        2O7d-2        2O7d-1        2O7d0         2O7d+1        2O7d+2        2O1f-3    
   21    2O1f-2        2O1f-1        2O1f0         2O1f+1        2O1f+2        2O1f+3        2O2f-3        2O2f-2        2O2f-1        2O2f0     
   22    2O2f+1        2O2f+2        2O2f+3        2O3f-3        2O3f-2        2O3f-1        2O3f0         2O3f+1        2O3f+2        2O3f+3    
   23    2O4f-3        2O4f-2        2O4f-1        2O4f0         2O4f+1        2O4f+2        2O4f+3        2O5f-3        2O5f-2        2O5f-1    
   24    2O5f0         2O5f+1        2O5f+2        2O5f+3        2O1g-4        2O1g-3        2O1g-2        2O1g-1        2O1g0         2O1g+1    
   25    2O1g+2        2O1g+3        2O1g+4        2O2g-4        2O2g-3        2O2g-2        2O2g-1        2O2g0         2O2g+1        2O2g+2    
   26    2O2g+3        2O2g+4        2O3g-4        2O3g-3        2O3g-2        2O3g-1        2O3g0         2O3g+1        2O3g+2        2O3g+3    
   27    2O3g+4        2O1h-5        2O1h-4        2O1h-3        2O1h-2        2O1h-1        2O1h0         2O1h+1        2O1h+2        2O1h+3    
   28    2O1h+4        2O1h+5    
 
 Maximum number of basis functions per shell:   35
 Total number of basis functions:    282
 
 
 Old basis set for SCF restart
 
    1  O  def2-svp [ 7s 4p 1d | 3s 2p 1d ]
    2  O  def2-svp [ 7s 4p 1d | 3s 2p 1d ]
 
 Basis functions:
            1             2             3             4             5             6             7             8             9            10
    0    1O1s          1O2s          1O3s          1O1pz         1O1py         1O1px         1O2pz         1O2py         1O2px         1O1d-2    
    1    1O1d-1        1O1d0         1O1d+1        1O1d+2        2O1s          2O2s          2O3s          2O1pz         2O1py         2O1px     
    2    2O2pz         2O2py         2O2px         2O1d-2        2O1d-1        2O1d0         2O1d+1        2O1d+2    
 
 Maximum number of basis functions per shell:   35
 Total number of basis functions:     28
 
 
 Generating atomic densities for the SCF calculation...
 CPU time [min]:     0.110                   Wall time [min]:     0.020
 
 Character table for point group C1:
 
          E  
    A     1
 
 Number of basis functions per irrep:
    A     114
 
 
 Density functional: DSDPBEP86
 Constructing integration grid for DFT...
 Angular integration grid: adaptive 590-point Lebedev quadrature
 Radial integration grid: Log3 quadrature
 Total number of grid points: 26868       
 CPU time [min]:     0.962                   Wall time [min]:     0.044
 
 Calculation of overlap integrals...
 CPU time [min]:     0.965                   Wall time [min]:     0.044
 
 Calculation of the square root of the overlap matrix...
 Minimum eigenvalue of the overlap matrix: 0.549185E-03
 CPU time [min]:     0.975                   Wall time [min]:     0.045
 
 Calculation of kinetic energy integrals...
 CPU time [min]:     0.976                   Wall time [min]:     0.045
 Calculation of nuclear attraction integrals...
 CPU time [min]:     0.976                   Wall time [min]:     0.045
 Calculation of overlap integrals...
 CPU time [min]:     0.976                   Wall time [min]:     0.045
 
 Calculation of prescreening integrals...
 CPU time [min]:     1.075                   Wall time [min]:     0.047
 
 Calculation of two-center Coulomb integrals...
   5% done.
  20% done.
  32% done.
  52% done.
  72% done.
  89% done.
 100% done.
 CPU time [min]:     1.083                   Wall time [min]:     0.047
 
 Calculation of inverse square root of the two-center integral matrix...
 CPU time [min]:     1.091                   Wall time [min]:     0.048
 
 Calculation of three-center Coulomb integrals...
   3% done.
  18% done.
  32% done.
  45% done.
  64% done.
  85% done.
 100% done.
 CPU time [min]:     1.118                   Wall time [min]:     0.048

 ************************ 2021-11-29 14:23:29 *************************
 Executing scf...

 @scfsetup: integrals taken from disk
            mrcc/integ binary format
 @scfsetup: calculating on full matrices
            not using symmetry adapted basis
 @scfsetup: diis switched on
 @scfsetup: number of steps to extrapolate from  10
 @scfsetup: tolerance in energy deviation    0.100000E-05
            tolerance in density deviation    0.100000E-06
 @scfsetup: maximum number of iterations:1000
 @scfsetup: unrestricted hf calc
 @scfsetup: restarting scf from SCFDENSITIES file
 @scfsetup: occupation set:
            from initial orbitals
 @scfsetup: diis runs from iteration:   1
 @scfsetup: diis runs to iteration:1000
 @scfsetup: diis runs in every iteration
 Allocation of 170.0 Gbytes of memory...
 ======================================================================
 ITERATION STEP   1
 CPU time [min]:     0.018                   Wall time [min]:     0.003
 
 Constructing alpha Fock-matrix...
 Number of integral batches:    1
 Occupied indices per batch:    9
 CPU time [min]:     0.034                   Wall time [min]:     0.003
 
 Calculating the exchange-correlation matrix...
                  0.3000*PBEX [au]:     -4.903958802634
                   0.4300*P86 [au]:     -0.251919365669
 Exchange-correlation energy  [au]:     -5.155878168304
 CPU time [min]:     0.218                   Wall time [min]:     0.008
 
 Coulomb energy + HF exchange [au]:     88.844228232412
 Gradient norm:      4.1113E+00
 RMS of alpha difference density:                      0.00075710233613
 RMS of beta  difference density:                      0.00066142562073
 Gap [au]:  0.55749884
 ALPHA OCC:   9
 BETA  OCC:   7
 
 ***KOHN-SHAM ENERGY IN STEP   1 IS           -149.8244181729031368 [AU]
 ======================================================================
 ITERATION STEP   2
 CPU time [min]:     0.237                   Wall time [min]:     0.009
 
 Constructing alpha Fock-matrix...
 Number of integral batches:    1
 Occupied indices per batch:    9
 CPU time [min]:     0.251                   Wall time [min]:     0.009
 
 Calculating the exchange-correlation matrix...
                  0.3000*PBEX [au]:     -4.908806817032
                   0.4300*P86 [au]:     -0.252144941790
 Exchange-correlation energy  [au]:     -5.160951758822
 CPU time [min]:     0.444                   Wall time [min]:     0.014
 
 Coulomb energy + HF exchange [au]:     88.883439833557
 Gradient norm:      5.3532E-02
 DIIS is running in this iteration step.
 RMS of [F,P]:                                         0.02699631774406
 RMS of alpha difference density:                      0.00187754754774
 RMS of beta  difference density:                      0.00169039029183
 Gap [au]:  0.55971511
 ALPHA OCC:   9
 BETA  OCC:   7
 
 ***KOHN-SHAM ENERGY IN STEP   2 IS           -149.8952321521224746 [AU]
 ======================================================================
 ITERATION STEP   3
 CPU time [min]:     0.466                   Wall time [min]:     0.015
 
 Constructing alpha Fock-matrix...
 Number of integral batches:    1
 Occupied indices per batch:    9
 CPU time [min]:     0.483                   Wall time [min]:     0.015
 
 Calculating the exchange-correlation matrix...
                  0.3000*PBEX [au]:     -4.910448385103
                   0.4300*P86 [au]:     -0.252067224974
 Exchange-correlation energy  [au]:     -5.162515610078
 CPU time [min]:     0.614                   Wall time [min]:     0.019
 
 Coulomb energy + HF exchange [au]:     89.012296398715
 Gradient norm:      2.4277E-02
 DIIS is running in this iteration step.
 RMS of [F,P]:                                         0.00035826398341
 RMS of alpha difference density:                      0.00011326348212
 RMS of beta  difference density:                      0.00008589159487
 Gap [au]:  0.55574497
 ALPHA OCC:   9
 BETA  OCC:   7
 
 ***KOHN-SHAM ENERGY IN STEP   3 IS           -149.9466914403213877 [AU]
 ======================================================================
 ITERATION STEP   4
 CPU time [min]:     0.630                   Wall time [min]:     0.019
 
 Constructing alpha Fock-matrix...
 Number of integral batches:    1
 Occupied indices per batch:    9
 CPU time [min]:     0.647                   Wall time [min]:     0.019
 
 Calculating the exchange-correlation matrix...
                  0.3000*PBEX [au]:     -4.904546811136
                   0.4300*P86 [au]:     -0.251816844284
 Exchange-correlation energy  [au]:     -5.156363655420
 CPU time [min]:     0.778                   Wall time [min]:     0.023
 
 Coulomb energy + HF exchange [au]:     88.827425053149
 Gradient norm:      1.0385E-02
 DIIS is running in this iteration step.
 RMS of [F,P]:                                         0.00015659504348
 RMS of alpha difference density:                      0.00003545481721
 RMS of beta  difference density:                      0.00002669893252
 Gap [au]:  0.55672711
 ALPHA OCC:   9
 BETA  OCC:   7
 
 ***KOHN-SHAM ENERGY IN STEP   4 IS           -149.9469131078523105 [AU]
 ======================================================================
 ITERATION STEP   5
 CPU time [min]:     0.795                   Wall time [min]:     0.023
 
 Constructing alpha Fock-matrix...
 Number of integral batches:    1
 Occupied indices per batch:    9
 CPU time [min]:     0.810                   Wall time [min]:     0.023
 
 Calculating the exchange-correlation matrix...
                  0.3000*PBEX [au]:     -4.906873354854
                   0.4300*P86 [au]:     -0.251866870885
 Exchange-correlation energy  [au]:     -5.158740225739
 CPU time [min]:     0.944                   Wall time [min]:     0.027
 
 Coulomb energy + HF exchange [au]:     88.892056068362
 Gradient norm:      6.5989E-04
 DIIS is running in this iteration step.
 RMS of [F,P]:                                         0.00001202892669
 RMS of alpha difference density:                      0.00000301433337
 RMS of beta  difference density:                      0.00000332239412
 Gap [au]:  0.55681139
 ALPHA OCC:   9
 BETA  OCC:   7
 
 ***KOHN-SHAM ENERGY IN STEP   5 IS           -149.9469577064108989 [AU]
 ======================================================================
 ITERATION STEP   6
 CPU time [min]:     0.960                   Wall time [min]:     0.027
 
 Constructing alpha Fock-matrix...
 Number of integral batches:    1
 Occupied indices per batch:    9
 CPU time [min]:     0.976                   Wall time [min]:     0.028
 
 Calculating the exchange-correlation matrix...
                  0.3000*PBEX [au]:     -4.906676039507
                   0.4300*P86 [au]:     -0.251862419894
 Exchange-correlation energy  [au]:     -5.158538459401
 CPU time [min]:     1.110                   Wall time [min]:     0.031
 
 Coulomb energy + HF exchange [au]:     88.887210506809
 Gradient norm:      1.9612E-04
 DIIS is running in this iteration step.
 RMS of [F,P]:                                         0.00000277602466
 RMS of alpha difference density:                      0.00000115811496
 RMS of beta  difference density:                      0.00000066679594
 Gap [au]:  0.55681342
 ALPHA OCC:   9
 BETA  OCC:   7
 
 ***KOHN-SHAM ENERGY IN STEP   6 IS           -149.9469580008058074 [AU]
 ======================================================================
 ITERATION STEP   7
 CPU time [min]:     1.129                   Wall time [min]:     0.031
 
 Constructing alpha Fock-matrix...
 Number of integral batches:    1
 Occupied indices per batch:    9
 CPU time [min]:     1.144                   Wall time [min]:     0.032
 
 Calculating the exchange-correlation matrix...
                  0.3000*PBEX [au]:     -4.906714140704
                   0.4300*P86 [au]:     -0.251861610584
 Exchange-correlation energy  [au]:     -5.158575751287
 CPU time [min]:     1.275                   Wall time [min]:     0.035
 
 Coulomb energy + HF exchange [au]:     88.887988279524
 Gradient norm:      4.7003E-05
 DIIS is running in this iteration step.
 RMS of [F,P]:                                         0.00000060114024
 RMS of alpha difference density:                      0.00000030128838
 RMS of beta  difference density:                      0.00000029516394
 Gap [au]:  0.55681583
 ALPHA OCC:   9
 BETA  OCC:   7
 
 ***KOHN-SHAM ENERGY IN STEP   7 IS           -149.9469580230021961 [AU]
 ======================================================================
 ITERATION STEP   8
 CPU time [min]:     1.289                   Wall time [min]:     0.035
 
 Constructing alpha Fock-matrix...
 Number of integral batches:    1
 Occupied indices per batch:    9
 CPU time [min]:     1.306                   Wall time [min]:     0.036
 
 Calculating the exchange-correlation matrix...
                  0.3000*PBEX [au]:     -4.906713982206
                   0.4300*P86 [au]:     -0.251861117361
 Exchange-correlation energy  [au]:     -5.158575099568
 CPU time [min]:     1.435                   Wall time [min]:     0.039
 
 Coulomb energy + HF exchange [au]:     88.887927168998
 Gradient norm:      7.2028E-06
 DIIS is running in this iteration step.
 RMS of [F,P]:                                         0.00000010520584
 RMS of alpha difference density:                      0.00000007902707
 RMS of beta  difference density:                      0.00000006221808
 Gap [au]:  0.55681533
 ALPHA OCC:   9
 BETA  OCC:   7
 
 ***KOHN-SHAM ENERGY IN STEP   8 IS           -149.9469580250721492 [AU]
 ======================================================================
 
 SUCCESS...
 THE SCF ITERATION HAS CONVERGED!
 
                   A   
 FINAL ALPHA OCC:   9
 FINAL BETA  OCC:   7
 
 ***FINAL KOHN-SHAM ENERGY:          -149.9469580250721492 [AU]
 
 Expectation value of S^2:  2.0289
 Average multiplicity:      3.0192
 
 Orbital energies [au]:
      Irrep         Alpha          Beta
    1   A        -20.205154     -20.160633
    2   A        -20.204661     -20.159737
    3   A         -1.567400      -1.467806
    4   A         -1.072792      -0.910357
    5   A         -0.742815      -0.638097
    6   A         -0.742815      -0.541357
    7   A         -0.690749      -0.541357
 
    8   A         -0.466959       0.015458
    9   A         -0.466959       0.015458
 
   10   A          0.201510       0.219981
   11   A          0.289229       0.310732
   12   A          0.289229       0.310732
   13   A          0.345576       0.349863
   14   A          0.382747       0.420264
   15   A          0.382747       0.420264
   16   A          0.443672       0.462679
   17   A          0.454789       0.499051
   18   A          0.765688       0.782690
   19   A          0.945513       0.969958
   20   A          0.945513       0.969958
   21   A          1.137264       1.168505
   22   A          1.137264       1.168505
   23   A          1.310450       1.340997
   24   A          1.310450       1.363065
   25   A          1.329216       1.363065
   26   A          1.393119       1.426244
   27   A          1.393119       1.459152
   28   A          1.410780       1.459152
   29   A          1.469548       1.536919
   30   A          1.469548       1.536919
   31   A          1.829230       1.849471
   32   A          1.829230       1.849471
   33   A          1.920578       1.945057
   34   A          1.944051       1.960842
   35   A          2.778712       2.810286
   36   A          2.991244       3.006991
   37   A          2.991244       3.006991
   38   A          3.023691       3.055540
   39   A          3.023691       3.055540
   40   A          3.163647       3.195220
   41   A          3.163647       3.195220
   42   A          3.431839       3.475066
   43   A          3.431839       3.475066
   44   A          3.638198       3.694366
   45   A          3.787286       3.864284
   46   A          3.787286       3.884304
   47   A          3.838360       3.884304
   48   A          3.929227       4.031531
   49   A          3.929227       4.031531
   50   A          4.062333       4.109310
   51   A          4.062333       4.109310
   52   A          4.130298       4.160246
   53   A          4.130298       4.160246
   54   A          4.266595       4.299359
   55   A          4.266595       4.299359
   56   A          4.317120       4.352820
   57   A          4.581482       4.616302
   58   A          4.739445       4.804607
   59   A          4.739445       4.804607
   60   A          4.941452       4.971502
   61   A          5.085401       5.171044
   62   A          5.085401       5.171044
   63   A          5.194186       5.206958
   64   A          5.743924       5.798332
   65   A          5.743924       5.798332
   66   A          8.055231       8.089808
   67   A          8.415345       8.436760
   68   A          8.415345       8.436760
   69   A          8.627647       8.655575
   70   A          8.627647       8.655575
   71   A          8.847923       8.870882
   72   A          8.847923       8.870882
   73   A          8.981829       9.005646
   74   A          8.981829       9.025709
   75   A          8.983986       9.025709
   76   A          9.121985       9.166915
   77   A          9.121985       9.166915
   78   A          9.560912       9.591854
   79   A          9.560912       9.591854
   80   A         10.640312      10.669035
   81   A         10.640312      10.669035
   82   A         10.758341      10.775365
   83   A         10.863231      10.889530
   84   A         10.863231      10.889530
   85   A         11.074133      11.149370
   86   A         11.074133      11.149370
   87   A         11.202193      11.250850
   88   A         11.202193      11.250850
   89   A         11.235882      11.310229
   90   A         11.235882      11.310229
   91   A         11.590859      11.634996
   92   A         11.590859      11.634996
   93   A         11.633509      11.673288
   94   A         11.760845      11.788661
   95   A         11.787876      11.823412
   96   A         11.787876      11.823412
   97   A         11.993607      12.033739
   98   A         11.993607      12.033739
   99   A         12.085324      12.177378
  100   A         12.085324      12.177378
  101   A         12.197810      12.237508
  102   A         12.197810      12.237508
  103   A         12.315835      12.401323
  104   A         12.315835      12.404416
  105   A         12.383962      12.404416
  106   A         13.758338      13.821022
  107   A         14.228893      14.265960
  108   A         14.228893      14.265960
  109   A         14.232538      14.287904
  110   A         16.182473      16.197199
  111   A         47.764354      47.789710
  112   A         48.627203      48.651893
  113   A        254.033644     254.040237
  114   A        254.961545     254.968030
 
 RETURNING FROM SCF ALGORITHM
 ======================================================================

 ************************ 2021-11-29 14:23:31 *************************
 Executing integ...

 Allocation of 170.0 Gbytes of memory...
 
 
 Basis set information:
 
 Maximum angular momentum: h
 Maximum number of contracted Gaussians:   10
 Maximum number of primitive Gaussians:    15
 Spherical harmonic GTOs are used.
 
 
 Conventional basis set:
 
    1  O  def2-qzvpp [ 15s 8p 3d 2f 1g | 7s 4p 3d 2f 1g ]
    2  O  def2-qzvpp [ 15s 8p 3d 2f 1g | 7s 4p 3d 2f 1g ]
 
 Basis functions:
            1             2             3             4             5             6             7             8             9            10
    0    1O1s          1O2s          1O3s          1O4s          1O5s          1O6s          1O7s          1O1pz         1O1py         1O1px     
    1    1O2pz         1O2py         1O2px         1O3pz         1O3py         1O3px         1O4pz         1O4py         1O4px         1O1d-2    
    2    1O1d-1        1O1d0         1O1d+1        1O1d+2        1O2d-2        1O2d-1        1O2d0         1O2d+1        1O2d+2        1O3d-2    
    3    1O3d-1        1O3d0         1O3d+1        1O3d+2        1O1f-3        1O1f-2        1O1f-1        1O1f0         1O1f+1        1O1f+2    
    4    1O1f+3        1O2f-3        1O2f-2        1O2f-1        1O2f0         1O2f+1        1O2f+2        1O2f+3        1O1g-4        1O1g-3    
    5    1O1g-2        1O1g-1        1O1g0         1O1g+1        1O1g+2        1O1g+3        1O1g+4        2O1s          2O2s          2O3s      
    6    2O4s          2O5s          2O6s          2O7s          2O1pz         2O1py         2O1px         2O2pz         2O2py         2O2px     
    7    2O3pz         2O3py         2O3px         2O4pz         2O4py         2O4px         2O1d-2        2O1d-1        2O1d0         2O1d+1    
    8    2O1d+2        2O2d-2        2O2d-1        2O2d0         2O2d+1        2O2d+2        2O3d-2        2O3d-1        2O3d0         2O3d+1    
    9    2O3d+2        2O1f-3        2O1f-2        2O1f-1        2O1f0         2O1f+1        2O1f+2        2O1f+3        2O2f-3        2O2f-2    
   10    2O2f-1        2O2f0         2O2f+1        2O2f+2        2O2f+3        2O1g-4        2O1g-3        2O1g-2        2O1g-1        2O1g0     
   11    2O1g+1        2O1g+2        2O1g+3        2O1g+4    
 
 Maximum number of basis functions per shell:   15
 Total number of basis functions:    114
 
 
 Fitting basis set for the SCF calculation:
 
    1  O  def2-qzvpp-ri-jk [ 14s 10p 6d 2f 1g | 10s 8p 4d 2f 1g ]
    2  O  def2-qzvpp-ri-jk [ 14s 10p 6d 2f 1g | 10s 8p 4d 2f 1g ]
 
 Basis functions:
            1             2             3             4             5             6             7             8             9            10
    0    1O1s          1O2s          1O3s          1O4s          1O5s          1O6s          1O7s          1O8s          1O9s          1O10s     
    1    1O1pz         1O1py         1O1px         1O2pz         1O2py         1O2px         1O3pz         1O3py         1O3px         1O4pz     
    2    1O4py         1O4px         1O5pz         1O5py         1O5px         1O6pz         1O6py         1O6px         1O7pz         1O7py     
    3    1O7px         1O8pz         1O8py         1O8px         1O1d-2        1O1d-1        1O1d0         1O1d+1        1O1d+2        1O2d-2    
    4    1O2d-1        1O2d0         1O2d+1        1O2d+2        1O3d-2        1O3d-1        1O3d0         1O3d+1        1O3d+2        1O4d-2    
    5    1O4d-1        1O4d0         1O4d+1        1O4d+2        1O1f-3        1O1f-2        1O1f-1        1O1f0         1O1f+1        1O1f+2    
    6    1O1f+3        1O2f-3        1O2f-2        1O2f-1        1O2f0         1O2f+1        1O2f+2        1O2f+3        1O1g-4        1O1g-3    
    7    1O1g-2        1O1g-1        1O1g0         1O1g+1        1O1g+2        1O1g+3        1O1g+4        2O1s          2O2s          2O3s      
    8    2O4s          2O5s          2O6s          2O7s          2O8s          2O9s          2O10s         2O1pz         2O1py         2O1px     
    9    2O2pz         2O2py         2O2px         2O3pz         2O3py         2O3px         2O4pz         2O4py         2O4px         2O5pz     
   10    2O5py         2O5px         2O6pz         2O6py         2O6px         2O7pz         2O7py         2O7px         2O8pz         2O8py     
   11    2O8px         2O1d-2        2O1d-1        2O1d0         2O1d+1        2O1d+2        2O2d-2        2O2d-1        2O2d0         2O2d+1    
   12    2O2d+2        2O3d-2        2O3d-1        2O3d0         2O3d+1        2O3d+2        2O4d-2        2O4d-1        2O4d0         2O4d+1    
   13    2O4d+2        2O1f-3        2O1f-2        2O1f-1        2O1f0         2O1f+1        2O1f+2        2O1f+3        2O2f-3        2O2f-2    
   14    2O2f-1        2O2f0         2O2f+1        2O2f+2        2O2f+3        2O1g-4        2O1g-3        2O1g-2        2O1g-1        2O1g0     
   15    2O1g+1        2O1g+2        2O1g+3        2O1g+4    
 
 Maximum number of basis functions per shell:   24
 Total number of basis functions:    154
 
 
 Fitting basis set for the correlation calculation:
 
    1  O  def2-qzvpp-ri [ 9s 8p 7d 5f 3g 1h | 9s 8p 7d 5f 3g 1h ]
    2  O  def2-qzvpp-ri [ 9s 8p 7d 5f 3g 1h | 9s 8p 7d 5f 3g 1h ]
 
 Basis functions:
            1             2             3             4             5             6             7             8             9            10
    0    1O1s          1O2s          1O3s          1O4s          1O5s          1O6s          1O7s          1O8s          1O9s          1O1pz     
    1    1O1py         1O1px         1O2pz         1O2py         1O2px         1O3pz         1O3py         1O3px         1O4pz         1O4py     
    2    1O4px         1O5pz         1O5py         1O5px         1O6pz         1O6py         1O6px         1O7pz         1O7py         1O7px     
    3    1O8pz         1O8py         1O8px         1O1d-2        1O1d-1        1O1d0         1O1d+1        1O1d+2        1O2d-2        1O2d-1    
    4    1O2d0         1O2d+1        1O2d+2        1O3d-2        1O3d-1        1O3d0         1O3d+1        1O3d+2        1O4d-2        1O4d-1    
    5    1O4d0         1O4d+1        1O4d+2        1O5d-2        1O5d-1        1O5d0         1O5d+1        1O5d+2        1O6d-2        1O6d-1    
    6    1O6d0         1O6d+1        1O6d+2        1O7d-2        1O7d-1        1O7d0         1O7d+1        1O7d+2        1O1f-3        1O1f-2    
    7    1O1f-1        1O1f0         1O1f+1        1O1f+2        1O1f+3        1O2f-3        1O2f-2        1O2f-1        1O2f0         1O2f+1    
    8    1O2f+2        1O2f+3        1O3f-3        1O3f-2        1O3f-1        1O3f0         1O3f+1        1O3f+2        1O3f+3        1O4f-3    
    9    1O4f-2        1O4f-1        1O4f0         1O4f+1        1O4f+2        1O4f+3        1O5f-3        1O5f-2        1O5f-1        1O5f0     
   10    1O5f+1        1O5f+2        1O5f+3        1O1g-4        1O1g-3        1O1g-2        1O1g-1        1O1g0         1O1g+1        1O1g+2    
   11    1O1g+3        1O1g+4        1O2g-4        1O2g-3        1O2g-2        1O2g-1        1O2g0         1O2g+1        1O2g+2        1O2g+3    
   12    1O2g+4        1O3g-4        1O3g-3        1O3g-2        1O3g-1        1O3g0         1O3g+1        1O3g+2        1O3g+3        1O3g+4    
   13    1O1h-5        1O1h-4        1O1h-3        1O1h-2        1O1h-1        1O1h0         1O1h+1        1O1h+2        1O1h+3        1O1h+4    
   14    1O1h+5        2O1s          2O2s          2O3s          2O4s          2O5s          2O6s          2O7s          2O8s          2O9s      
   15    2O1pz         2O1py         2O1px         2O2pz         2O2py         2O2px         2O3pz         2O3py         2O3px         2O4pz     
   16    2O4py         2O4px         2O5pz         2O5py         2O5px         2O6pz         2O6py         2O6px         2O7pz         2O7py     
   17    2O7px         2O8pz         2O8py         2O8px         2O1d-2        2O1d-1        2O1d0         2O1d+1        2O1d+2        2O2d-2    
   18    2O2d-1        2O2d0         2O2d+1        2O2d+2        2O3d-2        2O3d-1        2O3d0         2O3d+1        2O3d+2        2O4d-2    
   19    2O4d-1        2O4d0         2O4d+1        2O4d+2        2O5d-2        2O5d-1        2O5d0         2O5d+1        2O5d+2        2O6d-2    
   20    2O6d-1        2O6d0         2O6d+1        2O6d+2        2O7d-2        2O7d-1        2O7d0         2O7d+1        2O7d+2        2O1f-3    
   21    2O1f-2        2O1f-1        2O1f0         2O1f+1        2O1f+2        2O1f+3        2O2f-3        2O2f-2        2O2f-1        2O2f0     
   22    2O2f+1        2O2f+2        2O2f+3        2O3f-3        2O3f-2        2O3f-1        2O3f0         2O3f+1        2O3f+2        2O3f+3    
   23    2O4f-3        2O4f-2        2O4f-1        2O4f0         2O4f+1        2O4f+2        2O4f+3        2O5f-3        2O5f-2        2O5f-1    
   24    2O5f0         2O5f+1        2O5f+2        2O5f+3        2O1g-4        2O1g-3        2O1g-2        2O1g-1        2O1g0         2O1g+1    
   25    2O1g+2        2O1g+3        2O1g+4        2O2g-4        2O2g-3        2O2g-2        2O2g-1        2O2g0         2O2g+1        2O2g+2    
   26    2O2g+3        2O2g+4        2O3g-4        2O3g-3        2O3g-2        2O3g-1        2O3g0         2O3g+1        2O3g+2        2O3g+3    
   27    2O3g+4        2O1h-5        2O1h-4        2O1h-3        2O1h-2        2O1h-1        2O1h0         2O1h+1        2O1h+2        2O1h+3    
   28    2O1h+4        2O1h+5    
 
 Maximum number of basis functions per shell:   35
 Total number of basis functions:    282
 
 
 Old basis set for SCF restart
 
    1  O  def2-svp [ 7s 4p 1d | 3s 2p 1d ]
    2  O  def2-svp [ 7s 4p 1d | 3s 2p 1d ]
 
 Basis functions:
            1             2             3             4             5             6             7             8             9            10
    0    1O1s          1O2s          1O3s          1O1pz         1O1py         1O1px         1O2pz         1O2py         1O2px         1O1d-2    
    1    1O1d-1        1O1d0         1O1d+1        1O1d+2        2O1s          2O2s          2O3s          2O1pz         2O1py         2O1px     
    2    2O2pz         2O2py         2O2px         2O1d-2        2O1d-1        2O1d0         2O1d+1        2O1d+2    
 
 Maximum number of basis functions per shell:   35
 Total number of basis functions:     28
 
 
 Calculation of prescreening integrals...
 CPU time [min]:     0.078                   Wall time [min]:     0.005
 
 Calculation of two-center Coulomb integrals...
   1% done.
  13% done.
  25% done.
  38% done.
  55% done.
  75% done.
  92% done.
 100% done.
 CPU time [min]:     0.085                   Wall time [min]:     0.005
 
 Cholesky decomposition of the inverse of the two-center matrix...
 CPU time [min]:     0.097                   Wall time [min]:     0.006
 
 Calculation of three-center Coulomb integrals...
   3% done.
  18% done.
  32% done.
  45% done.
  64% done.
  85% done.
 100% done.
 CPU time [min]:     0.132                   Wall time [min]:     0.007

 ************************ 2021-11-29 14:23:32 *************************
 Executing drpa...

 Three-index integral transformation and DF-MP2 calculation
 
 Allocation of 170.0 Gbytes of memory...
 
 Alpha-alpha contribution
 Number of integral batches:    1
 Occupied indices per batch:    7
 
 Transforming integrals of batch 1...
 CPU time [min]:     0.054                   Wall time [min]:     0.003
 
 Beta-beta and alpha-beta contribution
 Number of integral batches:    1
 Occupied indices per batch:    5
 
 Transforming integrals of batch 1...
 CPU time [min]:     0.087                   Wall time [min]:     0.004
 
 Reference energy [au]:                      -149.946958025072
 SCS-MP2 contribution [au]:                    -0.236570689664
 DSDPBEP86 energy (without D3) [au]:         -150.183528714736
 
 ************************ 2021-11-29 14:23:32 *************************
                      Normal termination of mrcc.
 **********************************************************************
