 **********************************************************************
                          MRCC program system
 **********************************************************************
 
                              Written by
 Mihaly Kallay, Peter R. Nagy, David Mester, Zoltan Rolik, Gyula Samu,
   Jozsef Csontos, Jozsef Csoka, P. Bernat Szabo, Laszlo Gyevi-Nagy,
    Bence Hegely, Istvan Ladjanszki, Lorant Szegedy, Bence Ladoczki,
       Klara Petrov, Mate Farkas, Pal D. Mezei, and Adam Ganyecz
 
        Department of Physical Chemistry and Materials Science
            Budapest University of Technology and Economics
                  Budapest P.O.Box 91, H-1521 Hungary
 
                              www.mrcc.hu
 
                    Release date: February 22, 2020

 ************************ 2022-01-18 12:05:30 *************************
 Executing minp...

 Reading input from MINP...
 
 Input file:
 
calc=B2PLYP
verbosity=3
mem=170GB
symm=off
unit=angs
scfiguess=small
mult=3
core=1


basis=special
bse_AVTZ

basis_sm=special
STO-3G

dfbasis_scf=special
bse_AVTZ_autoaux

dfbasis_cor=special
aug-cc-pVTZ-RI

unit=angs
geom=xyz
1

O     0.00000000000    0.00000000000    0.00000000000
 
 
 Checking keyword combinations...
 
 Keywords:
 
 active=none
 agrid=ld0006-ld0590
 basis=special
 basis_sm=special
 basopt=off
 bfbasis=none
 bfgsmem=10
 bfgstol=1.0d-3
 bpcompo=0.985
 bpcompv=0.98
 bpdfo=0.985
 bpocc=0.985
 bppdo=0.985
 bppdv=0.98
 bpedo=0.985
 bpedv=0.98
 calc=mp2
 ccmaxit=50
 ccprog=mrcc
 ccsdalg=disk
 ccsdmkl=seq
 ccsdrest=off
 ccsdthreads=2
 cctol=6
 charge=0
 cialg=disk
 ciguess=off
 cmpgrp=auto
 core=1
 corembed=off
 csapprox=off
 dboc=off
 dendec=cholesky
 dens=0
 dfalg=lineq
 dfbasis_cor=special
 dfbasis_scf=special
 dfintran=drpa
 dft=b2plyp
 dhexc=adc(2)
 diag=david
 docc=
 domrad=10.d0
 drpaalg=fit
 dual=off
 ecp=auto
 edisp=off
 edisp_embed=off
 embed=off
 epert=none
 eps=0.975
 excrad=0.d0
 excrad_fin=0.000000000D+00
 fmm=off
 fmmord=8
 freq=off
 gauss=spher
 geom=xyz
 gopt=off
 ghost=none
 gtol=7
 grdens=off
 grtol=10
 hamilton=dc
 iface=none
 intalg=auto
 itol=10
 laptol=1.d-2
 lccoporder=trffirst
 lcorthr=normal
 lccrest=off
 lmp2dens=on
 lnoepso=0.d0
 lnoepsv=1e-6
 localcc=off
 localcorrsymm=off
 locintrf=disk
 mact=
 maxact=off
 maxdim=100
 maxex=0
 maxmicroit=100
 mcscfiguess=hf
 mem=170gb
 molden=on
 mpitasks=1
 mulmet=0
 mult=3
 nacto=0
 nactv=0
 naf_cor=off
 naf_scf=off
 nafalg=albe
 naftyp=
 nchol=auto
 ndeps=1e-3
 nstate=1
 nsing=0
 ntrip=0
 occ=
 oniom=off
 oniom_eechg=off
 oniom_pcm=off
 optalg=
 optmaxit=50
 optetol=1e-6
 optex=   0
 optgtol=1e-4
 optstol=1e-3
 orblocc=off
 orbloce=off
 orbloco=off
 orblocv=off
 orblocguess=cholesky
 osveps=1e-3
 ovirt=off
 ovltol=1e-7
 ovosnorb=80.0
 pcm=off
 popul=off
 pressure=100000
 pssp=off
 ptfreq=0.0
 ptthreads=2
 qscf=off
 qmmm=off
 redcost_exc=off
 redcost_tddft=off
 refdet=none
 rest=0
 rgrid=log3
 rohfcore=semicanonical
 rohftype=semicanonical
 scfalg=auto
 scfdamp=off
 scfdiis=on
 scfdiis_end=50
 scfdiis_start=1
 scfdiis_step=1
 scfdtol=7
 scfext=10
 scfguessdens=
 scfiguess=small
 scflshift=off
 scfmaxit=50
 scftype=uhf
 scftol=6
 scspe=1.d0
 scsph=1.d0
 scsps=1.2d0
 scspt=0.33333333333333
 scspv=1.d0
 spairtol=1e-4
 subminp=top
 symm=0
 talg=occ
 temp=298.15
 test=off
 theodore=off
 tlmo=0.999
 tpao=0.94
 tprint=off
 uncontract=off
 unit=angs
 usedisk=2
 verbosity=3
 wpairtol=0.100000000E-05
 
 Calculating integrals for small-basis SCF...

 ************************ 2022-01-18 12:05:30 *************************
 Executing integ...

 Allocation of 170.0 Gbytes of memory...
 
 
 Number of atoms:                  1
 Charge:                           0
 Number of electrons:              8
 Number of core electrons:         2
 Spin multiplicity:                3
 
                 Cartesian coordinates [bohr]      Atomic mass [AMU]  Z
   1  O     0.00000000    0.00000000    0.00000000    15.994915       8
 
 This molecule is a spherical top.
 
 Rotational constants [cm-1]: 

 
 Point group: Oh  
 Computational point group: C1  
 
 Cartesian coordinates in standard orientation [bohr]
   1  O     0.00000000    0.00000000    0.00000000
 
 Nuclear repulsion energy [au]:          0.000000000000
 
 
 Basis set information:
 
 Maximum angular momentum: f
 Maximum number of contracted Gaussians:   10
 Maximum number of primitive Gaussians:    10
 Spherical harmonic GTOs are used.
 
 
 Conventional basis set:
 
    1  O  sto-3g [ 6s 3p | 2s 1p ]
 
 Basis functions:
            1             2             3             4             5             6             7             8             9            10
    0    1O1s          1O2s          1O1pz         1O1py         1O1px     
 
 Maximum number of basis functions per shell:    3
 Total number of basis functions:      5
 
 
 Fitting basis set for the SCF calculation:
 
    1  O  cc-pvdz-ri-jk [ 10s 7p 5d 2f | 10s 7p 5d 2f ]
 
 Basis functions:
            1             2             3             4             5             6             7             8             9            10
    0    1O1s          1O2s          1O3s          1O4s          1O5s          1O6s          1O7s          1O8s          1O9s          1O10s     
    1    1O1pz         1O1py         1O1px         1O2pz         1O2py         1O2px         1O3pz         1O3py         1O3px         1O4pz     
    2    1O4py         1O4px         1O5pz         1O5py         1O5px         1O6pz         1O6py         1O6px         1O7pz         1O7py     
    3    1O7px         1O1d-2        1O1d-1        1O1d0         1O1d+1        1O1d+2        1O2d-2        1O2d-1        1O2d0         1O2d+1    
    4    1O2d+2        1O3d-2        1O3d-1        1O3d0         1O3d+1        1O3d+2        1O4d-2        1O4d-1        1O4d0         1O4d+1    
    5    1O4d+2        1O5d-2        1O5d-1        1O5d0         1O5d+1        1O5d+2        1O1f-3        1O1f-2        1O1f-1        1O1f0     
    6    1O1f+1        1O1f+2        1O1f+3        1O2f-3        1O2f-2        1O2f-1        1O2f0         1O2f+1        1O2f+2        1O2f+3    
 
 Maximum number of basis functions per shell:   25
 Total number of basis functions:     70
 
 
 Generating atomic densities for the SCF calculation...
 CPU time [min]:     0.112                   Wall time [min]:     0.018
 
 Character table for point group C1:
 
          E  
    A     1
 
 Number of basis functions per irrep:
    A       5
 
 
 Density functional: B2PLYP
 Constructing integration grid for DFT...
 Angular integration grid: adaptive 590-point Lebedev quadrature
 Radial integration grid: Log3 quadrature
 Total number of grid points: 8202        
 CPU time [min]:     0.445                   Wall time [min]:     0.028
 
 Calculation of overlap integrals...
 CPU time [min]:     0.447                   Wall time [min]:     0.028
 
 Calculation of the square root of the overlap matrix...
 Minimum eigenvalue of the overlap matrix: 0.763296E+00
 CPU time [min]:     0.450                   Wall time [min]:     0.028
 
 Calculation of kinetic energy integrals...
 CPU time [min]:     0.450                   Wall time [min]:     0.028
 Calculation of nuclear attraction integrals...
 CPU time [min]:     0.451                   Wall time [min]:     0.028
 
 Calculation of prescreening integrals...
 CPU time [min]:     0.454                   Wall time [min]:     0.028
 
 Calculation of two-center Coulomb integrals...
   2% done.
  20% done.
  64% done.
 100% done.
 CPU time [min]:     0.461                   Wall time [min]:     0.028
 
 Calculation of inverse square root of the two-center integral matrix...
 CPU time [min]:     0.496                   Wall time [min]:     0.029
 
 Calculation of three-center Coulomb integrals...
  20% done.
 100% done.
 CPU time [min]:     0.503                   Wall time [min]:     0.029
 
 Running small-basis SCF...

 ************************ 2022-01-18 12:05:32 *************************
 Executing scf...

 @scfsetup: integrals taken from disk
            mrcc/integ binary format
 @scfsetup: calculating on full matrices
            not using symmetry adapted basis
 @scfsetup: diis switched on
 @scfsetup: number of steps to extrapolate from  10
 @scfsetup: tolerance in energy deviation    0.100000E-05
            tolerance in density deviation    0.100000E-06
 @scfsetup: maximum number of iterations:  50
 @scfsetup: unrestricted hf calc
 @scfsetup: starting scf from superposition of atomic densities
 @scfsetup: occupation set:
            from initial orbitals
 @scfsetup: diis runs from iteration:   1
 @scfsetup: diis runs to iteration:  50
 @scfsetup: diis runs in every iteration
 Allocation of 170.0 Gbytes of memory...
 ======================================================================
 ITERATION STEP   1
 CPU time [min]:     0.002                   Wall time [min]:     0.002
 
 Constructing alpha Fock-matrix...
 Number of integral batches:    1
 Occupied indices per batch:    5
 CPU time [min]:     0.002                   Wall time [min]:     0.002
 
 Calculating the exchange-correlation matrix...
                   0.4700*B88 [au]:     -3.915573568261
                   0.7300*LYP [au]:     -0.189199957763
 Exchange-correlation energy  [au]:     -4.104773526024
 CPU time [min]:     0.043                   Wall time [min]:     0.004
 
 Coulomb energy + HF exchange [au]:     33.017123624654
 Gradient norm:      9.2383E-13
 RMS of alpha difference density:                      0.00000000000000
 RMS of beta  difference density:                      0.00000000000003
 Gap [au]:  0.00000000
 ALPHA OCC:   5
 BETA  OCC:   3
 
 ***KOHN-SHAM ENERGY IN STEP   1 IS            -73.9670061481814827 [AU]
 ======================================================================
 ITERATION STEP   2
 CPU time [min]:     0.045                   Wall time [min]:     0.004
 
 Constructing alpha Fock-matrix...
 Number of integral batches:    1
 Occupied indices per batch:    5
 CPU time [min]:     0.051                   Wall time [min]:     0.005
 
 Calculating the exchange-correlation matrix...
                   0.4700*B88 [au]:     -3.915573568261
                   0.7300*LYP [au]:     -0.189199957763
 Exchange-correlation energy  [au]:     -4.104773526024
 CPU time [min]:     0.087                   Wall time [min]:     0.006
 
 Coulomb energy + HF exchange [au]:     33.017123624654
 Gradient norm:      6.2935E-14
 DIIS is running in this iteration step.
 RMS of [F,P]:                                         0.00000000000004
 RMS of alpha difference density:                      0.00000000000000
 RMS of beta  difference density:                      0.00000000000002
 Gap [au]:  0.00000000
 ALPHA OCC:   5
 BETA  OCC:   3
 
 ***KOHN-SHAM ENERGY IN STEP   2 IS            -73.9670061481814685 [AU]
 ======================================================================
 
 SUCCESS...
 THE SCF ITERATION HAS CONVERGED!
 
                   A   
 FINAL ALPHA OCC:   5
 FINAL BETA  OCC:   3
 
 ***FINAL KOHN-SHAM ENERGY:           -73.9670061481814685 [AU]
 
 Expectation value of S^2:  2.0000
 Average multiplicity:      3.0000
 
 Orbital energies [au]:
      Irrep         Alpha          Beta
    1   A        -19.485672     -19.446742
    2   A         -1.050977      -0.815645
    3   A         -0.389310      -0.227956
 
    4   A         -0.389310       0.172132
    5   A         -0.299754       0.172132
 
 
 RETURNING FROM SCF ALGORITHM
 ======================================================================

 ************************ 2022-01-18 12:05:32 *************************
 Executing integ...

 Allocation of 170.0 Gbytes of memory...
 
 
 Number of atoms:                  1
 Charge:                           0
 Number of electrons:              8
 Number of core electrons:         2
 Spin multiplicity:                3
 
                 Cartesian coordinates [bohr]      Atomic mass [AMU]  Z
   1  O     0.00000000    0.00000000    0.00000000    15.994915       8
 
 This molecule is a spherical top.
 
 Rotational constants [cm-1]: 

 
 Point group: Oh  
 Computational point group: C1  
 
 Cartesian coordinates in standard orientation [bohr]
   1  O     0.00000000    0.00000000    0.00000000
 
 Nuclear repulsion energy [au]:          0.000000000000
 
 
 Basis set information:
 
 Maximum angular momentum: g
 Maximum number of contracted Gaussians:   16
 Maximum number of primitive Gaussians:    16
 Spherical harmonic GTOs are used.
 
 
 Conventional basis set:
 
    1  O  bse_avtz [ 11s 6p 3d 2f | 5s 4p 3d 2f ]
 
 Basis functions:
            1             2             3             4             5             6             7             8             9            10
    0    1O1s          1O2s          1O3s          1O4s          1O5s          1O1pz         1O1py         1O1px         1O2pz         1O2py     
    1    1O2px         1O3pz         1O3py         1O3px         1O4pz         1O4py         1O4px         1O1d-2        1O1d-1        1O1d0     
    2    1O1d+1        1O1d+2        1O2d-2        1O2d-1        1O2d0         1O2d+1        1O2d+2        1O3d-2        1O3d-1        1O3d0     
    3    1O3d+1        1O3d+2        1O1f-3        1O1f-2        1O1f-1        1O1f0         1O1f+1        1O1f+2        1O1f+3        1O2f-3    
    4    1O2f-2        1O2f-1        1O2f0         1O2f+1        1O2f+2        1O2f+3    
 
 Maximum number of basis functions per shell:   15
 Total number of basis functions:     46
 
 
 Fitting basis set for the SCF calculation:
 
    1  O  bse_avtz_autoaux [ 16s 13p 12d 7f 5g | 16s 13p 12d 7f 5g ]
 
 Basis functions:
            1             2             3             4             5             6             7             8             9            10
    0    1O1s          1O2s          1O3s          1O4s          1O5s          1O6s          1O7s          1O8s          1O9s          1O10s     
    1    1O11s         1O12s         1O13s         1O14s         1O15s         1O16s         1O1pz         1O1py         1O1px         1O2pz     
    2    1O2py         1O2px         1O3pz         1O3py         1O3px         1O4pz         1O4py         1O4px         1O5pz         1O5py     
    3    1O5px         1O6pz         1O6py         1O6px         1O7pz         1O7py         1O7px         1O8pz         1O8py         1O8px     
    4    1O9pz         1O9py         1O9px         1O10pz        1O10py        1O10px        1O11pz        1O11py        1O11px        1O12pz    
    5    1O12py        1O12px        1O13pz        1O13py        1O13px        1O1d-2        1O1d-1        1O1d0         1O1d+1        1O1d+2    
    6    1O2d-2        1O2d-1        1O2d0         1O2d+1        1O2d+2        1O3d-2        1O3d-1        1O3d0         1O3d+1        1O3d+2    
    7    1O4d-2        1O4d-1        1O4d0         1O4d+1        1O4d+2        1O5d-2        1O5d-1        1O5d0         1O5d+1        1O5d+2    
    8    1O6d-2        1O6d-1        1O6d0         1O6d+1        1O6d+2        1O7d-2        1O7d-1        1O7d0         1O7d+1        1O7d+2    
    9    1O8d-2        1O8d-1        1O8d0         1O8d+1        1O8d+2        1O9d-2        1O9d-1        1O9d0         1O9d+1        1O9d+2    
   10    1O10d-2       1O10d-1       1O10d0        1O10d+1       1O10d+2       1O11d-2       1O11d-1       1O11d0        1O11d+1       1O11d+2   
   11    1O12d-2       1O12d-1       1O12d0        1O12d+1       1O12d+2       1O1f-3        1O1f-2        1O1f-1        1O1f0         1O1f+1    
   12    1O1f+2        1O1f+3        1O2f-3        1O2f-2        1O2f-1        1O2f0         1O2f+1        1O2f+2        1O2f+3        1O3f-3    
   13    1O3f-2        1O3f-1        1O3f0         1O3f+1        1O3f+2        1O3f+3        1O4f-3        1O4f-2        1O4f-1        1O4f0     
   14    1O4f+1        1O4f+2        1O4f+3        1O5f-3        1O5f-2        1O5f-1        1O5f0         1O5f+1        1O5f+2        1O5f+3    
   15    1O6f-3        1O6f-2        1O6f-1        1O6f0         1O6f+1        1O6f+2        1O6f+3        1O7f-3        1O7f-2        1O7f-1    
   16    1O7f0         1O7f+1        1O7f+2        1O7f+3        1O1g-4        1O1g-3        1O1g-2        1O1g-1        1O1g0         1O1g+1    
   17    1O1g+2        1O1g+3        1O1g+4        1O2g-4        1O2g-3        1O2g-2        1O2g-1        1O2g0         1O2g+1        1O2g+2    
   18    1O2g+3        1O2g+4        1O3g-4        1O3g-3        1O3g-2        1O3g-1        1O3g0         1O3g+1        1O3g+2        1O3g+3    
   19    1O3g+4        1O4g-4        1O4g-3        1O4g-2        1O4g-1        1O4g0         1O4g+1        1O4g+2        1O4g+3        1O4g+4    
   20    1O5g-4        1O5g-3        1O5g-2        1O5g-1        1O5g0         1O5g+1        1O5g+2        1O5g+3        1O5g+4    
 
 Maximum number of basis functions per shell:   60
 Total number of basis functions:    209
 
 
 Fitting basis set for the correlation calculation:
 
    1  O  aug-cc-pvtz-ri [ 9s 7p 6d 4f 2g | 9s 7p 6d 4f 2g ]
 
 Basis functions:
            1             2             3             4             5             6             7             8             9            10
    0    1O1s          1O2s          1O3s          1O4s          1O5s          1O6s          1O7s          1O8s          1O9s          1O1pz     
    1    1O1py         1O1px         1O2pz         1O2py         1O2px         1O3pz         1O3py         1O3px         1O4pz         1O4py     
    2    1O4px         1O5pz         1O5py         1O5px         1O6pz         1O6py         1O6px         1O7pz         1O7py         1O7px     
    3    1O1d-2        1O1d-1        1O1d0         1O1d+1        1O1d+2        1O2d-2        1O2d-1        1O2d0         1O2d+1        1O2d+2    
    4    1O3d-2        1O3d-1        1O3d0         1O3d+1        1O3d+2        1O4d-2        1O4d-1        1O4d0         1O4d+1        1O4d+2    
    5    1O5d-2        1O5d-1        1O5d0         1O5d+1        1O5d+2        1O6d-2        1O6d-1        1O6d0         1O6d+1        1O6d+2    
    6    1O1f-3        1O1f-2        1O1f-1        1O1f0         1O1f+1        1O1f+2        1O1f+3        1O2f-3        1O2f-2        1O2f-1    
    7    1O2f0         1O2f+1        1O2f+2        1O2f+3        1O3f-3        1O3f-2        1O3f-1        1O3f0         1O3f+1        1O3f+2    
    8    1O3f+3        1O4f-3        1O4f-2        1O4f-1        1O4f0         1O4f+1        1O4f+2        1O4f+3        1O1g-4        1O1g-3    
    9    1O1g-2        1O1g-1        1O1g0         1O1g+1        1O1g+2        1O1g+3        1O1g+4        1O2g-4        1O2g-3        1O2g-2    
   10    1O2g-1        1O2g0         1O2g+1        1O2g+2        1O2g+3        1O2g+4    
 
 Maximum number of basis functions per shell:   60
 Total number of basis functions:    106
 
 
 Old basis set for SCF restart
 
    1  O  sto-3g [ 6s 3p | 2s 1p ]
 
 Basis functions:
            1             2             3             4             5             6             7             8             9            10
    0    1O1s          1O2s          1O1pz         1O1py         1O1px     
 
 Maximum number of basis functions per shell:   60
 Total number of basis functions:      5
 
 
 Generating atomic densities for the SCF calculation...
 CPU time [min]:     0.118                   Wall time [min]:     0.019
 
 Character table for point group C1:
 
          E  
    A     1
 
 Number of basis functions per irrep:
    A      46
 
 
 Density functional: B2PLYP
 Constructing integration grid for DFT...
 Angular integration grid: adaptive 590-point Lebedev quadrature
 Radial integration grid: Log3 quadrature
 Total number of grid points: 18832       
 CPU time [min]:     0.664                   Wall time [min]:     0.034
 
 Calculation of overlap integrals...
 CPU time [min]:     0.666                   Wall time [min]:     0.034
 
 Calculation of the square root of the overlap matrix...
 Minimum eigenvalue of the overlap matrix: 0.110510E-01
 CPU time [min]:     0.672                   Wall time [min]:     0.034
 
 Calculation of kinetic energy integrals...
 CPU time [min]:     0.672                   Wall time [min]:     0.034
 Calculation of nuclear attraction integrals...
 CPU time [min]:     0.672                   Wall time [min]:     0.034
 Calculation of overlap integrals...
 CPU time [min]:     0.672                   Wall time [min]:     0.034
 
 Calculation of prescreening integrals...
 CPU time [min]:     0.688                   Wall time [min]:     0.035
 
 Calculation of two-center Coulomb integrals...
   1% done.
  30% done.
  62% done.
 100% done.
 CPU time [min]:     0.696                   Wall time [min]:     0.035
 
 Calculation of inverse square root of the two-center integral matrix...
 CPU time [min]:     0.715                   Wall time [min]:     0.036
 
 Calculation of three-center Coulomb integrals...
   1% done.
  14% done.
  49% done.
 100% done.
 CPU time [min]:     0.732                   Wall time [min]:     0.036

 ************************ 2022-01-18 12:05:35 *************************
 Executing scf...

 @scfsetup: integrals taken from disk
            mrcc/integ binary format
 @scfsetup: calculating on full matrices
            not using symmetry adapted basis
 @scfsetup: diis switched on
 @scfsetup: number of steps to extrapolate from  10
 @scfsetup: tolerance in energy deviation    0.100000E-05
            tolerance in density deviation    0.100000E-06
 @scfsetup: maximum number of iterations:  50
 @scfsetup: unrestricted hf calc
 @scfsetup: restarting scf from SCFDENSITIES file
 @scfsetup: occupation set:
            from initial orbitals
 @scfsetup: diis runs from iteration:   1
 @scfsetup: diis runs to iteration:  50
 @scfsetup: diis runs in every iteration
 Allocation of 170.0 Gbytes of memory...
 ======================================================================
 ITERATION STEP   1
 CPU time [min]:     0.013                   Wall time [min]:     0.003
 
 Constructing alpha Fock-matrix...
 Number of integral batches:    1
 Occupied indices per batch:    5
 CPU time [min]:     0.026                   Wall time [min]:     0.003
 
 Calculating the exchange-correlation matrix...
                   0.4700*B88 [au]:     -3.931710077279
                   0.7300*LYP [au]:     -0.189140679455
 Exchange-correlation energy  [au]:     -4.120850756734
 CPU time [min]:     0.111                   Wall time [min]:     0.005
 
 Coulomb energy + HF exchange [au]:     33.102061698496
 Gradient norm:      1.2107E+00
 RMS of alpha difference density:                      0.00523339062474
 RMS of beta  difference density:                      0.00456410487821
 Gap [au]:  0.32141658
 ALPHA OCC:   5
 BETA  OCC:   3
 
 ***KOHN-SHAM ENERGY IN STEP   1 IS            -74.8070284334425963 [AU]
 ======================================================================
 ITERATION STEP   2
 CPU time [min]:     0.120                   Wall time [min]:     0.006
 
 Constructing alpha Fock-matrix...
 Number of integral batches:    1
 Occupied indices per batch:    5
 CPU time [min]:     0.134                   Wall time [min]:     0.006
 
 Calculating the exchange-correlation matrix...
                   0.4700*B88 [au]:     -3.841368600058
                   0.7300*LYP [au]:     -0.187330457277
 Exchange-correlation energy  [au]:     -4.028699057334
 CPU time [min]:     0.226                   Wall time [min]:     0.009
 
 Coulomb energy + HF exchange [au]:     32.922273935814
 Gradient norm:      1.4396E-01
 DIIS is running in this iteration step.
 RMS of [F,P]:                                         0.02051801159778
 RMS of alpha difference density:                      0.01492662890298
 RMS of beta  difference density:                      0.01161231075134
 Gap [au]:  0.31544684
 ALPHA OCC:   5
 BETA  OCC:   3
 
 ***KOHN-SHAM ENERGY IN STEP   2 IS            -74.7759149022978846 [AU]
 ======================================================================
 ITERATION STEP   3
 CPU time [min]:     0.232                   Wall time [min]:     0.009
 
 Constructing alpha Fock-matrix...
 Number of integral batches:    1
 Occupied indices per batch:    5
 CPU time [min]:     0.243                   Wall time [min]:     0.009
 
 Calculating the exchange-correlation matrix...
                   0.4700*B88 [au]:     -3.807065912575
                   0.7300*LYP [au]:     -0.185956732739
 Exchange-correlation energy  [au]:     -3.993022645315
 CPU time [min]:     0.335                   Wall time [min]:     0.011
 
 Coulomb energy + HF exchange [au]:     31.568436504058
 Gradient norm:      2.3092E-01
 DIIS is running in this iteration step.
 RMS of [F,P]:                                         0.00465001837964
 RMS of alpha difference density:                      0.00594077093843
 RMS of beta  difference density:                      0.00417564836214
 Gap [au]:  0.34739725
 ALPHA OCC:   5
 BETA  OCC:   3
 
 ***KOHN-SHAM ENERGY IN STEP   3 IS            -74.9932562138765491 [AU]
 ======================================================================
 ITERATION STEP   4
 CPU time [min]:     0.341                   Wall time [min]:     0.011
 
 Constructing alpha Fock-matrix...
 Number of integral batches:    1
 Occupied indices per batch:    5
 CPU time [min]:     0.352                   Wall time [min]:     0.012
 
 Calculating the exchange-correlation matrix...
                   0.4700*B88 [au]:     -3.882458023600
                   0.7300*LYP [au]:     -0.188593937977
 Exchange-correlation energy  [au]:     -4.071051961577
 CPU time [min]:     0.419                   Wall time [min]:     0.013
 
 Coulomb energy + HF exchange [au]:     32.591349739631
 Gradient norm:      1.1526E-01
 DIIS is running in this iteration step.
 RMS of [F,P]:                                         0.00281930324024
 RMS of alpha difference density:                      0.00218357091096
 RMS of beta  difference density:                      0.00151418035558
 Gap [au]:  0.34382583
 ALPHA OCC:   5
 BETA  OCC:   3
 
 ***KOHN-SHAM ENERGY IN STEP   4 IS            -75.0023379521810512 [AU]
 ======================================================================
 ITERATION STEP   5
 CPU time [min]:     0.424                   Wall time [min]:     0.014
 
 Constructing alpha Fock-matrix...
 Number of integral batches:    1
 Occupied indices per batch:    5
 CPU time [min]:     0.435                   Wall time [min]:     0.014
 
 Calculating the exchange-correlation matrix...
                   0.4700*B88 [au]:     -3.858490547311
                   0.7300*LYP [au]:     -0.187770463810
 Exchange-correlation energy  [au]:     -4.046261011121
 CPU time [min]:     0.502                   Wall time [min]:     0.016
 
 Coulomb energy + HF exchange [au]:     32.270601180762
 Gradient norm:      7.8206E-03
 DIIS is running in this iteration step.
 RMS of [F,P]:                                         0.00012296411861
 RMS of alpha difference density:                      0.00009312102337
 RMS of beta  difference density:                      0.00009602657377
 Gap [au]:  0.34419674
 ALPHA OCC:   5
 BETA  OCC:   3
 
 ***KOHN-SHAM ENERGY IN STEP   5 IS            -75.0047422869729843 [AU]
 ======================================================================
 ITERATION STEP   6
 CPU time [min]:     0.507                   Wall time [min]:     0.016
 
 Constructing alpha Fock-matrix...
 Number of integral batches:    1
 Occupied indices per batch:    5
 CPU time [min]:     0.518                   Wall time [min]:     0.016
 
 Calculating the exchange-correlation matrix...
                   0.4700*B88 [au]:     -3.858386814650
                   0.7300*LYP [au]:     -0.187755174515
 Exchange-correlation energy  [au]:     -4.046141989165
 CPU time [min]:     0.585                   Wall time [min]:     0.018
 
 Coulomb energy + HF exchange [au]:     32.268397482056
 Gradient norm:      8.3900E-04
 DIIS is running in this iteration step.
 RMS of [F,P]:                                         0.00001469923858
 RMS of alpha difference density:                      0.00001879704338
 RMS of beta  difference density:                      0.00002032073731
 Gap [au]:  0.34416665
 ALPHA OCC:   5
 BETA  OCC:   3
 
 ***KOHN-SHAM ENERGY IN STEP   6 IS            -75.0047475157293349 [AU]
 ======================================================================
 ITERATION STEP   7
 CPU time [min]:     0.590                   Wall time [min]:     0.018
 
 Constructing alpha Fock-matrix...
 Number of integral batches:    1
 Occupied indices per batch:    5
 CPU time [min]:     0.601                   Wall time [min]:     0.018
 
 Calculating the exchange-correlation matrix...
                   0.4700*B88 [au]:     -3.858455367883
                   0.7300*LYP [au]:     -0.187753958336
 Exchange-correlation energy  [au]:     -4.046209326219
 CPU time [min]:     0.668                   Wall time [min]:     0.020
 
 Coulomb energy + HF exchange [au]:     32.269137049075
 Gradient norm:      2.3869E-04
 DIIS is running in this iteration step.
 RMS of [F,P]:                                         0.00000327726168
 RMS of alpha difference density:                      0.00000507155986
 RMS of beta  difference density:                      0.00000595528831
 Gap [au]:  0.34411262
 ALPHA OCC:   5
 BETA  OCC:   3
 
 ***KOHN-SHAM ENERGY IN STEP   7 IS            -75.0047477258485600 [AU]
 ======================================================================
 ITERATION STEP   8
 CPU time [min]:     0.674                   Wall time [min]:     0.020
 
 Constructing alpha Fock-matrix...
 Number of integral batches:    1
 Occupied indices per batch:    5
 CPU time [min]:     0.687                   Wall time [min]:     0.020
 
 Calculating the exchange-correlation matrix...
                   0.4700*B88 [au]:     -3.858446144022
                   0.7300*LYP [au]:     -0.187752850048
 Exchange-correlation energy  [au]:     -4.046198994070
 CPU time [min]:     0.754                   Wall time [min]:     0.022
 
 Coulomb energy + HF exchange [au]:     32.268969308293
 Gradient norm:      3.1357E-05
 DIIS is running in this iteration step.
 RMS of [F,P]:                                         0.00000053397595
 RMS of alpha difference density:                      0.00000085693496
 RMS of beta  difference density:                      0.00000077986364
 Gap [au]:  0.34410322
 ALPHA OCC:   5
 BETA  OCC:   3
 
 ***KOHN-SHAM ENERGY IN STEP   8 IS            -75.0047477386693373 [AU]
 ======================================================================
 ITERATION STEP   9
 CPU time [min]:     0.759                   Wall time [min]:     0.022
 
 Constructing alpha Fock-matrix...
 Number of integral batches:    1
 Occupied indices per batch:    5
 CPU time [min]:     0.770                   Wall time [min]:     0.022
 
 Calculating the exchange-correlation matrix...
                   0.4700*B88 [au]:     -3.858449088752
                   0.7300*LYP [au]:     -0.187752873896
 Exchange-correlation energy  [au]:     -4.046201962648
 CPU time [min]:     0.837                   Wall time [min]:     0.024
 
 Coulomb energy + HF exchange [au]:     32.269002360599
 Gradient norm:      1.8813E-06
 DIIS is running in this iteration step.
 RMS of [F,P]:                                         0.00000003393230
 RMS of alpha difference density:                      0.00000004942066
 RMS of beta  difference density:                      0.00000006159202
 Gap [au]:  0.34410244
 ALPHA OCC:   5
 BETA  OCC:   3
 
 ***KOHN-SHAM ENERGY IN STEP   9 IS            -75.0047477389615835 [AU]
 ======================================================================
 
 SUCCESS...
 THE SCF ITERATION HAS CONVERGED!
 
                   A   
 FINAL ALPHA OCC:   5
 FINAL BETA  OCC:   3
 
 ***FINAL KOHN-SHAM ENERGY:           -75.0047477389615835 [AU]
 
 Expectation value of S^2:  2.0055
 Average multiplicity:      3.0037
 
 Orbital energies [au]:
      Irrep         Alpha          Beta
    1   A        -19.879591     -19.818155
    2   A         -1.185934      -0.957024
    3   A         -0.564764      -0.417005
 
    4   A         -0.564764      -0.072903
    5   A         -0.480756      -0.072903
 
    6   A          0.101642       0.112307
    7   A          0.119811       0.128112
    8   A          0.119811       0.149433
    9   A          0.125064       0.149433
   10   A          0.542700       0.567015
   11   A          0.542700       0.567015
   12   A          0.556134       0.568491
   13   A          0.556134       0.568513
   14   A          0.561502       0.568513
   15   A          0.760188       0.816749
   16   A          0.760188       0.858364
   17   A          0.796595       0.858364
   18   A          1.129525       1.195687
   19   A          1.861475       1.901329
   20   A          1.861475       1.901329
   21   A          1.881560       1.906047
   22   A          1.881560       1.906047
   23   A          1.890600       1.910051
   24   A          1.890600       1.910051
   25   A          1.893556       1.911074
   26   A          1.893556       1.998086
   27   A          1.898029       1.998104
   28   A          1.932964       1.998104
   29   A          1.932964       2.013043
   30   A          1.948227       2.013043
   31   A          3.774560       3.881054
   32   A          3.774560       3.919740
   33   A          3.841328       3.919740
   34   A          6.068479       6.192465
   35   A          6.068479       6.192465
   36   A          6.111350       6.193283
   37   A          6.111350       6.193283
   38   A          6.137305       6.198955
   39   A          6.137305       6.198955
   40   A          6.146397       6.198966
   41   A          6.525411       6.691295
   42   A          6.525411       6.691295
   43   A          6.587640       6.694311
   44   A          6.587640       6.716290
   45   A          6.608232       6.716290
   46   A          7.890392       7.973526
 
 RETURNING FROM SCF ALGORITHM
 ======================================================================

 ************************ 2022-01-18 12:05:36 *************************
 Executing integ...

 Allocation of 170.0 Gbytes of memory...
 
 
 Basis set information:
 
 Maximum angular momentum: g
 Maximum number of contracted Gaussians:   16
 Maximum number of primitive Gaussians:    16
 Spherical harmonic GTOs are used.
 
 
 Conventional basis set:
 
    1  O  bse_avtz [ 11s 6p 3d 2f | 5s 4p 3d 2f ]
 
 Basis functions:
            1             2             3             4             5             6             7             8             9            10
    0    1O1s          1O2s          1O3s          1O4s          1O5s          1O1pz         1O1py         1O1px         1O2pz         1O2py     
    1    1O2px         1O3pz         1O3py         1O3px         1O4pz         1O4py         1O4px         1O1d-2        1O1d-1        1O1d0     
    2    1O1d+1        1O1d+2        1O2d-2        1O2d-1        1O2d0         1O2d+1        1O2d+2        1O3d-2        1O3d-1        1O3d0     
    3    1O3d+1        1O3d+2        1O1f-3        1O1f-2        1O1f-1        1O1f0         1O1f+1        1O1f+2        1O1f+3        1O2f-3    
    4    1O2f-2        1O2f-1        1O2f0         1O2f+1        1O2f+2        1O2f+3    
 
 Maximum number of basis functions per shell:   15
 Total number of basis functions:     46
 
 
 Fitting basis set for the SCF calculation:
 
    1  O  bse_avtz_autoaux [ 16s 13p 12d 7f 5g | 16s 13p 12d 7f 5g ]
 
 Basis functions:
            1             2             3             4             5             6             7             8             9            10
    0    1O1s          1O2s          1O3s          1O4s          1O5s          1O6s          1O7s          1O8s          1O9s          1O10s     
    1    1O11s         1O12s         1O13s         1O14s         1O15s         1O16s         1O1pz         1O1py         1O1px         1O2pz     
    2    1O2py         1O2px         1O3pz         1O3py         1O3px         1O4pz         1O4py         1O4px         1O5pz         1O5py     
    3    1O5px         1O6pz         1O6py         1O6px         1O7pz         1O7py         1O7px         1O8pz         1O8py         1O8px     
    4    1O9pz         1O9py         1O9px         1O10pz        1O10py        1O10px        1O11pz        1O11py        1O11px        1O12pz    
    5    1O12py        1O12px        1O13pz        1O13py        1O13px        1O1d-2        1O1d-1        1O1d0         1O1d+1        1O1d+2    
    6    1O2d-2        1O2d-1        1O2d0         1O2d+1        1O2d+2        1O3d-2        1O3d-1        1O3d0         1O3d+1        1O3d+2    
    7    1O4d-2        1O4d-1        1O4d0         1O4d+1        1O4d+2        1O5d-2        1O5d-1        1O5d0         1O5d+1        1O5d+2    
    8    1O6d-2        1O6d-1        1O6d0         1O6d+1        1O6d+2        1O7d-2        1O7d-1        1O7d0         1O7d+1        1O7d+2    
    9    1O8d-2        1O8d-1        1O8d0         1O8d+1        1O8d+2        1O9d-2        1O9d-1        1O9d0         1O9d+1        1O9d+2    
   10    1O10d-2       1O10d-1       1O10d0        1O10d+1       1O10d+2       1O11d-2       1O11d-1       1O11d0        1O11d+1       1O11d+2   
   11    1O12d-2       1O12d-1       1O12d0        1O12d+1       1O12d+2       1O1f-3        1O1f-2        1O1f-1        1O1f0         1O1f+1    
   12    1O1f+2        1O1f+3        1O2f-3        1O2f-2        1O2f-1        1O2f0         1O2f+1        1O2f+2        1O2f+3        1O3f-3    
   13    1O3f-2        1O3f-1        1O3f0         1O3f+1        1O3f+2        1O3f+3        1O4f-3        1O4f-2        1O4f-1        1O4f0     
   14    1O4f+1        1O4f+2        1O4f+3        1O5f-3        1O5f-2        1O5f-1        1O5f0         1O5f+1        1O5f+2        1O5f+3    
   15    1O6f-3        1O6f-2        1O6f-1        1O6f0         1O6f+1        1O6f+2        1O6f+3        1O7f-3        1O7f-2        1O7f-1    
   16    1O7f0         1O7f+1        1O7f+2        1O7f+3        1O1g-4        1O1g-3        1O1g-2        1O1g-1        1O1g0         1O1g+1    
   17    1O1g+2        1O1g+3        1O1g+4        1O2g-4        1O2g-3        1O2g-2        1O2g-1        1O2g0         1O2g+1        1O2g+2    
   18    1O2g+3        1O2g+4        1O3g-4        1O3g-3        1O3g-2        1O3g-1        1O3g0         1O3g+1        1O3g+2        1O3g+3    
   19    1O3g+4        1O4g-4        1O4g-3        1O4g-2        1O4g-1        1O4g0         1O4g+1        1O4g+2        1O4g+3        1O4g+4    
   20    1O5g-4        1O5g-3        1O5g-2        1O5g-1        1O5g0         1O5g+1        1O5g+2        1O5g+3        1O5g+4    
 
 Maximum number of basis functions per shell:   60
 Total number of basis functions:    209
 
 
 Fitting basis set for the correlation calculation:
 
    1  O  aug-cc-pvtz-ri [ 9s 7p 6d 4f 2g | 9s 7p 6d 4f 2g ]
 
 Basis functions:
            1             2             3             4             5             6             7             8             9            10
    0    1O1s          1O2s          1O3s          1O4s          1O5s          1O6s          1O7s          1O8s          1O9s          1O1pz     
    1    1O1py         1O1px         1O2pz         1O2py         1O2px         1O3pz         1O3py         1O3px         1O4pz         1O4py     
    2    1O4px         1O5pz         1O5py         1O5px         1O6pz         1O6py         1O6px         1O7pz         1O7py         1O7px     
    3    1O1d-2        1O1d-1        1O1d0         1O1d+1        1O1d+2        1O2d-2        1O2d-1        1O2d0         1O2d+1        1O2d+2    
    4    1O3d-2        1O3d-1        1O3d0         1O3d+1        1O3d+2        1O4d-2        1O4d-1        1O4d0         1O4d+1        1O4d+2    
    5    1O5d-2        1O5d-1        1O5d0         1O5d+1        1O5d+2        1O6d-2        1O6d-1        1O6d0         1O6d+1        1O6d+2    
    6    1O1f-3        1O1f-2        1O1f-1        1O1f0         1O1f+1        1O1f+2        1O1f+3        1O2f-3        1O2f-2        1O2f-1    
    7    1O2f0         1O2f+1        1O2f+2        1O2f+3        1O3f-3        1O3f-2        1O3f-1        1O3f0         1O3f+1        1O3f+2    
    8    1O3f+3        1O4f-3        1O4f-2        1O4f-1        1O4f0         1O4f+1        1O4f+2        1O4f+3        1O1g-4        1O1g-3    
    9    1O1g-2        1O1g-1        1O1g0         1O1g+1        1O1g+2        1O1g+3        1O1g+4        1O2g-4        1O2g-3        1O2g-2    
   10    1O2g-1        1O2g0         1O2g+1        1O2g+2        1O2g+3        1O2g+4    
 
 Maximum number of basis functions per shell:   60
 Total number of basis functions:    106
 
 
 Old basis set for SCF restart
 
    1  O  sto-3g [ 6s 3p | 2s 1p ]
 
 Basis functions:
            1             2             3             4             5             6             7             8             9            10
    0    1O1s          1O2s          1O1pz         1O1py         1O1px     
 
 Maximum number of basis functions per shell:   60
 Total number of basis functions:      5
 
 
 Calculation of prescreening integrals...
 CPU time [min]:     0.011                   Wall time [min]:     0.003
 
 Calculation of two-center Coulomb integrals...
   1% done.
  32% done.
  69% done.
 100% done.
 CPU time [min]:     0.016                   Wall time [min]:     0.003
 
 Cholesky decomposition of the inverse of the two-center matrix...
 CPU time [min]:     0.017                   Wall time [min]:     0.003
 
 Calculation of three-center Coulomb integrals...
   1% done.
  14% done.
  49% done.
 100% done.
 CPU time [min]:     0.024                   Wall time [min]:     0.003

 ************************ 2022-01-18 12:05:36 *************************
 Executing drpa...

 Three-index integral transformation and DF-MP2 calculation
 
 Allocation of 170.0 Gbytes of memory...
 
 Alpha-alpha contribution
 Number of integral batches:    1
 Occupied indices per batch:    4
 
 Transforming integrals of batch 1...
 CPU time [min]:     0.010                   Wall time [min]:     0.002
 
 Beta-beta and alpha-beta contribution
 Number of integral batches:    1
 Occupied indices per batch:    2
 
 Transforming integrals of batch 1...
 CPU time [min]:     0.022                   Wall time [min]:     0.002
 
 Reference energy [au]:                       -75.004747738962
 MP2 contribution [au]:                        -0.046252270582
 B2PLYP energy [au]:                          -75.051000009543
 
 ************************ 2022-01-18 12:05:37 *************************
                      Normal termination of mrcc.
 **********************************************************************
