 **********************************************************************
                          MRCC program system
 **********************************************************************
 
                              Written by
 Mihaly Kallay, Peter R. Nagy, David Mester, Zoltan Rolik, Gyula Samu,
   Jozsef Csontos, Jozsef Csoka, P. Bernat Szabo, Laszlo Gyevi-Nagy,
    Bence Hegely, Istvan Ladjanszki, Lorant Szegedy, Bence Ladoczki,
       Klara Petrov, Mate Farkas, Pal D. Mezei, and Adam Ganyecz
 
        Department of Physical Chemistry and Materials Science
            Budapest University of Technology and Economics
                  Budapest P.O.Box 91, H-1521 Hungary
 
                              www.mrcc.hu
 
                    Release date: February 22, 2020

 ************************ 2021-11-29 13:48:21 *************************
 Executing minp...

 Reading input from MINP...
 
 Input file:
 
calc=SCF
dft=PBE
scftype=uks
verbosity=3
mem=170GB
symm=off
unit=angs
scfiguess=small
scfmaxit=1000


core=2
mult=3
basis=def2-QZVPP

basis_sm=def2-SVP

dfbasis_scf=def2-QZVPP-RI-JK

dfbasis_cor=def2-QZVPP-RI

unit=angs
geom=xyz
2

O     0.00000000000    0.00000000000    0.00000000000
O     0.00000000000    0.00000000000    1.20739000000 
 
 
 Checking keyword combinations...
 
 Keywords:
 
 active=none
 agrid=ld0006-ld0590
 basis=def2-qzvpp
 basis_sm=def2-svp
 basopt=off
 bfbasis=none
 bfgsmem=10
 bfgstol=1.0d-3
 bpcompo=0.985
 bpcompv=0.98
 bpdfo=0.985
 bpocc=0.985
 bppdo=0.985
 bppdv=0.98
 bpedo=0.985
 bpedv=0.98
 calc=scf
 ccmaxit=50
 ccprog=mrcc
 ccsdalg=disk
 ccsdmkl=seq
 ccsdrest=off
 ccsdthreads=2
 cctol=6
 charge=0
 cialg=disk
 ciguess=off
 cmpgrp=auto
 core=2
 corembed=off
 csapprox=off
 dboc=off
 dendec=cholesky
 dens=0
 dfalg=lineq
 dfbasis_cor=def2-qzvpp-ri
 dfbasis_scf=def2-qzvpp-ri-jk
 dfintran=drpa
 dft=pbe
 dhexc=adc(2)
 diag=david
 docc=
 domrad=10.d0
 drpaalg=fit
 dual=off
 ecp=auto
 edisp=off
 edisp_embed=off
 embed=off
 epert=none
 eps=0.975
 excrad=0.d0
 excrad_fin=0.000000000D+00
 fmm=off
 fmmord=8
 freq=off
 gauss=spher
 geom=xyz
 gopt=off
 ghost=none
 gtol=7
 grdens=off
 grtol=10
 hamilton=dc
 iface=none
 intalg=auto
 itol=10
 laptol=1.d-2
 lccoporder=trffirst
 lcorthr=normal
 lccrest=off
 lmp2dens=on
 lnoepso=0.d0
 lnoepsv=1e-6
 localcc=off
 localcorrsymm=off
 locintrf=disk
 mact=
 maxact=off
 maxdim=100
 maxex=0
 maxmicroit=100
 mcscfiguess=hf
 mem=170gb
 molden=on
 mpitasks=1
 mulmet=0
 mult=3
 nacto=0
 nactv=0
 naf_cor=off
 naf_scf=off
 nafalg=albe
 naftyp=
 nchol=auto
 ndeps=1e-3
 nstate=1
 nsing=0
 ntrip=0
 occ=
 oniom=off
 oniom_eechg=off
 oniom_pcm=off
 optalg=
 optmaxit=50
 optetol=1e-6
 optex=   0
 optgtol=1e-4
 optstol=1e-3
 orblocc=off
 orbloce=off
 orbloco=off
 orblocv=off
 orblocguess=cholesky
 osveps=1e-3
 ovirt=off
 ovltol=1e-7
 ovosnorb=80.0
 pcm=off
 popul=off
 pressure=100000
 pssp=off
 ptfreq=0.0
 ptthreads=2
 qscf=off
 qmmm=off
 redcost_exc=off
 redcost_tddft=off
 refdet=none
 rest=0
 rgrid=log3
 rohfcore=semicanonical
 rohftype=standard
 scfalg=auto
 scfdamp=off
 scfdiis=on
 scfdiis_end=1000
 scfdiis_start=1
 scfdiis_step=1
 scfdtol=6
 scfext=10
 scfguessdens=
 scfiguess=small
 scflshift=off
 scfmaxit=1000
 scftype=uhf
 scftol=6
 scspe=1.d0
 scsph=1.d0
 scsps=1.2d0
 scspt=0.33333333333333
 scspv=1.d0
 spairtol=1e-4
 subminp=top
 symm=0
 talg=occ
 temp=298.15
 test=off
 theodore=off
 tlmo=0.999
 tpao=0.94
 tprint=off
 uncontract=off
 unit=angs
 usedisk=2
 verbosity=3
 wpairtol=0.100000000E-05
 
 Calculating integrals for small-basis SCF...

 ************************ 2021-11-29 13:48:22 *************************
 Executing integ...

 Allocation of 170.0 Gbytes of memory...
 
 
 Number of atoms:                  2
 Charge:                           0
 Number of electrons:             16
 Number of core electrons:         4
 Spin multiplicity:                3
 
                 Cartesian coordinates [bohr]      Atomic mass [AMU]  Z
   1  O     0.00000000    0.00000000    0.00000000    15.994915       8
   2  O     0.00000000    0.00000000    2.28163643    15.994915       8
 
 This molecule is linear.
 
 Rotational constants [cm-1]: 
      1.445937154869
 
 Point group: Dxh 
 Computational point group: C1  
 
 Cartesian coordinates in standard orientation [bohr]
   1  O     0.00000000    0.00000000   -1.14081821
   2  O     0.00000000    0.00000000    1.14081821
 
 Nuclear repulsion energy [au]:         28.050043053926
 
 
 Basis set information:
 
 Maximum angular momentum: g
 Maximum number of contracted Gaussians:   10
 Maximum number of primitive Gaussians:    14
 Spherical harmonic GTOs are used.
 
 
 Conventional basis set:
 
    1  O  def2-svp [ 7s 4p 1d | 3s 2p 1d ]
    2  O  def2-svp [ 7s 4p 1d | 3s 2p 1d ]
 
 Basis functions:
            1             2             3             4             5             6             7             8             9            10
    0    1O1s          1O2s          1O3s          1O1pz         1O1py         1O1px         1O2pz         1O2py         1O2px         1O1d-2    
    1    1O1d-1        1O1d0         1O1d+1        1O1d+2        2O1s          2O2s          2O3s          2O1pz         2O1py         2O1px     
    2    2O2pz         2O2py         2O2px         2O1d-2        2O1d-1        2O1d0         2O1d+1        2O1d+2    
 
 Maximum number of basis functions per shell:    6
 Total number of basis functions:     28
 
 
 Fitting basis set for the SCF calculation:
 
    1  O  def2-qzvpp-ri-jk [ 14s 10p 6d 2f 1g | 10s 8p 4d 2f 1g ]
    2  O  def2-qzvpp-ri-jk [ 14s 10p 6d 2f 1g | 10s 8p 4d 2f 1g ]
 
 Basis functions:
            1             2             3             4             5             6             7             8             9            10
    0    1O1s          1O2s          1O3s          1O4s          1O5s          1O6s          1O7s          1O8s          1O9s          1O10s     
    1    1O1pz         1O1py         1O1px         1O2pz         1O2py         1O2px         1O3pz         1O3py         1O3px         1O4pz     
    2    1O4py         1O4px         1O5pz         1O5py         1O5px         1O6pz         1O6py         1O6px         1O7pz         1O7py     
    3    1O7px         1O8pz         1O8py         1O8px         1O1d-2        1O1d-1        1O1d0         1O1d+1        1O1d+2        1O2d-2    
    4    1O2d-1        1O2d0         1O2d+1        1O2d+2        1O3d-2        1O3d-1        1O3d0         1O3d+1        1O3d+2        1O4d-2    
    5    1O4d-1        1O4d0         1O4d+1        1O4d+2        1O1f-3        1O1f-2        1O1f-1        1O1f0         1O1f+1        1O1f+2    
    6    1O1f+3        1O2f-3        1O2f-2        1O2f-1        1O2f0         1O2f+1        1O2f+2        1O2f+3        1O1g-4        1O1g-3    
    7    1O1g-2        1O1g-1        1O1g0         1O1g+1        1O1g+2        1O1g+3        1O1g+4        2O1s          2O2s          2O3s      
    8    2O4s          2O5s          2O6s          2O7s          2O8s          2O9s          2O10s         2O1pz         2O1py         2O1px     
    9    2O2pz         2O2py         2O2px         2O3pz         2O3py         2O3px         2O4pz         2O4py         2O4px         2O5pz     
   10    2O5py         2O5px         2O6pz         2O6py         2O6px         2O7pz         2O7py         2O7px         2O8pz         2O8py     
   11    2O8px         2O1d-2        2O1d-1        2O1d0         2O1d+1        2O1d+2        2O2d-2        2O2d-1        2O2d0         2O2d+1    
   12    2O2d+2        2O3d-2        2O3d-1        2O3d0         2O3d+1        2O3d+2        2O4d-2        2O4d-1        2O4d0         2O4d+1    
   13    2O4d+2        2O1f-3        2O1f-2        2O1f-1        2O1f0         2O1f+1        2O1f+2        2O1f+3        2O2f-3        2O2f-2    
   14    2O2f-1        2O2f0         2O2f+1        2O2f+2        2O2f+3        2O1g-4        2O1g-3        2O1g-2        2O1g-1        2O1g0     
   15    2O1g+1        2O1g+2        2O1g+3        2O1g+4    
 
 Maximum number of basis functions per shell:   24
 Total number of basis functions:    154
 
 
 Generating atomic densities for the SCF calculation...
 CPU time [min]:     0.106                   Wall time [min]:     0.023
 
 Character table for point group C1:
 
          E  
    A     1
 
 Number of basis functions per irrep:
    A      28
 
 
 Density functional: PBE exchange-correlation functional (PBE)
 Constructing integration grid for DFT...
 Angular integration grid: adaptive 590-point Lebedev quadrature
 Radial integration grid: Log3 quadrature
 Total number of grid points: 21132       
 CPU time [min]:     0.785                   Wall time [min]:     0.042
 
 Calculation of overlap integrals...
 CPU time [min]:     0.787                   Wall time [min]:     0.042
 
 Calculation of the square root of the overlap matrix...
 Minimum eigenvalue of the overlap matrix: 0.150377E-01
 CPU time [min]:     0.794                   Wall time [min]:     0.042
 
 Calculation of kinetic energy integrals...
 CPU time [min]:     0.795                   Wall time [min]:     0.042
 Calculation of nuclear attraction integrals...
 CPU time [min]:     0.795                   Wall time [min]:     0.042
 
 Calculation of prescreening integrals...
 CPU time [min]:     0.800                   Wall time [min]:     0.042
 
 Calculation of two-center Coulomb integrals...
   5% done.
  20% done.
  32% done.
  52% done.
  72% done.
  89% done.
 100% done.
 CPU time [min]:     0.808                   Wall time [min]:     0.043
 
 Calculation of inverse square root of the two-center integral matrix...
 CPU time [min]:     0.844                   Wall time [min]:     0.044
 
 Calculation of three-center Coulomb integrals...
   1% done.
  26% done.
  38% done.
  68% done.
 100% done.
 CPU time [min]:     0.856                   Wall time [min]:     0.044
 
 Running small-basis SCF...

 ************************ 2021-11-29 13:48:24 *************************
 Executing scf...

 @scfsetup: integrals taken from disk
            mrcc/integ binary format
 @scfsetup: calculating on full matrices
            not using symmetry adapted basis
 @scfsetup: diis switched on
 @scfsetup: number of steps to extrapolate from  10
 @scfsetup: tolerance in energy deviation    0.100000E-05
            tolerance in density deviation    0.100000E-05
 @scfsetup: maximum number of iterations:1000
 @scfsetup: unrestricted hf calc
 @scfsetup: starting scf from superposition of atomic densities
 @scfsetup: occupation set:
            from initial orbitals
 @scfsetup: diis runs from iteration:   1
 @scfsetup: diis runs to iteration:1000
 @scfsetup: diis runs in every iteration
 Allocation of 170.0 Gbytes of memory...
 ======================================================================
 ITERATION STEP   1
 CPU time [min]:     0.007                   Wall time [min]:     0.002
 
 Constructing alpha Fock-matrix...
 CPU time [min]:     0.018                   Wall time [min]:     0.003
 
 Calculating the exchange-correlation matrix...
                  1.0000*PBEX [au]:    -15.960292030735
                  1.0000*PBEC [au]:     -0.526786183014
 Exchange-correlation energy  [au]:    -16.487078213749
 CPU time [min]:     0.133                   Wall time [min]:     0.006
 
 Coulomb energy + HF exchange [au]:     96.179227822687
 Gradient norm:      3.6264E+00
 RMS of alpha difference density:                      0.00940112739081
 RMS of beta  difference density:                      0.00791402092125
 Gap [au]:  0.24200359
 ALPHA OCC:   9
 BETA  OCC:   7
 
 ***KOHN-SHAM ENERGY IN STEP   1 IS           -149.6070477306499811 [AU]
 ======================================================================
 ITERATION STEP   2
 CPU time [min]:     0.137                   Wall time [min]:     0.006
 
 Constructing alpha Fock-matrix...
 CPU time [min]:     0.147                   Wall time [min]:     0.006
 
 Calculating the exchange-correlation matrix...
                  1.0000*PBEX [au]:    -16.824360574525
                  1.0000*PBEC [au]:     -0.541546822415
 Exchange-correlation energy  [au]:    -17.365907396940
 CPU time [min]:     0.262                   Wall time [min]:     0.009
 
 Coulomb energy + HF exchange [au]:     98.647985502862
 Gradient norm:      1.2876E-01
 DIIS is running in this iteration step.
 RMS of [F,P]:                                         0.05471321196852
 RMS of alpha difference density:                      0.02109984701351
 RMS of beta  difference density:                      0.01837267875476
 Gap [au]:  0.24872258
 ALPHA OCC:   9
 BETA  OCC:   7
 
 ***KOHN-SHAM ENERGY IN STEP   2 IS           -150.5480300392913193 [AU]
 ======================================================================
 ITERATION STEP   3
 CPU time [min]:     0.267                   Wall time [min]:     0.009
 
 Constructing alpha Fock-matrix...
 CPU time [min]:     0.284                   Wall time [min]:     0.010
 
 Calculating the exchange-correlation matrix...
                  1.0000*PBEX [au]:    -16.704547546252
                  1.0000*PBEC [au]:     -0.538637708629
 Exchange-correlation energy  [au]:    -17.243185254881
 CPU time [min]:     0.362                   Wall time [min]:     0.012
 
 Coulomb energy + HF exchange [au]:    103.573816529127
 Gradient norm:      5.6559E-01
 DIIS is running in this iteration step.
 RMS of [F,P]:                                         0.02694011499992
 RMS of alpha difference density:                      0.01548330806949
 RMS of beta  difference density:                      0.01160507903619
 Gap [au]:  0.26239656
 ALPHA OCC:   9
 BETA  OCC:   7
 
 ***KOHN-SHAM ENERGY IN STEP   3 IS           -149.9525254523759941 [AU]
 ======================================================================
 ITERATION STEP   4
 CPU time [min]:     0.367                   Wall time [min]:     0.012
 
 Constructing alpha Fock-matrix...
 CPU time [min]:     0.377                   Wall time [min]:     0.012
 
 Calculating the exchange-correlation matrix...
                  1.0000*PBEX [au]:    -16.224937396079
                  1.0000*PBEC [au]:     -0.530190169667
 Exchange-correlation energy  [au]:    -16.755127565745
 CPU time [min]:     0.457                   Wall time [min]:     0.014
 
 Coulomb energy + HF exchange [au]:     99.313213914107
 Gradient norm:      2.1679E-01
 DIIS is running in this iteration step.
 RMS of [F,P]:                                         0.00913542328402
 RMS of alpha difference density:                      0.00440599249450
 RMS of beta  difference density:                      0.00334162166071
 Gap [au]:  0.26428777
 ALPHA OCC:   9
 BETA  OCC:   7
 
 ***KOHN-SHAM ENERGY IN STEP   4 IS           -150.0528695426329193 [AU]
 ======================================================================
 ITERATION STEP   5
 CPU time [min]:     0.461                   Wall time [min]:     0.014
 
 Constructing alpha Fock-matrix...
 CPU time [min]:     0.471                   Wall time [min]:     0.014
 
 Calculating the exchange-correlation matrix...
                  1.0000*PBEX [au]:    -16.373095720595
                  1.0000*PBEC [au]:     -0.532355854895
 Exchange-correlation energy  [au]:    -16.905451575491
 CPU time [min]:     0.551                   Wall time [min]:     0.016
 
 Coulomb energy + HF exchange [au]:    100.575317546157
 Gradient norm:      2.1559E-02
 DIIS is running in this iteration step.
 RMS of [F,P]:                                         0.00107428855603
 RMS of alpha difference density:                      0.00059298453858
 RMS of beta  difference density:                      0.00050394453123
 Gap [au]:  0.26597944
 ALPHA OCC:   9
 BETA  OCC:   7
 
 ***KOHN-SHAM ENERGY IN STEP   5 IS           -150.0655857096553802 [AU]
 ======================================================================
 ITERATION STEP   6
 CPU time [min]:     0.555                   Wall time [min]:     0.017
 
 Constructing alpha Fock-matrix...
 CPU time [min]:     0.565                   Wall time [min]:     0.017
 
 Calculating the exchange-correlation matrix...
                  1.0000*PBEX [au]:    -16.358261114517
                  1.0000*PBEC [au]:     -0.532218487098
 Exchange-correlation energy  [au]:    -16.890479601615
 CPU time [min]:     0.645                   Wall time [min]:     0.019
 
 Coulomb energy + HF exchange [au]:    100.467134200767
 Gradient norm:      1.7629E-03
 DIIS is running in this iteration step.
 RMS of [F,P]:                                         0.00006240043814
 RMS of alpha difference density:                      0.00002709953065
 RMS of beta  difference density:                      0.00003255732558
 Gap [au]:  0.26590915
 ALPHA OCC:   9
 BETA  OCC:   7
 
 ***KOHN-SHAM ENERGY IN STEP   6 IS           -150.0657601429972772 [AU]
 ======================================================================
 ITERATION STEP   7
 CPU time [min]:     0.651                   Wall time [min]:     0.019
 
 Constructing alpha Fock-matrix...
 CPU time [min]:     0.661                   Wall time [min]:     0.019
 
 Calculating the exchange-correlation matrix...
                  1.0000*PBEX [au]:    -16.359196516836
                  1.0000*PBEC [au]:     -0.532230019738
 Exchange-correlation energy  [au]:    -16.891426536574
 CPU time [min]:     0.740                   Wall time [min]:     0.021
 
 Coulomb energy + HF exchange [au]:    100.474440585910
 Gradient norm:      5.6762E-05
 DIIS is running in this iteration step.
 RMS of [F,P]:                                         0.00000156681456
 RMS of alpha difference density:                      0.00000080423411
 RMS of beta  difference density:                      0.00000139206635
 Gap [au]:  0.26590888
 ALPHA OCC:   9
 BETA  OCC:   7
 
 ***KOHN-SHAM ENERGY IN STEP   7 IS           -150.0657607620613589 [AU]
 ======================================================================
 ITERATION STEP   8
 CPU time [min]:     0.745                   Wall time [min]:     0.021
 
 Constructing alpha Fock-matrix...
 CPU time [min]:     0.755                   Wall time [min]:     0.022
 
 Calculating the exchange-correlation matrix...
                  1.0000*PBEX [au]:    -16.359206640984
                  1.0000*PBEC [au]:     -0.532230569670
 Exchange-correlation energy  [au]:    -16.891437210654
 CPU time [min]:     0.835                   Wall time [min]:     0.024
 
 Coulomb energy + HF exchange [au]:    100.474546805441
 Gradient norm:      4.6772E-06
 DIIS is running in this iteration step.
 RMS of [F,P]:                                         0.00000018506877
 RMS of alpha difference density:                      0.00000018147029
 RMS of beta  difference density:                      0.00000017163984
 Gap [au]:  0.26590849
 ALPHA OCC:   9
 BETA  OCC:   7
 
 ***KOHN-SHAM ENERGY IN STEP   8 IS           -150.0657607627782113 [AU]
 ======================================================================
 
 SUCCESS...
 THE SCF ITERATION HAS CONVERGED!
 
                   A   
 FINAL ALPHA OCC:   9
 FINAL BETA  OCC:   7
 
 ***FINAL KOHN-SHAM ENERGY:          -150.0657607627782113 [AU]
 
 Expectation value of S^2:  2.0031
 Average multiplicity:      3.0021
 
 Orbital energies [au]:
      Irrep         Alpha          Beta
    1   A        -18.895597     -18.869859
    2   A        -18.895140     -18.869429
    3   A         -1.191753      -1.148192
    4   A         -0.721830      -0.657350
    5   A         -0.488044      -0.448570
    6   A         -0.488044      -0.418309
    7   A         -0.483481      -0.418309
 
    8   A         -0.237575      -0.152401
    9   A         -0.237575      -0.152401
 
   10   A          0.167061       0.207406
   11   A          0.677193       0.708479
   12   A          0.764270       0.793617
   13   A          0.764270       0.815280
   14   A          0.769660       0.815280
   15   A          0.855911       0.869399
   16   A          0.880676       0.933469
   17   A          0.880676       0.933469
   18   A          1.114016       1.149265
   19   A          2.001456       2.039556
   20   A          2.001456       2.039556
   21   A          2.257860       2.336972
   22   A          2.257860       2.336972
   23   A          2.546452       2.631926
   24   A          2.546452       2.631926
   25   A          2.668261       2.709551
   26   A          3.184178       3.235431
   27   A          3.184178       3.235431
   28   A          3.703749       3.739687
 
 RETURNING FROM SCF ALGORITHM
 ======================================================================

 ************************ 2021-11-29 13:48:26 *************************
 Executing integ...

 Allocation of 170.0 Gbytes of memory...
 
 
 Number of atoms:                  2
 Charge:                           0
 Number of electrons:             16
 Number of core electrons:         4
 Spin multiplicity:                3
 
                 Cartesian coordinates [bohr]      Atomic mass [AMU]  Z
   1  O     0.00000000    0.00000000    0.00000000    15.994915       8
   2  O     0.00000000    0.00000000    2.28163643    15.994915       8
 
 This molecule is linear.
 
 Rotational constants [cm-1]: 
      1.445937154869
 
 Point group: Dxh 
 Computational point group: C1  
 
 Cartesian coordinates in standard orientation [bohr]
   1  O     0.00000000    0.00000000   -1.14081821
   2  O     0.00000000    0.00000000    1.14081821
 
 Nuclear repulsion energy [au]:         28.050043053926
 
 
 Basis set information:
 
 Maximum angular momentum: h
 Maximum number of contracted Gaussians:   10
 Maximum number of primitive Gaussians:    15
 Spherical harmonic GTOs are used.
 
 
 Conventional basis set:
 
    1  O  def2-qzvpp [ 15s 8p 3d 2f 1g | 7s 4p 3d 2f 1g ]
    2  O  def2-qzvpp [ 15s 8p 3d 2f 1g | 7s 4p 3d 2f 1g ]
 
 Basis functions:
            1             2             3             4             5             6             7             8             9            10
    0    1O1s          1O2s          1O3s          1O4s          1O5s          1O6s          1O7s          1O1pz         1O1py         1O1px     
    1    1O2pz         1O2py         1O2px         1O3pz         1O3py         1O3px         1O4pz         1O4py         1O4px         1O1d-2    
    2    1O1d-1        1O1d0         1O1d+1        1O1d+2        1O2d-2        1O2d-1        1O2d0         1O2d+1        1O2d+2        1O3d-2    
    3    1O3d-1        1O3d0         1O3d+1        1O3d+2        1O1f-3        1O1f-2        1O1f-1        1O1f0         1O1f+1        1O1f+2    
    4    1O1f+3        1O2f-3        1O2f-2        1O2f-1        1O2f0         1O2f+1        1O2f+2        1O2f+3        1O1g-4        1O1g-3    
    5    1O1g-2        1O1g-1        1O1g0         1O1g+1        1O1g+2        1O1g+3        1O1g+4        2O1s          2O2s          2O3s      
    6    2O4s          2O5s          2O6s          2O7s          2O1pz         2O1py         2O1px         2O2pz         2O2py         2O2px     
    7    2O3pz         2O3py         2O3px         2O4pz         2O4py         2O4px         2O1d-2        2O1d-1        2O1d0         2O1d+1    
    8    2O1d+2        2O2d-2        2O2d-1        2O2d0         2O2d+1        2O2d+2        2O3d-2        2O3d-1        2O3d0         2O3d+1    
    9    2O3d+2        2O1f-3        2O1f-2        2O1f-1        2O1f0         2O1f+1        2O1f+2        2O1f+3        2O2f-3        2O2f-2    
   10    2O2f-1        2O2f0         2O2f+1        2O2f+2        2O2f+3        2O1g-4        2O1g-3        2O1g-2        2O1g-1        2O1g0     
   11    2O1g+1        2O1g+2        2O1g+3        2O1g+4    
 
 Maximum number of basis functions per shell:   15
 Total number of basis functions:    114
 
 
 Fitting basis set for the SCF calculation:
 
    1  O  def2-qzvpp-ri-jk [ 14s 10p 6d 2f 1g | 10s 8p 4d 2f 1g ]
    2  O  def2-qzvpp-ri-jk [ 14s 10p 6d 2f 1g | 10s 8p 4d 2f 1g ]
 
 Basis functions:
            1             2             3             4             5             6             7             8             9            10
    0    1O1s          1O2s          1O3s          1O4s          1O5s          1O6s          1O7s          1O8s          1O9s          1O10s     
    1    1O1pz         1O1py         1O1px         1O2pz         1O2py         1O2px         1O3pz         1O3py         1O3px         1O4pz     
    2    1O4py         1O4px         1O5pz         1O5py         1O5px         1O6pz         1O6py         1O6px         1O7pz         1O7py     
    3    1O7px         1O8pz         1O8py         1O8px         1O1d-2        1O1d-1        1O1d0         1O1d+1        1O1d+2        1O2d-2    
    4    1O2d-1        1O2d0         1O2d+1        1O2d+2        1O3d-2        1O3d-1        1O3d0         1O3d+1        1O3d+2        1O4d-2    
    5    1O4d-1        1O4d0         1O4d+1        1O4d+2        1O1f-3        1O1f-2        1O1f-1        1O1f0         1O1f+1        1O1f+2    
    6    1O1f+3        1O2f-3        1O2f-2        1O2f-1        1O2f0         1O2f+1        1O2f+2        1O2f+3        1O1g-4        1O1g-3    
    7    1O1g-2        1O1g-1        1O1g0         1O1g+1        1O1g+2        1O1g+3        1O1g+4        2O1s          2O2s          2O3s      
    8    2O4s          2O5s          2O6s          2O7s          2O8s          2O9s          2O10s         2O1pz         2O1py         2O1px     
    9    2O2pz         2O2py         2O2px         2O3pz         2O3py         2O3px         2O4pz         2O4py         2O4px         2O5pz     
   10    2O5py         2O5px         2O6pz         2O6py         2O6px         2O7pz         2O7py         2O7px         2O8pz         2O8py     
   11    2O8px         2O1d-2        2O1d-1        2O1d0         2O1d+1        2O1d+2        2O2d-2        2O2d-1        2O2d0         2O2d+1    
   12    2O2d+2        2O3d-2        2O3d-1        2O3d0         2O3d+1        2O3d+2        2O4d-2        2O4d-1        2O4d0         2O4d+1    
   13    2O4d+2        2O1f-3        2O1f-2        2O1f-1        2O1f0         2O1f+1        2O1f+2        2O1f+3        2O2f-3        2O2f-2    
   14    2O2f-1        2O2f0         2O2f+1        2O2f+2        2O2f+3        2O1g-4        2O1g-3        2O1g-2        2O1g-1        2O1g0     
   15    2O1g+1        2O1g+2        2O1g+3        2O1g+4    
 
 Maximum number of basis functions per shell:   24
 Total number of basis functions:    154
 
 
 Fitting basis set for the correlation calculation:
 
    1  O  def2-qzvpp-ri [ 9s 8p 7d 5f 3g 1h | 9s 8p 7d 5f 3g 1h ]
    2  O  def2-qzvpp-ri [ 9s 8p 7d 5f 3g 1h | 9s 8p 7d 5f 3g 1h ]
 
 Basis functions:
            1             2             3             4             5             6             7             8             9            10
    0    1O1s          1O2s          1O3s          1O4s          1O5s          1O6s          1O7s          1O8s          1O9s          1O1pz     
    1    1O1py         1O1px         1O2pz         1O2py         1O2px         1O3pz         1O3py         1O3px         1O4pz         1O4py     
    2    1O4px         1O5pz         1O5py         1O5px         1O6pz         1O6py         1O6px         1O7pz         1O7py         1O7px     
    3    1O8pz         1O8py         1O8px         1O1d-2        1O1d-1        1O1d0         1O1d+1        1O1d+2        1O2d-2        1O2d-1    
    4    1O2d0         1O2d+1        1O2d+2        1O3d-2        1O3d-1        1O3d0         1O3d+1        1O3d+2        1O4d-2        1O4d-1    
    5    1O4d0         1O4d+1        1O4d+2        1O5d-2        1O5d-1        1O5d0         1O5d+1        1O5d+2        1O6d-2        1O6d-1    
    6    1O6d0         1O6d+1        1O6d+2        1O7d-2        1O7d-1        1O7d0         1O7d+1        1O7d+2        1O1f-3        1O1f-2    
    7    1O1f-1        1O1f0         1O1f+1        1O1f+2        1O1f+3        1O2f-3        1O2f-2        1O2f-1        1O2f0         1O2f+1    
    8    1O2f+2        1O2f+3        1O3f-3        1O3f-2        1O3f-1        1O3f0         1O3f+1        1O3f+2        1O3f+3        1O4f-3    
    9    1O4f-2        1O4f-1        1O4f0         1O4f+1        1O4f+2        1O4f+3        1O5f-3        1O5f-2        1O5f-1        1O5f0     
   10    1O5f+1        1O5f+2        1O5f+3        1O1g-4        1O1g-3        1O1g-2        1O1g-1        1O1g0         1O1g+1        1O1g+2    
   11    1O1g+3        1O1g+4        1O2g-4        1O2g-3        1O2g-2        1O2g-1        1O2g0         1O2g+1        1O2g+2        1O2g+3    
   12    1O2g+4        1O3g-4        1O3g-3        1O3g-2        1O3g-1        1O3g0         1O3g+1        1O3g+2        1O3g+3        1O3g+4    
   13    1O1h-5        1O1h-4        1O1h-3        1O1h-2        1O1h-1        1O1h0         1O1h+1        1O1h+2        1O1h+3        1O1h+4    
   14    1O1h+5        2O1s          2O2s          2O3s          2O4s          2O5s          2O6s          2O7s          2O8s          2O9s      
   15    2O1pz         2O1py         2O1px         2O2pz         2O2py         2O2px         2O3pz         2O3py         2O3px         2O4pz     
   16    2O4py         2O4px         2O5pz         2O5py         2O5px         2O6pz         2O6py         2O6px         2O7pz         2O7py     
   17    2O7px         2O8pz         2O8py         2O8px         2O1d-2        2O1d-1        2O1d0         2O1d+1        2O1d+2        2O2d-2    
   18    2O2d-1        2O2d0         2O2d+1        2O2d+2        2O3d-2        2O3d-1        2O3d0         2O3d+1        2O3d+2        2O4d-2    
   19    2O4d-1        2O4d0         2O4d+1        2O4d+2        2O5d-2        2O5d-1        2O5d0         2O5d+1        2O5d+2        2O6d-2    
   20    2O6d-1        2O6d0         2O6d+1        2O6d+2        2O7d-2        2O7d-1        2O7d0         2O7d+1        2O7d+2        2O1f-3    
   21    2O1f-2        2O1f-1        2O1f0         2O1f+1        2O1f+2        2O1f+3        2O2f-3        2O2f-2        2O2f-1        2O2f0     
   22    2O2f+1        2O2f+2        2O2f+3        2O3f-3        2O3f-2        2O3f-1        2O3f0         2O3f+1        2O3f+2        2O3f+3    
   23    2O4f-3        2O4f-2        2O4f-1        2O4f0         2O4f+1        2O4f+2        2O4f+3        2O5f-3        2O5f-2        2O5f-1    
   24    2O5f0         2O5f+1        2O5f+2        2O5f+3        2O1g-4        2O1g-3        2O1g-2        2O1g-1        2O1g0         2O1g+1    
   25    2O1g+2        2O1g+3        2O1g+4        2O2g-4        2O2g-3        2O2g-2        2O2g-1        2O2g0         2O2g+1        2O2g+2    
   26    2O2g+3        2O2g+4        2O3g-4        2O3g-3        2O3g-2        2O3g-1        2O3g0         2O3g+1        2O3g+2        2O3g+3    
   27    2O3g+4        2O1h-5        2O1h-4        2O1h-3        2O1h-2        2O1h-1        2O1h0         2O1h+1        2O1h+2        2O1h+3    
   28    2O1h+4        2O1h+5    
 
 Maximum number of basis functions per shell:   35
 Total number of basis functions:    282
 
 
 Old basis set for SCF restart
 
    1  O  def2-svp [ 7s 4p 1d | 3s 2p 1d ]
    2  O  def2-svp [ 7s 4p 1d | 3s 2p 1d ]
 
 Basis functions:
            1             2             3             4             5             6             7             8             9            10
    0    1O1s          1O2s          1O3s          1O1pz         1O1py         1O1px         1O2pz         1O2py         1O2px         1O1d-2    
    1    1O1d-1        1O1d0         1O1d+1        1O1d+2        2O1s          2O2s          2O3s          2O1pz         2O1py         2O1px     
    2    2O2pz         2O2py         2O2px         2O1d-2        2O1d-1        2O1d0         2O1d+1        2O1d+2    
 
 Maximum number of basis functions per shell:   35
 Total number of basis functions:     28
 
 
 Generating atomic densities for the SCF calculation...
 CPU time [min]:     0.095                   Wall time [min]:     0.020
 
 Character table for point group C1:
 
          E  
    A     1
 
 Number of basis functions per irrep:
    A     114
 
 
 Density functional: PBE exchange-correlation functional (PBE)
 Constructing integration grid for DFT...
 Angular integration grid: adaptive 590-point Lebedev quadrature
 Radial integration grid: Log3 quadrature
 Total number of grid points: 26868       
 CPU time [min]:     1.128                   Wall time [min]:     0.051
 
 Calculation of overlap integrals...
 CPU time [min]:     1.130                   Wall time [min]:     0.051
 
 Calculation of the square root of the overlap matrix...
 Minimum eigenvalue of the overlap matrix: 0.549185E-03
 CPU time [min]:     1.141                   Wall time [min]:     0.052
 
 Calculation of kinetic energy integrals...
 CPU time [min]:     1.142                   Wall time [min]:     0.052
 Calculation of nuclear attraction integrals...
 CPU time [min]:     1.142                   Wall time [min]:     0.052
 Calculation of overlap integrals...
 CPU time [min]:     1.143                   Wall time [min]:     0.052
 
 Calculation of prescreening integrals...
 CPU time [min]:     1.243                   Wall time [min]:     0.054
 
 Calculation of two-center Coulomb integrals...
   5% done.
  20% done.
  32% done.
  52% done.
  72% done.
  89% done.
 100% done.
 CPU time [min]:     1.250                   Wall time [min]:     0.054
 
 Calculation of inverse square root of the two-center integral matrix...
 CPU time [min]:     1.258                   Wall time [min]:     0.055
 
 Calculation of three-center Coulomb integrals...
   3% done.
  18% done.
  32% done.
  45% done.
  64% done.
  85% done.
 100% done.
 CPU time [min]:     1.284                   Wall time [min]:     0.055

 ************************ 2021-11-29 13:48:29 *************************
 Executing scf...

 @scfsetup: integrals taken from disk
            mrcc/integ binary format
 @scfsetup: calculating on full matrices
            not using symmetry adapted basis
 @scfsetup: diis switched on
 @scfsetup: number of steps to extrapolate from  10
 @scfsetup: tolerance in energy deviation    0.100000E-05
            tolerance in density deviation    0.100000E-05
 @scfsetup: maximum number of iterations:1000
 @scfsetup: unrestricted hf calc
 @scfsetup: restarting scf from SCFDENSITIES file
 @scfsetup: occupation set:
            from initial orbitals
 @scfsetup: diis runs from iteration:   1
 @scfsetup: diis runs to iteration:1000
 @scfsetup: diis runs in every iteration
 Allocation of 170.0 Gbytes of memory...
 ======================================================================
 ITERATION STEP   1
 CPU time [min]:     0.025                   Wall time [min]:     0.003
 
 Constructing alpha Fock-matrix...
 CPU time [min]:     0.036                   Wall time [min]:     0.003
 
 Calculating the exchange-correlation matrix...
                  1.0000*PBEX [au]:    -16.366547445013
                  1.0000*PBEC [au]:     -0.531855926045
 Exchange-correlation energy  [au]:    -16.898403371058
 CPU time [min]:     0.239                   Wall time [min]:     0.009
 
 Coulomb energy + HF exchange [au]:    100.537070989004
 Gradient norm:      4.2008E+00
 RMS of alpha difference density:                      0.00093435545432
 RMS of beta  difference density:                      0.00069659631303
 Gap [au]:  0.26531627
 ALPHA OCC:   9
 BETA  OCC:   7
 
 ***KOHN-SHAM ENERGY IN STEP   1 IS           -150.1400264401521838 [AU]
 ======================================================================
 ITERATION STEP   2
 CPU time [min]:     0.259                   Wall time [min]:     0.010
 
 Constructing alpha Fock-matrix...
 CPU time [min]:     0.270                   Wall time [min]:     0.010
 
 Calculating the exchange-correlation matrix...
                  1.0000*PBEX [au]:    -16.359398443042
                  1.0000*PBEC [au]:     -0.529025670306
 Exchange-correlation energy  [au]:    -16.888424113348
 CPU time [min]:     0.471                   Wall time [min]:     0.016
 
 Coulomb energy + HF exchange [au]:    100.537259420222
 Gradient norm:      1.8264E-02
 DIIS is running in this iteration step.
 RMS of [F,P]:                                         0.02647013658722
 RMS of alpha difference density:                      0.00221514283033
 RMS of beta  difference density:                      0.00164031550506
 Gap [au]:  0.26590774
 ALPHA OCC:   9
 BETA  OCC:   7
 
 ***KOHN-SHAM ENERGY IN STEP   2 IS           -150.1919677892659308 [AU]
 ======================================================================
 ITERATION STEP   3
 CPU time [min]:     0.501                   Wall time [min]:     0.017
 
 Constructing alpha Fock-matrix...
 CPU time [min]:     0.519                   Wall time [min]:     0.017
 
 Calculating the exchange-correlation matrix...
                  1.0000*PBEX [au]:    -16.362769625251
                  1.0000*PBEC [au]:     -0.528806577255
 Exchange-correlation energy  [au]:    -16.891576202507
 CPU time [min]:     0.711                   Wall time [min]:     0.022
 
 Coulomb energy + HF exchange [au]:    100.514580838861
 Gradient norm:      1.7093E-02
 DIIS is running in this iteration step.
 RMS of [F,P]:                                         0.00029247348955
 RMS of alpha difference density:                      0.00010345495191
 RMS of beta  difference density:                      0.00009220476213
 Gap [au]:  0.26391226
 ALPHA OCC:   9
 BETA  OCC:   7
 
 ***KOHN-SHAM ENERGY IN STEP   3 IS           -150.2567911022007365 [AU]
 ======================================================================
 ITERATION STEP   4
 CPU time [min]:     0.727                   Wall time [min]:     0.023
 
 Constructing alpha Fock-matrix...
 CPU time [min]:     0.740                   Wall time [min]:     0.023
 
 Calculating the exchange-correlation matrix...
                  1.0000*PBEX [au]:    -16.349101024108
                  1.0000*PBEC [au]:     -0.528609629427
 Exchange-correlation energy  [au]:    -16.877710653534
 CPU time [min]:     0.871                   Wall time [min]:     0.026
 
 Coulomb energy + HF exchange [au]:    100.377222432424
 Gradient norm:      1.1371E-02
 DIIS is running in this iteration step.
 RMS of [F,P]:                                         0.00018617806470
 RMS of alpha difference density:                      0.00006417882247
 RMS of beta  difference density:                      0.00004169370641
 Gap [au]:  0.26452416
 ALPHA OCC:   9
 BETA  OCC:   7
 
 ***KOHN-SHAM ENERGY IN STEP   4 IS           -150.2568645906337395 [AU]
 ======================================================================
 ITERATION STEP   5
 CPU time [min]:     0.886                   Wall time [min]:     0.027
 
 Constructing alpha Fock-matrix...
 CPU time [min]:     0.899                   Wall time [min]:     0.027
 
 Calculating the exchange-correlation matrix...
                  1.0000*PBEX [au]:    -16.359718220883
                  1.0000*PBEC [au]:     -0.528893606260
 Exchange-correlation energy  [au]:    -16.888611827143
 CPU time [min]:     1.033                   Wall time [min]:     0.030
 
 Coulomb energy + HF exchange [au]:    100.476490275138
 Gradient norm:      2.5108E-03
 DIIS is running in this iteration step.
 RMS of [F,P]:                                         0.00004163400647
 RMS of alpha difference density:                      0.00001815297567
 RMS of beta  difference density:                      0.00001161399774
 Gap [au]:  0.26458408
 ALPHA OCC:   9
 BETA  OCC:   7
 
 ***KOHN-SHAM ENERGY IN STEP   5 IS           -150.2569316513535398 [AU]
 ======================================================================
 ITERATION STEP   6
 CPU time [min]:     1.049                   Wall time [min]:     0.031
 
 Constructing alpha Fock-matrix...
 CPU time [min]:     1.062                   Wall time [min]:     0.031
 
 Calculating the exchange-correlation matrix...
                  1.0000*PBEX [au]:    -16.356629854766
                  1.0000*PBEC [au]:     -0.528828257852
 Exchange-correlation energy  [au]:    -16.885458112618
 CPU time [min]:     1.193                   Wall time [min]:     0.034
 
 Coulomb energy + HF exchange [au]:    100.450618926893
 Gradient norm:      5.3171E-04
 DIIS is running in this iteration step.
 RMS of [F,P]:                                         0.00000934847399
 RMS of alpha difference density:                      0.00000275403333
 RMS of beta  difference density:                      0.00000247876019
 Gap [au]:  0.26453858
 ALPHA OCC:   9
 BETA  OCC:   7
 
 ***KOHN-SHAM ENERGY IN STEP   6 IS           -150.2569355668941853 [AU]
 ======================================================================
 ITERATION STEP   7
 CPU time [min]:     1.209                   Wall time [min]:     0.035
 
 Constructing alpha Fock-matrix...
 CPU time [min]:     1.222                   Wall time [min]:     0.035
 
 Calculating the exchange-correlation matrix...
                  1.0000*PBEX [au]:    -16.357025254614
                  1.0000*PBEC [au]:     -0.528831445922
 Exchange-correlation energy  [au]:    -16.885856700535
 CPU time [min]:     1.355                   Wall time [min]:     0.038
 
 Coulomb energy + HF exchange [au]:    100.453372183677
 Gradient norm:      3.2699E-05
 DIIS is running in this iteration step.
 RMS of [F,P]:                                         0.00000051914693
 RMS of alpha difference density:                      0.00000020688852
 RMS of beta  difference density:                      0.00000014517474
 Gap [au]:  0.26453897
 ALPHA OCC:   9
 BETA  OCC:   7
 
 ***KOHN-SHAM ENERGY IN STEP   7 IS           -150.2569357291549181 [AU]
 ======================================================================
 
 SUCCESS...
 THE SCF ITERATION HAS CONVERGED!
 
                   A   
 FINAL ALPHA OCC:   9
 FINAL BETA  OCC:   7
 
 ***FINAL KOHN-SHAM ENERGY:          -150.2569357291549181 [AU]
 
 Expectation value of S^2:  2.0045
 Average multiplicity:      3.0030
 
 Orbital energies [au]:
      Irrep         Alpha          Beta
    1   A        -18.904075     -18.877996
    2   A        -18.903998     -18.877921
    3   A         -1.208157      -1.164563
    4   A         -0.751287      -0.685433
    5   A         -0.496503      -0.462716
    6   A         -0.496503      -0.427979
    7   A         -0.496217      -0.427979
 
    8   A         -0.248654      -0.163440
    9   A         -0.248654      -0.163440
 
   10   A          0.094193       0.118615
   11   A          0.197164       0.213879
   12   A          0.197164       0.213879
   13   A          0.249030       0.263239
   14   A          0.254405       0.276156
   15   A          0.293781       0.315620
   16   A          0.293781       0.315620
   17   A          0.320863       0.335870
   18   A          0.651718       0.672566
   19   A          0.776063       0.805047
   20   A          0.776063       0.805047
   21   A          0.956818       0.976330
   22   A          0.956818       0.976330
   23   A          1.131208       1.164443
   24   A          1.131208       1.175885
   25   A          1.151156       1.175885
   26   A          1.193216       1.220184
   27   A          1.193216       1.235778
   28   A          1.203324       1.235778
   29   A          1.272763       1.320222
   30   A          1.272763       1.320222
   31   A          1.636790       1.661683
   32   A          1.636790       1.661683
   33   A          1.720634       1.740508
   34   A          1.727973       1.758614
   35   A          2.494694       2.526591
   36   A          2.710719       2.734851
   37   A          2.710719       2.734851
   38   A          2.746945       2.793752
   39   A          2.746945       2.793752
   40   A          2.865028       2.889480
   41   A          2.865028       2.889480
   42   A          3.146117       3.204807
   43   A          3.146117       3.204807
   44   A          3.305213       3.350162
   45   A          3.467444       3.545251
   46   A          3.467444       3.545251
   47   A          3.535762       3.567021
   48   A          3.603877       3.686942
   49   A          3.603877       3.686942
   50   A          3.749782       3.793721
   51   A          3.749782       3.793721
   52   A          3.832033       3.873833
   53   A          3.832033       3.873833
   54   A          3.942537       3.974510
   55   A          3.942537       3.974510
   56   A          3.989764       4.035692
   57   A          4.221312       4.255427
   58   A          4.380927       4.446918
   59   A          4.380927       4.446918
   60   A          4.588788       4.624227
   61   A          4.664187       4.737754
   62   A          4.664187       4.737754
   63   A          4.781403       4.798746
   64   A          5.333748       5.381739
   65   A          5.333748       5.381739
   66   A          7.563644       7.603245
   67   A          7.972972       8.013023
   68   A          7.972972       8.013023
   69   A          8.184346       8.240071
   70   A          8.184346       8.240071
   71   A          8.388110       8.427004
   72   A          8.388110       8.427004
   73   A          8.517270       8.555923
   74   A          8.530536       8.616957
   75   A          8.530536       8.616957
   76   A          8.668578       8.756515
   77   A          8.668578       8.756516
   78   A          9.104557       9.166515
   79   A          9.104557       9.166515
   80   A         10.158864      10.213500
   81   A         10.158864      10.213501
   82   A         10.290502      10.325890
   83   A         10.374390      10.421123
   84   A         10.374390      10.421123
   85   A         10.546416      10.661484
   86   A         10.546416      10.661484
   87   A         10.680446      10.755494
   88   A         10.680446      10.755494
   89   A         10.708090      10.823795
   90   A         10.708090      10.823795
   91   A         11.078638      11.151741
   92   A         11.078638      11.151741
   93   A         11.114013      11.171572
   94   A         11.231740      11.275877
   95   A         11.266284      11.322519
   96   A         11.266284      11.322519
   97   A         11.458128      11.519268
   98   A         11.458128      11.519268
   99   A         11.520197      11.648270
  100   A         11.520197      11.648270
  101   A         11.662785      11.721885
  102   A         11.662785      11.721885
  103   A         11.752356      11.854383
  104   A         11.752356      11.876699
  105   A         11.830649      11.876699
  106   A         13.189192      13.277425
  107   A         13.673429      13.735062
  108   A         13.675838      13.735062
  109   A         13.675838      13.753990
  110   A         15.586402      15.612385
  111   A         46.633718      46.683200
  112   A         47.494150      47.543227
  113   A        251.120655     251.134820
  114   A        252.047259     252.061460
 
 RETURNING FROM SCF ALGORITHM
 ======================================================================
 
 ************************ 2021-11-29 13:48:32 *************************
                      Normal termination of mrcc.
 **********************************************************************
