 **********************************************************************
                          MRCC program system
 **********************************************************************
 
                              Written by
 Mihaly Kallay, Peter R. Nagy, David Mester, Zoltan Rolik, Gyula Samu,
   Jozsef Csontos, Jozsef Csoka, P. Bernat Szabo, Laszlo Gyevi-Nagy,
    Bence Hegely, Istvan Ladjanszki, Lorant Szegedy, Bence Ladoczki,
       Klara Petrov, Mate Farkas, Pal D. Mezei, and Adam Ganyecz
 
        Department of Physical Chemistry and Materials Science
            Budapest University of Technology and Economics
                  Budapest P.O.Box 91, H-1521 Hungary
 
                              www.mrcc.hu
 
                    Release date: February 22, 2020

 ************************ 2021-11-04 12:34:04 *************************
 Executing minp...

 Reading input from MINP...
 
 Input file:
 
calc=DF-CCSD(T)
scftype=uhf
verbosity=3
mem=170GB
symm=off
unit=angs
scfiguess=small
mult=3
core=1


basis=special
bse_AVTZ

basis_sm=special
STO-3G

dfbasis_scf=special
bse_AVTZ_autoaux

dfbasis_cor=special
bse_AVTZ_autoaux

unit=angs
geom=xyz
1

O     0.00000000000    0.00000000000    0.00000000000
 
 
 Checking keyword combinations...
 
 Keywords:
 
 active=none
 agrid=ld0006-ld0590
 basis=special
 basis_sm=special
 basopt=off
 bfbasis=none
 bfgsmem=10
 bfgstol=1.0d-3
 bpcompo=0.985
 bpcompv=0.98
 bpdfo=0.985
 bpocc=0.985
 bppdo=0.985
 bppdv=0.98
 bpedo=0.985
 bpedv=0.98
 calc=ccsd(t)
 ccmaxit=50
 ccprog=ccsd
 ccsdalg=dfdirect
 ccsdmkl=seq
 ccsdrest=trf
 ccsdthreads=2
 cctol=6
 charge=0
 cialg=auto
 ciguess=off
 cmpgrp=auto
 core=1
 corembed=off
 csapprox=off
 dboc=off
 dendec=cholesky
 dens=0
 dfalg=lineq
 dfbasis_cor=special
 dfbasis_scf=special
 dfintran=drpa
 dft=off
 dhexc=adc(2)
 diag=david
 docc=
 domrad=10.d0
 drpaalg=fit
 dual=off
 ecp=auto
 edisp=off
 edisp_embed=off
 embed=off
 epert=none
 eps=0.975
 excrad=0.d0
 excrad_fin=0.000000000D+00
 fmm=off
 fmmord=8
 freq=off
 gauss=spher
 geom=xyz
 gopt=off
 ghost=none
 gtol=7
 grdens=off
 grtol=10
 hamilton=dc
 iface=none
 intalg=auto
 itol=10
 laptol=1.d-2
 lccoporder=trffirst
 lcorthr=normal
 lccrest=off
 lmp2dens=on
 lnoepso=0.d0
 lnoepsv=1e-6
 localcc=off
 localcorrsymm=off
 locintrf=disk
 mact=
 maxact=off
 maxdim=100
 maxex=0
 maxmicroit=100
 mcscfiguess=hf
 mem=170gb
 molden=on
 mpitasks=1
 mulmet=0
 mult=3
 nacto=0
 nactv=0
 naf_cor=off
 naf_scf=off
 nafalg=albe
 naftyp=
 nchol=auto
 ndeps=1e-3
 nstate=1
 nsing=0
 ntrip=0
 occ=
 oniom=off
 oniom_eechg=off
 oniom_pcm=off
 optalg=
 optmaxit=50
 optetol=1e-6
 optex=   0
 optgtol=1e-4
 optstol=1e-3
 orblocc=off
 orbloce=off
 orbloco=off
 orblocv=off
 orblocguess=cholesky
 osveps=1e-3
 ovirt=off
 ovltol=1e-7
 ovosnorb=80.0
 pcm=off
 popul=off
 pressure=100000
 pssp=off
 ptfreq=0.0
 ptthreads=2
 qscf=off
 qmmm=off
 redcost_exc=off
 redcost_tddft=off
 refdet=none
 rest=0
 rgrid=log3
 rohfcore=semicanonical
 rohftype=semicanonical
 scfalg=auto
 scfdamp=off
 scfdiis=on
 scfdiis_end=50
 scfdiis_start=1
 scfdiis_step=1
 scfdtol=7
 scfext=10
 scfguessdens=
 scfiguess=small
 scflshift=off
 scfmaxit=50
 scftype=uhf
 scftol=6
 scspe=1.d0
 scsph=1.d0
 scsps=1.2d0
 scspt=0.33333333333333
 scspv=1.d0
 spairtol=1e-4
 subminp=top
 symm=0
 talg=occ
 temp=298.15
 test=off
 theodore=off
 tlmo=0.999
 tpao=0.94
 tprint=off
 uncontract=off
 unit=angs
 usedisk=2
 verbosity=3
 wpairtol=0.100000000E-05
 
 Calculating integrals for small-basis SCF...

 ************************ 2021-11-04 12:34:04 *************************
 Executing integ...

 Allocation of 170.0 Gbytes of memory...
 
 
 Number of atoms:                  1
 Charge:                           0
 Number of electrons:              8
 Number of core electrons:         2
 Spin multiplicity:                3
 
                 Cartesian coordinates [bohr]      Atomic mass [AMU]  Z
   1  O     0.00000000    0.00000000    0.00000000    15.994915       8
 
 This molecule is a spherical top.
 
 Rotational constants [cm-1]: 

 
 Point group: Oh  
 Computational point group: C1  
 
 Cartesian coordinates in standard orientation [bohr]
   1  O     0.00000000    0.00000000    0.00000000
 
 Nuclear repulsion energy [au]:          0.000000000000
 
 
 Basis set information:
 
 Maximum angular momentum: f
 Maximum number of contracted Gaussians:   10
 Maximum number of primitive Gaussians:    10
 Spherical harmonic GTOs are used.
 
 
 Conventional basis set:
 
    1  O  sto-3g [ 6s 3p | 2s 1p ]
 
 Basis functions:
            1             2             3             4             5             6             7             8             9            10
    0    1O1s          1O2s          1O1pz         1O1py         1O1px     
 
 Maximum number of basis functions per shell:    3
 Total number of basis functions:      5
 
 
 Fitting basis set for the SCF calculation:
 
    1  O  cc-pvdz-ri-jk [ 10s 7p 5d 2f | 10s 7p 5d 2f ]
 
 Basis functions:
            1             2             3             4             5             6             7             8             9            10
    0    1O1s          1O2s          1O3s          1O4s          1O5s          1O6s          1O7s          1O8s          1O9s          1O10s     
    1    1O1pz         1O1py         1O1px         1O2pz         1O2py         1O2px         1O3pz         1O3py         1O3px         1O4pz     
    2    1O4py         1O4px         1O5pz         1O5py         1O5px         1O6pz         1O6py         1O6px         1O7pz         1O7py     
    3    1O7px         1O1d-2        1O1d-1        1O1d0         1O1d+1        1O1d+2        1O2d-2        1O2d-1        1O2d0         1O2d+1    
    4    1O2d+2        1O3d-2        1O3d-1        1O3d0         1O3d+1        1O3d+2        1O4d-2        1O4d-1        1O4d0         1O4d+1    
    5    1O4d+2        1O5d-2        1O5d-1        1O5d0         1O5d+1        1O5d+2        1O1f-3        1O1f-2        1O1f-1        1O1f0     
    6    1O1f+1        1O1f+2        1O1f+3        1O2f-3        1O2f-2        1O2f-1        1O2f0         1O2f+1        1O2f+2        1O2f+3    
 
 Maximum number of basis functions per shell:   25
 Total number of basis functions:     70
 
 
 Generating atomic densities for the SCF calculation...
 CPU time [min]:     0.128                   Wall time [min]:     0.017
 
 Character table for point group C1:
 
          E  
    A     1
 
 Number of basis functions per irrep:
    A       5
 
 
 Calculation of overlap integrals...
 CPU time [min]:     0.128                   Wall time [min]:     0.017
 
 Calculation of the square root of the overlap matrix...
 Minimum eigenvalue of the overlap matrix: 0.763296E+00
 CPU time [min]:     0.132                   Wall time [min]:     0.017
 
 Calculation of kinetic energy integrals...
 CPU time [min]:     0.132                   Wall time [min]:     0.017
 Calculation of nuclear attraction integrals...
 CPU time [min]:     0.132                   Wall time [min]:     0.017
 
 Calculation of prescreening integrals...
 CPU time [min]:     0.135                   Wall time [min]:     0.018
 
 Calculation of two-center Coulomb integrals...
   2% done.
  20% done.
  64% done.
 100% done.
 CPU time [min]:     0.142                   Wall time [min]:     0.018
 
 Calculation of inverse square root of the two-center integral matrix...
 CPU time [min]:     0.178                   Wall time [min]:     0.019
 
 Calculation of three-center Coulomb integrals...
  20% done.
 100% done.
 CPU time [min]:     0.186                   Wall time [min]:     0.019
 
 Running small-basis SCF...

 ************************ 2021-11-04 12:34:06 *************************
 Executing scf...

 @scfsetup: integrals taken from disk
            mrcc/integ binary format
 @scfsetup: calculating on full matrices
            not using symmetry adapted basis
 @scfsetup: diis switched on
 @scfsetup: number of steps to extrapolate from  10
 @scfsetup: tolerance in energy deviation    0.100000E-05
            tolerance in density deviation    0.100000E-06
 @scfsetup: maximum number of iterations:  50
 @scfsetup: unrestricted hf calc
 @scfsetup: starting scf from superposition of atomic densities
 @scfsetup: occupation set:
            from initial orbitals
 @scfsetup: diis runs from iteration:   1
 @scfsetup: diis runs to iteration:  50
 @scfsetup: diis runs in every iteration
 Allocation of 170.0 Gbytes of memory...
 ======================================================================
 ITERATION STEP   1
 CPU time [min]:     0.002                   Wall time [min]:     0.002
 
 Constructing alpha Fock-matrix...
 Number of integral batches:    1
 Occupied indices per batch:    5
 CPU time [min]:     0.002                   Wall time [min]:     0.002
 
 Gradient norm:      0.0000E+00
 RMS of alpha difference density:                      0.00000000000000
 RMS of beta  difference density:                      0.00000000000000
 Gap [au]:  0.00000000
 ALPHA OCC:   5
 BETA  OCC:   3
 
 ***HARTREE-FOCK ENERGY IN STEP   1 IS         -73.8041793858338906 [AU]
 ======================================================================
 ITERATION STEP   2
 CPU time [min]:     0.002                   Wall time [min]:     0.002
 
 Constructing alpha Fock-matrix...
 Number of integral batches:    1
 Occupied indices per batch:    5
 CPU time [min]:     0.003                   Wall time [min]:     0.003
 
 Gradient norm:      0.0000E+00
 DIIS is running in this iteration step.
 RMS of [F,P]:                                         0.00000000000000
 RMS of alpha difference density:                      0.00000000000000
 RMS of beta  difference density:                      0.00000000000000
 Gap [au]:  0.00000000
 ALPHA OCC:   5
 BETA  OCC:   3
 
 ***HARTREE-FOCK ENERGY IN STEP   2 IS         -73.8041793858338906 [AU]
 ======================================================================
 
 SUCCESS...
 THE SCF ITERATION HAS CONVERGED!
 
                   A   
 FINAL ALPHA OCC:   5
 FINAL BETA  OCC:   3
 
 ***FINAL HARTREE-FOCK ENERGY:        -73.8041793858338906 [AU]
 
 Expectation value of S^2:  2.0000
 Average multiplicity:      3.0000
 
 Orbital energies [au]:
      Irrep         Alpha          Beta
    1   A        -20.311251     -20.259596
    2   A         -1.293075      -0.948330
    3   A         -0.550343      -0.360595
 
    4   A         -0.550343       0.377234
    5   A         -0.455469       0.377234
 
 
 RETURNING FROM SCF ALGORITHM
 ======================================================================

 ************************ 2021-11-04 12:34:06 *************************
 Executing integ...

 Allocation of 170.0 Gbytes of memory...
 
 
 Number of atoms:                  1
 Charge:                           0
 Number of electrons:              8
 Number of core electrons:         2
 Spin multiplicity:                3
 
                 Cartesian coordinates [bohr]      Atomic mass [AMU]  Z
   1  O     0.00000000    0.00000000    0.00000000    15.994915       8
 
 This molecule is a spherical top.
 
 Rotational constants [cm-1]: 

 
 Point group: Oh  
 Computational point group: C1  
 
 Cartesian coordinates in standard orientation [bohr]
   1  O     0.00000000    0.00000000    0.00000000
 
 Nuclear repulsion energy [au]:          0.000000000000
 
 
 Basis set information:
 
 Maximum angular momentum: g
 Maximum number of contracted Gaussians:   16
 Maximum number of primitive Gaussians:    16
 Spherical harmonic GTOs are used.
 
 
 Conventional basis set:
 
    1  O  bse_avtz [ 11s 6p 3d 2f | 5s 4p 3d 2f ]
 
 Basis functions:
            1             2             3             4             5             6             7             8             9            10
    0    1O1s          1O2s          1O3s          1O4s          1O5s          1O1pz         1O1py         1O1px         1O2pz         1O2py     
    1    1O2px         1O3pz         1O3py         1O3px         1O4pz         1O4py         1O4px         1O1d-2        1O1d-1        1O1d0     
    2    1O1d+1        1O1d+2        1O2d-2        1O2d-1        1O2d0         1O2d+1        1O2d+2        1O3d-2        1O3d-1        1O3d0     
    3    1O3d+1        1O3d+2        1O1f-3        1O1f-2        1O1f-1        1O1f0         1O1f+1        1O1f+2        1O1f+3        1O2f-3    
    4    1O2f-2        1O2f-1        1O2f0         1O2f+1        1O2f+2        1O2f+3    
 
 Maximum number of basis functions per shell:   15
 Total number of basis functions:     46
 
 
 Fitting basis set for the SCF calculation:
 
    1  O  bse_avtz_autoaux [ 16s 13p 12d 7f 5g | 16s 13p 12d 7f 5g ]
 
 Basis functions:
            1             2             3             4             5             6             7             8             9            10
    0    1O1s          1O2s          1O3s          1O4s          1O5s          1O6s          1O7s          1O8s          1O9s          1O10s     
    1    1O11s         1O12s         1O13s         1O14s         1O15s         1O16s         1O1pz         1O1py         1O1px         1O2pz     
    2    1O2py         1O2px         1O3pz         1O3py         1O3px         1O4pz         1O4py         1O4px         1O5pz         1O5py     
    3    1O5px         1O6pz         1O6py         1O6px         1O7pz         1O7py         1O7px         1O8pz         1O8py         1O8px     
    4    1O9pz         1O9py         1O9px         1O10pz        1O10py        1O10px        1O11pz        1O11py        1O11px        1O12pz    
    5    1O12py        1O12px        1O13pz        1O13py        1O13px        1O1d-2        1O1d-1        1O1d0         1O1d+1        1O1d+2    
    6    1O2d-2        1O2d-1        1O2d0         1O2d+1        1O2d+2        1O3d-2        1O3d-1        1O3d0         1O3d+1        1O3d+2    
    7    1O4d-2        1O4d-1        1O4d0         1O4d+1        1O4d+2        1O5d-2        1O5d-1        1O5d0         1O5d+1        1O5d+2    
    8    1O6d-2        1O6d-1        1O6d0         1O6d+1        1O6d+2        1O7d-2        1O7d-1        1O7d0         1O7d+1        1O7d+2    
    9    1O8d-2        1O8d-1        1O8d0         1O8d+1        1O8d+2        1O9d-2        1O9d-1        1O9d0         1O9d+1        1O9d+2    
   10    1O10d-2       1O10d-1       1O10d0        1O10d+1       1O10d+2       1O11d-2       1O11d-1       1O11d0        1O11d+1       1O11d+2   
   11    1O12d-2       1O12d-1       1O12d0        1O12d+1       1O12d+2       1O1f-3        1O1f-2        1O1f-1        1O1f0         1O1f+1    
   12    1O1f+2        1O1f+3        1O2f-3        1O2f-2        1O2f-1        1O2f0         1O2f+1        1O2f+2        1O2f+3        1O3f-3    
   13    1O3f-2        1O3f-1        1O3f0         1O3f+1        1O3f+2        1O3f+3        1O4f-3        1O4f-2        1O4f-1        1O4f0     
   14    1O4f+1        1O4f+2        1O4f+3        1O5f-3        1O5f-2        1O5f-1        1O5f0         1O5f+1        1O5f+2        1O5f+3    
   15    1O6f-3        1O6f-2        1O6f-1        1O6f0         1O6f+1        1O6f+2        1O6f+3        1O7f-3        1O7f-2        1O7f-1    
   16    1O7f0         1O7f+1        1O7f+2        1O7f+3        1O1g-4        1O1g-3        1O1g-2        1O1g-1        1O1g0         1O1g+1    
   17    1O1g+2        1O1g+3        1O1g+4        1O2g-4        1O2g-3        1O2g-2        1O2g-1        1O2g0         1O2g+1        1O2g+2    
   18    1O2g+3        1O2g+4        1O3g-4        1O3g-3        1O3g-2        1O3g-1        1O3g0         1O3g+1        1O3g+2        1O3g+3    
   19    1O3g+4        1O4g-4        1O4g-3        1O4g-2        1O4g-1        1O4g0         1O4g+1        1O4g+2        1O4g+3        1O4g+4    
   20    1O5g-4        1O5g-3        1O5g-2        1O5g-1        1O5g0         1O5g+1        1O5g+2        1O5g+3        1O5g+4    
 
 Maximum number of basis functions per shell:   60
 Total number of basis functions:    209
 
 
 Fitting basis set for the correlation calculation:
 
    1  O  bse_avtz_autoaux [ 16s 13p 12d 7f 5g | 16s 13p 12d 7f 5g ]
 
 Basis functions:
            1             2             3             4             5             6             7             8             9            10
    0    1O1s          1O2s          1O3s          1O4s          1O5s          1O6s          1O7s          1O8s          1O9s          1O10s     
    1    1O11s         1O12s         1O13s         1O14s         1O15s         1O16s         1O1pz         1O1py         1O1px         1O2pz     
    2    1O2py         1O2px         1O3pz         1O3py         1O3px         1O4pz         1O4py         1O4px         1O5pz         1O5py     
    3    1O5px         1O6pz         1O6py         1O6px         1O7pz         1O7py         1O7px         1O8pz         1O8py         1O8px     
    4    1O9pz         1O9py         1O9px         1O10pz        1O10py        1O10px        1O11pz        1O11py        1O11px        1O12pz    
    5    1O12py        1O12px        1O13pz        1O13py        1O13px        1O1d-2        1O1d-1        1O1d0         1O1d+1        1O1d+2    
    6    1O2d-2        1O2d-1        1O2d0         1O2d+1        1O2d+2        1O3d-2        1O3d-1        1O3d0         1O3d+1        1O3d+2    
    7    1O4d-2        1O4d-1        1O4d0         1O4d+1        1O4d+2        1O5d-2        1O5d-1        1O5d0         1O5d+1        1O5d+2    
    8    1O6d-2        1O6d-1        1O6d0         1O6d+1        1O6d+2        1O7d-2        1O7d-1        1O7d0         1O7d+1        1O7d+2    
    9    1O8d-2        1O8d-1        1O8d0         1O8d+1        1O8d+2        1O9d-2        1O9d-1        1O9d0         1O9d+1        1O9d+2    
   10    1O10d-2       1O10d-1       1O10d0        1O10d+1       1O10d+2       1O11d-2       1O11d-1       1O11d0        1O11d+1       1O11d+2   
   11    1O12d-2       1O12d-1       1O12d0        1O12d+1       1O12d+2       1O1f-3        1O1f-2        1O1f-1        1O1f0         1O1f+1    
   12    1O1f+2        1O1f+3        1O2f-3        1O2f-2        1O2f-1        1O2f0         1O2f+1        1O2f+2        1O2f+3        1O3f-3    
   13    1O3f-2        1O3f-1        1O3f0         1O3f+1        1O3f+2        1O3f+3        1O4f-3        1O4f-2        1O4f-1        1O4f0     
   14    1O4f+1        1O4f+2        1O4f+3        1O5f-3        1O5f-2        1O5f-1        1O5f0         1O5f+1        1O5f+2        1O5f+3    
   15    1O6f-3        1O6f-2        1O6f-1        1O6f0         1O6f+1        1O6f+2        1O6f+3        1O7f-3        1O7f-2        1O7f-1    
   16    1O7f0         1O7f+1        1O7f+2        1O7f+3        1O1g-4        1O1g-3        1O1g-2        1O1g-1        1O1g0         1O1g+1    
   17    1O1g+2        1O1g+3        1O1g+4        1O2g-4        1O2g-3        1O2g-2        1O2g-1        1O2g0         1O2g+1        1O2g+2    
   18    1O2g+3        1O2g+4        1O3g-4        1O3g-3        1O3g-2        1O3g-1        1O3g0         1O3g+1        1O3g+2        1O3g+3    
   19    1O3g+4        1O4g-4        1O4g-3        1O4g-2        1O4g-1        1O4g0         1O4g+1        1O4g+2        1O4g+3        1O4g+4    
   20    1O5g-4        1O5g-3        1O5g-2        1O5g-1        1O5g0         1O5g+1        1O5g+2        1O5g+3        1O5g+4    
 
 Maximum number of basis functions per shell:   60
 Total number of basis functions:    209
 
 
 Old basis set for SCF restart
 
    1  O  sto-3g [ 6s 3p | 2s 1p ]
 
 Basis functions:
            1             2             3             4             5             6             7             8             9            10
    0    1O1s          1O2s          1O1pz         1O1py         1O1px     
 
 Maximum number of basis functions per shell:   60
 Total number of basis functions:      5
 
 
 Character table for point group C1:
 
          E  
    A     1
 
 Number of basis functions per irrep:
    A      46
 
 
 Calculation of overlap integrals...
 CPU time [min]:     0.057                   Wall time [min]:     0.004
 
 Calculation of the square root of the overlap matrix...
 Minimum eigenvalue of the overlap matrix: 0.110510E-01
 CPU time [min]:     0.061                   Wall time [min]:     0.004
 
 Calculation of kinetic energy integrals...
 CPU time [min]:     0.061                   Wall time [min]:     0.004
 Calculation of nuclear attraction integrals...
 CPU time [min]:     0.061                   Wall time [min]:     0.004
 Calculation of overlap integrals...
 CPU time [min]:     0.062                   Wall time [min]:     0.004
 
 Calculation of prescreening integrals...
 CPU time [min]:     0.073                   Wall time [min]:     0.004
 
 Calculation of two-center Coulomb integrals...
   1% done.
  30% done.
  62% done.
 100% done.
 CPU time [min]:     0.080                   Wall time [min]:     0.005
 
 Calculation of inverse square root of the two-center integral matrix...
 CPU time [min]:     0.107                   Wall time [min]:     0.005
 
 Calculation of three-center Coulomb integrals...
   1% done.
  14% done.
  49% done.
 100% done.
 CPU time [min]:     0.121                   Wall time [min]:     0.006

 ************************ 2021-11-04 12:34:06 *************************
 Executing scf...

 @scfsetup: integrals taken from disk
            mrcc/integ binary format
 @scfsetup: calculating on full matrices
            not using symmetry adapted basis
 @scfsetup: diis switched on
 @scfsetup: number of steps to extrapolate from  10
 @scfsetup: tolerance in energy deviation    0.100000E-05
            tolerance in density deviation    0.100000E-06
 @scfsetup: maximum number of iterations:  50
 @scfsetup: unrestricted hf calc
 @scfsetup: restarting scf from SCFDENSITIES file
 @scfsetup: occupation set:
            from initial orbitals
 @scfsetup: diis runs from iteration:   1
 @scfsetup: diis runs to iteration:  50
 @scfsetup: diis runs in every iteration
 Allocation of 170.0 Gbytes of memory...
 ======================================================================
 ITERATION STEP   1
 CPU time [min]:     0.011                   Wall time [min]:     0.003
 
 Constructing alpha Fock-matrix...
 Number of integral batches:    1
 Occupied indices per batch:    5
 CPU time [min]:     0.024                   Wall time [min]:     0.003
 
 Gradient norm:      1.1092E+00
 RMS of alpha difference density:                      0.01494274046486
 RMS of beta  difference density:                      0.01292343166970
 Gap [au]:  0.53935806
 ALPHA OCC:   5
 BETA  OCC:   3
 
 ***HARTREE-FOCK ENERGY IN STEP   1 IS         -74.6354497208786540 [AU]
 ======================================================================
 ITERATION STEP   2
 CPU time [min]:     0.029                   Wall time [min]:     0.003
 
 Constructing alpha Fock-matrix...
 Number of integral batches:    1
 Occupied indices per batch:    5
 CPU time [min]:     0.038                   Wall time [min]:     0.003
 
 Gradient norm:      1.8058E-01
 DIIS is running in this iteration step.
 RMS of [F,P]:                                         0.00339456328337
 RMS of alpha difference density:                      0.00259016419627
 RMS of beta  difference density:                      0.00130728319784
 Gap [au]:  0.59100896
 ALPHA OCC:   5
 BETA  OCC:   3
 
 ***HARTREE-FOCK ENERGY IN STEP   2 IS         -74.8080001143302269 [AU]
 ======================================================================
 ITERATION STEP   3
 CPU time [min]:     0.050                   Wall time [min]:     0.004
 
 Constructing alpha Fock-matrix...
 Number of integral batches:    1
 Occupied indices per batch:    5
 CPU time [min]:     0.065                   Wall time [min]:     0.004
 
 Gradient norm:      3.3707E-02
 DIIS is running in this iteration step.
 RMS of [F,P]:                                         0.00065170677313
 RMS of alpha difference density:                      0.00068564172217
 RMS of beta  difference density:                      0.00055934707620
 Gap [au]:  0.59132576
 ALPHA OCC:   5
 BETA  OCC:   3
 
 ***HARTREE-FOCK ENERGY IN STEP   3 IS         -74.8126345310014926 [AU]
 ======================================================================
 ITERATION STEP   4
 CPU time [min]:     0.070                   Wall time [min]:     0.004
 
 Constructing alpha Fock-matrix...
 Number of integral batches:    1
 Occupied indices per batch:    5
 CPU time [min]:     0.079                   Wall time [min]:     0.005
 
 Gradient norm:      1.1377E-02
 DIIS is running in this iteration step.
 RMS of [F,P]:                                         0.00016692952561
 RMS of alpha difference density:                      0.00024984504973
 RMS of beta  difference density:                      0.00027945009909
 Gap [au]:  0.58829631
 ALPHA OCC:   5
 BETA  OCC:   3
 
 ***HARTREE-FOCK ENERGY IN STEP   4 IS         -74.8129436709435112 [AU]
 ======================================================================
 ITERATION STEP   5
 CPU time [min]:     0.084                   Wall time [min]:     0.005
 
 Constructing alpha Fock-matrix...
 Number of integral batches:    1
 Occupied indices per batch:    5
 CPU time [min]:     0.093                   Wall time [min]:     0.005
 
 Gradient norm:      3.7929E-03
 DIIS is running in this iteration step.
 RMS of [F,P]:                                         0.00004919183237
 RMS of alpha difference density:                      0.00005665201841
 RMS of beta  difference density:                      0.00009879280132
 Gap [au]:  0.58697751
 ALPHA OCC:   5
 BETA  OCC:   3
 
 ***HARTREE-FOCK ENERGY IN STEP   5 IS         -74.8129794923333691 [AU]
 ======================================================================
 ITERATION STEP   6
 CPU time [min]:     0.099                   Wall time [min]:     0.005
 
 Constructing alpha Fock-matrix...
 Number of integral batches:    1
 Occupied indices per batch:    5
 CPU time [min]:     0.108                   Wall time [min]:     0.005
 
 Gradient norm:      1.0183E-03
 DIIS is running in this iteration step.
 RMS of [F,P]:                                         0.00001529740877
 RMS of alpha difference density:                      0.00003034403922
 RMS of beta  difference density:                      0.00002589277918
 Gap [au]:  0.58670928
 ALPHA OCC:   5
 BETA  OCC:   3
 
 ***HARTREE-FOCK ENERGY IN STEP   6 IS         -74.8129830807805973 [AU]
 ======================================================================
 ITERATION STEP   7
 CPU time [min]:     0.113                   Wall time [min]:     0.006
 
 Constructing alpha Fock-matrix...
 Number of integral batches:    1
 Occupied indices per batch:    5
 CPU time [min]:     0.123                   Wall time [min]:     0.006
 
 Gradient norm:      1.8351E-04
 DIIS is running in this iteration step.
 RMS of [F,P]:                                         0.00000305337601
 RMS of alpha difference density:                      0.00000462935535
 RMS of beta  difference density:                      0.00000231119559
 Gap [au]:  0.58666858
 ALPHA OCC:   5
 BETA  OCC:   3
 
 ***HARTREE-FOCK ENERGY IN STEP   7 IS         -74.8129833821811161 [AU]
 ======================================================================
 ITERATION STEP   8
 CPU time [min]:     0.128                   Wall time [min]:     0.006
 
 Constructing alpha Fock-matrix...
 Number of integral batches:    1
 Occupied indices per batch:    5
 CPU time [min]:     0.137                   Wall time [min]:     0.006
 
 Gradient norm:      4.9930E-05
 DIIS is running in this iteration step.
 RMS of [F,P]:                                         0.00000067867170
 RMS of alpha difference density:                      0.00000144373838
 RMS of beta  difference density:                      0.00000009309693
 Gap [au]:  0.58667319
 ALPHA OCC:   5
 BETA  OCC:   3
 
 ***HARTREE-FOCK ENERGY IN STEP   8 IS         -74.8129833914528319 [AU]
 ======================================================================
 ITERATION STEP   9
 CPU time [min]:     0.143                   Wall time [min]:     0.006
 
 Constructing alpha Fock-matrix...
 Number of integral batches:    1
 Occupied indices per batch:    5
 CPU time [min]:     0.152                   Wall time [min]:     0.007
 
 Gradient norm:      4.9797E-06
 DIIS is running in this iteration step.
 RMS of [F,P]:                                         0.00000007974844
 RMS of alpha difference density:                      0.00000011874036
 RMS of beta  difference density:                      0.00000009883989
 Gap [au]:  0.58667157
 ALPHA OCC:   5
 BETA  OCC:   3
 
 ***HARTREE-FOCK ENERGY IN STEP   9 IS         -74.8129833919527840 [AU]
 ======================================================================
 ITERATION STEP  10
 CPU time [min]:     0.157                   Wall time [min]:     0.007
 
 Constructing alpha Fock-matrix...
 Number of integral batches:    1
 Occupied indices per batch:    5
 CPU time [min]:     0.167                   Wall time [min]:     0.007
 
 Gradient norm:      5.1127E-07
 DIIS is running in this iteration step.
 RMS of [F,P]:                                         0.00000000949844
 RMS of alpha difference density:                      0.00000001201229
 RMS of beta  difference density:                      0.00000001053576
 Gap [au]:  0.58667154
 ALPHA OCC:   5
 BETA  OCC:   3
 
 ***HARTREE-FOCK ENERGY IN STEP  10 IS         -74.8129833919586673 [AU]
 ======================================================================
 
 SUCCESS...
 THE SCF ITERATION HAS CONVERGED!
 
                   A   
 FINAL ALPHA OCC:   5
 FINAL BETA  OCC:   3
 
 ***FINAL HARTREE-FOCK ENERGY:        -74.8129833919586673 [AU]
 
 Expectation value of S^2:  2.0092
 Average multiplicity:      3.0061
 
 Orbital energies [au]:
      Irrep         Alpha          Beta
    1   A        -20.710800     -20.632306
    2   A         -1.419560      -1.077293
    3   A         -0.710995      -0.521805
 
    4   A         -0.710995       0.064867
    5   A         -0.611817       0.064867
 
    6   A          0.153149       0.166975
    7   A          0.153149       0.169320
    8   A          0.155503       0.227039
    9   A          0.162730       0.227039
   10   A          0.622788       0.655919
   11   A          0.622788       0.655940
   12   A          0.640525       0.655940
   13   A          0.640525       0.657477
   14   A          0.646667       0.657477
   15   A          0.866831       0.939691
   16   A          0.866831       1.019766
   17   A          0.910716       1.019766
   18   A          1.261015       1.340204
   19   A          1.995011       2.033307
   20   A          1.995011       2.033307
   21   A          2.018423       2.043008
   22   A          2.018423       2.043008
   23   A          2.032780       2.048778
   24   A          2.032780       2.048778
   25   A          2.037628       2.050684
   26   A          2.040343       2.167091
   27   A          2.040343       2.172679
   28   A          2.088876       2.172679
   29   A          2.088876       2.192787
   30   A          2.106195       2.192787
   31   A          4.060743       4.182058
   32   A          4.060743       4.233229
   33   A          4.134690       4.233229
   34   A          6.332643       6.441495
   35   A          6.332643       6.441495
   36   A          6.379080       6.455823
   37   A          6.379080       6.455823
   38   A          6.407437       6.464343
   39   A          6.407437       6.464343
   40   A          6.416983       6.467169
   41   A          6.830173       7.007103
   42   A          6.830173       7.010013
   43   A          6.896475       7.010013
   44   A          6.896475       7.019546
   45   A          6.919024       7.019546
   46   A          8.263225       8.349001
 
 RETURNING FROM SCF ALGORITHM
 ======================================================================

 ************************ 2021-11-04 12:34:07 *************************
 Executing drpa...

 Three-index integral transformation
 
 Allocation of 170.0 Gbytes of memory...
 
 Alpha-alpha contribution
 Calculating (ai|P) and (ij|P) integrals...
 Number of integral batches:    1
 Occupied indices per batch:    4
 
 Transforming integrals of batch 1...
 CPU time [min]:     0.009                   Wall time [min]:     0.002
 
 Calculating (ab|P) integrals...
 Number of integral batches:    1
 Virtual indices per batch:    41
 
 Transforming integrals of batch 1...
 CPU time [min]:     0.015                   Wall time [min]:     0.002
 
 Beta-beta and alpha-beta contribution
 Calculating (ai|P) and (ij|P) integrals...
 Number of integral batches:    1
 Occupied indices per batch:    2
 
 Transforming integrals of batch 1...
 CPU time [min]:     0.021                   Wall time [min]:     0.002
 
 Calculating (ab|P) integrals...
 Number of integral batches:    1
 Virtual indices per batch:    43
 
 Transforming integrals of batch 1...
 CPU time [min]:     0.026                   Wall time [min]:     0.002

 ************************ 2021-11-04 12:34:07 *************************
 Executing uccsd...

 Allocation of 170.0 Gbytes of memory...
 
 UHF reference wavefunction.
 Canonical density-fitting CCSD(T) calculation.
 Number of correlated alpha electrons:        4
 Number of correlated beta electrons:         2
 Number of virtual alpha orbitals:           41
 Number of virtual beta orbitals:            43
 Number of auxiliary basis functions:       209
 Minimal memory requirement for CCSD:   6.34 MB
 Disk space requirement for CCSD:       9.27 MB
 Minimal memory requirement for (T):    3.95 MB
 Disk space requirement for (T):        8.63 MB
 
 Assembling four center integrals... Done!
 CPU time [min]:     0.021                   Wall time [min]:     0.002
 
 Reference energy [au]:             -74.812983391959
 T1 contributions [au]:              -0.000000000000
 MP2 correlation energy [au]:        -0.146312139148
 Total MP2 energy [au]:             -74.959295531107
 
 Starting CCSD iterations...
 
                     Residual norm     Correlation energy [au]
 -------------------------------------------------------------
 Iteration  1       0.029733550277        -0.158741149187
 Iteration  2       0.010404571482        -0.162262360233
 Iteration  3       0.003972285851        -0.162640992906
 Iteration  4       0.001770708733        -0.162596995606
 Iteration  5       0.000700947142        -0.162624121972
 Iteration  6       0.000204117362        -0.162631594807
 Iteration  7       0.000066008573        -0.162630760445
 Iteration  8       0.000019017448        -0.162630643092
 Iteration  9       0.000004884067        -0.162630500264
 
 CCSD iteration has converged in  9 steps.
 
 T1 contribution [au]:               -0.000000000000
 CCSD correlation energy [au]:       -0.162630500264
 Total CCSD energy [au]:            -74.975613892223
 
 Alpha T1 diagnostic:      1.125E-02      D1 diagnostic:      1.284E-02
 Beta  T1 diagnostic:      1.032E-02      D1 diagnostic:      1.114E-02
 CPU time [min]:     0.490                   Wall time [min]:     0.014
 
 Calculation of (T) correction...
   1% done.
  20% done.
  30% done.
  40% done.
  70% done.
 100% done.
 
 (T) correlation energy [au]:        -0.003429883365
 CCSD(T) correlation energy [au]:    -0.166060383629
 Total CCSD(T) energy [au]:         -74.979043775588
 CPU time [min]:     0.550                   Wall time [min]:     0.016
 
 ************************ 2021-11-04 12:34:08 *************************
                      Normal termination of mrcc.
 **********************************************************************
