 **********************************************************************
                          MRCC program system
 **********************************************************************
 
                              Written by
 Mihaly Kallay, Peter R. Nagy, David Mester, Zoltan Rolik, Gyula Samu,
   Jozsef Csontos, Jozsef Csoka, P. Bernat Szabo, Laszlo Gyevi-Nagy,
    Bence Hegely, Istvan Ladjanszki, Lorant Szegedy, Bence Ladoczki,
       Klara Petrov, Mate Farkas, Pal D. Mezei, and Adam Ganyecz
 
        Department of Physical Chemistry and Materials Science
            Budapest University of Technology and Economics
                  Budapest P.O.Box 91, H-1521 Hungary
 
                              www.mrcc.hu
 
                    Release date: February 22, 2020

 ************************ 2021-11-29 13:58:36 *************************
 Executing minp...

 Reading input from MINP...
 
 Input file:
 
calc=B2PLYP
verbosity=3
mem=170GB
symm=off
unit=angs
scfiguess=small
scfmaxit=1000


core=1
mult=3
basis=def2-QZVPP

basis_sm=def2-SVP

dfbasis_scf=def2-QZVPP-RI-JK

dfbasis_cor=def2-QZVPP-RI

unit=angs
geom=xyz
2

O     0.00000000000    0.00000000000    0.00000000000
O     0.00000000000    0.00000000000    1.20739000000

ghost=serialno
2
 
 
 Checking keyword combinations...
 
 Keywords:
 
 active=none
 agrid=ld0006-ld0590
 basis=def2-qzvpp
 basis_sm=def2-svp
 basopt=off
 bfbasis=none
 bfgsmem=10
 bfgstol=1.0d-3
 bpcompo=0.985
 bpcompv=0.98
 bpdfo=0.985
 bpocc=0.985
 bppdo=0.985
 bppdv=0.98
 bpedo=0.985
 bpedv=0.98
 calc=mp2
 ccmaxit=50
 ccprog=mrcc
 ccsdalg=disk
 ccsdmkl=seq
 ccsdrest=off
 ccsdthreads=2
 cctol=6
 charge=0
 cialg=disk
 ciguess=off
 cmpgrp=auto
 core=1
 corembed=off
 csapprox=off
 dboc=off
 dendec=cholesky
 dens=0
 dfalg=lineq
 dfbasis_cor=def2-qzvpp-ri
 dfbasis_scf=def2-qzvpp-ri-jk
 dfintran=drpa
 dft=b2plyp
 dhexc=adc(2)
 diag=david
 docc=
 domrad=10.d0
 drpaalg=fit
 dual=off
 ecp=auto
 edisp=off
 edisp_embed=off
 embed=off
 epert=none
 eps=0.975
 excrad=0.d0
 excrad_fin=0.000000000D+00
 fmm=off
 fmmord=8
 freq=off
 gauss=spher
 geom=xyz
 gopt=off
 ghost=serialno
 gtol=7
 grdens=off
 grtol=10
 hamilton=dc
 iface=none
 intalg=auto
 itol=10
 laptol=1.d-2
 lccoporder=trffirst
 lcorthr=normal
 lccrest=off
 lmp2dens=on
 lnoepso=0.d0
 lnoepsv=1e-6
 localcc=off
 localcorrsymm=off
 locintrf=disk
 mact=
 maxact=off
 maxdim=100
 maxex=0
 maxmicroit=100
 mcscfiguess=hf
 mem=170gb
 molden=on
 mpitasks=1
 mulmet=0
 mult=3
 nacto=0
 nactv=0
 naf_cor=off
 naf_scf=off
 nafalg=albe
 naftyp=
 nchol=auto
 ndeps=1e-3
 nstate=1
 nsing=0
 ntrip=0
 occ=
 oniom=off
 oniom_eechg=off
 oniom_pcm=off
 optalg=
 optmaxit=50
 optetol=1e-6
 optex=   0
 optgtol=1e-4
 optstol=1e-3
 orblocc=off
 orbloce=off
 orbloco=off
 orblocv=off
 orblocguess=cholesky
 osveps=1e-3
 ovirt=off
 ovltol=1e-7
 ovosnorb=80.0
 pcm=off
 popul=off
 pressure=100000
 pssp=off
 ptfreq=0.0
 ptthreads=2
 qscf=off
 qmmm=off
 redcost_exc=off
 redcost_tddft=off
 refdet=none
 rest=0
 rgrid=log3
 rohfcore=semicanonical
 rohftype=semicanonical
 scfalg=auto
 scfdamp=off
 scfdiis=on
 scfdiis_end=1000
 scfdiis_start=1
 scfdiis_step=1
 scfdtol=7
 scfext=10
 scfguessdens=
 scfiguess=small
 scflshift=off
 scfmaxit=1000
 scftype=uhf
 scftol=6
 scspe=1.d0
 scsph=1.d0
 scsps=1.2d0
 scspt=0.33333333333333
 scspv=1.d0
 spairtol=1e-4
 subminp=top
 symm=0
 talg=occ
 temp=298.15
 test=off
 theodore=off
 tlmo=0.999
 tpao=0.94
 tprint=off
 uncontract=off
 unit=angs
 usedisk=2
 verbosity=3
 wpairtol=0.100000000E-05
 
 Calculating integrals for small-basis SCF...

 ************************ 2021-11-29 13:58:37 *************************
 Executing integ...

 Allocation of 170.0 Gbytes of memory...
 
 
 Number of atoms:                  2
 Charge:                           0
 Number of electrons:              8
 Number of core electrons:         2
 Spin multiplicity:                3
 
                 Cartesian coordinates [bohr]      Atomic mass [AMU]  Z
   1  O     0.00000000    0.00000000    0.00000000    15.994915       8
   2  O     0.00000000    0.00000000    2.28163643     0.000000       0
 
 This molecule is linear.
 
 Point group: Cxv 
 Computational point group: C1  
 
 Cartesian coordinates in standard orientation [bohr]
   1  O     0.00000000    0.00000000   -0.20742149
   2  O     0.00000000    0.00000000    2.07421493
 
 Nuclear repulsion energy [au]:          0.000000000000
 
 
 Basis set information:
 
 Maximum angular momentum: g
 Maximum number of contracted Gaussians:   10
 Maximum number of primitive Gaussians:    14
 Spherical harmonic GTOs are used.
 
 
 Conventional basis set:
 
    1  O  def2-svp [ 7s 4p 1d | 3s 2p 1d ]
    2  O  def2-svp [ 7s 4p 1d | 3s 2p 1d ]
 
 Basis functions:
            1             2             3             4             5             6             7             8             9            10
    0    1O1s          1O2s          1O3s          1O1pz         1O1py         1O1px         1O2pz         1O2py         1O2px         1O1d-2    
    1    1O1d-1        1O1d0         1O1d+1        1O1d+2        2O1s          2O2s          2O3s          2O1pz         2O1py         2O1px     
    2    2O2pz         2O2py         2O2px         2O1d-2        2O1d-1        2O1d0         2O1d+1        2O1d+2    
 
 Maximum number of basis functions per shell:    6
 Total number of basis functions:     28
 
 
 Fitting basis set for the SCF calculation:
 
    1  O  def2-qzvpp-ri-jk [ 14s 10p 6d 2f 1g | 10s 8p 4d 2f 1g ]
    2  O  def2-qzvpp-ri-jk [ 14s 10p 6d 2f 1g | 10s 8p 4d 2f 1g ]
 
 Basis functions:
            1             2             3             4             5             6             7             8             9            10
    0    1O1s          1O2s          1O3s          1O4s          1O5s          1O6s          1O7s          1O8s          1O9s          1O10s     
    1    1O1pz         1O1py         1O1px         1O2pz         1O2py         1O2px         1O3pz         1O3py         1O3px         1O4pz     
    2    1O4py         1O4px         1O5pz         1O5py         1O5px         1O6pz         1O6py         1O6px         1O7pz         1O7py     
    3    1O7px         1O8pz         1O8py         1O8px         1O1d-2        1O1d-1        1O1d0         1O1d+1        1O1d+2        1O2d-2    
    4    1O2d-1        1O2d0         1O2d+1        1O2d+2        1O3d-2        1O3d-1        1O3d0         1O3d+1        1O3d+2        1O4d-2    
    5    1O4d-1        1O4d0         1O4d+1        1O4d+2        1O1f-3        1O1f-2        1O1f-1        1O1f0         1O1f+1        1O1f+2    
    6    1O1f+3        1O2f-3        1O2f-2        1O2f-1        1O2f0         1O2f+1        1O2f+2        1O2f+3        1O1g-4        1O1g-3    
    7    1O1g-2        1O1g-1        1O1g0         1O1g+1        1O1g+2        1O1g+3        1O1g+4        2O1s          2O2s          2O3s      
    8    2O4s          2O5s          2O6s          2O7s          2O8s          2O9s          2O10s         2O1pz         2O1py         2O1px     
    9    2O2pz         2O2py         2O2px         2O3pz         2O3py         2O3px         2O4pz         2O4py         2O4px         2O5pz     
   10    2O5py         2O5px         2O6pz         2O6py         2O6px         2O7pz         2O7py         2O7px         2O8pz         2O8py     
   11    2O8px         2O1d-2        2O1d-1        2O1d0         2O1d+1        2O1d+2        2O2d-2        2O2d-1        2O2d0         2O2d+1    
   12    2O2d+2        2O3d-2        2O3d-1        2O3d0         2O3d+1        2O3d+2        2O4d-2        2O4d-1        2O4d0         2O4d+1    
   13    2O4d+2        2O1f-3        2O1f-2        2O1f-1        2O1f0         2O1f+1        2O1f+2        2O1f+3        2O2f-3        2O2f-2    
   14    2O2f-1        2O2f0         2O2f+1        2O2f+2        2O2f+3        2O1g-4        2O1g-3        2O1g-2        2O1g-1        2O1g0     
   15    2O1g+1        2O1g+2        2O1g+3        2O1g+4    
 
 Maximum number of basis functions per shell:   24
 Total number of basis functions:    154
 
 
 Generating atomic densities for the SCF calculation...
 CPU time [min]:     0.126                   Wall time [min]:     0.019
 
 Character table for point group C1:
 
          E  
    A     1
 
 Number of basis functions per irrep:
    A      28
 
 
 Density functional: B2PLYP
 Constructing integration grid for DFT...
 Angular integration grid: adaptive 590-point Lebedev quadrature
 Radial integration grid: Log3 quadrature
 Total number of grid points: 21132       
 CPU time [min]:     0.459                   Wall time [min]:     0.028
 
 Calculation of overlap integrals...
 CPU time [min]:     0.461                   Wall time [min]:     0.028
 
 Calculation of the square root of the overlap matrix...
 Minimum eigenvalue of the overlap matrix: 0.150377E-01
 CPU time [min]:     0.468                   Wall time [min]:     0.028
 
 Calculation of kinetic energy integrals...
 CPU time [min]:     0.469                   Wall time [min]:     0.028
 Calculation of nuclear attraction integrals...
 CPU time [min]:     0.469                   Wall time [min]:     0.028
 
 Calculation of prescreening integrals...
 CPU time [min]:     0.474                   Wall time [min]:     0.029
 
 Calculation of two-center Coulomb integrals...
   5% done.
  20% done.
  32% done.
  52% done.
  72% done.
  89% done.
 100% done.
 CPU time [min]:     0.481                   Wall time [min]:     0.029
 
 Calculation of inverse square root of the two-center integral matrix...
 CPU time [min]:     0.517                   Wall time [min]:     0.030
 
 Calculation of three-center Coulomb integrals...
   1% done.
  26% done.
  38% done.
  68% done.
 100% done.
 CPU time [min]:     0.527                   Wall time [min]:     0.030
 
 Running small-basis SCF...

 ************************ 2021-11-29 13:58:39 *************************
 Executing scf...

 @scfsetup: integrals taken from disk
            mrcc/integ binary format
 @scfsetup: calculating on full matrices
            not using symmetry adapted basis
 @scfsetup: diis switched on
 @scfsetup: number of steps to extrapolate from  10
 @scfsetup: tolerance in energy deviation    0.100000E-05
            tolerance in density deviation    0.100000E-06
 @scfsetup: maximum number of iterations:1000
 @scfsetup: unrestricted hf calc
 @scfsetup: starting scf from superposition of atomic densities
 @scfsetup: occupation set:
            from initial orbitals
 @scfsetup: diis runs from iteration:   1
 @scfsetup: diis runs to iteration:1000
 @scfsetup: diis runs in every iteration
 Allocation of 170.0 Gbytes of memory...
 ======================================================================
 ITERATION STEP   1
 CPU time [min]:     0.007                   Wall time [min]:     0.002
 
 Constructing alpha Fock-matrix...
 Number of integral batches:    1
 Occupied indices per batch:    5
 CPU time [min]:     0.016                   Wall time [min]:     0.003
 
 Calculating the exchange-correlation matrix...
                   0.4700*B88 [au]:     -3.788929720260
                   0.7300*LYP [au]:     -0.186076026877
 Exchange-correlation energy  [au]:     -3.975005747136
 CPU time [min]:     0.142                   Wall time [min]:     0.007
 
 Coulomb energy + HF exchange [au]:     31.304982249011
 Gradient norm:      6.9273E-01
 RMS of alpha difference density:                      0.00294645266885
 RMS of beta  difference density:                      0.00135063365377
 Gap [au]:  0.35631240
 ALPHA OCC:   5
 BETA  OCC:   3
 
 ***KOHN-SHAM ENERGY IN STEP   1 IS            -74.8742310539537357 [AU]
 ======================================================================
 ITERATION STEP   2
 CPU time [min]:     0.145                   Wall time [min]:     0.007
 
 Constructing alpha Fock-matrix...
 Number of integral batches:    1
 Occupied indices per batch:    5
 CPU time [min]:     0.153                   Wall time [min]:     0.007
 
 Calculating the exchange-correlation matrix...
                   0.4700*B88 [au]:     -3.898779885645
                   0.7300*LYP [au]:     -0.189568279132
 Exchange-correlation energy  [au]:     -4.088348164777
 CPU time [min]:     0.270                   Wall time [min]:     0.011
 
 Coulomb energy + HF exchange [au]:     31.721429032846
 Gradient norm:      1.0409E-01
 DIIS is running in this iteration step.
 RMS of [F,P]:                                         0.01523097830909
 RMS of alpha difference density:                      0.00892450320469
 RMS of beta  difference density:                      0.00344237968370
 Gap [au]:  0.37310449
 ALPHA OCC:   5
 BETA  OCC:   3
 
 ***KOHN-SHAM ENERGY IN STEP   2 IS            -75.0175221403959540 [AU]
 ======================================================================
 ITERATION STEP   3
 CPU time [min]:     0.279                   Wall time [min]:     0.011
 
 Constructing alpha Fock-matrix...
 Number of integral batches:    1
 Occupied indices per batch:    5
 CPU time [min]:     0.293                   Wall time [min]:     0.012
 
 Calculating the exchange-correlation matrix...
                   0.4700*B88 [au]:     -3.916909468027
                   0.7300*LYP [au]:     -0.189958454915
 Exchange-correlation energy  [au]:     -4.106867922941
 CPU time [min]:     0.410                   Wall time [min]:     0.015
 
 Coulomb energy + HF exchange [au]:     33.068101713941
 Gradient norm:      3.1102E-01
 DIIS is running in this iteration step.
 RMS of [F,P]:                                         0.00894461264569
 RMS of alpha difference density:                      0.00401458171804
 RMS of beta  difference density:                      0.00348938368421
 Gap [au]:  0.35996630
 ALPHA OCC:   5
 BETA  OCC:   3
 
 ***KOHN-SHAM ENERGY IN STEP   3 IS            -74.8993863624821898 [AU]
 ======================================================================
 ITERATION STEP   4
 CPU time [min]:     0.413                   Wall time [min]:     0.015
 
 Constructing alpha Fock-matrix...
 Number of integral batches:    1
 Occupied indices per batch:    5
 CPU time [min]:     0.422                   Wall time [min]:     0.016
 
 Calculating the exchange-correlation matrix...
                   0.4700*B88 [au]:     -3.862142552258
                   0.7300*LYP [au]:     -0.188135432509
 Exchange-correlation energy  [au]:     -4.050277984767
 CPU time [min]:     0.554                   Wall time [min]:     0.020
 
 Coulomb energy + HF exchange [au]:     32.334706929472
 Gradient norm:      1.3746E-02
 DIIS is running in this iteration step.
 RMS of [F,P]:                                         0.00037181301213
 RMS of alpha difference density:                      0.00006433077845
 RMS of beta  difference density:                      0.00011024444245
 Gap [au]:  0.35707529
 ALPHA OCC:   5
 BETA  OCC:   3
 
 ***KOHN-SHAM ENERGY IN STEP   4 IS            -74.9132554485452999 [AU]
 ======================================================================
 ITERATION STEP   5
 CPU time [min]:     0.558                   Wall time [min]:     0.020
 
 Constructing alpha Fock-matrix...
 Number of integral batches:    1
 Occupied indices per batch:    5
 CPU time [min]:     0.568                   Wall time [min]:     0.020
 
 Calculating the exchange-correlation matrix...
                   0.4700*B88 [au]:     -3.861908707300
                   0.7300*LYP [au]:     -0.188111555598
 Exchange-correlation energy  [au]:     -4.050020262897
 CPU time [min]:     0.705                   Wall time [min]:     0.024
 
 Coulomb energy + HF exchange [au]:     32.329527398339
 Gradient norm:      5.4256E-03
 DIIS is running in this iteration step.
 RMS of [F,P]:                                         0.00009034270593
 RMS of alpha difference density:                      0.00001572257155
 RMS of beta  difference density:                      0.00007132743542
 Gap [au]:  0.35640970
 ALPHA OCC:   5
 BETA  OCC:   3
 
 ***KOHN-SHAM ENERGY IN STEP   5 IS            -74.9132669969527001 [AU]
 ======================================================================
 ITERATION STEP   6
 CPU time [min]:     0.710                   Wall time [min]:     0.024
 
 Constructing alpha Fock-matrix...
 Number of integral batches:    1
 Occupied indices per batch:    5
 CPU time [min]:     0.719                   Wall time [min]:     0.024
 
 Calculating the exchange-correlation matrix...
                   0.4700*B88 [au]:     -3.861397970012
                   0.7300*LYP [au]:     -0.188088388082
 Exchange-correlation energy  [au]:     -4.049486358094
 CPU time [min]:     0.868                   Wall time [min]:     0.028
 
 Coulomb energy + HF exchange [au]:     32.322224548303
 Gradient norm:      8.2831E-04
 DIIS is running in this iteration step.
 RMS of [F,P]:                                         0.00001866820249
 RMS of alpha difference density:                      0.00001444604534
 RMS of beta  difference density:                      0.00000798202547
 Gap [au]:  0.35632646
 ALPHA OCC:   5
 BETA  OCC:   3
 
 ***KOHN-SHAM ENERGY IN STEP   6 IS            -74.9132689730263053 [AU]
 ======================================================================
 ITERATION STEP   7
 CPU time [min]:     0.873                   Wall time [min]:     0.028
 
 Constructing alpha Fock-matrix...
 Number of integral batches:    1
 Occupied indices per batch:    5
 CPU time [min]:     0.883                   Wall time [min]:     0.028
 
 Calculating the exchange-correlation matrix...
                   0.4700*B88 [au]:     -3.861485755874
                   0.7300*LYP [au]:     -0.188089784375
 Exchange-correlation energy  [au]:     -4.049575540249
 CPU time [min]:     0.987                   Wall time [min]:     0.031
 
 Coulomb energy + HF exchange [au]:     32.323312083080
 Gradient norm:      1.1216E-04
 DIIS is running in this iteration step.
 RMS of [F,P]:                                         0.00000251851585
 RMS of alpha difference density:                      0.00000208485597
 RMS of beta  difference density:                      0.00000104985322
 Gap [au]:  0.35632045
 ALPHA OCC:   5
 BETA  OCC:   3
 
 ***KOHN-SHAM ENERGY IN STEP   7 IS            -74.9132690710090969 [AU]
 ======================================================================
 ITERATION STEP   8
 CPU time [min]:     0.992                   Wall time [min]:     0.031
 
 Constructing alpha Fock-matrix...
 Number of integral batches:    1
 Occupied indices per batch:    5
 CPU time [min]:     1.002                   Wall time [min]:     0.032
 
 Calculating the exchange-correlation matrix...
                   0.4700*B88 [au]:     -3.861496242019
                   0.7300*LYP [au]:     -0.188089942868
 Exchange-correlation energy  [au]:     -4.049586184887
 CPU time [min]:     1.080                   Wall time [min]:     0.033
 
 Coulomb energy + HF exchange [au]:     32.323442630873
 Gradient norm:      1.3326E-05
 DIIS is running in this iteration step.
 RMS of [F,P]:                                         0.00000038685061
 RMS of alpha difference density:                      0.00000022230746
 RMS of beta  difference density:                      0.00000028540262
 Gap [au]:  0.35632083
 ALPHA OCC:   5
 BETA  OCC:   3
 
 ***KOHN-SHAM ENERGY IN STEP   8 IS            -74.9132690725911345 [AU]
 ======================================================================
 ITERATION STEP   9
 CPU time [min]:     1.085                   Wall time [min]:     0.034
 
 Constructing alpha Fock-matrix...
 Number of integral batches:    1
 Occupied indices per batch:    5
 CPU time [min]:     1.095                   Wall time [min]:     0.034
 
 Calculating the exchange-correlation matrix...
                   0.4700*B88 [au]:     -3.861495024705
                   0.7300*LYP [au]:     -0.188089895180
 Exchange-correlation energy  [au]:     -4.049584919884
 CPU time [min]:     1.174                   Wall time [min]:     0.036
 
 Coulomb energy + HF exchange [au]:     32.323426134232
 Gradient norm:      2.9443E-06
 DIIS is running in this iteration step.
 RMS of [F,P]:                                         0.00000007621708
 RMS of alpha difference density:                      0.00000005937194
 RMS of beta  difference density:                      0.00000006292548
 Gap [au]:  0.35632067
 ALPHA OCC:   5
 BETA  OCC:   3
 
 ***KOHN-SHAM ENERGY IN STEP   9 IS            -74.9132690726398067 [AU]
 ======================================================================
 
 SUCCESS...
 THE SCF ITERATION HAS CONVERGED!
 
                   A   
 FINAL ALPHA OCC:   5
 FINAL BETA  OCC:   3
 
 ***FINAL KOHN-SHAM ENERGY:           -74.9132690726398067 [AU]
 
 Expectation value of S^2:  2.0033
 Average multiplicity:      3.0022
 
 Orbital energies [au]:
      Irrep         Alpha          Beta
    1   A        -19.865962     -19.803714
    2   A         -1.150865      -0.924516
    3   A         -0.552769      -0.404580
 
    4   A         -0.552641      -0.048259
    5   A         -0.468498      -0.045100
 
    6   A          0.366091       0.398032
    7   A          0.616725       0.639404
    8   A          0.628414       0.649765
    9   A          0.789629       0.849178
   10   A          0.984952       1.064641
   11   A          1.016661       1.096593
   12   A          1.034238       1.120990
   13   A          1.133288       1.227574
   14   A          1.912322       1.937901
   15   A          2.586432       2.735005
   16   A          2.639246       2.757634
   17   A          2.649418       2.760799
   18   A          2.651141       2.763977
   19   A          3.006397       3.136243
   20   A          4.069660       4.082712
   21   A          4.069868       4.083652
   22   A          4.490310       4.534214
   23   A          4.507536       4.536226
   24   A          4.891150       4.907374
   25   A          5.178265       5.194420
   26   A          5.182405       5.194518
   27   A          5.931945       5.987864
   28   A         34.103082      34.122436
 
 RETURNING FROM SCF ALGORITHM
 ======================================================================

 ************************ 2021-11-29 13:58:41 *************************
 Executing integ...

 Allocation of 170.0 Gbytes of memory...
 
 
 Number of atoms:                  2
 Charge:                           0
 Number of electrons:              8
 Number of core electrons:         2
 Spin multiplicity:                3
 
                 Cartesian coordinates [bohr]      Atomic mass [AMU]  Z
   1  O     0.00000000    0.00000000    0.00000000    15.994915       8
   2  O     0.00000000    0.00000000    2.28163643     0.000000       0
 
 This molecule is linear.
 
 Point group: Cxv 
 Computational point group: C1  
 
 Cartesian coordinates in standard orientation [bohr]
   1  O     0.00000000    0.00000000   -0.20742149
   2  O     0.00000000    0.00000000    2.07421493
 
 Nuclear repulsion energy [au]:          0.000000000000
 
 
 Basis set information:
 
 Maximum angular momentum: h
 Maximum number of contracted Gaussians:   10
 Maximum number of primitive Gaussians:    15
 Spherical harmonic GTOs are used.
 
 
 Conventional basis set:
 
    1  O  def2-qzvpp [ 15s 8p 3d 2f 1g | 7s 4p 3d 2f 1g ]
    2  O  def2-qzvpp [ 15s 8p 3d 2f 1g | 7s 4p 3d 2f 1g ]
 
 Basis functions:
            1             2             3             4             5             6             7             8             9            10
    0    1O1s          1O2s          1O3s          1O4s          1O5s          1O6s          1O7s          1O1pz         1O1py         1O1px     
    1    1O2pz         1O2py         1O2px         1O3pz         1O3py         1O3px         1O4pz         1O4py         1O4px         1O1d-2    
    2    1O1d-1        1O1d0         1O1d+1        1O1d+2        1O2d-2        1O2d-1        1O2d0         1O2d+1        1O2d+2        1O3d-2    
    3    1O3d-1        1O3d0         1O3d+1        1O3d+2        1O1f-3        1O1f-2        1O1f-1        1O1f0         1O1f+1        1O1f+2    
    4    1O1f+3        1O2f-3        1O2f-2        1O2f-1        1O2f0         1O2f+1        1O2f+2        1O2f+3        1O1g-4        1O1g-3    
    5    1O1g-2        1O1g-1        1O1g0         1O1g+1        1O1g+2        1O1g+3        1O1g+4        2O1s          2O2s          2O3s      
    6    2O4s          2O5s          2O6s          2O7s          2O1pz         2O1py         2O1px         2O2pz         2O2py         2O2px     
    7    2O3pz         2O3py         2O3px         2O4pz         2O4py         2O4px         2O1d-2        2O1d-1        2O1d0         2O1d+1    
    8    2O1d+2        2O2d-2        2O2d-1        2O2d0         2O2d+1        2O2d+2        2O3d-2        2O3d-1        2O3d0         2O3d+1    
    9    2O3d+2        2O1f-3        2O1f-2        2O1f-1        2O1f0         2O1f+1        2O1f+2        2O1f+3        2O2f-3        2O2f-2    
   10    2O2f-1        2O2f0         2O2f+1        2O2f+2        2O2f+3        2O1g-4        2O1g-3        2O1g-2        2O1g-1        2O1g0     
   11    2O1g+1        2O1g+2        2O1g+3        2O1g+4    
 
 Maximum number of basis functions per shell:   15
 Total number of basis functions:    114
 
 
 Fitting basis set for the SCF calculation:
 
    1  O  def2-qzvpp-ri-jk [ 14s 10p 6d 2f 1g | 10s 8p 4d 2f 1g ]
    2  O  def2-qzvpp-ri-jk [ 14s 10p 6d 2f 1g | 10s 8p 4d 2f 1g ]
 
 Basis functions:
            1             2             3             4             5             6             7             8             9            10
    0    1O1s          1O2s          1O3s          1O4s          1O5s          1O6s          1O7s          1O8s          1O9s          1O10s     
    1    1O1pz         1O1py         1O1px         1O2pz         1O2py         1O2px         1O3pz         1O3py         1O3px         1O4pz     
    2    1O4py         1O4px         1O5pz         1O5py         1O5px         1O6pz         1O6py         1O6px         1O7pz         1O7py     
    3    1O7px         1O8pz         1O8py         1O8px         1O1d-2        1O1d-1        1O1d0         1O1d+1        1O1d+2        1O2d-2    
    4    1O2d-1        1O2d0         1O2d+1        1O2d+2        1O3d-2        1O3d-1        1O3d0         1O3d+1        1O3d+2        1O4d-2    
    5    1O4d-1        1O4d0         1O4d+1        1O4d+2        1O1f-3        1O1f-2        1O1f-1        1O1f0         1O1f+1        1O1f+2    
    6    1O1f+3        1O2f-3        1O2f-2        1O2f-1        1O2f0         1O2f+1        1O2f+2        1O2f+3        1O1g-4        1O1g-3    
    7    1O1g-2        1O1g-1        1O1g0         1O1g+1        1O1g+2        1O1g+3        1O1g+4        2O1s          2O2s          2O3s      
    8    2O4s          2O5s          2O6s          2O7s          2O8s          2O9s          2O10s         2O1pz         2O1py         2O1px     
    9    2O2pz         2O2py         2O2px         2O3pz         2O3py         2O3px         2O4pz         2O4py         2O4px         2O5pz     
   10    2O5py         2O5px         2O6pz         2O6py         2O6px         2O7pz         2O7py         2O7px         2O8pz         2O8py     
   11    2O8px         2O1d-2        2O1d-1        2O1d0         2O1d+1        2O1d+2        2O2d-2        2O2d-1        2O2d0         2O2d+1    
   12    2O2d+2        2O3d-2        2O3d-1        2O3d0         2O3d+1        2O3d+2        2O4d-2        2O4d-1        2O4d0         2O4d+1    
   13    2O4d+2        2O1f-3        2O1f-2        2O1f-1        2O1f0         2O1f+1        2O1f+2        2O1f+3        2O2f-3        2O2f-2    
   14    2O2f-1        2O2f0         2O2f+1        2O2f+2        2O2f+3        2O1g-4        2O1g-3        2O1g-2        2O1g-1        2O1g0     
   15    2O1g+1        2O1g+2        2O1g+3        2O1g+4    
 
 Maximum number of basis functions per shell:   24
 Total number of basis functions:    154
 
 
 Fitting basis set for the correlation calculation:
 
    1  O  def2-qzvpp-ri [ 9s 8p 7d 5f 3g 1h | 9s 8p 7d 5f 3g 1h ]
    2  O  def2-qzvpp-ri [ 9s 8p 7d 5f 3g 1h | 9s 8p 7d 5f 3g 1h ]
 
 Basis functions:
            1             2             3             4             5             6             7             8             9            10
    0    1O1s          1O2s          1O3s          1O4s          1O5s          1O6s          1O7s          1O8s          1O9s          1O1pz     
    1    1O1py         1O1px         1O2pz         1O2py         1O2px         1O3pz         1O3py         1O3px         1O4pz         1O4py     
    2    1O4px         1O5pz         1O5py         1O5px         1O6pz         1O6py         1O6px         1O7pz         1O7py         1O7px     
    3    1O8pz         1O8py         1O8px         1O1d-2        1O1d-1        1O1d0         1O1d+1        1O1d+2        1O2d-2        1O2d-1    
    4    1O2d0         1O2d+1        1O2d+2        1O3d-2        1O3d-1        1O3d0         1O3d+1        1O3d+2        1O4d-2        1O4d-1    
    5    1O4d0         1O4d+1        1O4d+2        1O5d-2        1O5d-1        1O5d0         1O5d+1        1O5d+2        1O6d-2        1O6d-1    
    6    1O6d0         1O6d+1        1O6d+2        1O7d-2        1O7d-1        1O7d0         1O7d+1        1O7d+2        1O1f-3        1O1f-2    
    7    1O1f-1        1O1f0         1O1f+1        1O1f+2        1O1f+3        1O2f-3        1O2f-2        1O2f-1        1O2f0         1O2f+1    
    8    1O2f+2        1O2f+3        1O3f-3        1O3f-2        1O3f-1        1O3f0         1O3f+1        1O3f+2        1O3f+3        1O4f-3    
    9    1O4f-2        1O4f-1        1O4f0         1O4f+1        1O4f+2        1O4f+3        1O5f-3        1O5f-2        1O5f-1        1O5f0     
   10    1O5f+1        1O5f+2        1O5f+3        1O1g-4        1O1g-3        1O1g-2        1O1g-1        1O1g0         1O1g+1        1O1g+2    
   11    1O1g+3        1O1g+4        1O2g-4        1O2g-3        1O2g-2        1O2g-1        1O2g0         1O2g+1        1O2g+2        1O2g+3    
   12    1O2g+4        1O3g-4        1O3g-3        1O3g-2        1O3g-1        1O3g0         1O3g+1        1O3g+2        1O3g+3        1O3g+4    
   13    1O1h-5        1O1h-4        1O1h-3        1O1h-2        1O1h-1        1O1h0         1O1h+1        1O1h+2        1O1h+3        1O1h+4    
   14    1O1h+5        2O1s          2O2s          2O3s          2O4s          2O5s          2O6s          2O7s          2O8s          2O9s      
   15    2O1pz         2O1py         2O1px         2O2pz         2O2py         2O2px         2O3pz         2O3py         2O3px         2O4pz     
   16    2O4py         2O4px         2O5pz         2O5py         2O5px         2O6pz         2O6py         2O6px         2O7pz         2O7py     
   17    2O7px         2O8pz         2O8py         2O8px         2O1d-2        2O1d-1        2O1d0         2O1d+1        2O1d+2        2O2d-2    
   18    2O2d-1        2O2d0         2O2d+1        2O2d+2        2O3d-2        2O3d-1        2O3d0         2O3d+1        2O3d+2        2O4d-2    
   19    2O4d-1        2O4d0         2O4d+1        2O4d+2        2O5d-2        2O5d-1        2O5d0         2O5d+1        2O5d+2        2O6d-2    
   20    2O6d-1        2O6d0         2O6d+1        2O6d+2        2O7d-2        2O7d-1        2O7d0         2O7d+1        2O7d+2        2O1f-3    
   21    2O1f-2        2O1f-1        2O1f0         2O1f+1        2O1f+2        2O1f+3        2O2f-3        2O2f-2        2O2f-1        2O2f0     
   22    2O2f+1        2O2f+2        2O2f+3        2O3f-3        2O3f-2        2O3f-1        2O3f0         2O3f+1        2O3f+2        2O3f+3    
   23    2O4f-3        2O4f-2        2O4f-1        2O4f0         2O4f+1        2O4f+2        2O4f+3        2O5f-3        2O5f-2        2O5f-1    
   24    2O5f0         2O5f+1        2O5f+2        2O5f+3        2O1g-4        2O1g-3        2O1g-2        2O1g-1        2O1g0         2O1g+1    
   25    2O1g+2        2O1g+3        2O1g+4        2O2g-4        2O2g-3        2O2g-2        2O2g-1        2O2g0         2O2g+1        2O2g+2    
   26    2O2g+3        2O2g+4        2O3g-4        2O3g-3        2O3g-2        2O3g-1        2O3g0         2O3g+1        2O3g+2        2O3g+3    
   27    2O3g+4        2O1h-5        2O1h-4        2O1h-3        2O1h-2        2O1h-1        2O1h0         2O1h+1        2O1h+2        2O1h+3    
   28    2O1h+4        2O1h+5    
 
 Maximum number of basis functions per shell:   35
 Total number of basis functions:    282
 
 
 Old basis set for SCF restart
 
    1  O  def2-svp [ 7s 4p 1d | 3s 2p 1d ]
    2  O  def2-svp [ 7s 4p 1d | 3s 2p 1d ]
 
 Basis functions:
            1             2             3             4             5             6             7             8             9            10
    0    1O1s          1O2s          1O3s          1O1pz         1O1py         1O1px         1O2pz         1O2py         1O2px         1O1d-2    
    1    1O1d-1        1O1d0         1O1d+1        1O1d+2        2O1s          2O2s          2O3s          2O1pz         2O1py         2O1px     
    2    2O2pz         2O2py         2O2px         2O1d-2        2O1d-1        2O1d0         2O1d+1        2O1d+2    
 
 Maximum number of basis functions per shell:   35
 Total number of basis functions:     28
 
 
 Generating atomic densities for the SCF calculation...
 CPU time [min]:     0.101                   Wall time [min]:     0.020
 
 Character table for point group C1:
 
          E  
    A     1
 
 Number of basis functions per irrep:
    A     114
 
 
 Density functional: B2PLYP
 Constructing integration grid for DFT...
 Angular integration grid: adaptive 590-point Lebedev quadrature
 Radial integration grid: Log3 quadrature
 Total number of grid points: 26868       
 CPU time [min]:     1.155                   Wall time [min]:     0.051
 
 Calculation of overlap integrals...
 CPU time [min]:     1.158                   Wall time [min]:     0.051
 
 Calculation of the square root of the overlap matrix...
 Minimum eigenvalue of the overlap matrix: 0.549185E-03
 CPU time [min]:     1.170                   Wall time [min]:     0.051
 
 Calculation of kinetic energy integrals...
 CPU time [min]:     1.171                   Wall time [min]:     0.051
 Calculation of nuclear attraction integrals...
 CPU time [min]:     1.171                   Wall time [min]:     0.051
 Calculation of overlap integrals...
 CPU time [min]:     1.172                   Wall time [min]:     0.051
 
 Calculation of prescreening integrals...
 CPU time [min]:     1.271                   Wall time [min]:     0.054
 
 Calculation of two-center Coulomb integrals...
   5% done.
  20% done.
  32% done.
  52% done.
  72% done.
  89% done.
 100% done.
 CPU time [min]:     1.278                   Wall time [min]:     0.054
 
 Calculation of inverse square root of the two-center integral matrix...
 CPU time [min]:     1.287                   Wall time [min]:     0.054
 
 Calculation of three-center Coulomb integrals...
   3% done.
  18% done.
  32% done.
  45% done.
  64% done.
  85% done.
 100% done.
 CPU time [min]:     1.314                   Wall time [min]:     0.055

 ************************ 2021-11-29 13:58:44 *************************
 Executing scf...

 @scfsetup: integrals taken from disk
            mrcc/integ binary format
 @scfsetup: calculating on full matrices
            not using symmetry adapted basis
 @scfsetup: diis switched on
 @scfsetup: number of steps to extrapolate from  10
 @scfsetup: tolerance in energy deviation    0.100000E-05
            tolerance in density deviation    0.100000E-06
 @scfsetup: maximum number of iterations:1000
 @scfsetup: unrestricted hf calc
 @scfsetup: restarting scf from SCFDENSITIES file
 @scfsetup: occupation set:
            from initial orbitals
 @scfsetup: diis runs from iteration:   1
 @scfsetup: diis runs to iteration:1000
 @scfsetup: diis runs in every iteration
 Allocation of 170.0 Gbytes of memory...
 ======================================================================
 ITERATION STEP   1
 CPU time [min]:     0.022                   Wall time [min]:     0.003
 
 Constructing alpha Fock-matrix...
 Number of integral batches:    1
 Occupied indices per batch:    5
 CPU time [min]:     0.038                   Wall time [min]:     0.003
 
 Calculating the exchange-correlation matrix...
                   0.4700*B88 [au]:     -3.863479931129
                   0.7300*LYP [au]:     -0.188069505179
 Exchange-correlation energy  [au]:     -4.051549436308
 CPU time [min]:     0.255                   Wall time [min]:     0.009
 
 Coulomb energy + HF exchange [au]:     32.350886941771
 Gradient norm:      6.0369E+00
 RMS of alpha difference density:                      0.00071047678111
 RMS of beta  difference density:                      0.00049579139234
 Gap [au]:  0.34632697
 ALPHA OCC:   5
 BETA  OCC:   3
 
 ***KOHN-SHAM ENERGY IN STEP   1 IS            -74.9500138556132640 [AU]
 ======================================================================
 ITERATION STEP   2
 CPU time [min]:     0.269                   Wall time [min]:     0.009
 
 Constructing alpha Fock-matrix...
 Number of integral batches:    1
 Occupied indices per batch:    5
 CPU time [min]:     0.284                   Wall time [min]:     0.010
 
 Calculating the exchange-correlation matrix...
                   0.4700*B88 [au]:     -3.862315273637
                   0.7300*LYP [au]:     -0.187933915618
 Exchange-correlation energy  [au]:     -4.050249189255
 CPU time [min]:     0.436                   Wall time [min]:     0.013
 
 Coulomb energy + HF exchange [au]:     32.346759120099
 Gradient norm:      4.4489E-02
 DIIS is running in this iteration step.
 RMS of [F,P]:                                         0.01947313862794
 RMS of alpha difference density:                      0.00166292945486
 RMS of beta  difference density:                      0.00125464693368
 Gap [au]:  0.34455091
 ALPHA OCC:   5
 BETA  OCC:   3
 
 ***KOHN-SHAM ENERGY IN STEP   2 IS            -74.9778341899589975 [AU]
 ======================================================================
 ITERATION STEP   3
 CPU time [min]:     0.446                   Wall time [min]:     0.014
 
 Constructing alpha Fock-matrix...
 Number of integral batches:    1
 Occupied indices per batch:    5
 CPU time [min]:     0.461                   Wall time [min]:     0.014
 
 Calculating the exchange-correlation matrix...
                   0.4700*B88 [au]:     -3.861501575334
                   0.7300*LYP [au]:     -0.187847141031
 Exchange-correlation energy  [au]:     -4.049348716364
 CPU time [min]:     0.612                   Wall time [min]:     0.018
 
 Coulomb energy + HF exchange [au]:     32.302607369254
 Gradient norm:      1.0389E-02
 DIIS is running in this iteration step.
 RMS of [F,P]:                                         0.00013525928461
 RMS of alpha difference density:                      0.00004108133782
 RMS of beta  difference density:                      0.00003265805997
 Gap [au]:  0.34678864
 ALPHA OCC:   5
 BETA  OCC:   3
 
 ***KOHN-SHAM ENERGY IN STEP   3 IS            -75.0105947263993187 [AU]
 ======================================================================
 ITERATION STEP   4
 CPU time [min]:     0.622                   Wall time [min]:     0.018
 
 Constructing alpha Fock-matrix...
 Number of integral batches:    1
 Occupied indices per batch:    5
 CPU time [min]:     0.637                   Wall time [min]:     0.018
 
 Calculating the exchange-correlation matrix...
                   0.4700*B88 [au]:     -3.860030686208
                   0.7300*LYP [au]:     -0.187774806937
 Exchange-correlation energy  [au]:     -4.047805493146
 CPU time [min]:     0.789                   Wall time [min]:     0.022
 
 Coulomb energy + HF exchange [au]:     32.281498158069
 Gradient norm:      2.5898E-03
 DIIS is running in this iteration step.
 RMS of [F,P]:                                         0.00003072986630
 RMS of alpha difference density:                      0.00001092605355
 RMS of beta  difference density:                      0.00000691213392
 Gap [au]:  0.34674591
 ALPHA OCC:   5
 BETA  OCC:   3
 
 ***KOHN-SHAM ENERGY IN STEP   4 IS            -75.0106159401949526 [AU]
 ======================================================================
 ITERATION STEP   5
 CPU time [min]:     0.799                   Wall time [min]:     0.022
 
 Constructing alpha Fock-matrix...
 Number of integral batches:    1
 Occupied indices per batch:    5
 CPU time [min]:     0.815                   Wall time [min]:     0.023
 
 Calculating the exchange-correlation matrix...
                   0.4700*B88 [au]:     -3.860961878137
                   0.7300*LYP [au]:     -0.187802962721
 Exchange-correlation energy  [au]:     -4.048764840858
 CPU time [min]:     0.968                   Wall time [min]:     0.027
 
 Coulomb energy + HF exchange [au]:     32.293639575044
 Gradient norm:      1.3342E-03
 DIIS is running in this iteration step.
 RMS of [F,P]:                                         0.00001175004502
 RMS of alpha difference density:                      0.00000206517110
 RMS of beta  difference density:                      0.00000300228528
 Gap [au]:  0.34661825
 ALPHA OCC:   5
 BETA  OCC:   3
 
 ***KOHN-SHAM ENERGY IN STEP   5 IS            -75.0106176367565638 [AU]
 ======================================================================
 ITERATION STEP   6
 CPU time [min]:     0.979                   Wall time [min]:     0.027
 
 Constructing alpha Fock-matrix...
 Number of integral batches:    1
 Occupied indices per batch:    5
 CPU time [min]:     0.994                   Wall time [min]:     0.027
 
 Calculating the exchange-correlation matrix...
                   0.4700*B88 [au]:     -3.860703707201
                   0.7300*LYP [au]:     -0.187792987772
 Exchange-correlation energy  [au]:     -4.048496694973
 CPU time [min]:     1.146                   Wall time [min]:     0.031
 
 Coulomb energy + HF exchange [au]:     32.290109913889
 Gradient norm:      1.6879E-04
 DIIS is running in this iteration step.
 RMS of [F,P]:                                         0.00000145482268
 RMS of alpha difference density:                      0.00000067723835
 RMS of beta  difference density:                      0.00000068150761
 Gap [au]:  0.34658500
 ALPHA OCC:   5
 BETA  OCC:   3
 
 ***KOHN-SHAM ENERGY IN STEP   6 IS            -75.0106179366087389 [AU]
 ======================================================================
 ITERATION STEP   7
 CPU time [min]:     1.156                   Wall time [min]:     0.031
 
 Constructing alpha Fock-matrix...
 Number of integral batches:    1
 Occupied indices per batch:    5
 CPU time [min]:     1.171                   Wall time [min]:     0.032
 
 Calculating the exchange-correlation matrix...
                   0.4700*B88 [au]:     -3.860720694752
                   0.7300*LYP [au]:     -0.187792913744
 Exchange-correlation energy  [au]:     -4.048513608496
 CPU time [min]:     1.324                   Wall time [min]:     0.036
 
 Coulomb energy + HF exchange [au]:     32.290296994788
 Gradient norm:      5.3125E-05
 DIIS is running in this iteration step.
 RMS of [F,P]:                                         0.00000052960789
 RMS of alpha difference density:                      0.00000026504257
 RMS of beta  difference density:                      0.00000033672086
 Gap [au]:  0.34656763
 ALPHA OCC:   5
 BETA  OCC:   3
 
 ***KOHN-SHAM ENERGY IN STEP   7 IS            -75.0106179508687063 [AU]
 ======================================================================
 ITERATION STEP   8
 CPU time [min]:     1.335                   Wall time [min]:     0.036
 
 Constructing alpha Fock-matrix...
 Number of integral batches:    1
 Occupied indices per batch:    5
 CPU time [min]:     1.350                   Wall time [min]:     0.036
 
 Calculating the exchange-correlation matrix...
                   0.4700*B88 [au]:     -3.860721236618
                   0.7300*LYP [au]:     -0.187792677431
 Exchange-correlation energy  [au]:     -4.048513914049
 CPU time [min]:     1.498                   Wall time [min]:     0.040
 
 Coulomb energy + HF exchange [au]:     32.290288027229
 Gradient norm:      9.4634E-06
 DIIS is running in this iteration step.
 RMS of [F,P]:                                         0.00000005994855
 RMS of alpha difference density:                      0.00000002879774
 RMS of beta  difference density:                      0.00000003971963
 Gap [au]:  0.34656572
 ALPHA OCC:   5
 BETA  OCC:   3
 
 ***KOHN-SHAM ENERGY IN STEP   8 IS            -75.0106179526233632 [AU]
 ======================================================================
 
 SUCCESS...
 THE SCF ITERATION HAS CONVERGED!
 
                   A   
 FINAL ALPHA OCC:   5
 FINAL BETA  OCC:   3
 
 ***FINAL KOHN-SHAM ENERGY:           -75.0106179526233632 [AU]
 
 Expectation value of S^2:  2.0053
 Average multiplicity:      3.0035
 
 Orbital energies [au]:
      Irrep         Alpha          Beta
    1   A        -19.875494     -19.814044
    2   A         -1.183973      -0.955066
    3   A         -0.564125      -0.416482
 
    4   A         -0.564120      -0.069916
    5   A         -0.479862      -0.069300
 
    6   A          0.188217       0.212034
    7   A          0.247540       0.261470
    8   A          0.257164       0.279981
    9   A          0.260559       0.284272
   10   A          0.338471       0.351231
   11   A          0.347203       0.368650
   12   A          0.405123       0.440216
   13   A          0.645778       0.675355
   14   A          0.960327       0.992748
   15   A          0.975829       0.999416
   16   A          1.025790       1.046376
   17   A          1.025904       1.061970
   18   A          1.039773       1.063566
   19   A          1.197508       1.247232
   20   A          1.261440       1.314818
   21   A          1.286754       1.324356
   22   A          1.357152       1.439906
   23   A          1.429017       1.487211
   24   A          1.468109       1.491833
   25   A          1.482121       1.493712
   26   A          1.482316       1.516819
   27   A          1.870098       1.915328
   28   A          1.905182       1.925588
   29   A          1.920814       1.928335
   30   A          2.151801       2.176745
   31   A          2.959408       3.014261
   32   A          3.001632       3.036092
   33   A          3.014297       3.036621
   34   A          3.063606       3.118315
   35   A          3.113026       3.149076
   36   A          3.113293       3.149847
   37   A          3.152693       3.196204
   38   A          3.153677       3.198198
   39   A          3.563908       3.651550
   40   A          3.598793       3.660002
   41   A          3.706230       3.715505
   42   A          3.706368       3.716202
   43   A          3.815286       3.906602
   44   A          3.818036       3.912301
   45   A          3.999753       4.062043
   46   A          4.115211       4.213625
   47   A          4.157706       4.215707
   48   A          4.195972       4.264545
   49   A          4.346215       4.367164
   50   A          4.346319       4.368875
   51   A          4.501429       4.578037
   52   A          4.762810       4.826906
   53   A          4.805852       4.838578
   54   A          5.154295       5.173939
   55   A          5.165403       5.174859
   56   A          5.165515       5.195599
   57   A          5.179661       5.205774
   58   A          5.211501       5.287675
   59   A          5.332152       5.343420
   60   A          5.890123       5.952885
   61   A          5.920426       5.956086
   62   A          7.487225       7.559464
   63   A          8.770846       8.822922
   64   A          8.771310       8.825907
   65   A          8.845615       8.896948
   66   A          8.845821       8.898558
   67   A          8.982818       9.027245
   68   A          8.982926       9.028419
   69   A          9.306058       9.386301
   70   A          9.344154       9.392188
   71   A          9.426338       9.499311
   72   A         10.013391      10.020001
   73   A         10.013401      10.020151
   74   A         10.223963      10.242848
   75   A         10.224043      10.243482
   76   A         10.873953      10.924098
   77   A         11.072416      11.145993
   78   A         11.074704      11.150031
   79   A         11.103996      11.172751
   80   A         11.104431      11.178115
   81   A         11.104540      11.197229
   82   A         11.142479      11.197831
   83   A         11.408505      11.457880
   84   A         11.428375      11.488780
   85   A         11.431132      11.493888
   86   A         11.789809      11.873343
   87   A         11.862272      11.986884
   88   A         11.915961      11.993876
   89   A         12.143276      12.221743
   90   A         12.144479      12.228883
   91   A         12.562701      12.623558
   92   A         12.586514      12.627190
   93   A         12.621888      12.716678
   94   A         13.413810      13.422882
   95   A         13.413837      13.423101
   96   A         13.604583      13.616669
   97   A         13.604682      13.617264
   98   A         13.735536      13.811204
   99   A         13.911832      13.952789
  100   A         13.930244      13.955741
  101   A         14.109429      14.138835
  102   A         14.118114      14.140078
  103   A         14.648202      14.660056
  104   A         15.790893      15.836563
  105   A         16.766136      16.778005
  106   A         16.766209      16.778409
  107   A         17.583344      17.608693
  108   A         17.590932      17.609470
  109   A         19.855414      19.896185
  110   A         30.925798      30.940651
  111   A         47.943986      47.996102
  112   A         89.643187      89.658668
  113   A        253.774754     253.788332
  114   A        409.965765     409.972600
 
 RETURNING FROM SCF ALGORITHM
 ======================================================================

 ************************ 2021-11-29 13:58:47 *************************
 Executing integ...

 Allocation of 170.0 Gbytes of memory...
 
 
 Basis set information:
 
 Maximum angular momentum: h
 Maximum number of contracted Gaussians:   10
 Maximum number of primitive Gaussians:    15
 Spherical harmonic GTOs are used.
 
 
 Conventional basis set:
 
    1  O  def2-qzvpp [ 15s 8p 3d 2f 1g | 7s 4p 3d 2f 1g ]
    2  O  def2-qzvpp [ 15s 8p 3d 2f 1g | 7s 4p 3d 2f 1g ]
 
 Basis functions:
            1             2             3             4             5             6             7             8             9            10
    0    1O1s          1O2s          1O3s          1O4s          1O5s          1O6s          1O7s          1O1pz         1O1py         1O1px     
    1    1O2pz         1O2py         1O2px         1O3pz         1O3py         1O3px         1O4pz         1O4py         1O4px         1O1d-2    
    2    1O1d-1        1O1d0         1O1d+1        1O1d+2        1O2d-2        1O2d-1        1O2d0         1O2d+1        1O2d+2        1O3d-2    
    3    1O3d-1        1O3d0         1O3d+1        1O3d+2        1O1f-3        1O1f-2        1O1f-1        1O1f0         1O1f+1        1O1f+2    
    4    1O1f+3        1O2f-3        1O2f-2        1O2f-1        1O2f0         1O2f+1        1O2f+2        1O2f+3        1O1g-4        1O1g-3    
    5    1O1g-2        1O1g-1        1O1g0         1O1g+1        1O1g+2        1O1g+3        1O1g+4        2O1s          2O2s          2O3s      
    6    2O4s          2O5s          2O6s          2O7s          2O1pz         2O1py         2O1px         2O2pz         2O2py         2O2px     
    7    2O3pz         2O3py         2O3px         2O4pz         2O4py         2O4px         2O1d-2        2O1d-1        2O1d0         2O1d+1    
    8    2O1d+2        2O2d-2        2O2d-1        2O2d0         2O2d+1        2O2d+2        2O3d-2        2O3d-1        2O3d0         2O3d+1    
    9    2O3d+2        2O1f-3        2O1f-2        2O1f-1        2O1f0         2O1f+1        2O1f+2        2O1f+3        2O2f-3        2O2f-2    
   10    2O2f-1        2O2f0         2O2f+1        2O2f+2        2O2f+3        2O1g-4        2O1g-3        2O1g-2        2O1g-1        2O1g0     
   11    2O1g+1        2O1g+2        2O1g+3        2O1g+4    
 
 Maximum number of basis functions per shell:   15
 Total number of basis functions:    114
 
 
 Fitting basis set for the SCF calculation:
 
    1  O  def2-qzvpp-ri-jk [ 14s 10p 6d 2f 1g | 10s 8p 4d 2f 1g ]
    2  O  def2-qzvpp-ri-jk [ 14s 10p 6d 2f 1g | 10s 8p 4d 2f 1g ]
 
 Basis functions:
            1             2             3             4             5             6             7             8             9            10
    0    1O1s          1O2s          1O3s          1O4s          1O5s          1O6s          1O7s          1O8s          1O9s          1O10s     
    1    1O1pz         1O1py         1O1px         1O2pz         1O2py         1O2px         1O3pz         1O3py         1O3px         1O4pz     
    2    1O4py         1O4px         1O5pz         1O5py         1O5px         1O6pz         1O6py         1O6px         1O7pz         1O7py     
    3    1O7px         1O8pz         1O8py         1O8px         1O1d-2        1O1d-1        1O1d0         1O1d+1        1O1d+2        1O2d-2    
    4    1O2d-1        1O2d0         1O2d+1        1O2d+2        1O3d-2        1O3d-1        1O3d0         1O3d+1        1O3d+2        1O4d-2    
    5    1O4d-1        1O4d0         1O4d+1        1O4d+2        1O1f-3        1O1f-2        1O1f-1        1O1f0         1O1f+1        1O1f+2    
    6    1O1f+3        1O2f-3        1O2f-2        1O2f-1        1O2f0         1O2f+1        1O2f+2        1O2f+3        1O1g-4        1O1g-3    
    7    1O1g-2        1O1g-1        1O1g0         1O1g+1        1O1g+2        1O1g+3        1O1g+4        2O1s          2O2s          2O3s      
    8    2O4s          2O5s          2O6s          2O7s          2O8s          2O9s          2O10s         2O1pz         2O1py         2O1px     
    9    2O2pz         2O2py         2O2px         2O3pz         2O3py         2O3px         2O4pz         2O4py         2O4px         2O5pz     
   10    2O5py         2O5px         2O6pz         2O6py         2O6px         2O7pz         2O7py         2O7px         2O8pz         2O8py     
   11    2O8px         2O1d-2        2O1d-1        2O1d0         2O1d+1        2O1d+2        2O2d-2        2O2d-1        2O2d0         2O2d+1    
   12    2O2d+2        2O3d-2        2O3d-1        2O3d0         2O3d+1        2O3d+2        2O4d-2        2O4d-1        2O4d0         2O4d+1    
   13    2O4d+2        2O1f-3        2O1f-2        2O1f-1        2O1f0         2O1f+1        2O1f+2        2O1f+3        2O2f-3        2O2f-2    
   14    2O2f-1        2O2f0         2O2f+1        2O2f+2        2O2f+3        2O1g-4        2O1g-3        2O1g-2        2O1g-1        2O1g0     
   15    2O1g+1        2O1g+2        2O1g+3        2O1g+4    
 
 Maximum number of basis functions per shell:   24
 Total number of basis functions:    154
 
 
 Fitting basis set for the correlation calculation:
 
    1  O  def2-qzvpp-ri [ 9s 8p 7d 5f 3g 1h | 9s 8p 7d 5f 3g 1h ]
    2  O  def2-qzvpp-ri [ 9s 8p 7d 5f 3g 1h | 9s 8p 7d 5f 3g 1h ]
 
 Basis functions:
            1             2             3             4             5             6             7             8             9            10
    0    1O1s          1O2s          1O3s          1O4s          1O5s          1O6s          1O7s          1O8s          1O9s          1O1pz     
    1    1O1py         1O1px         1O2pz         1O2py         1O2px         1O3pz         1O3py         1O3px         1O4pz         1O4py     
    2    1O4px         1O5pz         1O5py         1O5px         1O6pz         1O6py         1O6px         1O7pz         1O7py         1O7px     
    3    1O8pz         1O8py         1O8px         1O1d-2        1O1d-1        1O1d0         1O1d+1        1O1d+2        1O2d-2        1O2d-1    
    4    1O2d0         1O2d+1        1O2d+2        1O3d-2        1O3d-1        1O3d0         1O3d+1        1O3d+2        1O4d-2        1O4d-1    
    5    1O4d0         1O4d+1        1O4d+2        1O5d-2        1O5d-1        1O5d0         1O5d+1        1O5d+2        1O6d-2        1O6d-1    
    6    1O6d0         1O6d+1        1O6d+2        1O7d-2        1O7d-1        1O7d0         1O7d+1        1O7d+2        1O1f-3        1O1f-2    
    7    1O1f-1        1O1f0         1O1f+1        1O1f+2        1O1f+3        1O2f-3        1O2f-2        1O2f-1        1O2f0         1O2f+1    
    8    1O2f+2        1O2f+3        1O3f-3        1O3f-2        1O3f-1        1O3f0         1O3f+1        1O3f+2        1O3f+3        1O4f-3    
    9    1O4f-2        1O4f-1        1O4f0         1O4f+1        1O4f+2        1O4f+3        1O5f-3        1O5f-2        1O5f-1        1O5f0     
   10    1O5f+1        1O5f+2        1O5f+3        1O1g-4        1O1g-3        1O1g-2        1O1g-1        1O1g0         1O1g+1        1O1g+2    
   11    1O1g+3        1O1g+4        1O2g-4        1O2g-3        1O2g-2        1O2g-1        1O2g0         1O2g+1        1O2g+2        1O2g+3    
   12    1O2g+4        1O3g-4        1O3g-3        1O3g-2        1O3g-1        1O3g0         1O3g+1        1O3g+2        1O3g+3        1O3g+4    
   13    1O1h-5        1O1h-4        1O1h-3        1O1h-2        1O1h-1        1O1h0         1O1h+1        1O1h+2        1O1h+3        1O1h+4    
   14    1O1h+5        2O1s          2O2s          2O3s          2O4s          2O5s          2O6s          2O7s          2O8s          2O9s      
   15    2O1pz         2O1py         2O1px         2O2pz         2O2py         2O2px         2O3pz         2O3py         2O3px         2O4pz     
   16    2O4py         2O4px         2O5pz         2O5py         2O5px         2O6pz         2O6py         2O6px         2O7pz         2O7py     
   17    2O7px         2O8pz         2O8py         2O8px         2O1d-2        2O1d-1        2O1d0         2O1d+1        2O1d+2        2O2d-2    
   18    2O2d-1        2O2d0         2O2d+1        2O2d+2        2O3d-2        2O3d-1        2O3d0         2O3d+1        2O3d+2        2O4d-2    
   19    2O4d-1        2O4d0         2O4d+1        2O4d+2        2O5d-2        2O5d-1        2O5d0         2O5d+1        2O5d+2        2O6d-2    
   20    2O6d-1        2O6d0         2O6d+1        2O6d+2        2O7d-2        2O7d-1        2O7d0         2O7d+1        2O7d+2        2O1f-3    
   21    2O1f-2        2O1f-1        2O1f0         2O1f+1        2O1f+2        2O1f+3        2O2f-3        2O2f-2        2O2f-1        2O2f0     
   22    2O2f+1        2O2f+2        2O2f+3        2O3f-3        2O3f-2        2O3f-1        2O3f0         2O3f+1        2O3f+2        2O3f+3    
   23    2O4f-3        2O4f-2        2O4f-1        2O4f0         2O4f+1        2O4f+2        2O4f+3        2O5f-3        2O5f-2        2O5f-1    
   24    2O5f0         2O5f+1        2O5f+2        2O5f+3        2O1g-4        2O1g-3        2O1g-2        2O1g-1        2O1g0         2O1g+1    
   25    2O1g+2        2O1g+3        2O1g+4        2O2g-4        2O2g-3        2O2g-2        2O2g-1        2O2g0         2O2g+1        2O2g+2    
   26    2O2g+3        2O2g+4        2O3g-4        2O3g-3        2O3g-2        2O3g-1        2O3g0         2O3g+1        2O3g+2        2O3g+3    
   27    2O3g+4        2O1h-5        2O1h-4        2O1h-3        2O1h-2        2O1h-1        2O1h0         2O1h+1        2O1h+2        2O1h+3    
   28    2O1h+4        2O1h+5    
 
 Maximum number of basis functions per shell:   35
 Total number of basis functions:    282
 
 
 Old basis set for SCF restart
 
    1  O  def2-svp [ 7s 4p 1d | 3s 2p 1d ]
    2  O  def2-svp [ 7s 4p 1d | 3s 2p 1d ]
 
 Basis functions:
            1             2             3             4             5             6             7             8             9            10
    0    1O1s          1O2s          1O3s          1O1pz         1O1py         1O1px         1O2pz         1O2py         1O2px         1O1d-2    
    1    1O1d-1        1O1d0         1O1d+1        1O1d+2        2O1s          2O2s          2O3s          2O1pz         2O1py         2O1px     
    2    2O2pz         2O2py         2O2px         2O1d-2        2O1d-1        2O1d0         2O1d+1        2O1d+2    
 
 Maximum number of basis functions per shell:   35
 Total number of basis functions:     28
 
 
 Calculation of prescreening integrals...
 CPU time [min]:     0.055                   Wall time [min]:     0.006
 
 Calculation of two-center Coulomb integrals...
   1% done.
  13% done.
  25% done.
  38% done.
  55% done.
  75% done.
  92% done.
 100% done.
 CPU time [min]:     0.059                   Wall time [min]:     0.006
 
 Cholesky decomposition of the inverse of the two-center matrix...
 CPU time [min]:     0.067                   Wall time [min]:     0.006
 
 Calculation of three-center Coulomb integrals...
   3% done.
  18% done.
  32% done.
  45% done.
  64% done.
  85% done.
 100% done.
 CPU time [min]:     0.094                   Wall time [min]:     0.007

 ************************ 2021-11-29 13:58:47 *************************
 Executing drpa...

 Three-index integral transformation and DF-MP2 calculation
 
 Allocation of 170.0 Gbytes of memory...
 
 Alpha-alpha contribution
 Number of integral batches:    1
 Occupied indices per batch:    4
 
 Transforming integrals of batch 1...
 CPU time [min]:     0.076                   Wall time [min]:     0.004
 
 Beta-beta and alpha-beta contribution
 Number of integral batches:    1
 Occupied indices per batch:    2
 
 Transforming integrals of batch 1...
 CPU time [min]:     0.107                   Wall time [min]:     0.005
 
 Reference energy [au]:                       -75.010617952623
 MP2 contribution [au]:                        -0.049390634588
 B2PLYP energy [au]:                          -75.060008587211
 
 ************************ 2021-11-29 13:58:48 *************************
                      Normal termination of mrcc.
 **********************************************************************
