 **********************************************************************
                          MRCC program system
 **********************************************************************
 
                              Written by
 Mihaly Kallay, Peter R. Nagy, David Mester, Zoltan Rolik, Gyula Samu,
   Jozsef Csontos, Jozsef Csoka, P. Bernat Szabo, Laszlo Gyevi-Nagy,
    Bence Hegely, Istvan Ladjanszki, Lorant Szegedy, Bence Ladoczki,
       Klara Petrov, Mate Farkas, Pal D. Mezei, and Adam Ganyecz
 
        Department of Physical Chemistry and Materials Science
            Budapest University of Technology and Economics
                  Budapest P.O.Box 91, H-1521 Hungary
 
                              www.mrcc.hu
 
                    Release date: February 22, 2020

 ************************ 2021-11-29 13:55:31 *************************
 Executing minp...

 Reading input from MINP...
 
 Input file:
 
calc=SCF
dft=BP86
scftype=uks
verbosity=3
mem=170GB
symm=off
unit=angs
scfiguess=small
scfmaxit=1000


core=1
mult=3
basis=def2-QZVPP

basis_sm=def2-SVP

dfbasis_scf=def2-QZVPP-RI-JK

dfbasis_cor=def2-QZVPP-RI

unit=angs
geom=xyz
2

O     0.00000000000    0.00000000000    0.00000000000
O     0.00000000000    0.00000000000    1.20739000000

ghost=serialno
2
 
 
 Checking keyword combinations...
 
 Keywords:
 
 active=none
 agrid=ld0006-ld0590
 basis=def2-qzvpp
 basis_sm=def2-svp
 basopt=off
 bfbasis=none
 bfgsmem=10
 bfgstol=1.0d-3
 bpcompo=0.985
 bpcompv=0.98
 bpdfo=0.985
 bpocc=0.985
 bppdo=0.985
 bppdv=0.98
 bpedo=0.985
 bpedv=0.98
 calc=scf
 ccmaxit=50
 ccprog=mrcc
 ccsdalg=disk
 ccsdmkl=seq
 ccsdrest=off
 ccsdthreads=2
 cctol=6
 charge=0
 cialg=disk
 ciguess=off
 cmpgrp=auto
 core=1
 corembed=off
 csapprox=off
 dboc=off
 dendec=cholesky
 dens=0
 dfalg=lineq
 dfbasis_cor=def2-qzvpp-ri
 dfbasis_scf=def2-qzvpp-ri-jk
 dfintran=drpa
 dft=bp86
 dhexc=adc(2)
 diag=david
 docc=
 domrad=10.d0
 drpaalg=fit
 dual=off
 ecp=auto
 edisp=off
 edisp_embed=off
 embed=off
 epert=none
 eps=0.975
 excrad=0.d0
 excrad_fin=0.000000000D+00
 fmm=off
 fmmord=8
 freq=off
 gauss=spher
 geom=xyz
 gopt=off
 ghost=serialno
 gtol=7
 grdens=off
 grtol=10
 hamilton=dc
 iface=none
 intalg=auto
 itol=10
 laptol=1.d-2
 lccoporder=trffirst
 lcorthr=normal
 lccrest=off
 lmp2dens=on
 lnoepso=0.d0
 lnoepsv=1e-6
 localcc=off
 localcorrsymm=off
 locintrf=disk
 mact=
 maxact=off
 maxdim=100
 maxex=0
 maxmicroit=100
 mcscfiguess=hf
 mem=170gb
 molden=on
 mpitasks=1
 mulmet=0
 mult=3
 nacto=0
 nactv=0
 naf_cor=off
 naf_scf=off
 nafalg=albe
 naftyp=
 nchol=auto
 ndeps=1e-3
 nstate=1
 nsing=0
 ntrip=0
 occ=
 oniom=off
 oniom_eechg=off
 oniom_pcm=off
 optalg=
 optmaxit=50
 optetol=1e-6
 optex=   0
 optgtol=1e-4
 optstol=1e-3
 orblocc=off
 orbloce=off
 orbloco=off
 orblocv=off
 orblocguess=cholesky
 osveps=1e-3
 ovirt=off
 ovltol=1e-7
 ovosnorb=80.0
 pcm=off
 popul=off
 pressure=100000
 pssp=off
 ptfreq=0.0
 ptthreads=2
 qscf=off
 qmmm=off
 redcost_exc=off
 redcost_tddft=off
 refdet=none
 rest=0
 rgrid=log3
 rohfcore=semicanonical
 rohftype=standard
 scfalg=auto
 scfdamp=off
 scfdiis=on
 scfdiis_end=1000
 scfdiis_start=1
 scfdiis_step=1
 scfdtol=6
 scfext=10
 scfguessdens=
 scfiguess=small
 scflshift=off
 scfmaxit=1000
 scftype=uhf
 scftol=6
 scspe=1.d0
 scsph=1.d0
 scsps=1.2d0
 scspt=0.33333333333333
 scspv=1.d0
 spairtol=1e-4
 subminp=top
 symm=0
 talg=occ
 temp=298.15
 test=off
 theodore=off
 tlmo=0.999
 tpao=0.94
 tprint=off
 uncontract=off
 unit=angs
 usedisk=2
 verbosity=3
 wpairtol=0.100000000E-05
 
 Calculating integrals for small-basis SCF...

 ************************ 2021-11-29 13:55:31 *************************
 Executing integ...

 Allocation of 170.0 Gbytes of memory...
 
 
 Number of atoms:                  2
 Charge:                           0
 Number of electrons:              8
 Number of core electrons:         2
 Spin multiplicity:                3
 
                 Cartesian coordinates [bohr]      Atomic mass [AMU]  Z
   1  O     0.00000000    0.00000000    0.00000000    15.994915       8
   2  O     0.00000000    0.00000000    2.28163643     0.000000       0
 
 This molecule is linear.
 
 Point group: Cxv 
 Computational point group: C1  
 
 Cartesian coordinates in standard orientation [bohr]
   1  O     0.00000000    0.00000000   -0.20742149
   2  O     0.00000000    0.00000000    2.07421493
 
 Nuclear repulsion energy [au]:          0.000000000000
 
 
 Basis set information:
 
 Maximum angular momentum: g
 Maximum number of contracted Gaussians:   10
 Maximum number of primitive Gaussians:    14
 Spherical harmonic GTOs are used.
 
 
 Conventional basis set:
 
    1  O  def2-svp [ 7s 4p 1d | 3s 2p 1d ]
    2  O  def2-svp [ 7s 4p 1d | 3s 2p 1d ]
 
 Basis functions:
            1             2             3             4             5             6             7             8             9            10
    0    1O1s          1O2s          1O3s          1O1pz         1O1py         1O1px         1O2pz         1O2py         1O2px         1O1d-2    
    1    1O1d-1        1O1d0         1O1d+1        1O1d+2        2O1s          2O2s          2O3s          2O1pz         2O1py         2O1px     
    2    2O2pz         2O2py         2O2px         2O1d-2        2O1d-1        2O1d0         2O1d+1        2O1d+2    
 
 Maximum number of basis functions per shell:    6
 Total number of basis functions:     28
 
 
 Fitting basis set for the SCF calculation:
 
    1  O  def2-qzvpp-ri-jk [ 14s 10p 6d 2f 1g | 10s 8p 4d 2f 1g ]
    2  O  def2-qzvpp-ri-jk [ 14s 10p 6d 2f 1g | 10s 8p 4d 2f 1g ]
 
 Basis functions:
            1             2             3             4             5             6             7             8             9            10
    0    1O1s          1O2s          1O3s          1O4s          1O5s          1O6s          1O7s          1O8s          1O9s          1O10s     
    1    1O1pz         1O1py         1O1px         1O2pz         1O2py         1O2px         1O3pz         1O3py         1O3px         1O4pz     
    2    1O4py         1O4px         1O5pz         1O5py         1O5px         1O6pz         1O6py         1O6px         1O7pz         1O7py     
    3    1O7px         1O8pz         1O8py         1O8px         1O1d-2        1O1d-1        1O1d0         1O1d+1        1O1d+2        1O2d-2    
    4    1O2d-1        1O2d0         1O2d+1        1O2d+2        1O3d-2        1O3d-1        1O3d0         1O3d+1        1O3d+2        1O4d-2    
    5    1O4d-1        1O4d0         1O4d+1        1O4d+2        1O1f-3        1O1f-2        1O1f-1        1O1f0         1O1f+1        1O1f+2    
    6    1O1f+3        1O2f-3        1O2f-2        1O2f-1        1O2f0         1O2f+1        1O2f+2        1O2f+3        1O1g-4        1O1g-3    
    7    1O1g-2        1O1g-1        1O1g0         1O1g+1        1O1g+2        1O1g+3        1O1g+4        2O1s          2O2s          2O3s      
    8    2O4s          2O5s          2O6s          2O7s          2O8s          2O9s          2O10s         2O1pz         2O1py         2O1px     
    9    2O2pz         2O2py         2O2px         2O3pz         2O3py         2O3px         2O4pz         2O4py         2O4px         2O5pz     
   10    2O5py         2O5px         2O6pz         2O6py         2O6px         2O7pz         2O7py         2O7px         2O8pz         2O8py     
   11    2O8px         2O1d-2        2O1d-1        2O1d0         2O1d+1        2O1d+2        2O2d-2        2O2d-1        2O2d0         2O2d+1    
   12    2O2d+2        2O3d-2        2O3d-1        2O3d0         2O3d+1        2O3d+2        2O4d-2        2O4d-1        2O4d0         2O4d+1    
   13    2O4d+2        2O1f-3        2O1f-2        2O1f-1        2O1f0         2O1f+1        2O1f+2        2O1f+3        2O2f-3        2O2f-2    
   14    2O2f-1        2O2f0         2O2f+1        2O2f+2        2O2f+3        2O1g-4        2O1g-3        2O1g-2        2O1g-1        2O1g0     
   15    2O1g+1        2O1g+2        2O1g+3        2O1g+4    
 
 Maximum number of basis functions per shell:   24
 Total number of basis functions:    154
 
 
 Generating atomic densities for the SCF calculation...
 CPU time [min]:     0.102                   Wall time [min]:     0.020
 
 Character table for point group C1:
 
          E  
    A     1
 
 Number of basis functions per irrep:
    A      28
 
 
 Density functional: BP86
 Constructing integration grid for DFT...
 Angular integration grid: adaptive 590-point Lebedev quadrature
 Radial integration grid: Log3 quadrature
 Total number of grid points: 21132       
 CPU time [min]:     0.998                   Wall time [min]:     0.046
 
 Calculation of overlap integrals...
 CPU time [min]:     1.000                   Wall time [min]:     0.046
 
 Calculation of the square root of the overlap matrix...
 Minimum eigenvalue of the overlap matrix: 0.150377E-01
 CPU time [min]:     1.008                   Wall time [min]:     0.047
 
 Calculation of kinetic energy integrals...
 CPU time [min]:     1.008                   Wall time [min]:     0.047
 Calculation of nuclear attraction integrals...
 CPU time [min]:     1.008                   Wall time [min]:     0.047
 
 Calculation of prescreening integrals...
 CPU time [min]:     1.014                   Wall time [min]:     0.047
 
 Calculation of two-center Coulomb integrals...
   5% done.
  20% done.
  32% done.
  52% done.
  72% done.
  89% done.
 100% done.
 CPU time [min]:     1.021                   Wall time [min]:     0.047
 
 Calculation of inverse square root of the two-center integral matrix...
 CPU time [min]:     1.057                   Wall time [min]:     0.048
 
 Calculation of three-center Coulomb integrals...
   1% done.
  26% done.
  38% done.
  68% done.
 100% done.
 CPU time [min]:     1.068                   Wall time [min]:     0.048
 
 Running small-basis SCF...

 ************************ 2021-11-29 13:55:34 *************************
 Executing scf...

 @scfsetup: integrals taken from disk
            mrcc/integ binary format
 @scfsetup: calculating on full matrices
            not using symmetry adapted basis
 @scfsetup: diis switched on
 @scfsetup: number of steps to extrapolate from  10
 @scfsetup: tolerance in energy deviation    0.100000E-05
            tolerance in density deviation    0.100000E-05
 @scfsetup: maximum number of iterations:1000
 @scfsetup: unrestricted hf calc
 @scfsetup: starting scf from superposition of atomic densities
 @scfsetup: occupation set:
            from initial orbitals
 @scfsetup: diis runs from iteration:   1
 @scfsetup: diis runs to iteration:1000
 @scfsetup: diis runs in every iteration
 Allocation of 170.0 Gbytes of memory...
 ======================================================================
 ITERATION STEP   1
 CPU time [min]:     0.006                   Wall time [min]:     0.002
 
 Constructing alpha Fock-matrix...
 CPU time [min]:     0.015                   Wall time [min]:     0.003
 
 Calculating the exchange-correlation matrix...
                   1.0000*B88 [au]:     -8.061552596297
                   1.0000*P86 [au]:     -0.261129679626
 Exchange-correlation energy  [au]:     -8.322682275923
 CPU time [min]:     0.145                   Wall time [min]:     0.006
 
 Coulomb energy + HF exchange [au]:     35.572141948191
 Gradient norm:      7.7733E-01
 RMS of alpha difference density:                      0.00363832205156
 RMS of beta  difference density:                      0.00172118057561
 Gap [au]:  0.03461356
 ALPHA OCC:   5
 BETA  OCC:   3
 
 ***KOHN-SHAM ENERGY IN STEP   1 IS            -74.9547478835608274 [AU]
 ======================================================================
 ITERATION STEP   2
 CPU time [min]:     0.150                   Wall time [min]:     0.006
 
 Constructing alpha Fock-matrix...
 CPU time [min]:     0.159                   Wall time [min]:     0.007
 
 Calculating the exchange-correlation matrix...
                   1.0000*B88 [au]:     -8.147027361420
                   1.0000*P86 [au]:     -0.261532368772
 Exchange-correlation energy  [au]:     -8.408559730192
 CPU time [min]:     0.270                   Wall time [min]:     0.010
 
 Coulomb energy + HF exchange [au]:     36.183371058013
 Gradient norm:      1.0986E-01
 DIIS is running in this iteration step.
 RMS of [F,P]:                                         0.01195608659185
 RMS of alpha difference density:                      0.00165710153724
 RMS of beta  difference density:                      0.00068875940693
 Gap [au]:  0.03503146
 ALPHA OCC:   5
 BETA  OCC:   3
 
 ***KOHN-SHAM ENERGY IN STEP   2 IS            -74.9815049813548171 [AU]
 ======================================================================
 ITERATION STEP   3
 CPU time [min]:     0.281                   Wall time [min]:     0.010
 
 Constructing alpha Fock-matrix...
 CPU time [min]:     0.297                   Wall time [min]:     0.011
 
 Calculating the exchange-correlation matrix...
                   1.0000*B88 [au]:     -8.179804299367
                   1.0000*P86 [au]:     -0.261622529151
 Exchange-correlation energy  [au]:     -8.441426828519
 CPU time [min]:     0.436                   Wall time [min]:     0.014
 
 Coulomb energy + HF exchange [au]:     36.422068932801
 Gradient norm:      3.3828E-02
 DIIS is running in this iteration step.
 RMS of [F,P]:                                         0.00809006623691
 RMS of alpha difference density:                      0.00059883259886
 RMS of beta  difference density:                      0.00075280386703
 Gap [au]:  0.03669645
 ALPHA OCC:   5
 BETA  OCC:   3
 
 ***KOHN-SHAM ENERGY IN STEP   3 IS            -74.9880543917093263 [AU]
 ======================================================================
 ITERATION STEP   4
 CPU time [min]:     0.441                   Wall time [min]:     0.014
 
 Constructing alpha Fock-matrix...
 CPU time [min]:     0.451                   Wall time [min]:     0.015
 
 Calculating the exchange-correlation matrix...
                   1.0000*B88 [au]:     -8.173897348849
                   1.0000*P86 [au]:     -0.260922109993
 Exchange-correlation energy  [au]:     -8.434819458842
 CPU time [min]:     0.554                   Wall time [min]:     0.017
 
 Coulomb energy + HF exchange [au]:     36.419149208474
 Gradient norm:      8.1720E-02
 DIIS is running in this iteration step.
 RMS of [F,P]:                                         0.00597911428787
 RMS of alpha difference density:                      0.00232540630478
 RMS of beta  difference density:                      0.00155688066020
 Gap [au]:  0.03955361
 ALPHA OCC:   5
 BETA  OCC:   3
 
 ***KOHN-SHAM ENERGY IN STEP   4 IS            -74.9849908978361555 [AU]
 ======================================================================
 ITERATION STEP   5
 CPU time [min]:     0.559                   Wall time [min]:     0.017
 
 Constructing alpha Fock-matrix...
 CPU time [min]:     0.569                   Wall time [min]:     0.018
 
 Calculating the exchange-correlation matrix...
                   1.0000*B88 [au]:     -8.203599764215
                   1.0000*P86 [au]:     -0.261078050916
 Exchange-correlation energy  [au]:     -8.464677815131
 CPU time [min]:     0.647                   Wall time [min]:     0.020
 
 Coulomb energy + HF exchange [au]:     36.609118399435
 Gradient norm:      1.4807E-02
 DIIS is running in this iteration step.
 RMS of [F,P]:                                         0.00031036140720
 RMS of alpha difference density:                      0.00013923465755
 RMS of beta  difference density:                      0.00017459214658
 Gap [au]:  0.03882127
 ALPHA OCC:   5
 BETA  OCC:   3
 
 ***KOHN-SHAM ENERGY IN STEP   5 IS            -74.9924165312255724 [AU]
 ======================================================================
 ITERATION STEP   6
 CPU time [min]:     0.652                   Wall time [min]:     0.020
 
 Constructing alpha Fock-matrix...
 CPU time [min]:     0.663                   Wall time [min]:     0.020
 
 Calculating the exchange-correlation matrix...
                   1.0000*B88 [au]:     -8.205676124235
                   1.0000*P86 [au]:     -0.261130987370
 Exchange-correlation energy  [au]:     -8.466807111605
 CPU time [min]:     0.739                   Wall time [min]:     0.022
 
 Coulomb energy + HF exchange [au]:     36.624874535445
 Gradient norm:      3.4682E-03
 DIIS is running in this iteration step.
 RMS of [F,P]:                                         0.00010151779887
 RMS of alpha difference density:                      0.00005497444791
 RMS of beta  difference density:                      0.00005083023335
 Gap [au]:  0.03861424
 ALPHA OCC:   5
 BETA  OCC:   3
 
 ***KOHN-SHAM ENERGY IN STEP   6 IS            -74.9924375572562383 [AU]
 ======================================================================
 ITERATION STEP   7
 CPU time [min]:     0.744                   Wall time [min]:     0.022
 
 Constructing alpha Fock-matrix...
 CPU time [min]:     0.754                   Wall time [min]:     0.022
 
 Calculating the exchange-correlation matrix...
                   1.0000*B88 [au]:     -8.205582647944
                   1.0000*P86 [au]:     -0.261145716255
 Exchange-correlation energy  [au]:     -8.466728364199
 CPU time [min]:     0.830                   Wall time [min]:     0.024
 
 Coulomb energy + HF exchange [au]:     36.624723968771
 Gradient norm:      1.6494E-03
 DIIS is running in this iteration step.
 RMS of [F,P]:                                         0.00004674065491
 RMS of alpha difference density:                      0.00002123934671
 RMS of beta  difference density:                      0.00002081289827
 Gap [au]:  0.03854341
 ALPHA OCC:   5
 BETA  OCC:   3
 
 ***KOHN-SHAM ENERGY IN STEP   7 IS            -74.9924402695736205 [AU]
 ======================================================================
 ITERATION STEP   8
 CPU time [min]:     0.835                   Wall time [min]:     0.024
 
 Constructing alpha Fock-matrix...
 CPU time [min]:     0.845                   Wall time [min]:     0.025
 
 Calculating the exchange-correlation matrix...
                   1.0000*B88 [au]:     -8.205493196162
                   1.0000*P86 [au]:     -0.261151367930
 Exchange-correlation energy  [au]:     -8.466644564092
 CPU time [min]:     0.921                   Wall time [min]:     0.026
 
 Coulomb energy + HF exchange [au]:     36.624301671906
 Gradient norm:      8.3493E-04
 DIIS is running in this iteration step.
 RMS of [F,P]:                                         0.00002313764106
 RMS of alpha difference density:                      0.00001877651712
 RMS of beta  difference density:                      0.00001821173550
 Gap [au]:  0.03847833
 ALPHA OCC:   5
 BETA  OCC:   3
 
 ***KOHN-SHAM ENERGY IN STEP   8 IS            -74.9924408168575383 [AU]
 ======================================================================
 ITERATION STEP   9
 CPU time [min]:     0.926                   Wall time [min]:     0.027
 
 Constructing alpha Fock-matrix...
 CPU time [min]:     0.936                   Wall time [min]:     0.027
 
 Calculating the exchange-correlation matrix...
                   1.0000*B88 [au]:     -8.205413970923
                   1.0000*P86 [au]:     -0.261156353436
 Exchange-correlation energy  [au]:     -8.466570324359
 CPU time [min]:     1.012                   Wall time [min]:     0.029
 
 Coulomb energy + HF exchange [au]:     36.623920649430
 Gradient norm:      1.0484E-04
 DIIS is running in this iteration step.
 RMS of [F,P]:                                         0.00000286931581
 RMS of alpha difference density:                      0.00000385961504
 RMS of beta  difference density:                      0.00000387096123
 Gap [au]:  0.03846964
 ALPHA OCC:   5
 BETA  OCC:   3
 
 ***KOHN-SHAM ENERGY IN STEP   9 IS            -74.9924409941442462 [AU]
 ======================================================================
 ITERATION STEP  10
 CPU time [min]:     1.017                   Wall time [min]:     0.029
 
 Constructing alpha Fock-matrix...
 CPU time [min]:     1.027                   Wall time [min]:     0.029
 
 Calculating the exchange-correlation matrix...
                   1.0000*B88 [au]:     -8.205399170560
                   1.0000*P86 [au]:     -0.261157399046
 Exchange-correlation energy  [au]:     -8.466556569606
 CPU time [min]:     1.104                   Wall time [min]:     0.031
 
 Coulomb energy + HF exchange [au]:     36.623853407345
 Gradient norm:      4.7076E-05
 DIIS is running in this iteration step.
 RMS of [F,P]:                                         0.00000133185015
 RMS of alpha difference density:                      0.00000114741543
 RMS of beta  difference density:                      0.00000114459314
 Gap [au]:  0.03847393
 ALPHA OCC:   5
 BETA  OCC:   3
 
 ***KOHN-SHAM ENERGY IN STEP  10 IS            -74.9924409966706804 [AU]
 ======================================================================
 ITERATION STEP  11
 CPU time [min]:     1.108                   Wall time [min]:     0.031
 
 Constructing alpha Fock-matrix...
 CPU time [min]:     1.119                   Wall time [min]:     0.031
 
 Calculating the exchange-correlation matrix...
                   1.0000*B88 [au]:     -8.205403937984
                   1.0000*P86 [au]:     -0.261157091539
 Exchange-correlation energy  [au]:     -8.466561029523
 CPU time [min]:     1.195                   Wall time [min]:     0.033
 
 Coulomb energy + HF exchange [au]:     36.623876154576
 Gradient norm:      2.6862E-06
 DIIS is running in this iteration step.
 RMS of [F,P]:                                         0.00000008727079
 RMS of alpha difference density:                      0.00000006463790
 RMS of beta  difference density:                      0.00000033154627
 Gap [au]:  0.03847420
 ALPHA OCC:   5
 BETA  OCC:   3
 
 ***KOHN-SHAM ENERGY IN STEP  11 IS            -74.9924409972487638 [AU]
 ======================================================================
 
 SUCCESS...
 THE SCF ITERATION HAS CONVERGED!
 
                   A   
 FINAL ALPHA OCC:   5
 FINAL BETA  OCC:   3
 
 ***FINAL KOHN-SHAM ENERGY:           -74.9924409972487638 [AU]
 
 Expectation value of S^2:  2.0019
 Average multiplicity:      3.0012
 
 Orbital energies [au]:
      Irrep         Alpha          Beta
    1   A        -18.908735     -18.862327
    2   A         -0.889576      -0.763613
    3   A         -0.383576      -0.261223
 
    4   A         -0.383491      -0.222749
    5   A         -0.305746      -0.222043
 
    6   A          0.306676       0.346759
    7   A          0.543892       0.576230
    8   A          0.556159       0.592175
    9   A          0.667746       0.742919
   10   A          0.835881       0.907307
   11   A          0.879184       0.941551
   12   A          0.904563       0.970686
   13   A          0.984887       1.066381
   14   A          1.805808       1.868441
   15   A          2.377261       2.510617
   16   A          2.425925       2.511357
   17   A          2.427396       2.532568
   18   A          2.430139       2.540882
   19   A          2.794498       2.925401
   20   A          3.950417       4.004042
   21   A          3.950631       4.007749
   22   A          4.341754       4.415632
   23   A          4.357295       4.432925
   24   A          4.789770       4.849784
   25   A          5.065454       5.128221
   26   A          5.068407       5.136592
   27   A          5.753479       5.860732
   28   A         33.958566      34.033090
 
 RETURNING FROM SCF ALGORITHM
 ======================================================================

 ************************ 2021-11-29 13:55:36 *************************
 Executing integ...

 Allocation of 170.0 Gbytes of memory...
 
 
 Number of atoms:                  2
 Charge:                           0
 Number of electrons:              8
 Number of core electrons:         2
 Spin multiplicity:                3
 
                 Cartesian coordinates [bohr]      Atomic mass [AMU]  Z
   1  O     0.00000000    0.00000000    0.00000000    15.994915       8
   2  O     0.00000000    0.00000000    2.28163643     0.000000       0
 
 This molecule is linear.
 
 Point group: Cxv 
 Computational point group: C1  
 
 Cartesian coordinates in standard orientation [bohr]
   1  O     0.00000000    0.00000000   -0.20742149
   2  O     0.00000000    0.00000000    2.07421493
 
 Nuclear repulsion energy [au]:          0.000000000000
 
 
 Basis set information:
 
 Maximum angular momentum: h
 Maximum number of contracted Gaussians:   10
 Maximum number of primitive Gaussians:    15
 Spherical harmonic GTOs are used.
 
 
 Conventional basis set:
 
    1  O  def2-qzvpp [ 15s 8p 3d 2f 1g | 7s 4p 3d 2f 1g ]
    2  O  def2-qzvpp [ 15s 8p 3d 2f 1g | 7s 4p 3d 2f 1g ]
 
 Basis functions:
            1             2             3             4             5             6             7             8             9            10
    0    1O1s          1O2s          1O3s          1O4s          1O5s          1O6s          1O7s          1O1pz         1O1py         1O1px     
    1    1O2pz         1O2py         1O2px         1O3pz         1O3py         1O3px         1O4pz         1O4py         1O4px         1O1d-2    
    2    1O1d-1        1O1d0         1O1d+1        1O1d+2        1O2d-2        1O2d-1        1O2d0         1O2d+1        1O2d+2        1O3d-2    
    3    1O3d-1        1O3d0         1O3d+1        1O3d+2        1O1f-3        1O1f-2        1O1f-1        1O1f0         1O1f+1        1O1f+2    
    4    1O1f+3        1O2f-3        1O2f-2        1O2f-1        1O2f0         1O2f+1        1O2f+2        1O2f+3        1O1g-4        1O1g-3    
    5    1O1g-2        1O1g-1        1O1g0         1O1g+1        1O1g+2        1O1g+3        1O1g+4        2O1s          2O2s          2O3s      
    6    2O4s          2O5s          2O6s          2O7s          2O1pz         2O1py         2O1px         2O2pz         2O2py         2O2px     
    7    2O3pz         2O3py         2O3px         2O4pz         2O4py         2O4px         2O1d-2        2O1d-1        2O1d0         2O1d+1    
    8    2O1d+2        2O2d-2        2O2d-1        2O2d0         2O2d+1        2O2d+2        2O3d-2        2O3d-1        2O3d0         2O3d+1    
    9    2O3d+2        2O1f-3        2O1f-2        2O1f-1        2O1f0         2O1f+1        2O1f+2        2O1f+3        2O2f-3        2O2f-2    
   10    2O2f-1        2O2f0         2O2f+1        2O2f+2        2O2f+3        2O1g-4        2O1g-3        2O1g-2        2O1g-1        2O1g0     
   11    2O1g+1        2O1g+2        2O1g+3        2O1g+4    
 
 Maximum number of basis functions per shell:   15
 Total number of basis functions:    114
 
 
 Fitting basis set for the SCF calculation:
 
    1  O  def2-qzvpp-ri-jk [ 14s 10p 6d 2f 1g | 10s 8p 4d 2f 1g ]
    2  O  def2-qzvpp-ri-jk [ 14s 10p 6d 2f 1g | 10s 8p 4d 2f 1g ]
 
 Basis functions:
            1             2             3             4             5             6             7             8             9            10
    0    1O1s          1O2s          1O3s          1O4s          1O5s          1O6s          1O7s          1O8s          1O9s          1O10s     
    1    1O1pz         1O1py         1O1px         1O2pz         1O2py         1O2px         1O3pz         1O3py         1O3px         1O4pz     
    2    1O4py         1O4px         1O5pz         1O5py         1O5px         1O6pz         1O6py         1O6px         1O7pz         1O7py     
    3    1O7px         1O8pz         1O8py         1O8px         1O1d-2        1O1d-1        1O1d0         1O1d+1        1O1d+2        1O2d-2    
    4    1O2d-1        1O2d0         1O2d+1        1O2d+2        1O3d-2        1O3d-1        1O3d0         1O3d+1        1O3d+2        1O4d-2    
    5    1O4d-1        1O4d0         1O4d+1        1O4d+2        1O1f-3        1O1f-2        1O1f-1        1O1f0         1O1f+1        1O1f+2    
    6    1O1f+3        1O2f-3        1O2f-2        1O2f-1        1O2f0         1O2f+1        1O2f+2        1O2f+3        1O1g-4        1O1g-3    
    7    1O1g-2        1O1g-1        1O1g0         1O1g+1        1O1g+2        1O1g+3        1O1g+4        2O1s          2O2s          2O3s      
    8    2O4s          2O5s          2O6s          2O7s          2O8s          2O9s          2O10s         2O1pz         2O1py         2O1px     
    9    2O2pz         2O2py         2O2px         2O3pz         2O3py         2O3px         2O4pz         2O4py         2O4px         2O5pz     
   10    2O5py         2O5px         2O6pz         2O6py         2O6px         2O7pz         2O7py         2O7px         2O8pz         2O8py     
   11    2O8px         2O1d-2        2O1d-1        2O1d0         2O1d+1        2O1d+2        2O2d-2        2O2d-1        2O2d0         2O2d+1    
   12    2O2d+2        2O3d-2        2O3d-1        2O3d0         2O3d+1        2O3d+2        2O4d-2        2O4d-1        2O4d0         2O4d+1    
   13    2O4d+2        2O1f-3        2O1f-2        2O1f-1        2O1f0         2O1f+1        2O1f+2        2O1f+3        2O2f-3        2O2f-2    
   14    2O2f-1        2O2f0         2O2f+1        2O2f+2        2O2f+3        2O1g-4        2O1g-3        2O1g-2        2O1g-1        2O1g0     
   15    2O1g+1        2O1g+2        2O1g+3        2O1g+4    
 
 Maximum number of basis functions per shell:   24
 Total number of basis functions:    154
 
 
 Fitting basis set for the correlation calculation:
 
    1  O  def2-qzvpp-ri [ 9s 8p 7d 5f 3g 1h | 9s 8p 7d 5f 3g 1h ]
    2  O  def2-qzvpp-ri [ 9s 8p 7d 5f 3g 1h | 9s 8p 7d 5f 3g 1h ]
 
 Basis functions:
            1             2             3             4             5             6             7             8             9            10
    0    1O1s          1O2s          1O3s          1O4s          1O5s          1O6s          1O7s          1O8s          1O9s          1O1pz     
    1    1O1py         1O1px         1O2pz         1O2py         1O2px         1O3pz         1O3py         1O3px         1O4pz         1O4py     
    2    1O4px         1O5pz         1O5py         1O5px         1O6pz         1O6py         1O6px         1O7pz         1O7py         1O7px     
    3    1O8pz         1O8py         1O8px         1O1d-2        1O1d-1        1O1d0         1O1d+1        1O1d+2        1O2d-2        1O2d-1    
    4    1O2d0         1O2d+1        1O2d+2        1O3d-2        1O3d-1        1O3d0         1O3d+1        1O3d+2        1O4d-2        1O4d-1    
    5    1O4d0         1O4d+1        1O4d+2        1O5d-2        1O5d-1        1O5d0         1O5d+1        1O5d+2        1O6d-2        1O6d-1    
    6    1O6d0         1O6d+1        1O6d+2        1O7d-2        1O7d-1        1O7d0         1O7d+1        1O7d+2        1O1f-3        1O1f-2    
    7    1O1f-1        1O1f0         1O1f+1        1O1f+2        1O1f+3        1O2f-3        1O2f-2        1O2f-1        1O2f0         1O2f+1    
    8    1O2f+2        1O2f+3        1O3f-3        1O3f-2        1O3f-1        1O3f0         1O3f+1        1O3f+2        1O3f+3        1O4f-3    
    9    1O4f-2        1O4f-1        1O4f0         1O4f+1        1O4f+2        1O4f+3        1O5f-3        1O5f-2        1O5f-1        1O5f0     
   10    1O5f+1        1O5f+2        1O5f+3        1O1g-4        1O1g-3        1O1g-2        1O1g-1        1O1g0         1O1g+1        1O1g+2    
   11    1O1g+3        1O1g+4        1O2g-4        1O2g-3        1O2g-2        1O2g-1        1O2g0         1O2g+1        1O2g+2        1O2g+3    
   12    1O2g+4        1O3g-4        1O3g-3        1O3g-2        1O3g-1        1O3g0         1O3g+1        1O3g+2        1O3g+3        1O3g+4    
   13    1O1h-5        1O1h-4        1O1h-3        1O1h-2        1O1h-1        1O1h0         1O1h+1        1O1h+2        1O1h+3        1O1h+4    
   14    1O1h+5        2O1s          2O2s          2O3s          2O4s          2O5s          2O6s          2O7s          2O8s          2O9s      
   15    2O1pz         2O1py         2O1px         2O2pz         2O2py         2O2px         2O3pz         2O3py         2O3px         2O4pz     
   16    2O4py         2O4px         2O5pz         2O5py         2O5px         2O6pz         2O6py         2O6px         2O7pz         2O7py     
   17    2O7px         2O8pz         2O8py         2O8px         2O1d-2        2O1d-1        2O1d0         2O1d+1        2O1d+2        2O2d-2    
   18    2O2d-1        2O2d0         2O2d+1        2O2d+2        2O3d-2        2O3d-1        2O3d0         2O3d+1        2O3d+2        2O4d-2    
   19    2O4d-1        2O4d0         2O4d+1        2O4d+2        2O5d-2        2O5d-1        2O5d0         2O5d+1        2O5d+2        2O6d-2    
   20    2O6d-1        2O6d0         2O6d+1        2O6d+2        2O7d-2        2O7d-1        2O7d0         2O7d+1        2O7d+2        2O1f-3    
   21    2O1f-2        2O1f-1        2O1f0         2O1f+1        2O1f+2        2O1f+3        2O2f-3        2O2f-2        2O2f-1        2O2f0     
   22    2O2f+1        2O2f+2        2O2f+3        2O3f-3        2O3f-2        2O3f-1        2O3f0         2O3f+1        2O3f+2        2O3f+3    
   23    2O4f-3        2O4f-2        2O4f-1        2O4f0         2O4f+1        2O4f+2        2O4f+3        2O5f-3        2O5f-2        2O5f-1    
   24    2O5f0         2O5f+1        2O5f+2        2O5f+3        2O1g-4        2O1g-3        2O1g-2        2O1g-1        2O1g0         2O1g+1    
   25    2O1g+2        2O1g+3        2O1g+4        2O2g-4        2O2g-3        2O2g-2        2O2g-1        2O2g0         2O2g+1        2O2g+2    
   26    2O2g+3        2O2g+4        2O3g-4        2O3g-3        2O3g-2        2O3g-1        2O3g0         2O3g+1        2O3g+2        2O3g+3    
   27    2O3g+4        2O1h-5        2O1h-4        2O1h-3        2O1h-2        2O1h-1        2O1h0         2O1h+1        2O1h+2        2O1h+3    
   28    2O1h+4        2O1h+5    
 
 Maximum number of basis functions per shell:   35
 Total number of basis functions:    282
 
 
 Old basis set for SCF restart
 
    1  O  def2-svp [ 7s 4p 1d | 3s 2p 1d ]
    2  O  def2-svp [ 7s 4p 1d | 3s 2p 1d ]
 
 Basis functions:
            1             2             3             4             5             6             7             8             9            10
    0    1O1s          1O2s          1O3s          1O1pz         1O1py         1O1px         1O2pz         1O2py         1O2px         1O1d-2    
    1    1O1d-1        1O1d0         1O1d+1        1O1d+2        2O1s          2O2s          2O3s          2O1pz         2O1py         2O1px     
    2    2O2pz         2O2py         2O2px         2O1d-2        2O1d-1        2O1d0         2O1d+1        2O1d+2    
 
 Maximum number of basis functions per shell:   35
 Total number of basis functions:     28
 
 
 Generating atomic densities for the SCF calculation...
 CPU time [min]:     0.087                   Wall time [min]:     0.020
 
 Character table for point group C1:
 
          E  
    A     1
 
 Number of basis functions per irrep:
    A     114
 
 
 Density functional: BP86
 Constructing integration grid for DFT...
 Angular integration grid: adaptive 590-point Lebedev quadrature
 Radial integration grid: Log3 quadrature
 Total number of grid points: 26868       
 CPU time [min]:     1.164                   Wall time [min]:     0.054
 
 Calculation of overlap integrals...
 CPU time [min]:     1.166                   Wall time [min]:     0.054
 
 Calculation of the square root of the overlap matrix...
 Minimum eigenvalue of the overlap matrix: 0.549185E-03
 CPU time [min]:     1.179                   Wall time [min]:     0.054
 
 Calculation of kinetic energy integrals...
 CPU time [min]:     1.179                   Wall time [min]:     0.054
 Calculation of nuclear attraction integrals...
 CPU time [min]:     1.180                   Wall time [min]:     0.054
 Calculation of overlap integrals...
 CPU time [min]:     1.180                   Wall time [min]:     0.054
 
 Calculation of prescreening integrals...
 CPU time [min]:     1.279                   Wall time [min]:     0.057
 
 Calculation of two-center Coulomb integrals...
   5% done.
  20% done.
  32% done.
  52% done.
  72% done.
  89% done.
 100% done.
 CPU time [min]:     1.287                   Wall time [min]:     0.057
 
 Calculation of inverse square root of the two-center integral matrix...
 CPU time [min]:     1.296                   Wall time [min]:     0.057
 
 Calculation of three-center Coulomb integrals...
   3% done.
  18% done.
  32% done.
  45% done.
  64% done.
  85% done.
 100% done.
 CPU time [min]:     1.323                   Wall time [min]:     0.058

 ************************ 2021-11-29 13:55:40 *************************
 Executing scf...

 @scfsetup: integrals taken from disk
            mrcc/integ binary format
 @scfsetup: calculating on full matrices
            not using symmetry adapted basis
 @scfsetup: diis switched on
 @scfsetup: number of steps to extrapolate from  10
 @scfsetup: tolerance in energy deviation    0.100000E-05
            tolerance in density deviation    0.100000E-05
 @scfsetup: maximum number of iterations:1000
 @scfsetup: unrestricted hf calc
 @scfsetup: restarting scf from SCFDENSITIES file
 @scfsetup: occupation set:
            from initial orbitals
 @scfsetup: diis runs from iteration:   1
 @scfsetup: diis runs to iteration:1000
 @scfsetup: diis runs in every iteration
 Allocation of 170.0 Gbytes of memory...
 ======================================================================
 ITERATION STEP   1
 CPU time [min]:     0.028                   Wall time [min]:     0.003
 
 Constructing alpha Fock-matrix...
 CPU time [min]:     0.037                   Wall time [min]:     0.003
 
 Calculating the exchange-correlation matrix...
                   1.0000*B88 [au]:     -8.209647836352
                   1.0000*P86 [au]:     -0.261054769576
 Exchange-correlation energy  [au]:     -8.470702605928
 CPU time [min]:     0.293                   Wall time [min]:     0.012
 
 Coulomb energy + HF exchange [au]:     36.653020866965
 Gradient norm:      4.7871E+00
 RMS of alpha difference density:                      0.00078976478391
 RMS of beta  difference density:                      0.00054722738518
 Gap [au]:  0.03838639
 ALPHA OCC:   5
 BETA  OCC:   3
 
 ***KOHN-SHAM ENERGY IN STEP   1 IS            -75.0296509247911274 [AU]
 ======================================================================
 ITERATION STEP   2
 CPU time [min]:     0.312                   Wall time [min]:     0.013
 
 Constructing alpha Fock-matrix...
 CPU time [min]:     0.322                   Wall time [min]:     0.013
 
 Calculating the exchange-correlation matrix...
                   1.0000*B88 [au]:     -8.206441856078
                   1.0000*P86 [au]:     -0.260249279686
 Exchange-correlation energy  [au]:     -8.466691135764
 CPU time [min]:     0.609                   Wall time [min]:     0.022
 
 Coulomb energy + HF exchange [au]:     36.627463307232
 Gradient norm:      3.6674E-03
 DIIS is running in this iteration step.
 RMS of [F,P]:                                         0.01911081956058
 RMS of alpha difference density:                      0.00050888581612
 RMS of beta  difference density:                      0.00034949031867
 Gap [au]:  0.03945269
 ALPHA OCC:   5
 BETA  OCC:   3
 
 ***KOHN-SHAM ENERGY IN STEP   2 IS            -75.0606002617281263 [AU]
 ======================================================================
 ITERATION STEP   3
 CPU time [min]:     0.641                   Wall time [min]:     0.023
 
 Constructing alpha Fock-matrix...
 CPU time [min]:     0.660                   Wall time [min]:     0.023
 
 Calculating the exchange-correlation matrix...
                   1.0000*B88 [au]:     -8.205366423388
                   1.0000*P86 [au]:     -0.259742870217
 Exchange-correlation energy  [au]:     -8.465109293605
 CPU time [min]:     0.874                   Wall time [min]:     0.029
 
 Coulomb energy + HF exchange [au]:     36.616683340276
 Gradient norm:      1.3934E-02
 DIIS is running in this iteration step.
 RMS of [F,P]:                                         0.01338942861102
 RMS of alpha difference density:                      0.00035637163674
 RMS of beta  difference density:                      0.00024971813616
 Gap [au]:  0.04217215
 ALPHA OCC:   5
 BETA  OCC:   3
 
 ***KOHN-SHAM ENERGY IN STEP   3 IS            -75.0755945062771843 [AU]
 ======================================================================
 ITERATION STEP   4
 CPU time [min]:     0.890                   Wall time [min]:     0.029
 
 Constructing alpha Fock-matrix...
 CPU time [min]:     0.903                   Wall time [min]:     0.029
 
 Calculating the exchange-correlation matrix...
                   1.0000*B88 [au]:     -8.198276191088
                   1.0000*P86 [au]:     -0.258406576144
 Exchange-correlation energy  [au]:     -8.456682767233
 CPU time [min]:     1.062                   Wall time [min]:     0.033
 
 Coulomb energy + HF exchange [au]:     36.599823537738
 Gradient norm:      1.2973E-02
 DIIS is running in this iteration step.
 RMS of [F,P]:                                         0.00940149540462
 RMS of alpha difference density:                      0.00083367556476
 RMS of beta  difference density:                      0.00060735690358
 Gap [au]:  0.04214584
 ALPHA OCC:   5
 BETA  OCC:   3
 
 ***KOHN-SHAM ENERGY IN STEP   4 IS            -75.0770122612866544 [AU]
 ======================================================================
 ITERATION STEP   5
 CPU time [min]:     1.072                   Wall time [min]:     0.034
 
 Constructing alpha Fock-matrix...
 CPU time [min]:     1.085                   Wall time [min]:     0.034
 
 Calculating the exchange-correlation matrix...
                   1.0000*B88 [au]:     -8.197877718958
                   1.0000*P86 [au]:     -0.258297519748
 Exchange-correlation energy  [au]:     -8.456175238706
 CPU time [min]:     1.241                   Wall time [min]:     0.038
 
 Coulomb energy + HF exchange [au]:     36.549903009800
 Gradient norm:      4.7807E-03
 DIIS is running in this iteration step.
 RMS of [F,P]:                                         0.00005267061954
 RMS of alpha difference density:                      0.00004918643944
 RMS of beta  difference density:                      0.00004074691313
 Gap [au]:  0.04254648
 ALPHA OCC:   5
 BETA  OCC:   3
 
 ***KOHN-SHAM ENERGY IN STEP   5 IS            -75.0905677726498766 [AU]
 ======================================================================
 ITERATION STEP   6
 CPU time [min]:     1.252                   Wall time [min]:     0.038
 
 Constructing alpha Fock-matrix...
 CPU time [min]:     1.265                   Wall time [min]:     0.038
 
 Calculating the exchange-correlation matrix...
                   1.0000*B88 [au]:     -8.199565314688
                   1.0000*P86 [au]:     -0.258279987090
 Exchange-correlation energy  [au]:     -8.457845301778
 CPU time [min]:     1.420                   Wall time [min]:     0.042
 
 Coulomb energy + HF exchange [au]:     36.560951832122
 Gradient norm:      1.7210E-03
 DIIS is running in this iteration step.
 RMS of [F,P]:                                         0.00002137249404
 RMS of alpha difference density:                      0.00001072714705
 RMS of beta  difference density:                      0.00001144627460
 Gap [au]:  0.04249604
 ALPHA OCC:   5
 BETA  OCC:   3
 
 ***KOHN-SHAM ENERGY IN STEP   6 IS            -75.0905753091147687 [AU]
 ======================================================================
 ITERATION STEP   7
 CPU time [min]:     1.430                   Wall time [min]:     0.043
 
 Constructing alpha Fock-matrix...
 CPU time [min]:     1.443                   Wall time [min]:     0.043
 
 Calculating the exchange-correlation matrix...
                   1.0000*B88 [au]:     -8.198234729084
                   1.0000*P86 [au]:     -0.258244727872
 Exchange-correlation energy  [au]:     -8.456479456957
 CPU time [min]:     1.598                   Wall time [min]:     0.047
 
 Coulomb energy + HF exchange [au]:     36.551560198866
 Gradient norm:      1.2273E-03
 DIIS is running in this iteration step.
 RMS of [F,P]:                                         0.00001198934397
 RMS of alpha difference density:                      0.00000251561885
 RMS of beta  difference density:                      0.00000195536850
 Gap [au]:  0.04252435
 ALPHA OCC:   5
 BETA  OCC:   3
 
 ***KOHN-SHAM ENERGY IN STEP   7 IS            -75.0905757843627981 [AU]
 ======================================================================
 ITERATION STEP   8
 CPU time [min]:     1.608                   Wall time [min]:     0.047
 
 Constructing alpha Fock-matrix...
 CPU time [min]:     1.621                   Wall time [min]:     0.047
 
 Calculating the exchange-correlation matrix...
                   1.0000*B88 [au]:     -8.198569262127
                   1.0000*P86 [au]:     -0.258251323686
 Exchange-correlation energy  [au]:     -8.456820585813
 CPU time [min]:     1.776                   Wall time [min]:     0.051
 
 Coulomb energy + HF exchange [au]:     36.553850394060
 Gradient norm:      9.1331E-04
 DIIS is running in this iteration step.
 RMS of [F,P]:                                         0.00000897449930
 RMS of alpha difference density:                      0.00000074588985
 RMS of beta  difference density:                      0.00000056582538
 Gap [au]:  0.04252272
 ALPHA OCC:   5
 BETA  OCC:   3
 
 ***KOHN-SHAM ENERGY IN STEP   8 IS            -75.0905759867130911 [AU]
 ======================================================================
 
 SUCCESS...
 THE SCF ITERATION HAS CONVERGED!
 
                   A   
 FINAL ALPHA OCC:   5
 FINAL BETA  OCC:   3
 
 ***FINAL KOHN-SHAM ENERGY:           -75.0905759867130911 [AU]
 
 Expectation value of S^2:  2.0029
 Average multiplicity:      3.0020
 
 Orbital energies [au]:
      Irrep         Alpha          Beta
    1   A        -18.918699     -18.871430
    2   A         -0.924555      -0.797350
    3   A         -0.400644      -0.283540
 
    4   A         -0.400634      -0.241018
    5   A         -0.325678      -0.240976
 
    6   A          0.155042       0.177075
    7   A          0.201280       0.218585
    8   A          0.203229       0.234957
    9   A          0.213038       0.235496
   10   A          0.295349       0.305918
   11   A          0.301301       0.320288
   12   A          0.343997       0.373998
   13   A          0.566248       0.601454
   14   A          0.866325       0.909685
   15   A          0.882585       0.927151
   16   A          0.895243       0.934649
   17   A          0.896224       0.945926
   18   A          0.983305       1.010839
   19   A          1.085909       1.153091
   20   A          1.143221       1.200122
   21   A          1.169334       1.221625
   22   A          1.232533       1.309393
   23   A          1.297984       1.349369
   24   A          1.330183       1.376690
   25   A          1.397857       1.424323
   26   A          1.398418       1.431017
   27   A          1.736762       1.792877
   28   A          1.814450       1.844869
   29   A          1.826954       1.861120
   30   A          2.063495       2.106327
   31   A          2.790087       2.885734
   32   A          2.863484       2.929484
   33   A          2.876347       2.946233
   34   A          2.898014       2.958949
   35   A          2.904101       2.963165
   36   A          2.904128       2.971615
   37   A          2.961139       3.026500
   38   A          2.962603       3.036227
   39   A          3.377010       3.471076
   40   A          3.409920       3.497133
   41   A          3.560632       3.635801
   42   A          3.562410       3.637738
   43   A          3.596962       3.642622
   44   A          3.596985       3.663139
   45   A          3.799607       3.897884
   46   A          3.889473       3.992749
   47   A          3.929730       4.019132
   48   A          4.023565       4.112969
   49   A          4.201854       4.250946
   50   A          4.202493       4.257890
   51   A          4.259248       4.358918
   52   A          4.511989       4.601140
   53   A          4.566532       4.636738
   54   A          4.987347       5.066043
   55   A          5.020109       5.084218
   56   A          5.032554       5.097295
   57   A          5.056274       5.105994
   58   A          5.056557       5.109701
   59   A          5.244928       5.286433
   60   A          5.674046       5.763113
   61   A          5.701848       5.786376
   62   A          7.215985       7.333342
   63   A          8.482051       8.584446
   64   A          8.482323       8.595255
   65   A          8.521049       8.618021
   66   A          8.521055       8.622985
   67   A          8.630083       8.710811
   68   A          8.630086       8.713868
   69   A          9.005196       9.136663
   70   A          9.044836       9.162759
   71   A          9.123599       9.261731
   72   A          9.898473       9.950652
   73   A          9.898473       9.950938
   74   A         10.059906      10.124941
   75   A         10.059911      10.126698
   76   A         10.623072      10.743292
   77   A         10.666284      10.773875
   78   A         10.666644      10.784796
   79   A         10.742085      10.866798
   80   A         10.744033      10.887735
   81   A         10.780516      10.924062
   82   A         10.824437      10.964394
   83   A         11.129101      11.229937
   84   A         11.129541      11.243839
   85   A         11.191739      11.308327
   86   A         11.464073      11.603920
   87   A         11.467423      11.636503
   88   A         11.523484      11.692251
   89   A         11.728935      11.845105
   90   A         11.729167      11.871594
   91   A         12.295305      12.430454
   92   A         12.320152      12.460024
   93   A         12.343263      12.465887
   94   A         13.290282      13.352366
   95   A         13.290288      13.352876
   96   A         13.328808      13.459737
   97   A         13.478465      13.543834
   98   A         13.478582      13.546016
   99   A         13.705076      13.799858
  100   A         13.723874      13.823592
  101   A         13.960730      14.033333
  102   A         13.965115      14.043697
  103   A         14.532578      14.597954
  104   A         15.558696      15.674836
  105   A         16.634967      16.706569
  106   A         16.635036      16.708018
  107   A         17.419156      17.503544
  108   A         17.425780      17.513828
  109   A         19.634334      19.748511
  110   A         30.786266      30.867699
  111   A         47.066829      47.166615
  112   A         89.501492      89.589537
  113   A        251.528003     251.557417
  114   A        409.824895     409.860220
 
 RETURNING FROM SCF ALGORITHM
 ======================================================================
 
 ************************ 2021-11-29 13:55:43 *************************
                      Normal termination of mrcc.
 **********************************************************************
