 **********************************************************************
                          MRCC program system
 **********************************************************************
 
                              Written by
 Mihaly Kallay, Peter R. Nagy, David Mester, Zoltan Rolik, Gyula Samu,
   Jozsef Csontos, Jozsef Csoka, P. Bernat Szabo, Laszlo Gyevi-Nagy,
    Bence Hegely, Istvan Ladjanszki, Lorant Szegedy, Bence Ladoczki,
       Klara Petrov, Mate Farkas, Pal D. Mezei, and Adam Ganyecz
 
        Department of Physical Chemistry and Materials Science
            Budapest University of Technology and Economics
                  Budapest P.O.Box 91, H-1521 Hungary
 
                              www.mrcc.hu
 
                    Release date: February 22, 2020

 ************************ 2021-11-29 13:58:33 *************************
 Executing minp...

 Reading input from MINP...
 
 Input file:
 
calc=B2PLYP
verbosity=3
mem=170GB
symm=off
unit=angs
scfiguess=small
scfmaxit=1000


core=1
mult=3
basis=def2-TZVPP

basis_sm=def2-SVP

dfbasis_scf=def2-QZVPP-RI-JK

dfbasis_cor=def2-TZVPP-RI

unit=angs
geom=xyz
2

O     0.00000000000    0.00000000000    0.00000000000
O     0.00000000000    0.00000000000    1.20739000000

ghost=serialno
2
 
 
 Checking keyword combinations...
 
 Keywords:
 
 active=none
 agrid=ld0006-ld0590
 basis=def2-tzvpp
 basis_sm=def2-svp
 basopt=off
 bfbasis=none
 bfgsmem=10
 bfgstol=1.0d-3
 bpcompo=0.985
 bpcompv=0.98
 bpdfo=0.985
 bpocc=0.985
 bppdo=0.985
 bppdv=0.98
 bpedo=0.985
 bpedv=0.98
 calc=mp2
 ccmaxit=50
 ccprog=mrcc
 ccsdalg=disk
 ccsdmkl=seq
 ccsdrest=off
 ccsdthreads=2
 cctol=6
 charge=0
 cialg=disk
 ciguess=off
 cmpgrp=auto
 core=1
 corembed=off
 csapprox=off
 dboc=off
 dendec=cholesky
 dens=0
 dfalg=lineq
 dfbasis_cor=def2-tzvpp-ri
 dfbasis_scf=def2-qzvpp-ri-jk
 dfintran=drpa
 dft=b2plyp
 dhexc=adc(2)
 diag=david
 docc=
 domrad=10.d0
 drpaalg=fit
 dual=off
 ecp=auto
 edisp=off
 edisp_embed=off
 embed=off
 epert=none
 eps=0.975
 excrad=0.d0
 excrad_fin=0.000000000D+00
 fmm=off
 fmmord=8
 freq=off
 gauss=spher
 geom=xyz
 gopt=off
 ghost=serialno
 gtol=7
 grdens=off
 grtol=10
 hamilton=dc
 iface=none
 intalg=auto
 itol=10
 laptol=1.d-2
 lccoporder=trffirst
 lcorthr=normal
 lccrest=off
 lmp2dens=on
 lnoepso=0.d0
 lnoepsv=1e-6
 localcc=off
 localcorrsymm=off
 locintrf=disk
 mact=
 maxact=off
 maxdim=100
 maxex=0
 maxmicroit=100
 mcscfiguess=hf
 mem=170gb
 molden=on
 mpitasks=1
 mulmet=0
 mult=3
 nacto=0
 nactv=0
 naf_cor=off
 naf_scf=off
 nafalg=albe
 naftyp=
 nchol=auto
 ndeps=1e-3
 nstate=1
 nsing=0
 ntrip=0
 occ=
 oniom=off
 oniom_eechg=off
 oniom_pcm=off
 optalg=
 optmaxit=50
 optetol=1e-6
 optex=   0
 optgtol=1e-4
 optstol=1e-3
 orblocc=off
 orbloce=off
 orbloco=off
 orblocv=off
 orblocguess=cholesky
 osveps=1e-3
 ovirt=off
 ovltol=1e-7
 ovosnorb=80.0
 pcm=off
 popul=off
 pressure=100000
 pssp=off
 ptfreq=0.0
 ptthreads=2
 qscf=off
 qmmm=off
 redcost_exc=off
 redcost_tddft=off
 refdet=none
 rest=0
 rgrid=log3
 rohfcore=semicanonical
 rohftype=semicanonical
 scfalg=auto
 scfdamp=off
 scfdiis=on
 scfdiis_end=1000
 scfdiis_start=1
 scfdiis_step=1
 scfdtol=7
 scfext=10
 scfguessdens=
 scfiguess=small
 scflshift=off
 scfmaxit=1000
 scftype=uhf
 scftol=6
 scspe=1.d0
 scsph=1.d0
 scsps=1.2d0
 scspt=0.33333333333333
 scspv=1.d0
 spairtol=1e-4
 subminp=top
 symm=0
 talg=occ
 temp=298.15
 test=off
 theodore=off
 tlmo=0.999
 tpao=0.94
 tprint=off
 uncontract=off
 unit=angs
 usedisk=2
 verbosity=3
 wpairtol=0.100000000E-05
 
 Calculating integrals for small-basis SCF...

 ************************ 2021-11-29 13:58:34 *************************
 Executing integ...

 Allocation of 170.0 Gbytes of memory...
 
 
 Number of atoms:                  2
 Charge:                           0
 Number of electrons:              8
 Number of core electrons:         2
 Spin multiplicity:                3
 
                 Cartesian coordinates [bohr]      Atomic mass [AMU]  Z
   1  O     0.00000000    0.00000000    0.00000000    15.994915       8
   2  O     0.00000000    0.00000000    2.28163643     0.000000       0
 
 This molecule is linear.
 
 Point group: Cxv 
 Computational point group: C1  
 
 Cartesian coordinates in standard orientation [bohr]
   1  O     0.00000000    0.00000000   -0.20742149
   2  O     0.00000000    0.00000000    2.07421493
 
 Nuclear repulsion energy [au]:          0.000000000000
 
 
 Basis set information:
 
 Maximum angular momentum: g
 Maximum number of contracted Gaussians:   10
 Maximum number of primitive Gaussians:    14
 Spherical harmonic GTOs are used.
 
 
 Conventional basis set:
 
    1  O  def2-svp [ 7s 4p 1d | 3s 2p 1d ]
    2  O  def2-svp [ 7s 4p 1d | 3s 2p 1d ]
 
 Basis functions:
            1             2             3             4             5             6             7             8             9            10
    0    1O1s          1O2s          1O3s          1O1pz         1O1py         1O1px         1O2pz         1O2py         1O2px         1O1d-2    
    1    1O1d-1        1O1d0         1O1d+1        1O1d+2        2O1s          2O2s          2O3s          2O1pz         2O1py         2O1px     
    2    2O2pz         2O2py         2O2px         2O1d-2        2O1d-1        2O1d0         2O1d+1        2O1d+2    
 
 Maximum number of basis functions per shell:    6
 Total number of basis functions:     28
 
 
 Fitting basis set for the SCF calculation:
 
    1  O  def2-qzvpp-ri-jk [ 14s 10p 6d 2f 1g | 10s 8p 4d 2f 1g ]
    2  O  def2-qzvpp-ri-jk [ 14s 10p 6d 2f 1g | 10s 8p 4d 2f 1g ]
 
 Basis functions:
            1             2             3             4             5             6             7             8             9            10
    0    1O1s          1O2s          1O3s          1O4s          1O5s          1O6s          1O7s          1O8s          1O9s          1O10s     
    1    1O1pz         1O1py         1O1px         1O2pz         1O2py         1O2px         1O3pz         1O3py         1O3px         1O4pz     
    2    1O4py         1O4px         1O5pz         1O5py         1O5px         1O6pz         1O6py         1O6px         1O7pz         1O7py     
    3    1O7px         1O8pz         1O8py         1O8px         1O1d-2        1O1d-1        1O1d0         1O1d+1        1O1d+2        1O2d-2    
    4    1O2d-1        1O2d0         1O2d+1        1O2d+2        1O3d-2        1O3d-1        1O3d0         1O3d+1        1O3d+2        1O4d-2    
    5    1O4d-1        1O4d0         1O4d+1        1O4d+2        1O1f-3        1O1f-2        1O1f-1        1O1f0         1O1f+1        1O1f+2    
    6    1O1f+3        1O2f-3        1O2f-2        1O2f-1        1O2f0         1O2f+1        1O2f+2        1O2f+3        1O1g-4        1O1g-3    
    7    1O1g-2        1O1g-1        1O1g0         1O1g+1        1O1g+2        1O1g+3        1O1g+4        2O1s          2O2s          2O3s      
    8    2O4s          2O5s          2O6s          2O7s          2O8s          2O9s          2O10s         2O1pz         2O1py         2O1px     
    9    2O2pz         2O2py         2O2px         2O3pz         2O3py         2O3px         2O4pz         2O4py         2O4px         2O5pz     
   10    2O5py         2O5px         2O6pz         2O6py         2O6px         2O7pz         2O7py         2O7px         2O8pz         2O8py     
   11    2O8px         2O1d-2        2O1d-1        2O1d0         2O1d+1        2O1d+2        2O2d-2        2O2d-1        2O2d0         2O2d+1    
   12    2O2d+2        2O3d-2        2O3d-1        2O3d0         2O3d+1        2O3d+2        2O4d-2        2O4d-1        2O4d0         2O4d+1    
   13    2O4d+2        2O1f-3        2O1f-2        2O1f-1        2O1f0         2O1f+1        2O1f+2        2O1f+3        2O2f-3        2O2f-2    
   14    2O2f-1        2O2f0         2O2f+1        2O2f+2        2O2f+3        2O1g-4        2O1g-3        2O1g-2        2O1g-1        2O1g0     
   15    2O1g+1        2O1g+2        2O1g+3        2O1g+4    
 
 Maximum number of basis functions per shell:   24
 Total number of basis functions:    154
 
 
 Generating atomic densities for the SCF calculation...
 CPU time [min]:     0.122                   Wall time [min]:     0.019
 
 Character table for point group C1:
 
          E  
    A     1
 
 Number of basis functions per irrep:
    A      28
 
 
 Density functional: B2PLYP
 Constructing integration grid for DFT...
 Angular integration grid: adaptive 590-point Lebedev quadrature
 Radial integration grid: Log3 quadrature
 Total number of grid points: 21132       
 CPU time [min]:     0.505                   Wall time [min]:     0.029
 
 Calculation of overlap integrals...
 CPU time [min]:     0.507                   Wall time [min]:     0.029
 
 Calculation of the square root of the overlap matrix...
 Minimum eigenvalue of the overlap matrix: 0.150377E-01
 CPU time [min]:     0.515                   Wall time [min]:     0.030
 
 Calculation of kinetic energy integrals...
 CPU time [min]:     0.515                   Wall time [min]:     0.030
 Calculation of nuclear attraction integrals...
 CPU time [min]:     0.515                   Wall time [min]:     0.030
 
 Calculation of prescreening integrals...
 CPU time [min]:     0.520                   Wall time [min]:     0.030
 
 Calculation of two-center Coulomb integrals...
   5% done.
  20% done.
  32% done.
  52% done.
  72% done.
  89% done.
 100% done.
 CPU time [min]:     0.528                   Wall time [min]:     0.030
 
 Calculation of inverse square root of the two-center integral matrix...
 CPU time [min]:     0.566                   Wall time [min]:     0.031
 
 Calculation of three-center Coulomb integrals...
   1% done.
  26% done.
  38% done.
  68% done.
 100% done.
 CPU time [min]:     0.577                   Wall time [min]:     0.031
 
 Running small-basis SCF...

 ************************ 2021-11-29 13:58:36 *************************
 Executing scf...

 @scfsetup: integrals taken from disk
            mrcc/integ binary format
 @scfsetup: calculating on full matrices
            not using symmetry adapted basis
 @scfsetup: diis switched on
 @scfsetup: number of steps to extrapolate from  10
 @scfsetup: tolerance in energy deviation    0.100000E-05
            tolerance in density deviation    0.100000E-06
 @scfsetup: maximum number of iterations:1000
 @scfsetup: unrestricted hf calc
 @scfsetup: starting scf from superposition of atomic densities
 @scfsetup: occupation set:
            from initial orbitals
 @scfsetup: diis runs from iteration:   1
 @scfsetup: diis runs to iteration:1000
 @scfsetup: diis runs in every iteration
 Allocation of 170.0 Gbytes of memory...
 ======================================================================
 ITERATION STEP   1
 CPU time [min]:     0.006                   Wall time [min]:     0.002
 
 Constructing alpha Fock-matrix...
 Number of integral batches:    1
 Occupied indices per batch:    5
 CPU time [min]:     0.016                   Wall time [min]:     0.003
 
 Calculating the exchange-correlation matrix...
                   0.4700*B88 [au]:     -3.788929720260
                   0.7300*LYP [au]:     -0.186076026877
 Exchange-correlation energy  [au]:     -3.975005747136
 CPU time [min]:     0.144                   Wall time [min]:     0.007
 
 Coulomb energy + HF exchange [au]:     31.304982249011
 Gradient norm:      6.9273E-01
 RMS of alpha difference density:                      0.00294645266885
 RMS of beta  difference density:                      0.00135063365377
 Gap [au]:  0.35631240
 ALPHA OCC:   5
 BETA  OCC:   3
 
 ***KOHN-SHAM ENERGY IN STEP   1 IS            -74.8742310539537357 [AU]
 ======================================================================
 ITERATION STEP   2
 CPU time [min]:     0.148                   Wall time [min]:     0.007
 
 Constructing alpha Fock-matrix...
 Number of integral batches:    1
 Occupied indices per batch:    5
 CPU time [min]:     0.156                   Wall time [min]:     0.007
 
 Calculating the exchange-correlation matrix...
                   0.4700*B88 [au]:     -3.898779885645
                   0.7300*LYP [au]:     -0.189568279132
 Exchange-correlation energy  [au]:     -4.088348164777
 CPU time [min]:     0.284                   Wall time [min]:     0.011
 
 Coulomb energy + HF exchange [au]:     31.721429032846
 Gradient norm:      1.0409E-01
 DIIS is running in this iteration step.
 RMS of [F,P]:                                         0.01523097830909
 RMS of alpha difference density:                      0.00892450320469
 RMS of beta  difference density:                      0.00344237968370
 Gap [au]:  0.37310449
 ALPHA OCC:   5
 BETA  OCC:   3
 
 ***KOHN-SHAM ENERGY IN STEP   2 IS            -75.0175221403959540 [AU]
 ======================================================================
 ITERATION STEP   3
 CPU time [min]:     0.293                   Wall time [min]:     0.011
 
 Constructing alpha Fock-matrix...
 Number of integral batches:    1
 Occupied indices per batch:    5
 CPU time [min]:     0.309                   Wall time [min]:     0.012
 
 Calculating the exchange-correlation matrix...
                   0.4700*B88 [au]:     -3.916909468027
                   0.7300*LYP [au]:     -0.189958454915
 Exchange-correlation energy  [au]:     -4.106867922941
 CPU time [min]:     0.439                   Wall time [min]:     0.016
 
 Coulomb energy + HF exchange [au]:     33.068101713941
 Gradient norm:      3.1102E-01
 DIIS is running in this iteration step.
 RMS of [F,P]:                                         0.00894461264569
 RMS of alpha difference density:                      0.00401458171804
 RMS of beta  difference density:                      0.00348938368421
 Gap [au]:  0.35996630
 ALPHA OCC:   5
 BETA  OCC:   3
 
 ***KOHN-SHAM ENERGY IN STEP   3 IS            -74.8993863624821898 [AU]
 ======================================================================
 ITERATION STEP   4
 CPU time [min]:     0.443                   Wall time [min]:     0.016
 
 Constructing alpha Fock-matrix...
 Number of integral batches:    1
 Occupied indices per batch:    5
 CPU time [min]:     0.452                   Wall time [min]:     0.016
 
 Calculating the exchange-correlation matrix...
                   0.4700*B88 [au]:     -3.862142552258
                   0.7300*LYP [au]:     -0.188135432509
 Exchange-correlation energy  [au]:     -4.050277984767
 CPU time [min]:     0.579                   Wall time [min]:     0.019
 
 Coulomb energy + HF exchange [au]:     32.334706929472
 Gradient norm:      1.3746E-02
 DIIS is running in this iteration step.
 RMS of [F,P]:                                         0.00037181301213
 RMS of alpha difference density:                      0.00006433077845
 RMS of beta  difference density:                      0.00011024444245
 Gap [au]:  0.35707529
 ALPHA OCC:   5
 BETA  OCC:   3
 
 ***KOHN-SHAM ENERGY IN STEP   4 IS            -74.9132554485452999 [AU]
 ======================================================================
 ITERATION STEP   5
 CPU time [min]:     0.584                   Wall time [min]:     0.019
 
 Constructing alpha Fock-matrix...
 Number of integral batches:    1
 Occupied indices per batch:    5
 CPU time [min]:     0.595                   Wall time [min]:     0.020
 
 Calculating the exchange-correlation matrix...
                   0.4700*B88 [au]:     -3.861908707300
                   0.7300*LYP [au]:     -0.188111555598
 Exchange-correlation energy  [au]:     -4.050020262897
 CPU time [min]:     0.711                   Wall time [min]:     0.023
 
 Coulomb energy + HF exchange [au]:     32.329527398339
 Gradient norm:      5.4256E-03
 DIIS is running in this iteration step.
 RMS of [F,P]:                                         0.00009034270593
 RMS of alpha difference density:                      0.00001572257155
 RMS of beta  difference density:                      0.00007132743542
 Gap [au]:  0.35640970
 ALPHA OCC:   5
 BETA  OCC:   3
 
 ***KOHN-SHAM ENERGY IN STEP   5 IS            -74.9132669969527001 [AU]
 ======================================================================
 ITERATION STEP   6
 CPU time [min]:     0.716                   Wall time [min]:     0.023
 
 Constructing alpha Fock-matrix...
 Number of integral batches:    1
 Occupied indices per batch:    5
 CPU time [min]:     0.726                   Wall time [min]:     0.023
 
 Calculating the exchange-correlation matrix...
                   0.4700*B88 [au]:     -3.861397970012
                   0.7300*LYP [au]:     -0.188088388082
 Exchange-correlation energy  [au]:     -4.049486358094
 CPU time [min]:     0.803                   Wall time [min]:     0.025
 
 Coulomb energy + HF exchange [au]:     32.322224548303
 Gradient norm:      8.2831E-04
 DIIS is running in this iteration step.
 RMS of [F,P]:                                         0.00001866820249
 RMS of alpha difference density:                      0.00001444604534
 RMS of beta  difference density:                      0.00000798202547
 Gap [au]:  0.35632646
 ALPHA OCC:   5
 BETA  OCC:   3
 
 ***KOHN-SHAM ENERGY IN STEP   6 IS            -74.9132689730263053 [AU]
 ======================================================================
 ITERATION STEP   7
 CPU time [min]:     0.807                   Wall time [min]:     0.025
 
 Constructing alpha Fock-matrix...
 Number of integral batches:    1
 Occupied indices per batch:    5
 CPU time [min]:     0.817                   Wall time [min]:     0.026
 
 Calculating the exchange-correlation matrix...
                   0.4700*B88 [au]:     -3.861485755874
                   0.7300*LYP [au]:     -0.188089784375
 Exchange-correlation energy  [au]:     -4.049575540249
 CPU time [min]:     0.896                   Wall time [min]:     0.028
 
 Coulomb energy + HF exchange [au]:     32.323312083080
 Gradient norm:      1.1216E-04
 DIIS is running in this iteration step.
 RMS of [F,P]:                                         0.00000251851585
 RMS of alpha difference density:                      0.00000208485597
 RMS of beta  difference density:                      0.00000104985322
 Gap [au]:  0.35632045
 ALPHA OCC:   5
 BETA  OCC:   3
 
 ***KOHN-SHAM ENERGY IN STEP   7 IS            -74.9132690710090969 [AU]
 ======================================================================
 ITERATION STEP   8
 CPU time [min]:     0.901                   Wall time [min]:     0.028
 
 Constructing alpha Fock-matrix...
 Number of integral batches:    1
 Occupied indices per batch:    5
 CPU time [min]:     0.911                   Wall time [min]:     0.028
 
 Calculating the exchange-correlation matrix...
                   0.4700*B88 [au]:     -3.861496242019
                   0.7300*LYP [au]:     -0.188089942868
 Exchange-correlation energy  [au]:     -4.049586184887
 CPU time [min]:     0.989                   Wall time [min]:     0.030
 
 Coulomb energy + HF exchange [au]:     32.323442630873
 Gradient norm:      1.3326E-05
 DIIS is running in this iteration step.
 RMS of [F,P]:                                         0.00000038685061
 RMS of alpha difference density:                      0.00000022230746
 RMS of beta  difference density:                      0.00000028540262
 Gap [au]:  0.35632083
 ALPHA OCC:   5
 BETA  OCC:   3
 
 ***KOHN-SHAM ENERGY IN STEP   8 IS            -74.9132690725911345 [AU]
 ======================================================================
 ITERATION STEP   9
 CPU time [min]:     0.993                   Wall time [min]:     0.030
 
 Constructing alpha Fock-matrix...
 Number of integral batches:    1
 Occupied indices per batch:    5
 CPU time [min]:     1.004                   Wall time [min]:     0.030
 
 Calculating the exchange-correlation matrix...
                   0.4700*B88 [au]:     -3.861495024705
                   0.7300*LYP [au]:     -0.188089895180
 Exchange-correlation energy  [au]:     -4.049584919884
 CPU time [min]:     1.081                   Wall time [min]:     0.032
 
 Coulomb energy + HF exchange [au]:     32.323426134232
 Gradient norm:      2.9443E-06
 DIIS is running in this iteration step.
 RMS of [F,P]:                                         0.00000007621708
 RMS of alpha difference density:                      0.00000005937194
 RMS of beta  difference density:                      0.00000006292548
 Gap [au]:  0.35632067
 ALPHA OCC:   5
 BETA  OCC:   3
 
 ***KOHN-SHAM ENERGY IN STEP   9 IS            -74.9132690726398067 [AU]
 ======================================================================
 
 SUCCESS...
 THE SCF ITERATION HAS CONVERGED!
 
                   A   
 FINAL ALPHA OCC:   5
 FINAL BETA  OCC:   3
 
 ***FINAL KOHN-SHAM ENERGY:           -74.9132690726398067 [AU]
 
 Expectation value of S^2:  2.0033
 Average multiplicity:      3.0022
 
 Orbital energies [au]:
      Irrep         Alpha          Beta
    1   A        -19.865962     -19.803714
    2   A         -1.150865      -0.924516
    3   A         -0.552769      -0.404580
 
    4   A         -0.552641      -0.048259
    5   A         -0.468498      -0.045100
 
    6   A          0.366091       0.398032
    7   A          0.616725       0.639404
    8   A          0.628414       0.649765
    9   A          0.789629       0.849178
   10   A          0.984952       1.064641
   11   A          1.016661       1.096593
   12   A          1.034238       1.120990
   13   A          1.133288       1.227574
   14   A          1.912322       1.937901
   15   A          2.586432       2.735005
   16   A          2.639246       2.757634
   17   A          2.649418       2.760799
   18   A          2.651141       2.763977
   19   A          3.006397       3.136243
   20   A          4.069660       4.082712
   21   A          4.069868       4.083652
   22   A          4.490310       4.534214
   23   A          4.507536       4.536226
   24   A          4.891150       4.907374
   25   A          5.178265       5.194420
   26   A          5.182405       5.194518
   27   A          5.931945       5.987864
   28   A         34.103082      34.122436
 
 RETURNING FROM SCF ALGORITHM
 ======================================================================

 ************************ 2021-11-29 13:58:38 *************************
 Executing integ...

 Allocation of 170.0 Gbytes of memory...
 
 
 Number of atoms:                  2
 Charge:                           0
 Number of electrons:              8
 Number of core electrons:         2
 Spin multiplicity:                3
 
                 Cartesian coordinates [bohr]      Atomic mass [AMU]  Z
   1  O     0.00000000    0.00000000    0.00000000    15.994915       8
   2  O     0.00000000    0.00000000    2.28163643     0.000000       0
 
 This molecule is linear.
 
 Point group: Cxv 
 Computational point group: C1  
 
 Cartesian coordinates in standard orientation [bohr]
   1  O     0.00000000    0.00000000   -0.20742149
   2  O     0.00000000    0.00000000    2.07421493
 
 Nuclear repulsion energy [au]:          0.000000000000
 
 
 Basis set information:
 
 Maximum angular momentum: g
 Maximum number of contracted Gaussians:   10
 Maximum number of primitive Gaussians:    14
 Spherical harmonic GTOs are used.
 
 
 Conventional basis set:
 
    1  O  def2-tzvpp [ 11s 6p 2d 1f | 5s 3p 2d 1f ]
    2  O  def2-tzvpp [ 11s 6p 2d 1f | 5s 3p 2d 1f ]
 
 Basis functions:
            1             2             3             4             5             6             7             8             9            10
    0    1O1s          1O2s          1O3s          1O4s          1O5s          1O1pz         1O1py         1O1px         1O2pz         1O2py     
    1    1O2px         1O3pz         1O3py         1O3px         1O1d-2        1O1d-1        1O1d0         1O1d+1        1O1d+2        1O2d-2    
    2    1O2d-1        1O2d0         1O2d+1        1O2d+2        1O1f-3        1O1f-2        1O1f-1        1O1f0         1O1f+1        1O1f+2    
    3    1O1f+3        2O1s          2O2s          2O3s          2O4s          2O5s          2O1pz         2O1py         2O1px         2O2pz     
    4    2O2py         2O2px         2O3pz         2O3py         2O3px         2O1d-2        2O1d-1        2O1d0         2O1d+1        2O1d+2    
    5    2O2d-2        2O2d-1        2O2d0         2O2d+1        2O2d+2        2O1f-3        2O1f-2        2O1f-1        2O1f0         2O1f+1    
    6    2O1f+2        2O1f+3    
 
 Maximum number of basis functions per shell:   10
 Total number of basis functions:     62
 
 
 Fitting basis set for the SCF calculation:
 
    1  O  def2-qzvpp-ri-jk [ 14s 10p 6d 2f 1g | 10s 8p 4d 2f 1g ]
    2  O  def2-qzvpp-ri-jk [ 14s 10p 6d 2f 1g | 10s 8p 4d 2f 1g ]
 
 Basis functions:
            1             2             3             4             5             6             7             8             9            10
    0    1O1s          1O2s          1O3s          1O4s          1O5s          1O6s          1O7s          1O8s          1O9s          1O10s     
    1    1O1pz         1O1py         1O1px         1O2pz         1O2py         1O2px         1O3pz         1O3py         1O3px         1O4pz     
    2    1O4py         1O4px         1O5pz         1O5py         1O5px         1O6pz         1O6py         1O6px         1O7pz         1O7py     
    3    1O7px         1O8pz         1O8py         1O8px         1O1d-2        1O1d-1        1O1d0         1O1d+1        1O1d+2        1O2d-2    
    4    1O2d-1        1O2d0         1O2d+1        1O2d+2        1O3d-2        1O3d-1        1O3d0         1O3d+1        1O3d+2        1O4d-2    
    5    1O4d-1        1O4d0         1O4d+1        1O4d+2        1O1f-3        1O1f-2        1O1f-1        1O1f0         1O1f+1        1O1f+2    
    6    1O1f+3        1O2f-3        1O2f-2        1O2f-1        1O2f0         1O2f+1        1O2f+2        1O2f+3        1O1g-4        1O1g-3    
    7    1O1g-2        1O1g-1        1O1g0         1O1g+1        1O1g+2        1O1g+3        1O1g+4        2O1s          2O2s          2O3s      
    8    2O4s          2O5s          2O6s          2O7s          2O8s          2O9s          2O10s         2O1pz         2O1py         2O1px     
    9    2O2pz         2O2py         2O2px         2O3pz         2O3py         2O3px         2O4pz         2O4py         2O4px         2O5pz     
   10    2O5py         2O5px         2O6pz         2O6py         2O6px         2O7pz         2O7py         2O7px         2O8pz         2O8py     
   11    2O8px         2O1d-2        2O1d-1        2O1d0         2O1d+1        2O1d+2        2O2d-2        2O2d-1        2O2d0         2O2d+1    
   12    2O2d+2        2O3d-2        2O3d-1        2O3d0         2O3d+1        2O3d+2        2O4d-2        2O4d-1        2O4d0         2O4d+1    
   13    2O4d+2        2O1f-3        2O1f-2        2O1f-1        2O1f0         2O1f+1        2O1f+2        2O1f+3        2O2f-3        2O2f-2    
   14    2O2f-1        2O2f0         2O2f+1        2O2f+2        2O2f+3        2O1g-4        2O1g-3        2O1g-2        2O1g-1        2O1g0     
   15    2O1g+1        2O1g+2        2O1g+3        2O1g+4    
 
 Maximum number of basis functions per shell:   24
 Total number of basis functions:    154
 
 
 Fitting basis set for the correlation calculation:
 
    1  O  def2-tzvpp-ri [ 8s 6p 5d 3f 1g | 8s 6p 4d 3f 1g ]
    2  O  def2-tzvpp-ri [ 8s 6p 5d 3f 1g | 8s 6p 4d 3f 1g ]
 
 Basis functions:
            1             2             3             4             5             6             7             8             9            10
    0    1O1s          1O2s          1O3s          1O4s          1O5s          1O6s          1O7s          1O8s          1O1pz         1O1py     
    1    1O1px         1O2pz         1O2py         1O2px         1O3pz         1O3py         1O3px         1O4pz         1O4py         1O4px     
    2    1O5pz         1O5py         1O5px         1O6pz         1O6py         1O6px         1O1d-2        1O1d-1        1O1d0         1O1d+1    
    3    1O1d+2        1O2d-2        1O2d-1        1O2d0         1O2d+1        1O2d+2        1O3d-2        1O3d-1        1O3d0         1O3d+1    
    4    1O3d+2        1O4d-2        1O4d-1        1O4d0         1O4d+1        1O4d+2        1O1f-3        1O1f-2        1O1f-1        1O1f0     
    5    1O1f+1        1O1f+2        1O1f+3        1O2f-3        1O2f-2        1O2f-1        1O2f0         1O2f+1        1O2f+2        1O2f+3    
    6    1O3f-3        1O3f-2        1O3f-1        1O3f0         1O3f+1        1O3f+2        1O3f+3        1O1g-4        1O1g-3        1O1g-2    
    7    1O1g-1        1O1g0         1O1g+1        1O1g+2        1O1g+3        1O1g+4        2O1s          2O2s          2O3s          2O4s      
    8    2O5s          2O6s          2O7s          2O8s          2O1pz         2O1py         2O1px         2O2pz         2O2py         2O2px     
    9    2O3pz         2O3py         2O3px         2O4pz         2O4py         2O4px         2O5pz         2O5py         2O5px         2O6pz     
   10    2O6py         2O6px         2O1d-2        2O1d-1        2O1d0         2O1d+1        2O1d+2        2O2d-2        2O2d-1        2O2d0     
   11    2O2d+1        2O2d+2        2O3d-2        2O3d-1        2O3d0         2O3d+1        2O3d+2        2O4d-2        2O4d-1        2O4d0     
   12    2O4d+1        2O4d+2        2O1f-3        2O1f-2        2O1f-1        2O1f0         2O1f+1        2O1f+2        2O1f+3        2O2f-3    
   13    2O2f-2        2O2f-1        2O2f0         2O2f+1        2O2f+2        2O2f+3        2O3f-3        2O3f-2        2O3f-1        2O3f0     
   14    2O3f+1        2O3f+2        2O3f+3        2O1g-4        2O1g-3        2O1g-2        2O1g-1        2O1g0         2O1g+1        2O1g+2    
   15    2O1g+3        2O1g+4    
 
 Maximum number of basis functions per shell:   24
 Total number of basis functions:    152
 
 
 Old basis set for SCF restart
 
    1  O  def2-svp [ 7s 4p 1d | 3s 2p 1d ]
    2  O  def2-svp [ 7s 4p 1d | 3s 2p 1d ]
 
 Basis functions:
            1             2             3             4             5             6             7             8             9            10
    0    1O1s          1O2s          1O3s          1O1pz         1O1py         1O1px         1O2pz         1O2py         1O2px         1O1d-2    
    1    1O1d-1        1O1d0         1O1d+1        1O1d+2        2O1s          2O2s          2O3s          2O1pz         2O1py         2O1px     
    2    2O2pz         2O2py         2O2px         2O1d-2        2O1d-1        2O1d0         2O1d+1        2O1d+2    
 
 Maximum number of basis functions per shell:   24
 Total number of basis functions:     28
 
 
 Generating atomic densities for the SCF calculation...
 CPU time [min]:     0.078                   Wall time [min]:     0.018
 
 Character table for point group C1:
 
          E  
    A     1
 
 Number of basis functions per irrep:
    A      62
 
 
 Density functional: B2PLYP
 Constructing integration grid for DFT...
 Angular integration grid: adaptive 590-point Lebedev quadrature
 Radial integration grid: Log3 quadrature
 Total number of grid points: 25364       
 CPU time [min]:     1.364                   Wall time [min]:     0.059
 
 Calculation of overlap integrals...
 CPU time [min]:     1.366                   Wall time [min]:     0.059
 
 Calculation of the square root of the overlap matrix...
 Minimum eigenvalue of the overlap matrix: 0.187875E-02
 CPU time [min]:     1.376                   Wall time [min]:     0.060
 
 Calculation of kinetic energy integrals...
 CPU time [min]:     1.376                   Wall time [min]:     0.060
 Calculation of nuclear attraction integrals...
 CPU time [min]:     1.376                   Wall time [min]:     0.060
 Calculation of overlap integrals...
 CPU time [min]:     1.376                   Wall time [min]:     0.060
 
 Calculation of prescreening integrals...
 CPU time [min]:     1.399                   Wall time [min]:     0.060
 
 Calculation of two-center Coulomb integrals...
   5% done.
  20% done.
  32% done.
  52% done.
  72% done.
  89% done.
 100% done.
 CPU time [min]:     1.407                   Wall time [min]:     0.060
 
 Calculation of inverse square root of the two-center integral matrix...
 CPU time [min]:     1.416                   Wall time [min]:     0.061
 
 Calculation of three-center Coulomb integrals...
   1% done.
  15% done.
  34% done.
  53% done.
  79% done.
 100% done.
 CPU time [min]:     1.431                   Wall time [min]:     0.061

 ************************ 2021-11-29 13:58:41 *************************
 Executing scf...

 @scfsetup: integrals taken from disk
            mrcc/integ binary format
 @scfsetup: calculating on full matrices
            not using symmetry adapted basis
 @scfsetup: diis switched on
 @scfsetup: number of steps to extrapolate from  10
 @scfsetup: tolerance in energy deviation    0.100000E-05
            tolerance in density deviation    0.100000E-06
 @scfsetup: maximum number of iterations:1000
 @scfsetup: unrestricted hf calc
 @scfsetup: restarting scf from SCFDENSITIES file
 @scfsetup: occupation set:
            from initial orbitals
 @scfsetup: diis runs from iteration:   1
 @scfsetup: diis runs to iteration:1000
 @scfsetup: diis runs in every iteration
 Allocation of 170.0 Gbytes of memory...
 ======================================================================
 ITERATION STEP   1
 CPU time [min]:     0.014                   Wall time [min]:     0.003
 
 Constructing alpha Fock-matrix...
 Number of integral batches:    1
 Occupied indices per batch:    5
 CPU time [min]:     0.025                   Wall time [min]:     0.003
 
 Calculating the exchange-correlation matrix...
                   0.4700*B88 [au]:     -3.862607125826
                   0.7300*LYP [au]:     -0.188106973143
 Exchange-correlation energy  [au]:     -4.050714098969
 CPU time [min]:     0.189                   Wall time [min]:     0.008
 
 Coulomb energy + HF exchange [au]:     32.342706684734
 Gradient norm:      2.8447E+00
 RMS of alpha difference density:                      0.00072743635162
 RMS of beta  difference density:                      0.00082866746910
 Gap [au]:  0.34870327
 ALPHA OCC:   5
 BETA  OCC:   3
 
 ***KOHN-SHAM ENERGY IN STEP   1 IS            -74.9671182888194068 [AU]
 ======================================================================
 ITERATION STEP   2
 CPU time [min]:     0.196                   Wall time [min]:     0.008
 
 Constructing alpha Fock-matrix...
 Number of integral batches:    1
 Occupied indices per batch:    5
 CPU time [min]:     0.208                   Wall time [min]:     0.009
 
 Calculating the exchange-correlation matrix...
                   0.4700*B88 [au]:     -3.863196952897
                   0.7300*LYP [au]:     -0.187996611115
 Exchange-correlation energy  [au]:     -4.051193564012
 CPU time [min]:     0.363                   Wall time [min]:     0.013
 
 Coulomb energy + HF exchange [au]:     32.339232771291
 Gradient norm:      3.8761E-02
 DIIS is running in this iteration step.
 RMS of [F,P]:                                         0.01975983003322
 RMS of alpha difference density:                      0.00182979384348
 RMS of beta  difference density:                      0.00208749494136
 Gap [au]:  0.34694749
 ALPHA OCC:   5
 BETA  OCC:   3
 
 ***KOHN-SHAM ENERGY IN STEP   2 IS            -74.9868527788792107 [AU]
 ======================================================================
 ITERATION STEP   3
 CPU time [min]:     0.375                   Wall time [min]:     0.013
 
 Constructing alpha Fock-matrix...
 Number of integral batches:    1
 Occupied indices per batch:    5
 CPU time [min]:     0.394                   Wall time [min]:     0.014
 
 Calculating the exchange-correlation matrix...
                   0.4700*B88 [au]:     -3.862626583153
                   0.7300*LYP [au]:     -0.187940646300
 Exchange-correlation energy  [au]:     -4.050567229454
 CPU time [min]:     0.535                   Wall time [min]:     0.017
 
 Coulomb energy + HF exchange [au]:     32.311533588520
 Gradient norm:      1.6944E-02
 DIIS is running in this iteration step.
 RMS of [F,P]:                                         0.00025901034531
 RMS of alpha difference density:                      0.00010622324745
 RMS of beta  difference density:                      0.00008986622121
 Gap [au]:  0.34915671
 ALPHA OCC:   5
 BETA  OCC:   3
 
 ***KOHN-SHAM ENERGY IN STEP   3 IS            -75.0073064244459289 [AU]
 ======================================================================
 ITERATION STEP   4
 CPU time [min]:     0.541                   Wall time [min]:     0.018
 
 Constructing alpha Fock-matrix...
 Number of integral batches:    1
 Occupied indices per batch:    5
 CPU time [min]:     0.554                   Wall time [min]:     0.018
 
 Calculating the exchange-correlation matrix...
                   0.4700*B88 [au]:     -3.861401698497
                   0.7300*LYP [au]:     -0.187887809415
 Exchange-correlation energy  [au]:     -4.049289507912
 CPU time [min]:     0.669                   Wall time [min]:     0.021
 
 Coulomb energy + HF exchange [au]:     32.295806045983
 Gradient norm:      1.9847E-03
 DIIS is running in this iteration step.
 RMS of [F,P]:                                         0.00004372410072
 RMS of alpha difference density:                      0.00001956740810
 RMS of beta  difference density:                      0.00001262455412
 Gap [au]:  0.34911999
 ALPHA OCC:   5
 BETA  OCC:   3
 
 ***KOHN-SHAM ENERGY IN STEP   4 IS            -75.0073305585258368 [AU]
 ======================================================================
 ITERATION STEP   5
 CPU time [min]:     0.676                   Wall time [min]:     0.021
 
 Constructing alpha Fock-matrix...
 Number of integral batches:    1
 Occupied indices per batch:    5
 CPU time [min]:     0.689                   Wall time [min]:     0.021
 
 Calculating the exchange-correlation matrix...
                   0.4700*B88 [au]:     -3.862145669914
                   0.7300*LYP [au]:     -0.187910371003
 Exchange-correlation energy  [au]:     -4.050056040917
 CPU time [min]:     0.802                   Wall time [min]:     0.024
 
 Coulomb energy + HF exchange [au]:     32.305487050683
 Gradient norm:      8.7152E-04
 DIIS is running in this iteration step.
 RMS of [F,P]:                                         0.00001786676325
 RMS of alpha difference density:                      0.00000470320435
 RMS of beta  difference density:                      0.00000478452163
 Gap [au]:  0.34904750
 ALPHA OCC:   5
 BETA  OCC:   3
 
 ***KOHN-SHAM ENERGY IN STEP   5 IS            -75.0073315846076270 [AU]
 ======================================================================
 ITERATION STEP   6
 CPU time [min]:     0.809                   Wall time [min]:     0.024
 
 Constructing alpha Fock-matrix...
 Number of integral batches:    1
 Occupied indices per batch:    5
 CPU time [min]:     0.821                   Wall time [min]:     0.025
 
 Calculating the exchange-correlation matrix...
                   0.4700*B88 [au]:     -3.861926332901
                   0.7300*LYP [au]:     -0.187902358133
 Exchange-correlation energy  [au]:     -4.049828691034
 CPU time [min]:     0.935                   Wall time [min]:     0.027
 
 Coulomb energy + HF exchange [au]:     32.302510856323
 Gradient norm:      1.3800E-04
 DIIS is running in this iteration step.
 RMS of [F,P]:                                         0.00000186655169
 RMS of alpha difference density:                      0.00000101865828
 RMS of beta  difference density:                      0.00000080116716
 Gap [au]:  0.34903326
 ALPHA OCC:   5
 BETA  OCC:   3
 
 ***KOHN-SHAM ENERGY IN STEP   6 IS            -75.0073317868245084 [AU]
 ======================================================================
 ITERATION STEP   7
 CPU time [min]:     0.941                   Wall time [min]:     0.028
 
 Constructing alpha Fock-matrix...
 Number of integral batches:    1
 Occupied indices per batch:    5
 CPU time [min]:     0.954                   Wall time [min]:     0.028
 
 Calculating the exchange-correlation matrix...
                   0.4700*B88 [au]:     -3.861940573172
                   0.7300*LYP [au]:     -0.187902542372
 Exchange-correlation energy  [au]:     -4.049843115545
 CPU time [min]:     1.069                   Wall time [min]:     0.031
 
 Coulomb energy + HF exchange [au]:     32.302682755924
 Gradient norm:      4.0355E-05
 DIIS is running in this iteration step.
 RMS of [F,P]:                                         0.00000071570735
 RMS of alpha difference density:                      0.00000044651228
 RMS of beta  difference density:                      0.00000042699559
 Gap [au]:  0.34902456
 ALPHA OCC:   5
 BETA  OCC:   3
 
 ***KOHN-SHAM ENERGY IN STEP   7 IS            -75.0073317931205281 [AU]
 ======================================================================
 ITERATION STEP   8
 CPU time [min]:     1.077                   Wall time [min]:     0.031
 
 Constructing alpha Fock-matrix...
 Number of integral batches:    1
 Occupied indices per batch:    5
 CPU time [min]:     1.089                   Wall time [min]:     0.031
 
 Calculating the exchange-correlation matrix...
                   0.4700*B88 [au]:     -3.861940626888
                   0.7300*LYP [au]:     -0.187902431157
 Exchange-correlation energy  [au]:     -4.049843058045
 CPU time [min]:     1.203                   Wall time [min]:     0.034
 
 Coulomb energy + HF exchange [au]:     32.302676284692
 Gradient norm:      1.3803E-05
 DIIS is running in this iteration step.
 RMS of [F,P]:                                         0.00000013604093
 RMS of alpha difference density:                      0.00000008302800
 RMS of beta  difference density:                      0.00000010395971
 Gap [au]:  0.34902256
 ALPHA OCC:   5
 BETA  OCC:   3
 
 ***KOHN-SHAM ENERGY IN STEP   8 IS            -75.0073317940560145 [AU]
 ======================================================================
 ITERATION STEP   9
 CPU time [min]:     1.209                   Wall time [min]:     0.034
 
 Constructing alpha Fock-matrix...
 Number of integral batches:    1
 Occupied indices per batch:    5
 CPU time [min]:     1.222                   Wall time [min]:     0.035
 
 Calculating the exchange-correlation matrix...
                   0.4700*B88 [au]:     -3.861941108659
                   0.7300*LYP [au]:     -0.187902430536
 Exchange-correlation energy  [au]:     -4.049843539196
 CPU time [min]:     1.336                   Wall time [min]:     0.037
 
 Coulomb energy + HF exchange [au]:     32.302681546485
 Gradient norm:      1.2323E-06
 DIIS is running in this iteration step.
 RMS of [F,P]:                                         0.00000002056006
 RMS of alpha difference density:                      0.00000001284868
 RMS of beta  difference density:                      0.00000000875949
 Gap [au]:  0.34902255
 ALPHA OCC:   5
 BETA  OCC:   3
 
 ***KOHN-SHAM ENERGY IN STEP   9 IS            -75.0073317940985476 [AU]
 ======================================================================
 
 SUCCESS...
 THE SCF ITERATION HAS CONVERGED!
 
                   A   
 FINAL ALPHA OCC:   5
 FINAL BETA  OCC:   3
 
 ***FINAL KOHN-SHAM ENERGY:           -75.0073317940985476 [AU]
 
 Expectation value of S^2:  2.0050
 Average multiplicity:      3.0033
 
 Orbital energies [au]:
      Irrep         Alpha          Beta
    1   A        -19.873024     -19.811357
    2   A         -1.182144      -0.953383
    3   A         -0.562452      -0.414915
 
    4   A         -0.562437      -0.065893
    5   A         -0.478215      -0.064789
 
    6   A          0.226403       0.248243
    7   A          0.358612       0.380450
    8   A          0.363454       0.394857
    9   A          0.374987       0.399706
   10   A          0.498010       0.532327
   11   A          0.520303       0.563844
   12   A          0.549264       0.594651
   13   A          0.682408       0.714416
   14   A          1.157291       1.179905
   15   A          1.429960       1.498665
   16   A          1.456395       1.509004
   17   A          1.471167       1.534350
   18   A          1.471810       1.537088
   19   A          1.711541       1.767161
   20   A          1.813902       1.859194
   21   A          1.833381       1.866143
   22   A          2.130600       2.160641
   23   A          2.147656       2.162118
   24   A          2.148887       2.220349
   25   A          2.462892       2.533156
   26   A          2.502127       2.557766
   27   A          2.663535       2.769502
   28   A          2.874386       2.942543
   29   A          2.918094       2.960873
   30   A          2.972310       3.024006
   31   A          3.486356       3.532892
   32   A          4.372917       4.421563
   33   A          5.090081       5.162889
   34   A          5.090582       5.166468
   35   A          5.203890       5.272463
   36   A          5.205538       5.274445
   37   A          5.256398       5.358027
   38   A          5.295327       5.360952
   39   A          5.741733       5.842770
   40   A          6.270795       6.303879
   41   A          6.271511       6.304288
   42   A          6.295245       6.370563
   43   A          6.295309       6.378741
   44   A          6.545832       6.704150
   45   A          6.606739       6.726541
   46   A          6.732118       6.765222
   47   A          6.732646       6.767500
   48   A          7.011400       7.144452
   49   A          7.851660       7.898440
   50   A          7.871257       7.900590
   51   A          8.174327       8.202862
   52   A          8.760538       8.780611
   53   A          8.768312       8.782432
   54   A          9.219832       9.230152
   55   A          9.219899       9.230664
   56   A          9.424467       9.441488
   57   A          9.428617       9.442684
   58   A         10.187906      10.229329
   59   A         10.795863      10.822488
   60   A         18.798018      18.813511
   61   A         43.860120      43.905920
   62   A        125.993917     126.016836
 
 RETURNING FROM SCF ALGORITHM
 ======================================================================

 ************************ 2021-11-29 13:58:44 *************************
 Executing integ...

 Allocation of 170.0 Gbytes of memory...
 
 
 Basis set information:
 
 Maximum angular momentum: g
 Maximum number of contracted Gaussians:   10
 Maximum number of primitive Gaussians:    14
 Spherical harmonic GTOs are used.
 
 
 Conventional basis set:
 
    1  O  def2-tzvpp [ 11s 6p 2d 1f | 5s 3p 2d 1f ]
    2  O  def2-tzvpp [ 11s 6p 2d 1f | 5s 3p 2d 1f ]
 
 Basis functions:
            1             2             3             4             5             6             7             8             9            10
    0    1O1s          1O2s          1O3s          1O4s          1O5s          1O1pz         1O1py         1O1px         1O2pz         1O2py     
    1    1O2px         1O3pz         1O3py         1O3px         1O1d-2        1O1d-1        1O1d0         1O1d+1        1O1d+2        1O2d-2    
    2    1O2d-1        1O2d0         1O2d+1        1O2d+2        1O1f-3        1O1f-2        1O1f-1        1O1f0         1O1f+1        1O1f+2    
    3    1O1f+3        2O1s          2O2s          2O3s          2O4s          2O5s          2O1pz         2O1py         2O1px         2O2pz     
    4    2O2py         2O2px         2O3pz         2O3py         2O3px         2O1d-2        2O1d-1        2O1d0         2O1d+1        2O1d+2    
    5    2O2d-2        2O2d-1        2O2d0         2O2d+1        2O2d+2        2O1f-3        2O1f-2        2O1f-1        2O1f0         2O1f+1    
    6    2O1f+2        2O1f+3    
 
 Maximum number of basis functions per shell:   10
 Total number of basis functions:     62
 
 
 Fitting basis set for the SCF calculation:
 
    1  O  def2-qzvpp-ri-jk [ 14s 10p 6d 2f 1g | 10s 8p 4d 2f 1g ]
    2  O  def2-qzvpp-ri-jk [ 14s 10p 6d 2f 1g | 10s 8p 4d 2f 1g ]
 
 Basis functions:
            1             2             3             4             5             6             7             8             9            10
    0    1O1s          1O2s          1O3s          1O4s          1O5s          1O6s          1O7s          1O8s          1O9s          1O10s     
    1    1O1pz         1O1py         1O1px         1O2pz         1O2py         1O2px         1O3pz         1O3py         1O3px         1O4pz     
    2    1O4py         1O4px         1O5pz         1O5py         1O5px         1O6pz         1O6py         1O6px         1O7pz         1O7py     
    3    1O7px         1O8pz         1O8py         1O8px         1O1d-2        1O1d-1        1O1d0         1O1d+1        1O1d+2        1O2d-2    
    4    1O2d-1        1O2d0         1O2d+1        1O2d+2        1O3d-2        1O3d-1        1O3d0         1O3d+1        1O3d+2        1O4d-2    
    5    1O4d-1        1O4d0         1O4d+1        1O4d+2        1O1f-3        1O1f-2        1O1f-1        1O1f0         1O1f+1        1O1f+2    
    6    1O1f+3        1O2f-3        1O2f-2        1O2f-1        1O2f0         1O2f+1        1O2f+2        1O2f+3        1O1g-4        1O1g-3    
    7    1O1g-2        1O1g-1        1O1g0         1O1g+1        1O1g+2        1O1g+3        1O1g+4        2O1s          2O2s          2O3s      
    8    2O4s          2O5s          2O6s          2O7s          2O8s          2O9s          2O10s         2O1pz         2O1py         2O1px     
    9    2O2pz         2O2py         2O2px         2O3pz         2O3py         2O3px         2O4pz         2O4py         2O4px         2O5pz     
   10    2O5py         2O5px         2O6pz         2O6py         2O6px         2O7pz         2O7py         2O7px         2O8pz         2O8py     
   11    2O8px         2O1d-2        2O1d-1        2O1d0         2O1d+1        2O1d+2        2O2d-2        2O2d-1        2O2d0         2O2d+1    
   12    2O2d+2        2O3d-2        2O3d-1        2O3d0         2O3d+1        2O3d+2        2O4d-2        2O4d-1        2O4d0         2O4d+1    
   13    2O4d+2        2O1f-3        2O1f-2        2O1f-1        2O1f0         2O1f+1        2O1f+2        2O1f+3        2O2f-3        2O2f-2    
   14    2O2f-1        2O2f0         2O2f+1        2O2f+2        2O2f+3        2O1g-4        2O1g-3        2O1g-2        2O1g-1        2O1g0     
   15    2O1g+1        2O1g+2        2O1g+3        2O1g+4    
 
 Maximum number of basis functions per shell:   24
 Total number of basis functions:    154
 
 
 Fitting basis set for the correlation calculation:
 
    1  O  def2-tzvpp-ri [ 8s 6p 5d 3f 1g | 8s 6p 4d 3f 1g ]
    2  O  def2-tzvpp-ri [ 8s 6p 5d 3f 1g | 8s 6p 4d 3f 1g ]
 
 Basis functions:
            1             2             3             4             5             6             7             8             9            10
    0    1O1s          1O2s          1O3s          1O4s          1O5s          1O6s          1O7s          1O8s          1O1pz         1O1py     
    1    1O1px         1O2pz         1O2py         1O2px         1O3pz         1O3py         1O3px         1O4pz         1O4py         1O4px     
    2    1O5pz         1O5py         1O5px         1O6pz         1O6py         1O6px         1O1d-2        1O1d-1        1O1d0         1O1d+1    
    3    1O1d+2        1O2d-2        1O2d-1        1O2d0         1O2d+1        1O2d+2        1O3d-2        1O3d-1        1O3d0         1O3d+1    
    4    1O3d+2        1O4d-2        1O4d-1        1O4d0         1O4d+1        1O4d+2        1O1f-3        1O1f-2        1O1f-1        1O1f0     
    5    1O1f+1        1O1f+2        1O1f+3        1O2f-3        1O2f-2        1O2f-1        1O2f0         1O2f+1        1O2f+2        1O2f+3    
    6    1O3f-3        1O3f-2        1O3f-1        1O3f0         1O3f+1        1O3f+2        1O3f+3        1O1g-4        1O1g-3        1O1g-2    
    7    1O1g-1        1O1g0         1O1g+1        1O1g+2        1O1g+3        1O1g+4        2O1s          2O2s          2O3s          2O4s      
    8    2O5s          2O6s          2O7s          2O8s          2O1pz         2O1py         2O1px         2O2pz         2O2py         2O2px     
    9    2O3pz         2O3py         2O3px         2O4pz         2O4py         2O4px         2O5pz         2O5py         2O5px         2O6pz     
   10    2O6py         2O6px         2O1d-2        2O1d-1        2O1d0         2O1d+1        2O1d+2        2O2d-2        2O2d-1        2O2d0     
   11    2O2d+1        2O2d+2        2O3d-2        2O3d-1        2O3d0         2O3d+1        2O3d+2        2O4d-2        2O4d-1        2O4d0     
   12    2O4d+1        2O4d+2        2O1f-3        2O1f-2        2O1f-1        2O1f0         2O1f+1        2O1f+2        2O1f+3        2O2f-3    
   13    2O2f-2        2O2f-1        2O2f0         2O2f+1        2O2f+2        2O2f+3        2O3f-3        2O3f-2        2O3f-1        2O3f0     
   14    2O3f+1        2O3f+2        2O3f+3        2O1g-4        2O1g-3        2O1g-2        2O1g-1        2O1g0         2O1g+1        2O1g+2    
   15    2O1g+3        2O1g+4    
 
 Maximum number of basis functions per shell:   24
 Total number of basis functions:    152
 
 
 Old basis set for SCF restart
 
    1  O  def2-svp [ 7s 4p 1d | 3s 2p 1d ]
    2  O  def2-svp [ 7s 4p 1d | 3s 2p 1d ]
 
 Basis functions:
            1             2             3             4             5             6             7             8             9            10
    0    1O1s          1O2s          1O3s          1O1pz         1O1py         1O1px         1O2pz         1O2py         1O2px         1O1d-2    
    1    1O1d-1        1O1d0         1O1d+1        1O1d+2        2O1s          2O2s          2O3s          2O1pz         2O1py         2O1px     
    2    2O2pz         2O2py         2O2px         2O1d-2        2O1d-1        2O1d0         2O1d+1        2O1d+2    
 
 Maximum number of basis functions per shell:   24
 Total number of basis functions:     28
 
 
 Calculation of prescreening integrals...
 CPU time [min]:     0.018                   Wall time [min]:     0.003
 
 Calculation of two-center Coulomb integrals...
   3% done.
  20% done.
  31% done.
  45% done.
  65% done.
  89% done.
 100% done.
 CPU time [min]:     0.024                   Wall time [min]:     0.003
 
 Cholesky decomposition of the inverse of the two-center matrix...
 CPU time [min]:     0.032                   Wall time [min]:     0.004
 
 Calculation of three-center Coulomb integrals...
   1% done.
  15% done.
  34% done.
  53% done.
  79% done.
 100% done.
 CPU time [min]:     0.045                   Wall time [min]:     0.004

 ************************ 2021-11-29 13:58:44 *************************
 Executing drpa...

 Three-index integral transformation and DF-MP2 calculation
 
 Allocation of 170.0 Gbytes of memory...
 
 Alpha-alpha contribution
 Number of integral batches:    1
 Occupied indices per batch:    4
 
 Transforming integrals of batch 1...
 CPU time [min]:     0.021                   Wall time [min]:     0.002
 
 Beta-beta and alpha-beta contribution
 Number of integral batches:    1
 Occupied indices per batch:    2
 
 Transforming integrals of batch 1...
 CPU time [min]:     0.035                   Wall time [min]:     0.002
 
 Reference energy [au]:                       -75.007331794099
 MP2 contribution [au]:                        -0.045132520425
 B2PLYP energy [au]:                          -75.052464314523
 
 ************************ 2021-11-29 13:58:44 *************************
                      Normal termination of mrcc.
 **********************************************************************
