 **********************************************************************
                          MRCC program system
 **********************************************************************
 
                              Written by
 Mihaly Kallay, Peter R. Nagy, David Mester, Zoltan Rolik, Gyula Samu,
   Jozsef Csontos, Jozsef Csoka, P. Bernat Szabo, Laszlo Gyevi-Nagy,
    Bence Hegely, Istvan Ladjanszki, Lorant Szegedy, Bence Ladoczki,
       Klara Petrov, Mate Farkas, Pal D. Mezei, and Adam Ganyecz
 
        Department of Physical Chemistry and Materials Science
            Budapest University of Technology and Economics
                  Budapest P.O.Box 91, H-1521 Hungary
 
                              www.mrcc.hu
 
                    Release date: February 22, 2020

 ************************ 2021-11-14 10:05:00 *************************
 Executing minp...

 Reading input from MINP...
 
 Input file:
 
calc=DF-CCSD(T)
scftype=uhf
verbosity=3
mem=170GB
symm=off
unit=angs
scfiguess=small
mult=3
core=1


basis=special
bse_AVQZ

basis_sm=special
STO-3G

dfbasis_scf=special
def2-QZVPP-RI-JK

dfbasis_cor=special
bse_AVQZ_autoaux

unit=angs
geom=xyz
1

O     0.00000000000    0.00000000000    0.00000000000
 
 
 Checking keyword combinations...
 
 Keywords:
 
 active=none
 agrid=ld0006-ld0590
 basis=special
 basis_sm=special
 basopt=off
 bfbasis=none
 bfgsmem=10
 bfgstol=1.0d-3
 bpcompo=0.985
 bpcompv=0.98
 bpdfo=0.985
 bpocc=0.985
 bppdo=0.985
 bppdv=0.98
 bpedo=0.985
 bpedv=0.98
 calc=ccsd(t)
 ccmaxit=50
 ccprog=ccsd
 ccsdalg=dfdirect
 ccsdmkl=seq
 ccsdrest=trf
 ccsdthreads=2
 cctol=6
 charge=0
 cialg=auto
 ciguess=off
 cmpgrp=auto
 core=1
 corembed=off
 csapprox=off
 dboc=off
 dendec=cholesky
 dens=0
 dfalg=lineq
 dfbasis_cor=special
 dfbasis_scf=special
 dfintran=drpa
 dft=off
 dhexc=adc(2)
 diag=david
 docc=
 domrad=10.d0
 drpaalg=fit
 dual=off
 ecp=auto
 edisp=off
 edisp_embed=off
 embed=off
 epert=none
 eps=0.975
 excrad=0.d0
 excrad_fin=0.000000000D+00
 fmm=off
 fmmord=8
 freq=off
 gauss=spher
 geom=xyz
 gopt=off
 ghost=none
 gtol=7
 grdens=off
 grtol=10
 hamilton=dc
 iface=none
 intalg=auto
 itol=10
 laptol=1.d-2
 lccoporder=trffirst
 lcorthr=normal
 lccrest=off
 lmp2dens=on
 lnoepso=0.d0
 lnoepsv=1e-6
 localcc=off
 localcorrsymm=off
 locintrf=disk
 mact=
 maxact=off
 maxdim=100
 maxex=0
 maxmicroit=100
 mcscfiguess=hf
 mem=170gb
 molden=on
 mpitasks=1
 mulmet=0
 mult=3
 nacto=0
 nactv=0
 naf_cor=off
 naf_scf=off
 nafalg=albe
 naftyp=
 nchol=auto
 ndeps=1e-3
 nstate=1
 nsing=0
 ntrip=0
 occ=
 oniom=off
 oniom_eechg=off
 oniom_pcm=off
 optalg=
 optmaxit=50
 optetol=1e-6
 optex=   0
 optgtol=1e-4
 optstol=1e-3
 orblocc=off
 orbloce=off
 orbloco=off
 orblocv=off
 orblocguess=cholesky
 osveps=1e-3
 ovirt=off
 ovltol=1e-7
 ovosnorb=80.0
 pcm=off
 popul=off
 pressure=100000
 pssp=off
 ptfreq=0.0
 ptthreads=2
 qscf=off
 qmmm=off
 redcost_exc=off
 redcost_tddft=off
 refdet=none
 rest=0
 rgrid=log3
 rohfcore=semicanonical
 rohftype=semicanonical
 scfalg=auto
 scfdamp=off
 scfdiis=on
 scfdiis_end=50
 scfdiis_start=1
 scfdiis_step=1
 scfdtol=7
 scfext=10
 scfguessdens=
 scfiguess=small
 scflshift=off
 scfmaxit=50
 scftype=uhf
 scftol=6
 scspe=1.d0
 scsph=1.d0
 scsps=1.2d0
 scspt=0.33333333333333
 scspv=1.d0
 spairtol=1e-4
 subminp=top
 symm=0
 talg=occ
 temp=298.15
 test=off
 theodore=off
 tlmo=0.999
 tpao=0.94
 tprint=off
 uncontract=off
 unit=angs
 usedisk=2
 verbosity=3
 wpairtol=0.100000000E-05
 
 Calculating integrals for small-basis SCF...

 ************************ 2021-11-14 10:05:00 *************************
 Executing integ...

 Allocation of 170.0 Gbytes of memory...
 
 
 Number of atoms:                  1
 Charge:                           0
 Number of electrons:              8
 Number of core electrons:         2
 Spin multiplicity:                3
 
                 Cartesian coordinates [bohr]      Atomic mass [AMU]  Z
   1  O     0.00000000    0.00000000    0.00000000    15.994915       8
 
 This molecule is a spherical top.
 
 Rotational constants [cm-1]: 

 
 Point group: Oh  
 Computational point group: C1  
 
 Cartesian coordinates in standard orientation [bohr]
   1  O     0.00000000    0.00000000    0.00000000
 
 Nuclear repulsion energy [au]:          0.000000000000
 
 
 Basis set information:
 
 Maximum angular momentum: f
 Maximum number of contracted Gaussians:   10
 Maximum number of primitive Gaussians:    10
 Spherical harmonic GTOs are used.
 
 
 Conventional basis set:
 
    1  O  sto-3g [ 6s 3p | 2s 1p ]
 
 Basis functions:
            1             2             3             4             5             6             7             8             9            10
    0    1O1s          1O2s          1O1pz         1O1py         1O1px     
 
 Maximum number of basis functions per shell:    3
 Total number of basis functions:      5
 
 
 Fitting basis set for the SCF calculation:
 
    1  O  cc-pvdz-ri-jk [ 10s 7p 5d 2f | 10s 7p 5d 2f ]
 
 Basis functions:
            1             2             3             4             5             6             7             8             9            10
    0    1O1s          1O2s          1O3s          1O4s          1O5s          1O6s          1O7s          1O8s          1O9s          1O10s     
    1    1O1pz         1O1py         1O1px         1O2pz         1O2py         1O2px         1O3pz         1O3py         1O3px         1O4pz     
    2    1O4py         1O4px         1O5pz         1O5py         1O5px         1O6pz         1O6py         1O6px         1O7pz         1O7py     
    3    1O7px         1O1d-2        1O1d-1        1O1d0         1O1d+1        1O1d+2        1O2d-2        1O2d-1        1O2d0         1O2d+1    
    4    1O2d+2        1O3d-2        1O3d-1        1O3d0         1O3d+1        1O3d+2        1O4d-2        1O4d-1        1O4d0         1O4d+1    
    5    1O4d+2        1O5d-2        1O5d-1        1O5d0         1O5d+1        1O5d+2        1O1f-3        1O1f-2        1O1f-1        1O1f0     
    6    1O1f+1        1O1f+2        1O1f+3        1O2f-3        1O2f-2        1O2f-1        1O2f0         1O2f+1        1O2f+2        1O2f+3    
 
 Maximum number of basis functions per shell:   25
 Total number of basis functions:     70
 
 
 Generating atomic densities for the SCF calculation...
 CPU time [min]:     0.100                   Wall time [min]:     0.018
 
 Character table for point group C1:
 
          E  
    A     1
 
 Number of basis functions per irrep:
    A       5
 
 
 Calculation of overlap integrals...
 CPU time [min]:     0.101                   Wall time [min]:     0.018
 
 Calculation of the square root of the overlap matrix...
 Minimum eigenvalue of the overlap matrix: 0.763296E+00
 CPU time [min]:     0.104                   Wall time [min]:     0.018
 
 Calculation of kinetic energy integrals...
 CPU time [min]:     0.104                   Wall time [min]:     0.019
 Calculation of nuclear attraction integrals...
 CPU time [min]:     0.104                   Wall time [min]:     0.019
 
 Calculation of prescreening integrals...
 CPU time [min]:     0.107                   Wall time [min]:     0.019
 
 Calculation of two-center Coulomb integrals...
   2% done.
  20% done.
  64% done.
 100% done.
 CPU time [min]:     0.112                   Wall time [min]:     0.019
 
 Calculation of inverse square root of the two-center integral matrix...
 CPU time [min]:     0.133                   Wall time [min]:     0.020
 
 Calculation of three-center Coulomb integrals...
  20% done.
 100% done.
 CPU time [min]:     0.144                   Wall time [min]:     0.020
 
 Running small-basis SCF...

 ************************ 2021-11-14 10:05:02 *************************
 Executing scf...

 @scfsetup: integrals taken from disk
            mrcc/integ binary format
 @scfsetup: calculating on full matrices
            not using symmetry adapted basis
 @scfsetup: diis switched on
 @scfsetup: number of steps to extrapolate from  10
 @scfsetup: tolerance in energy deviation    0.100000E-05
            tolerance in density deviation    0.100000E-06
 @scfsetup: maximum number of iterations:  50
 @scfsetup: unrestricted hf calc
 @scfsetup: starting scf from superposition of atomic densities
 @scfsetup: occupation set:
            from initial orbitals
 @scfsetup: diis runs from iteration:   1
 @scfsetup: diis runs to iteration:  50
 @scfsetup: diis runs in every iteration
 Allocation of 170.0 Gbytes of memory...
 ======================================================================
 ITERATION STEP   1
 CPU time [min]:     0.002                   Wall time [min]:     0.002
 
 Constructing alpha Fock-matrix...
 Number of integral batches:    1
 Occupied indices per batch:    5
 CPU time [min]:     0.002                   Wall time [min]:     0.002
 
 Gradient norm:      0.0000E+00
 RMS of alpha difference density:                      0.00000000000000
 RMS of beta  difference density:                      0.00000000000000
 Gap [au]:  0.00000000
 ALPHA OCC:   5
 BETA  OCC:   3
 
 ***HARTREE-FOCK ENERGY IN STEP   1 IS         -73.8041793858338906 [AU]
 ======================================================================
 ITERATION STEP   2
 CPU time [min]:     0.002                   Wall time [min]:     0.002
 
 Constructing alpha Fock-matrix...
 Number of integral batches:    1
 Occupied indices per batch:    5
 CPU time [min]:     0.003                   Wall time [min]:     0.003
 
 Gradient norm:      0.0000E+00
 DIIS is running in this iteration step.
 RMS of [F,P]:                                         0.00000000000000
 RMS of alpha difference density:                      0.00000000000000
 RMS of beta  difference density:                      0.00000000000000
 Gap [au]:  0.00000000
 ALPHA OCC:   5
 BETA  OCC:   3
 
 ***HARTREE-FOCK ENERGY IN STEP   2 IS         -73.8041793858338906 [AU]
 ======================================================================
 
 SUCCESS...
 THE SCF ITERATION HAS CONVERGED!
 
                   A   
 FINAL ALPHA OCC:   5
 FINAL BETA  OCC:   3
 
 ***FINAL HARTREE-FOCK ENERGY:        -73.8041793858338906 [AU]
 
 Expectation value of S^2:  2.0000
 Average multiplicity:      3.0000
 
 Orbital energies [au]:
      Irrep         Alpha          Beta
    1   A        -20.311251     -20.259596
    2   A         -1.293075      -0.948330
    3   A         -0.550343      -0.360595
 
    4   A         -0.550343       0.377234
    5   A         -0.455469       0.377234
 
 
 RETURNING FROM SCF ALGORITHM
 ======================================================================

 ************************ 2021-11-14 10:05:02 *************************
 Executing integ...

 Allocation of 170.0 Gbytes of memory...
 
 
 Number of atoms:                  1
 Charge:                           0
 Number of electrons:              8
 Number of core electrons:         2
 Spin multiplicity:                3
 
                 Cartesian coordinates [bohr]      Atomic mass [AMU]  Z
   1  O     0.00000000    0.00000000    0.00000000    15.994915       8
 
 This molecule is a spherical top.
 
 Rotational constants [cm-1]: 

 
 Point group: Oh  
 Computational point group: C1  
 
 Cartesian coordinates in standard orientation [bohr]
   1  O     0.00000000    0.00000000    0.00000000
 
 Nuclear repulsion energy [au]:          0.000000000000
 
 
 Basis set information:
 
 Maximum angular momentum: h
 Maximum number of contracted Gaussians:   16
 Maximum number of primitive Gaussians:    16
 Spherical harmonic GTOs are used.
 
 
 Conventional basis set:
 
    1  O  bse_avqz [ 13s 7p 4d 3f 2g | 6s 5p 4d 3f 2g ]
 
 Basis functions:
            1             2             3             4             5             6             7             8             9            10
    0    1O1s          1O2s          1O3s          1O4s          1O5s          1O6s          1O1pz         1O1py         1O1px         1O2pz     
    1    1O2py         1O2px         1O3pz         1O3py         1O3px         1O4pz         1O4py         1O4px         1O5pz         1O5py     
    2    1O5px         1O1d-2        1O1d-1        1O1d0         1O1d+1        1O1d+2        1O2d-2        1O2d-1        1O2d0         1O2d+1    
    3    1O2d+2        1O3d-2        1O3d-1        1O3d0         1O3d+1        1O3d+2        1O4d-2        1O4d-1        1O4d0         1O4d+1    
    4    1O4d+2        1O1f-3        1O1f-2        1O1f-1        1O1f0         1O1f+1        1O1f+2        1O1f+3        1O2f-3        1O2f-2    
    5    1O2f-1        1O2f0         1O2f+1        1O2f+2        1O2f+3        1O3f-3        1O3f-2        1O3f-1        1O3f0         1O3f+1    
    6    1O3f+2        1O3f+3        1O1g-4        1O1g-3        1O1g-2        1O1g-1        1O1g0         1O1g+1        1O1g+2        1O1g+3    
    7    1O1g+4        1O2g-4        1O2g-3        1O2g-2        1O2g-1        1O2g0         1O2g+1        1O2g+2        1O2g+3        1O2g+4    
 
 Maximum number of basis functions per shell:   21
 Total number of basis functions:     80
 
 
 Fitting basis set for the SCF calculation:
 
    1  O  def2-qzvpp-ri-jk [ 14s 10p 6d 2f 1g | 10s 8p 4d 2f 1g ]
 
 Basis functions:
            1             2             3             4             5             6             7             8             9            10
    0    1O1s          1O2s          1O3s          1O4s          1O5s          1O6s          1O7s          1O8s          1O9s          1O10s     
    1    1O1pz         1O1py         1O1px         1O2pz         1O2py         1O2px         1O3pz         1O3py         1O3px         1O4pz     
    2    1O4py         1O4px         1O5pz         1O5py         1O5px         1O6pz         1O6py         1O6px         1O7pz         1O7py     
    3    1O7px         1O8pz         1O8py         1O8px         1O1d-2        1O1d-1        1O1d0         1O1d+1        1O1d+2        1O2d-2    
    4    1O2d-1        1O2d0         1O2d+1        1O2d+2        1O3d-2        1O3d-1        1O3d0         1O3d+1        1O3d+2        1O4d-2    
    5    1O4d-1        1O4d0         1O4d+1        1O4d+2        1O1f-3        1O1f-2        1O1f-1        1O1f0         1O1f+1        1O1f+2    
    6    1O1f+3        1O2f-3        1O2f-2        1O2f-1        1O2f0         1O2f+1        1O2f+2        1O2f+3        1O1g-4        1O1g-3    
    7    1O1g-2        1O1g-1        1O1g0         1O1g+1        1O1g+2        1O1g+3        1O1g+4    
 
 Maximum number of basis functions per shell:   24
 Total number of basis functions:     77
 
 The AO basis set must not be larger than the fitting basis!
 
 Fatal error in exec integ.
 Program will stop.
 
 ************************ 2021-11-14 10:05:02 *************************
                   Error at the termination of mrcc.
 **********************************************************************
